【登录信息】
[5be1eb651b6f675892f00b0952b3cadb]
`登陆天数: 391天 / 1197天
等级: 151
石头: 5
呼符: 0
友情点: 25 / 17048945`
*連続ログイン6日目
※ログインが途切れるか、7日到達すると
1日目から再開されます*
`聖晶石 X 2
12月交換券(2021) X 1
`_2021-11-30 20:28:28_
--------
[9cfc24f569d65a92010a7c9549af2192]
`登陆天数: 391天 / 681天
等级: 100
石头: 97
呼符: 7
友情点: 25 / 1181180`
*連続ログイン6日目
※ログインが途切れるか、7日到達すると
1日目から再開されます*
`聖晶石 X 2
12月交換券(2021) X 1
`_2021-11-30 20:28:39_
--------
[dfc9a9f4b3655841a6372642c60bb90d]
`登陆天数: 391天 / 738天
等级: 106
石头: 148
呼符: 19
友情点: 0 / 1573840`
*連続ログイン6日目
※ログインが途切れるか、7日到達すると
1日目から再開されます*
`聖晶石 X 2
12月交換券(2021) X 1
`_2021-11-30 20:28:49_
--------
[489b9caeed7f023e28fa9d1e9b69c384]
`登陆天数: 390天 / 476天
等级: 100
石头: 135
呼符: 19
友情点: 25 / 1159940`
*連続ログイン5日目
※ログインが途切れるか、7日到達すると
1日目から再開されます*
`叡智の猛火 X 2
12月交換券(2021) X 1
`_2021-11-30 20:28:59_
--------
