【登录信息】
[5be1eb651b6f675892f00b0952b3cadb]
`登陆天数: 392天 / 1198天
等级: 151
石头: 14
呼符: 0
友情点: 0 / 17108720`
*連続ログイン7日間到達おめでとうございます！
明日は1日目からリスタートされます。*
`獣の足跡 X 1
呼符 X 1
12月交換券(2021) X 1
`_2021-12-01 20:28:31_
--------
[9cfc24f569d65a92010a7c9549af2192]
`登陆天数: 392天 / 682天
等级: 100
石头: 97
呼符: 7
友情点: 75 / 1181255`
*連続ログイン7日間到達おめでとうございます！
明日は1日目からリスタートされます。*
`獣の足跡 X 1
呼符 X 1
12月交換券(2021) X 1
`_2021-12-01 20:28:43_
--------
[dfc9a9f4b3655841a6372642c60bb90d]
`登陆天数: 392天 / 739天
等级: 106
石头: 150
呼符: 19
友情点: 0 / 1576240`
*連続ログイン7日間到達おめでとうございます！
明日は1日目からリスタートされます。*
`獣の足跡 X 1
呼符 X 1
12月交換券(2021) X 1
`_2021-12-01 20:28:53_
--------
[489b9caeed7f023e28fa9d1e9b69c384]
`登陆天数: 391天 / 477天
等级: 100
石头: 135
呼符: 19
友情点: 50 / 1162415`
*連続ログイン6日目
※ログインが途切れるか、7日到達すると
1日目から再開されます*
`聖晶石 X 2
12月交換券(2021) X 1
`_2021-12-01 20:29:04_
--------
