【登录信息】
[5be1eb651b6f675892f00b0952b3cadb]
`登陆天数: 393天 / 1199天
等级: 151
石头: 21
呼符: 2
友情点: 0 / 17138695`
*連続ログイン1日目
※ログインが途切れるか、7日到達すると
1日目から再開されます*
`フレンドポイント X 2000
12月交換券(2021) X 1
`*幕間の物語キャンペーン 第18弾 特別連続ログインボーナス*
*開催期間中、1日1回 最大5回 特別連続ログインボーナスをプレゼント！*
`叡智の業火 X 3
`_2021-12-02 20:28:25_
--------
[9cfc24f569d65a92010a7c9549af2192]
`登陆天数: 393天 / 683天
等级: 100
石头: 97
呼符: 7
友情点: 0 / 1181255`
*連続ログイン1日目
※ログインが途切れるか、7日到達すると
1日目から再開されます*
`フレンドポイント X 2000
12月交換券(2021) X 1
`*幕間の物語キャンペーン 第18弾 特別連続ログインボーナス*
*開催期間中、1日1回 最大5回 特別連続ログインボーナスをプレゼント！*
`呼符 X 1
`_2021-12-02 20:28:35_
--------
[dfc9a9f4b3655841a6372642c60bb90d]
`登陆天数: 393天 / 740天
等级: 106
石头: 155
呼符: 20
友情点: 0 / 1577440`
*連続ログイン1日目
※ログインが途切れるか、7日到達すると
1日目から再開されます*
`フレンドポイント X 2000
12月交換券(2021) X 1
`*幕間の物語キャンペーン 第18弾 特別連続ログインボーナス*
*開催期間中、1日1回 最大5回 特別連続ログインボーナスをプレゼント！*
`呼符 X 1
`_2021-12-02 20:28:45_
--------
[489b9caeed7f023e28fa9d1e9b69c384]
`登陆天数: 392天 / 478天
等级: 100
石头: 142
呼符: 19
友情点: 50 / 1163665`
*連続ログイン7日間到達おめでとうございます！
明日は1日目からリスタートされます。*
`獣の足跡 X 1
呼符 X 1
12月交換券(2021) X 1
`*幕間の物語キャンペーン 第18弾 特別連続ログインボーナス*
*開催期間中、1日1回 最大5回 特別連続ログインボーナスをプレゼント！*
`呼符 X 1
`_2021-12-02 20:28:55_
--------
