【登录信息】
[5be1eb651b6f675892f00b0952b3cadb]
`登陆天数: 394天 / 1200天
等级: 151
石头: 11
呼符: 0
友情点: 29450 / 17171395`
*連続ログイン2日目
※ログインが途切れるか、7日到達すると
1日目から再開されます*
`聖晶石 X 1
12月交換券(2021) X 1
`*幕間の物語キャンペーン 第18弾 特別連続ログインボーナス*
*開催期間中、1日1回 最大5回 特別連続ログインボーナスをプレゼント！*
`叡智の業火 X 3
`_2021-12-03 20:28:32_
--------
[9cfc24f569d65a92010a7c9549af2192]
`登陆天数: 394天 / 684天
等级: 100
石头: 97
呼符: 7
友情点: 0 / 1181255`
*連続ログイン2日目
※ログインが途切れるか、7日到達すると
1日目から再開されます*
`聖晶石 X 1
12月交換券(2021) X 1
`*幕間の物語キャンペーン 第18弾 特別連続ログインボーナス*
*開催期間中、1日1回 最大5回 特別連続ログインボーナスをプレゼント！*
`叡智の業火 X 3
`_2021-12-03 20:28:42_
--------
[dfc9a9f4b3655841a6372642c60bb90d]
`登陆天数: 394天 / 741天
等级: 106
石头: 155
呼符: 21
友情点: 0 / 1580640`
*連続ログイン2日目
※ログインが途切れるか、7日到達すると
1日目から再開されます*
`聖晶石 X 1
12月交換券(2021) X 1
`*幕間の物語キャンペーン 第18弾 特別連続ログインボーナス*
*開催期間中、1日1回 最大5回 特別連続ログインボーナスをプレゼント！*
`叡智の業火 X 3
`_2021-12-03 20:28:52_
--------
[489b9caeed7f023e28fa9d1e9b69c384]
`登陆天数: 393天 / 479天
等级: 100
石头: 142
呼符: 21
友情点: 0 / 1164865`
*連続ログイン1日目
※ログインが途切れるか、7日到達すると
1日目から再開されます*
`フレンドポイント X 2000
12月交換券(2021) X 1
`*幕間の物語キャンペーン 第18弾 特別連続ログインボーナス*
*開催期間中、1日1回 最大5回 特別連続ログインボーナスをプレゼント！*
`叡智の業火 X 3
`_2021-12-03 20:29:02_
--------
