【登录信息】
[5be1eb651b6f675892f00b0952b3cadb]
`登陆天数: 395天 / 1201天
等级: 151
石头: 42
呼符: 0
友情点: 3425 / 17205970`
*連続ログイン3日目
※ログインが途切れるか、7日到達すると
1日目から再開されます*
`叡智の猛火 X 1
12月交換券(2021) X 1
`*幕間の物語キャンペーン 第18弾 特別連続ログインボーナス*
*開催期間中、1日1回 最大5回 特別連続ログインボーナスをプレゼント！*
`叡智の業火 X 3
`_2021-12-04 20:28:29_
--------
[9cfc24f569d65a92010a7c9549af2192]
`登陆天数: 395天 / 685天
等级: 100
石头: 97
呼符: 7
友情点: 0 / 1181255`
*連続ログイン3日目
※ログインが途切れるか、7日到達すると
1日目から再開されます*
`叡智の猛火 X 1
12月交換券(2021) X 1
`*幕間の物語キャンペーン 第18弾 特別連続ログインボーナス*
*開催期間中、1日1回 最大5回 特別連続ログインボーナスをプレゼント！*
`叡智の業火 X 3
`_2021-12-04 20:28:41_
--------
[dfc9a9f4b3655841a6372642c60bb90d]
`登陆天数: 395天 / 742天
等级: 106
石头: 156
呼符: 21
友情点: 0 / 1581840`
*連続ログイン3日目
※ログインが途切れるか、7日到達すると
1日目から再開されます*
`叡智の猛火 X 1
12月交換券(2021) X 1
`*幕間の物語キャンペーン 第18弾 特別連続ログインボーナス*
*開催期間中、1日1回 最大5回 特別連続ログインボーナスをプレゼント！*
`叡智の業火 X 3
`_2021-12-04 20:28:51_
--------
[489b9caeed7f023e28fa9d1e9b69c384]
`登陆天数: 394天 / 480天
等级: 100
石头: 142
呼符: 21
友情点: 0 / 1168065`
*連続ログイン2日目
※ログインが途切れるか、7日到達すると
1日目から再開されます*
`聖晶石 X 1
12月交換券(2021) X 1
`*幕間の物語キャンペーン 第18弾 特別連続ログインボーナス*
*開催期間中、1日1回 最大5回 特別連続ログインボーナスをプレゼント！*
`叡智の業火 X 3
`_2021-12-04 20:29:02_
--------
