【登录信息】
[5be1eb651b6f675892f00b0952b3cadb]
`登陆天数: 396天 / 1202天
等级: 151
石头: 18
呼符: 0
友情点: 29400 / 17266095`
*連続ログイン4日目
※ログインが途切れるか、7日到達すると
1日目から再開されます*
`聖晶石 X 1
12月交換券(2021) X 1
`*幕間の物語キャンペーン 第18弾 特別連続ログインボーナス*
*開催期間中、1日1回 最大5回 特別連続ログインボーナスをプレゼント！*
`呼符 X 1
`_2021-12-05 20:27:54_
--------
[9cfc24f569d65a92010a7c9549af2192]
`登陆天数: 396天 / 686天
等级: 100
石头: 97
呼符: 7
友情点: 50 / 1181305`
*連続ログイン4日目
※ログインが途切れるか、7日到達すると
1日目から再開されます*
`聖晶石 X 1
12月交換券(2021) X 1
`*幕間の物語キャンペーン 第18弾 特別連続ログインボーナス*
*開催期間中、1日1回 最大5回 特別連続ログインボーナスをプレゼント！*
`叡智の業火 X 3
`_2021-12-05 20:28:05_
--------
[dfc9a9f4b3655841a6372642c60bb90d]
`登陆天数: 396天 / 743天
等级: 106
石头: 156
呼符: 21
友情点: 0 / 1584240`
*連続ログイン4日目
※ログインが途切れるか、7日到達すると
1日目から再開されます*
`聖晶石 X 1
12月交換券(2021) X 1
`*幕間の物語キャンペーン 第18弾 特別連続ログインボーナス*
*開催期間中、1日1回 最大5回 特別連続ログインボーナスをプレゼント！*
`叡智の業火 X 3
`_2021-12-05 20:28:14_
--------
[489b9caeed7f023e28fa9d1e9b69c384]
`登陆天数: 395天 / 481天
等级: 100
石头: 143
呼符: 21
友情点: 0 / 1170490`
*連続ログイン3日目
※ログインが途切れるか、7日到達すると
1日目から再開されます*
`叡智の猛火 X 1
12月交換券(2021) X 1
`*幕間の物語キャンペーン 第18弾 特別連続ログインボーナス*
*開催期間中、1日1回 最大5回 特別連続ログインボーナスをプレゼント！*
`叡智の業火 X 3
`_2021-12-05 20:28:24_
--------
