【登录信息】
[5be1eb651b6f675892f00b0952b3cadb]
`登陆天数: 397天 / 1203天
等级: 151
石头: 19
呼符: 1
友情点: 30975 / 17327080`
*連続ログイン5日目
※ログインが途切れるか、7日到達すると
1日目から再開されます*
`叡智の猛火 X 2
12月交換券(2021) X 1
`_2021-12-06 20:30:04_
--------
[9cfc24f569d65a92010a7c9549af2192]
`登陆天数: 397天 / 687天
等级: 100
石头: 97
呼符: 7
友情点: 25 / 1181330`
*連続ログイン5日目
※ログインが途切れるか、7日到達すると
1日目から再開されます*
`叡智の猛火 X 2
12月交換券(2021) X 1
`*幕間の物語キャンペーン 第18弾 特別連続ログインボーナス*
*開催期間中、1日1回 最大5回 特別連続ログインボーナスをプレゼント！*
`呼符 X 1
`_2021-12-06 20:30:15_
--------
[dfc9a9f4b3655841a6372642c60bb90d]
`登陆天数: 397天 / 744天
等级: 106
石头: 157
呼符: 21
友情点: 0 / 1586640`
*連続ログイン5日目
※ログインが途切れるか、7日到達すると
1日目から再開されます*
`叡智の猛火 X 2
12月交換券(2021) X 1
`*幕間の物語キャンペーン 第18弾 特別連続ログインボーナス*
*開催期間中、1日1回 最大5回 特別連続ログインボーナスをプレゼント！*
`呼符 X 1
`_2021-12-06 20:30:25_
--------
[489b9caeed7f023e28fa9d1e9b69c384]
`登陆天数: 396天 / 482天
等级: 100
石头: 143
呼符: 21
友情点: 0 / 1172890`
*連続ログイン4日目
※ログインが途切れるか、7日到達すると
1日目から再開されます*
`聖晶石 X 1
12月交換券(2021) X 1
`*幕間の物語キャンペーン 第18弾 特別連続ログインボーナス*
*開催期間中、1日1回 最大5回 特別連続ログインボーナスをプレゼント！*
`呼符 X 1
`_2021-12-06 20:30:36_
--------
