【登录信息】
[5be1eb651b6f675892f00b0952b3cadb]
`登陆天数: 398天 / 1204天
等级: 151
石头: 23
呼符: 1
友情点: 29500 / 17387015`
*連続ログイン6日目
※ログインが途切れるか、7日到達すると
1日目から再開されます*
`聖晶石 X 2
12月交換券(2021) X 1
`_2021-12-07 20:29:34_
--------
[9cfc24f569d65a92010a7c9549af2192]
`登陆天数: 398天 / 688天
等级: 100
石头: 97
呼符: 7
友情点: 0 / 1181330`
*連続ログイン6日目
※ログインが途切れるか、7日到達すると
1日目から再開されます*
`聖晶石 X 2
12月交換券(2021) X 1
`_2021-12-07 20:29:44_
--------
[dfc9a9f4b3655841a6372642c60bb90d]
`登陆天数: 398天 / 745天
等级: 106
石头: 157
呼符: 22
友情点: 0 / 1589040`
*連続ログイン6日目
※ログインが途切れるか、7日到達すると
1日目から再開されます*
`聖晶石 X 2
12月交換券(2021) X 1
`_2021-12-07 20:29:54_
--------
[489b9caeed7f023e28fa9d1e9b69c384]
`登陆天数: 397天 / 483天
等级: 100
石头: 144
呼符: 22
友情点: 25 / 1175315`
*連続ログイン5日目
※ログインが途切れるか、7日到達すると
1日目から再開されます*
`叡智の猛火 X 2
12月交換券(2021) X 1
`_2021-12-07 20:30:04_
--------
