【登录信息】
[5be1eb651b6f675892f00b0952b3cadb]
`登陆天数: 399天 / 1205天
等级: 151
石头: 26
呼符: 1
友情点: 29425 / 17446840`
*連続ログイン7日間到達おめでとうございます！
明日は1日目からリスタートされます。*
`獣の足跡 X 1
呼符 X 1
12月交換券(2021) X 1
`_2021-12-08 20:29:29_
--------
[9cfc24f569d65a92010a7c9549af2192]
`登陆天数: 399天 / 689天
等级: 100
石头: 97
呼符: 7
友情点: 50 / 1181380`
*連続ログイン7日間到達おめでとうございます！
明日は1日目からリスタートされます。*
`獣の足跡 X 1
呼符 X 1
12月交換券(2021) X 1
`_2021-12-08 20:29:40_
--------
[dfc9a9f4b3655841a6372642c60bb90d]
`登陆天数: 399天 / 746天
等级: 106
石头: 161
呼符: 22
友情点: 0 / 1591440`
*連続ログイン7日間到達おめでとうございます！
明日は1日目からリスタートされます。*
`獣の足跡 X 1
呼符 X 1
12月交換券(2021) X 1
`_2021-12-08 20:29:50_
--------
[489b9caeed7f023e28fa9d1e9b69c384]
`登陆天数: 398天 / 484天
等级: 100
石头: 144
呼符: 22
友情点: 0 / 1177765`
*連続ログイン6日目
※ログインが途切れるか、7日到達すると
1日目から再開されます*
`聖晶石 X 2
12月交換券(2021) X 1
`_2021-12-08 20:30:01_
--------
