【登录信息】
[5be1eb651b6f675892f00b0952b3cadb]
`登陆天数: 400天 / 1206天
等级: 151
石头: 32
呼符: 0
友情点: 0 / 17481845`
*連続ログイン1日目
※ログインが途切れるか、7日到達すると
1日目から再開されます*
`フレンドポイント X 2000
12月交換券(2021) X 1
`_2021-12-09 20:29:16_
--------
[9cfc24f569d65a92010a7c9549af2192]
`登陆天数: 400天 / 690天
等级: 100
石头: 149
呼符: 23
友情点: 0 / 1188580`
*連続ログイン1日目
※ログインが途切れるか、7日到達すると
1日目から再開されます*
`フレンドポイント X 2000
12月交換券(2021) X 1
`_2021-12-09 20:29:28_
--------
[dfc9a9f4b3655841a6372642c60bb90d]
`登陆天数: 400天 / 747天
等级: 106
石头: 178
呼符: 18
友情点: 0 / 1592840`
*連続ログイン1日目
※ログインが途切れるか、7日到達すると
1日目から再開されます*
`フレンドポイント X 2000
12月交換券(2021) X 1
`_2021-12-09 20:29:38_
--------
[489b9caeed7f023e28fa9d1e9b69c384]
`登陆天数: 399天 / 485天
等级: 100
石头: 151
呼符: 22
友情点: 0 / 1179165`
*連続ログイン7日間到達おめでとうございます！
明日は1日目からリスタートされます。*
`獣の足跡 X 1
呼符 X 1
12月交換券(2021) X 1
`_2021-12-09 20:29:49_
--------
