【登录信息】
[5be1eb651b6f675892f00b0952b3cadb]
`登陆天数: 401天 / 1207天
等级: 151
石头: 34
呼符: 0
友情点: 0 / 17521495`
*連続ログイン2日目
※ログインが途切れるか、7日到達すると
1日目から再開されます*
`聖晶石 X 1
12月交換券(2021) X 1
`_2021-12-10 20:28:19_
--------
[9cfc24f569d65a92010a7c9549af2192]
`登陆天数: 401天 / 691天
等级: 100
石头: 149
呼符: 23
友情点: 0 / 1191780`
*連続ログイン2日目
※ログインが途切れるか、7日到達すると
1日目から再開されます*
`聖晶石 X 1
12月交換券(2021) X 1
`_2021-12-10 20:28:30_
--------
[dfc9a9f4b3655841a6372642c60bb90d]
`登陆天数: 401天 / 748天
等级: 106
石头: 178
呼符: 18
友情点: 0 / 1596040`
*連続ログイン2日目
※ログインが途切れるか、7日到達すると
1日目から再開されます*
`聖晶石 X 1
12月交換券(2021) X 1
`_2021-12-10 20:28:40_
--------
[489b9caeed7f023e28fa9d1e9b69c384]
`登陆天数: 400天 / 486天
等级: 100
石头: 151
呼符: 23
友情点: 0 / 1180365`
*連続ログイン1日目
※ログインが途切れるか、7日到達すると
1日目から再開されます*
`フレンドポイント X 2000
12月交換券(2021) X 1
`_2021-12-10 20:28:51_
--------
