【登录信息】
[5be1eb651b6f675892f00b0952b3cadb]
`登陆天数: 402天 / 1208天
等级: 151
石头: 38
呼符: 0
友情点: 25 / 17562475`
*連続ログイン3日目
※ログインが途切れるか、7日到達すると
1日目から再開されます*
`叡智の猛火 X 1
12月交換券(2021) X 1
`_2021-12-11 20:27:41_
--------
[9cfc24f569d65a92010a7c9549af2192]
`登陆天数: 402天 / 692天
等级: 100
石头: 150
呼符: 23
友情点: 0 / 1192980`
*連続ログイン3日目
※ログインが途切れるか、7日到達すると
1日目から再開されます*
`叡智の猛火 X 1
12月交換券(2021) X 1
`_2021-12-11 20:27:52_
--------
[dfc9a9f4b3655841a6372642c60bb90d]
`登陆天数: 402天 / 749天
等级: 106
石头: 179
呼符: 18
友情点: 0 / 1597240`
*連続ログイン3日目
※ログインが途切れるか、7日到達すると
1日目から再開されます*
`叡智の猛火 X 1
12月交換券(2021) X 1
`_2021-12-11 20:28:02_
--------
[489b9caeed7f023e28fa9d1e9b69c384]
`登陆天数: 401天 / 487天
等级: 100
石头: 151
呼符: 23
友情点: 25 / 1183590`
*連続ログイン2日目
※ログインが途切れるか、7日到達すると
1日目から再開されます*
`聖晶石 X 1
12月交換券(2021) X 1
`_2021-12-11 20:28:13_
--------
