【登录信息】
[5be1eb651b6f675892f00b0952b3cadb]
`登陆天数: 406天 / 1212天
等级: 151
石头: 2
呼符: 0
友情点: 0 / 17669330`
*連続ログイン7日間到達おめでとうございます！
明日は1日目からリスタートされます。*
`獣の足跡 X 1
呼符 X 1
12月交換券(2021) X 1
`*「FGO カルデア・サテライトステーション 2021-2022」福岡会場開催直前ログインボーナス*
*開催期間中、1日1回 最大3回 ログインボーナスをプレゼント！*
`黄金の果実 X 1
`_2021-12-15 20:28:21_
--------
[9cfc24f569d65a92010a7c9549af2192]
`登陆天数: 406天 / 696天
等级: 100
石头: 153
呼符: 23
友情点: 0 / 1194280`
*連続ログイン7日間到達おめでとうございます！
明日は1日目からリスタートされます。*
`獣の足跡 X 1
呼符 X 1
12月交換券(2021) X 1
`*「FGO カルデア・サテライトステーション 2021-2022」福岡会場開催直前ログインボーナス*
*開催期間中、1日1回 最大3回 ログインボーナスをプレゼント！*
`カルデア･サテライトステーション X 1
黄金の果実 X 1
`_2021-12-15 20:28:32_
--------
[dfc9a9f4b3655841a6372642c60bb90d]
`登陆天数: 406天 / 753天
等级: 106
石头: 212
呼符: 18
友情点: 0 / 1598540`
*連続ログイン7日間到達おめでとうございます！
明日は1日目からリスタートされます。*
`獣の足跡 X 1
呼符 X 1
12月交換券(2021) X 1
`*「FGO カルデア・サテライトステーション 2021-2022」福岡会場開催直前ログインボーナス*
*開催期間中、1日1回 最大3回 ログインボーナスをプレゼント！*
`カルデア･サテライトステーション X 1
黄金の果実 X 1
`_2021-12-15 20:28:42_
--------
[489b9caeed7f023e28fa9d1e9b69c384]
`登陆天数: 405天 / 491天
等级: 100
石头: 153
呼符: 23
友情点: 0 / 1184990`
*連続ログイン6日目
※ログインが途切れるか、7日到達すると
1日目から再開されます*
`聖晶石 X 2
12月交換券(2021) X 1
`*「FGO カルデア・サテライトステーション 2021-2022」福岡会場開催直前ログインボーナス*
*開催期間中、1日1回 最大3回 ログインボーナスをプレゼント！*
`カルデア･サテライトステーション X 1
黄金の果実 X 1
`_2021-12-15 20:28:52_
--------
