【登录信息】
[5be1eb651b6f675892f00b0952b3cadb]
`登陆天数: 408天 / 1214天
等级: 151
石头: 15
呼符: 0
友情点: 150 / 17854745`
*連続ログイン2日目
※ログインが途切れるか、7日到達すると
1日目から再開されます*
`聖晶石 X 1
12月交換券(2021) X 1
`_2021-12-17 20:23:55_
--------
[9cfc24f569d65a92010a7c9549af2192]
`登陆天数: 408天 / 698天
等级: 100
石头: 3
呼符: 4
友情点: 25 / 1196330`
*連続ログイン2日目
※ログインが途切れるか、7日到達すると
1日目から再開されます*
`聖晶石 X 1
12月交換券(2021) X 1
`*「FGO カルデア・サテライトステーション 2021-2022」福岡会場開催直前ログインボーナス*
*開催期間中、1日1回 最大3回 ログインボーナスをプレゼント！*
`黄金の果実 X 1
`_2021-12-17 20:24:05_
--------
[dfc9a9f4b3655841a6372642c60bb90d]
`登陆天数: 408天 / 755天
等级: 106
石头: 2
呼符: 19
友情点: 0 / 1600540`
*連続ログイン2日目
※ログインが途切れるか、7日到達すると
1日目から再開されます*
`聖晶石 X 1
12月交換券(2021) X 1
`*「FGO カルデア・サテライトステーション 2021-2022」福岡会場開催直前ログインボーナス*
*開催期間中、1日1回 最大3回 ログインボーナスをプレゼント！*
`黄金の果実 X 1
`_2021-12-17 20:24:15_
--------
[489b9caeed7f023e28fa9d1e9b69c384]
`登陆天数: 407天 / 493天
等级: 100
石头: 5
呼符: 29
友情点: 0 / 1184990`
*連続ログイン1日目
※ログインが途切れるか、7日到達すると
1日目から再開されます*
`フレンドポイント X 2000
12月交換券(2021) X 1
`*「FGO カルデア・サテライトステーション 2021-2022」福岡会場開催直前ログインボーナス*
*開催期間中、1日1回 最大3回 ログインボーナスをプレゼント！*
`黄金の果実 X 1
`_2021-12-17 20:24:25_
--------
