【登录信息】
[5be1eb651b6f675892f00b0952b3cadb]
`登陆天数: 409天 / 1215天
等级: 151
石头: 16
呼符: 0
友情点: 100 / 17855070`
*連続ログイン3日目
※ログインが途切れるか、7日到達すると
1日目から再開されます*
`叡智の猛火 X 1
12月交換券(2021) X 1
`*「FGO カルデア・サテライトステーション 2021-2022」福岡会場開催記念 初回ログインボーナス*
*開催期間中、初回ログインで「聖晶石×10」をプレゼント！*
`聖晶石 X 10
`_2021-12-18 20:28:23_
--------
[9cfc24f569d65a92010a7c9549af2192]
`登陆天数: 409天 / 699天
等级: 100
石头: 4
呼符: 4
友情点: 0 / 1196355`
*連続ログイン3日目
※ログインが途切れるか、7日到達すると
1日目から再開されます*
`叡智の猛火 X 1
12月交換券(2021) X 1
`*「FGO カルデア・サテライトステーション 2021-2022」福岡会場開催記念 初回ログインボーナス*
*開催期間中、初回ログインで「聖晶石×10」をプレゼント！*
`聖晶石 X 10
`_2021-12-18 20:28:33_
--------
[dfc9a9f4b3655841a6372642c60bb90d]
`登陆天数: 409天 / 756天
等级: 106
石头: 3
呼符: 19
友情点: 0 / 1600540`
*連続ログイン3日目
※ログインが途切れるか、7日到達すると
1日目から再開されます*
`叡智の猛火 X 1
12月交換券(2021) X 1
`*「FGO カルデア・サテライトステーション 2021-2022」福岡会場開催記念 初回ログインボーナス*
*開催期間中、初回ログインで「聖晶石×10」をプレゼント！*
`聖晶石 X 10
`_2021-12-18 20:28:43_
--------
[489b9caeed7f023e28fa9d1e9b69c384]
`登陆天数: 408天 / 494天
等级: 100
石头: 5
呼符: 29
友情点: 0 / 1187015`
*連続ログイン2日目
※ログインが途切れるか、7日到達すると
1日目から再開されます*
`聖晶石 X 1
12月交換券(2021) X 1
`*「FGO カルデア・サテライトステーション 2021-2022」福岡会場開催記念 初回ログインボーナス*
*開催期間中、初回ログインで「聖晶石×10」をプレゼント！*
`聖晶石 X 10
`_2021-12-18 20:28:53_
--------
