【登录信息】
[0e680b774466e18cc696a03f9f48c196]
`登陆天数: 410天 / 1216天
等级: 151
石头: 2
呼符: 0
友情点: 25 / 17855370`
*連続ログイン4日目
※ログインが途切れるか、7日到達すると
1日目から再開されます*
`聖晶石 X 1
12月交換券(2021) X 1
`_2021-12-19 20:28:27_
--------
[9cfc24f569d65a92010a7c9549af2192]
`登陆天数: 410天 / 700天
等级: 100
石头: 20
呼符: 4
友情点: 0 / 1196380`
*連続ログイン4日目
※ログインが途切れるか、7日到達すると
1日目から再開されます*
`聖晶石 X 1
12月交換券(2021) X 1
`_2021-12-19 20:28:38_
--------
[dfc9a9f4b3655841a6372642c60bb90d]
`登陆天数: 410天 / 757天
等级: 106
石头: 19
呼符: 19
友情点: 0 / 1600540`
*連続ログイン4日目
※ログインが途切れるか、7日到達すると
1日目から再開されます*
`聖晶石 X 1
12月交換券(2021) X 1
`_2021-12-19 20:28:49_
--------
[489b9caeed7f023e28fa9d1e9b69c384]
`登陆天数: 409天 / 495天
等级: 100
石头: 22
呼符: 29
友情点: 0 / 1187015`
*連続ログイン3日目
※ログインが途切れるか、7日到達すると
1日目から再開されます*
`叡智の猛火 X 1
12月交換券(2021) X 1
`_2021-12-19 20:28:59_
--------
