【登录信息】
[0e680b774466e18cc696a03f9f48c196]
`登陆天数: 411天 / 1217天
等级: 151
石头: 3
呼符: 0
友情点: 150 / 17855920`
*連続ログイン5日目
※ログインが途切れるか、7日到達すると
1日目から再開されます*
`叡智の猛火 X 2
12月交換券(2021) X 1
`_2021-12-20 20:29:34_
--------
[9cfc24f569d65a92010a7c9549af2192]
`登陆天数: 411天 / 701天
等级: 100
石头: 51
呼符: 4
友情点: 0 / 1196380`
*連続ログイン5日目
※ログインが途切れるか、7日到達すると
1日目から再開されます*
`叡智の猛火 X 2
12月交換券(2021) X 1
`_2021-12-20 20:29:45_
--------
[dfc9a9f4b3655841a6372642c60bb90d]
`登陆天数: 411天 / 758天
等级: 106
石头: 20
呼符: 19
友情点: 0 / 1600540`
*連続ログイン5日目
※ログインが途切れるか、7日到達すると
1日目から再開されます*
`叡智の猛火 X 2
12月交換券(2021) X 1
`_2021-12-20 20:29:55_
--------
[489b9caeed7f023e28fa9d1e9b69c384]
`登陆天数: 410天 / 496天
等级: 101
石头: 22
呼符: 29
友情点: 25 / 1187040`
*連続ログイン4日目
※ログインが途切れるか、7日到達すると
1日目から再開されます*
`聖晶石 X 1
12月交換券(2021) X 1
`_2021-12-20 20:30:05_
--------
