【登录信息】
[0e680b774466e18cc696a03f9f48c196]
`登陆天数: 412天 / 1218天
等级: 151
石头: 3
呼符: 0
友情点: 0 / 17856280`
*連続ログイン6日目
※ログインが途切れるか、7日到達すると
1日目から再開されます*
`聖晶石 X 2
12月交換券(2021) X 1
`_2021-12-21 20:29:20_
--------
[9cfc24f569d65a92010a7c9549af2192]
`登陆天数: 412天 / 702天
等级: 100
石头: 51
呼符: 4
友情点: 25 / 1196450`
*連続ログイン6日目
※ログインが途切れるか、7日到達すると
1日目から再開されます*
`聖晶石 X 2
12月交換券(2021) X 1
`_2021-12-21 20:29:31_
--------
[dfc9a9f4b3655841a6372642c60bb90d]
`登陆天数: 412天 / 759天
等级: 106
石头: 20
呼符: 19
友情点: 0 / 1600570`
*連続ログイン6日目
※ログインが途切れるか、7日到達すると
1日目から再開されます*
`聖晶石 X 2
12月交換券(2021) X 1
`_2021-12-21 20:29:42_
--------
[489b9caeed7f023e28fa9d1e9b69c384]
`登陆天数: 411天 / 497天
等级: 101
石头: 23
呼符: 29
友情点: 50 / 1187175`
*連続ログイン5日目
※ログインが途切れるか、7日到達すると
1日目から再開されます*
`叡智の猛火 X 2
12月交換券(2021) X 1
`_2021-12-21 20:29:52_
--------
