【登录信息】
[0e680b774466e18cc696a03f9f48c196]
`登陆天数: 413天 / 1219天
等级: 151
石头: 1
呼符: 0
友情点: 0 / 17852415`
*連続ログイン7日間到達おめでとうございます！
明日は1日目からリスタートされます。*
`獣の足跡 X 1
呼符 X 1
12月交換券(2021) X 1
`_2021-12-22 20:29:36_
--------
[9cfc24f569d65a92010a7c9549af2192]
`登陆天数: 413天 / 703天
等级: 100
石头: 53
呼符: 4
友情点: 0 / 1196450`
*連続ログイン7日間到達おめでとうございます！
明日は1日目からリスタートされます。*
`獣の足跡 X 1
呼符 X 1
12月交換券(2021) X 1
`_2021-12-22 20:29:46_
--------
[dfc9a9f4b3655841a6372642c60bb90d]
`登陆天数: 413天 / 760天
等级: 106
石头: 22
呼符: 19
友情点: 0 / 1600570`
*連続ログイン7日間到達おめでとうございます！
明日は1日目からリスタートされます。*
`獣の足跡 X 1
呼符 X 1
12月交換券(2021) X 1
`_2021-12-22 20:29:57_
--------
[489b9caeed7f023e28fa9d1e9b69c384]
`登陆天数: 412天 / 498天
等级: 101
石头: 23
呼符: 29
友情点: 0 / 1187175`
*連続ログイン6日目
※ログインが途切れるか、7日到達すると
1日目から再開されます*
`聖晶石 X 2
12月交換券(2021) X 1
`_2021-12-22 20:30:07_
--------
