【登录信息】
[0e680b774466e18cc696a03f9f48c196]
`登陆天数: 415天 / 1221天
等级: 151
石头: 11
呼符: 1
友情点: 0 / 17855140`
*連続ログイン2日目
※ログインが途切れるか、7日到達すると
1日目から再開されます*
`聖晶石 X 1
12月交換券(2021) X 1
`*マルタ〔サンタ〕からのクリスマスプレゼント*
*開催期間中、初回ログインで「聖晶石×10」をプレゼント！*
`聖晶石 X 10
`_2021-12-24 20:28:53_
--------
[9cfc24f569d65a92010a7c9549af2192]
`登陆天数: 415天 / 705天
等级: 100
石头: 58
呼符: 5
友情点: 0 / 1198475`
*連続ログイン2日目
※ログインが途切れるか、7日到達すると
1日目から再開されます*
`聖晶石 X 1
12月交換券(2021) X 1
`*マルタ〔サンタ〕からのクリスマスプレゼント*
*開催期間中、初回ログインで「聖晶石×10」をプレゼント！*
`聖晶石 X 10
`_2021-12-24 20:29:03_
--------
[dfc9a9f4b3655841a6372642c60bb90d]
`登陆天数: 415天 / 762天
等级: 106
石头: 27
呼符: 20
友情点: 0 / 1602570`
*連続ログイン2日目
※ログインが途切れるか、7日到達すると
1日目から再開されます*
`聖晶石 X 1
12月交換券(2021) X 1
`*マルタ〔サンタ〕からのクリスマスプレゼント*
*開催期間中、初回ログインで「聖晶石×10」をプレゼント！*
`聖晶石 X 10
`_2021-12-24 20:29:13_
--------
[489b9caeed7f023e28fa9d1e9b69c384]
`登陆天数: 414天 / 500天
等级: 101
石头: 30
呼符: 30
友情点: 100 / 1187300`
*連続ログイン1日目
※ログインが途切れるか、7日到達すると
1日目から再開されます*
`フレンドポイント X 2000
12月交換券(2021) X 1
`*マルタ〔サンタ〕からのクリスマスプレゼント*
*開催期間中、初回ログインで「聖晶石×10」をプレゼント！*
`聖晶石 X 10
`_2021-12-24 20:29:23_
--------
