【登录信息】
[0e680b774466e18cc696a03f9f48c196]
`登陆天数: 416天 / 1222天
等级: 151
石头: 23
呼符: 0
友情点: 0 / 17855515`
*連続ログイン3日目
※ログインが途切れるか、7日到達すると
1日目から再開されます*
`叡智の猛火 X 1
12月交換券(2021) X 1
`_2021-12-25 20:28:41_
--------
[9cfc24f569d65a92010a7c9549af2192]
`登陆天数: 416天 / 706天
等级: 100
石头: 69
呼符: 5
友情点: 25 / 1198525`
*連続ログイン3日目
※ログインが途切れるか、7日到達すると
1日目から再開されます*
`叡智の猛火 X 1
12月交換券(2021) X 1
`_2021-12-25 20:28:51_
--------
[dfc9a9f4b3655841a6372642c60bb90d]
`登陆天数: 416天 / 763天
等级: 106
石头: 38
呼符: 20
友情点: 0 / 1602570`
*連続ログイン3日目
※ログインが途切れるか、7日到達すると
1日目から再開されます*
`叡智の猛火 X 1
12月交換券(2021) X 1
`_2021-12-25 20:29:01_
--------
[489b9caeed7f023e28fa9d1e9b69c384]
`登陆天数: 415天 / 501天
等级: 101
石头: 70
呼符: 30
友情点: 50 / 1189375`
*連続ログイン2日目
※ログインが途切れるか、7日到達すると
1日目から再開されます*
`聖晶石 X 1
12月交換券(2021) X 1
`_2021-12-25 20:29:11_
--------
