【登录信息】
[0e680b774466e18cc696a03f9f48c196]
`登陆天数: 417天 / 1223天
等级: 152
石头: 3
呼符: 0
友情点: 0 / 17064190`
*連続ログイン4日目
※ログインが途切れるか、7日到達すると
1日目から再開されます*
`聖晶石 X 1
12月交換券(2021) X 1
`_2021-12-26 20:28:23_
--------
[9cfc24f569d65a92010a7c9549af2192]
`登陆天数: 417天 / 707天
等级: 100
石头: 69
呼符: 5
友情点: 0 / 1198525`
*連続ログイン4日目
※ログインが途切れるか、7日到達すると
1日目から再開されます*
`聖晶石 X 1
12月交換券(2021) X 1
`_2021-12-26 20:28:33_
--------
[dfc9a9f4b3655841a6372642c60bb90d]
`登陆天数: 417天 / 764天
等级: 106
石头: 38
呼符: 20
友情点: 0 / 1602570`
*連続ログイン4日目
※ログインが途切れるか、7日到達すると
1日目から再開されます*
`聖晶石 X 1
12月交換券(2021) X 1
`_2021-12-26 20:28:42_
--------
[489b9caeed7f023e28fa9d1e9b69c384]
`登陆天数: 416天 / 502天
等级: 101
石头: 71
呼符: 30
友情点: 75 / 1189450`
*連続ログイン3日目
※ログインが途切れるか、7日到達すると
1日目から再開されます*
`叡智の猛火 X 1
12月交換券(2021) X 1
`_2021-12-26 20:28:52_
--------
