【登录信息】
[5be1eb651b6f675892f00b0952b3cadb]
`登陆天数: 418天 / 1224天
等级: 152
石头: 1
呼符: 0
友情点: 75 / 17054445`
*連続ログイン5日目
※ログインが途切れるか、7日到達すると
1日目から再開されます*
`叡智の猛火 X 2
12月交換券(2021) X 1
`_2021-12-27 20:29:09_
--------
[9cfc24f569d65a92010a7c9549af2192]
`登陆天数: 418天 / 708天
等级: 100
石头: 70
呼符: 5
友情点: 0 / 1198525`
*連続ログイン5日目
※ログインが途切れるか、7日到達すると
1日目から再開されます*
`叡智の猛火 X 2
12月交換券(2021) X 1
`_2021-12-27 20:29:19_
--------
[dfc9a9f4b3655841a6372642c60bb90d]
`登陆天数: 418天 / 765天
等级: 106
石头: 39
呼符: 20
友情点: 0 / 1602570`
*連続ログイン5日目
※ログインが途切れるか、7日到達すると
1日目から再開されます*
`叡智の猛火 X 2
12月交換券(2021) X 1
`_2021-12-27 20:29:30_
--------
[489b9caeed7f023e28fa9d1e9b69c384]
`登陆天数: 417天 / 503天
等级: 101
石头: 71
呼符: 30
友情点: 25 / 1189475`
*連続ログイン4日目
※ログインが途切れるか、7日到達すると
1日目から再開されます*
`聖晶石 X 1
12月交換券(2021) X 1
`_2021-12-27 20:29:40_
--------
