【登录信息】
[5be1eb651b6f675892f00b0952b3cadb]
`登陆天数: 420天 / 1226天
等级: 152
石头: 10
呼符: 0
友情点: 25 / 17043220`
*連続ログイン7日間到達おめでとうございます！
明日は1日目からリスタートされます。*
`獣の足跡 X 1
呼符 X 1
12月交換券(2021) X 1
`*Fate Project 大晦日TVスペシャル2021 放送カウントダウンログインボーナス*
*開催期間中、1日1回 3日間日替りでログインボーナスをプレゼント！*
`黄金の果実 X 2
`_2021-12-29 20:29:11_
--------
[9cfc24f569d65a92010a7c9549af2192]
`登陆天数: 420天 / 710天
等级: 100
石头: 72
呼符: 5
友情点: 0 / 1198525`
*連続ログイン7日間到達おめでとうございます！
明日は1日目からリスタートされます。*
`獣の足跡 X 1
呼符 X 1
12月交換券(2021) X 1
`*Fate Project 大晦日TVスペシャル2021 放送カウントダウンログインボーナス*
*開催期間中、1日1回 3日間日替りでログインボーナスをプレゼント！*
`黄金の果実 X 2
`_2021-12-29 20:29:21_
--------
[dfc9a9f4b3655841a6372642c60bb90d]
`登陆天数: 420天 / 767天
等级: 106
石头: 41
呼符: 20
友情点: 0 / 1602570`
*連続ログイン7日間到達おめでとうございます！
明日は1日目からリスタートされます。*
`獣の足跡 X 1
呼符 X 1
12月交換券(2021) X 1
`*Fate Project 大晦日TVスペシャル2021 放送カウントダウンログインボーナス*
*開催期間中、1日1回 3日間日替りでログインボーナスをプレゼント！*
`黄金の果実 X 2
`_2021-12-29 20:29:31_
--------
[489b9caeed7f023e28fa9d1e9b69c384]
`登陆天数: 419天 / 505天
等级: 101
石头: 72
呼符: 30
友情点: 0 / 1189525`
*連続ログイン6日目
※ログインが途切れるか、7日到達すると
1日目から再開されます*
`聖晶石 X 2
12月交換券(2021) X 1
`*Fate Project 大晦日TVスペシャル2021 放送カウントダウンログインボーナス*
*開催期間中、1日1回 3日間日替りでログインボーナスをプレゼント！*
`黄金の果実 X 2
`_2021-12-29 20:29:41_
--------
