【登录信息】
[5be1eb651b6f675892f00b0952b3cadb]
`登陆天数: 421天 / 1227天
等级: 152
石头: 10
呼符: 1
友情点: 0 / 17043795`
*連続ログイン1日目
※ログインが途切れるか、7日到達すると
1日目から再開されます*
`フレンドポイント X 2000
12月交換券(2021) X 1
`*Fate Project 大晦日TVスペシャル2021 放送カウントダウンログインボーナス*
*開催期間中、1日1回 3日間日替りでログインボーナスをプレゼント！*
`黄金の果実 X 2
呼符 X 1
`_2021-12-30 20:29:05_
--------
[9cfc24f569d65a92010a7c9549af2192]
`登陆天数: 421天 / 711天
等级: 100
石头: 72
呼符: 6
友情点: 25 / 1198550`
*連続ログイン1日目
※ログインが途切れるか、7日到達すると
1日目から再開されます*
`フレンドポイント X 2000
12月交換券(2021) X 1
`*Fate Project 大晦日TVスペシャル2021 放送カウントダウンログインボーナス*
*開催期間中、1日1回 3日間日替りでログインボーナスをプレゼント！*
`黄金の果実 X 2
呼符 X 1
`_2021-12-30 20:29:15_
--------
[dfc9a9f4b3655841a6372642c60bb90d]
`登陆天数: 421天 / 768天
等级: 106
石头: 41
呼符: 21
友情点: 0 / 1602570`
*連続ログイン1日目
※ログインが途切れるか、7日到達すると
1日目から再開されます*
`フレンドポイント X 2000
12月交換券(2021) X 1
`*Fate Project 大晦日TVスペシャル2021 放送カウントダウンログインボーナス*
*開催期間中、1日1回 3日間日替りでログインボーナスをプレゼント！*
`黄金の果実 X 2
呼符 X 1
`_2021-12-30 20:29:25_
--------
[489b9caeed7f023e28fa9d1e9b69c384]
`登陆天数: 420天 / 506天
等级: 101
石头: 74
呼符: 30
友情点: 50 / 1189575`
*連続ログイン7日間到達おめでとうございます！
明日は1日目からリスタートされます。*
`獣の足跡 X 1
呼符 X 1
12月交換券(2021) X 1
`*Fate Project 大晦日TVスペシャル2021 放送カウントダウンログインボーナス*
*開催期間中、1日1回 3日間日替りでログインボーナスをプレゼント！*
`黄金の果実 X 2
呼符 X 1
`_2021-12-30 20:29:35_
--------
