【登录信息】
[5be1eb651b6f675892f00b0952b3cadb]
`登陆天数: 361天 / 1167天
等级: 150
石头: 2
呼符: 0
友情点: 30410 / 15636930`
*連続ログイン4日目
※ログインが途切れるか、7日到達すると
1日目から再開されます*
`聖晶石 X 1
11月交換券(2021) X 1
`_2021-10-31 20:26:59_
--------
[9cfc24f569d65a92010a7c9549af2192]
`登陆天数: 361天 / 651天
等级: 100
石头: 79
呼符: 5
友情点: 0 / 1154320`
*連続ログイン4日目
※ログインが途切れるか、7日到達すると
1日目から再開されます*
`聖晶石 X 1
11月交換券(2021) X 1
`_2021-10-31 20:27:10_
--------
[dfc9a9f4b3655841a6372642c60bb90d]
`登陆天数: 361天 / 708天
等级: 105
石头: 91
呼符: 5
友情点: 0 / 1508730`
*連続ログイン4日目
※ログインが途切れるか、7日到達すると
1日目から再開されます*
`聖晶石 X 1
11月交換券(2021) X 1
`_2021-10-31 20:27:20_
--------
[489b9caeed7f023e28fa9d1e9b69c384]
`登陆天数: 360天 / 446天
等级: 99
石头: 51
呼符: 5
友情点: 0 / 1095130`
*連続ログイン3日目
※ログインが途切れるか、7日到達すると
1日目から再開されます*
`叡智の猛火 X 1
11月交換券(2021) X 1
`_2021-10-31 20:27:31_
--------
