【登录信息】
[5be1eb651b6f675892f00b0952b3cadb]
`登陆天数: 362天 / 1168天
等级: 150
石头: 0
呼符: 0
友情点: 290 / 15668595`
*連続ログイン5日目
※ログインが途切れるか、7日到達すると
1日目から再開されます*
`叡智の猛火 X 2
11月交換券(2021) X 1
`_2021-11-01 20:28:01_
--------
[9cfc24f569d65a92010a7c9549af2192]
`登陆天数: 362天 / 652天
等级: 100
石头: 80
呼符: 5
友情点: 0 / 1155645`
*連続ログイン5日目
※ログインが途切れるか、7日到達すると
1日目から再開されます*
`叡智の猛火 X 2
11月交換券(2021) X 1
`_2021-11-01 20:28:13_
--------
[dfc9a9f4b3655841a6372642c60bb90d]
`登陆天数: 362天 / 709天
等级: 105
石头: 92
呼符: 5
友情点: 0 / 1509930`
*連続ログイン5日目
※ログインが途切れるか、7日到達すると
1日目から再開されます*
`叡智の猛火 X 2
11月交換券(2021) X 1
`_2021-11-01 20:28:23_
--------
[489b9caeed7f023e28fa9d1e9b69c384]
`登陆天数: 361天 / 447天
等级: 99
石头: 51
呼符: 5
友情点: 0 / 1096505`
*連続ログイン4日目
※ログインが途切れるか、7日到達すると
1日目から再開されます*
`聖晶石 X 1
11月交換券(2021) X 1
`_2021-11-01 20:28:33_
--------
