【登录信息】
[5be1eb651b6f675892f00b0952b3cadb]
`登陆天数: 363天 / 1169天
等级: 150
石头: 0
呼符: 0
友情点: 30880 / 15733675`
*連続ログイン6日目
※ログインが途切れるか、7日到達すると
1日目から再開されます*
`聖晶石 X 2
11月交換券(2021) X 1
`_2021-11-02 20:27:38_
--------
[9cfc24f569d65a92010a7c9549af2192]
`登陆天数: 363天 / 653天
等级: 100
石头: 80
呼符: 5
友情点: 0 / 1158070`
*連続ログイン6日目
※ログインが途切れるか、7日到達すると
1日目から再開されます*
`聖晶石 X 2
11月交換券(2021) X 1
`_2021-11-02 20:27:49_
--------
[dfc9a9f4b3655841a6372642c60bb90d]
`登陆天数: 363天 / 710天
等级: 105
石头: 92
呼符: 5
友情点: 0 / 1512330`
*連続ログイン6日目
※ログインが途切れるか、7日到達すると
1日目から再開されます*
`聖晶石 X 2
11月交換券(2021) X 1
`_2021-11-02 20:27:58_
--------
[489b9caeed7f023e28fa9d1e9b69c384]
`登陆天数: 362天 / 448天
等级: 100
石头: 52
呼符: 5
友情点: 0 / 1099005`
*連続ログイン5日目
※ログインが途切れるか、7日到達すると
1日目から再開されます*
`叡智の猛火 X 2
11月交換券(2021) X 1
`_2021-11-02 20:28:08_
--------
