【登录信息】
[5be1eb651b6f675892f00b0952b3cadb]
`登陆天数: 364天 / 1170天
等级: 150
石头: 1
呼符: 0
友情点: 30410 / 15797430`
*連続ログイン7日間到達おめでとうございます！
明日は1日目からリスタートされます。*
`獣の足跡 X 1
呼符 X 1
11月交換券(2021) X 1
`_2021-11-03 20:27:40_
--------
[9cfc24f569d65a92010a7c9549af2192]
`登陆天数: 364天 / 654天
等级: 100
石头: 82
呼符: 5
友情点: 50 / 1160545`
*連続ログイン7日間到達おめでとうございます！
明日は1日目からリスタートされます。*
`獣の足跡 X 1
呼符 X 1
11月交換券(2021) X 1
`_2021-11-03 20:27:51_
--------
[dfc9a9f4b3655841a6372642c60bb90d]
`登陆天数: 364天 / 711天
等级: 105
石头: 94
呼符: 5
友情点: 0 / 1514730`
*連続ログイン7日間到達おめでとうございます！
明日は1日目からリスタートされます。*
`獣の足跡 X 1
呼符 X 1
11月交換券(2021) X 1
`_2021-11-03 20:28:01_
--------
[489b9caeed7f023e28fa9d1e9b69c384]
`登陆天数: 363天 / 449天
等级: 100
石头: 52
呼符: 5
友情点: 0 / 1101480`
*連続ログイン6日目
※ログインが途切れるか、7日到達すると
1日目から再開されます*
`聖晶石 X 2
11月交換券(2021) X 1
`_2021-11-03 20:28:12_
--------
