【登录信息】
[5be1eb651b6f675892f00b0952b3cadb]
`登陆天数: 365天 / 1171天
等级: 150
石头: 0
呼符: 0
友情点: 33000 / 15863390`
*連続ログイン1日目
※ログインが途切れるか、7日到達すると
1日目から再開されます*
`フレンドポイント X 2000
11月交換券(2021) X 1
`_2021-11-04 20:27:46_
--------
[9cfc24f569d65a92010a7c9549af2192]
`登陆天数: 365天 / 655天
等级: 100
石头: 87
呼符: 6
友情点: 25 / 1163045`
*連続ログイン1日目
※ログインが途切れるか、7日到達すると
1日目から再開されます*
`フレンドポイント X 2000
11月交換券(2021) X 1
`_2021-11-04 20:27:57_
--------
[dfc9a9f4b3655841a6372642c60bb90d]
`登陆天数: 365天 / 712天
等级: 105
石头: 99
呼符: 6
友情点: 0 / 1517140`
*連続ログイン1日目
※ログインが途切れるか、7日到達すると
1日目から再開されます*
`フレンドポイント X 2000
11月交換券(2021) X 1
`_2021-11-04 20:28:07_
--------
[489b9caeed7f023e28fa9d1e9b69c384]
`登陆天数: 364天 / 450天
等级: 100
石头: 59
呼符: 5
友情点: 0 / 1103880`
*連続ログイン7日間到達おめでとうございます！
明日は1日目からリスタートされます。*
`獣の足跡 X 1
呼符 X 1
11月交換券(2021) X 1
`_2021-11-04 20:28:17_
--------
