【登录信息】
[5be1eb651b6f675892f00b0952b3cadb]
`登陆天数: 366天 / 1172天
等级: 151
石头: 4
呼符: 0
友情点: 30450 / 15927715`
*連続ログイン2日目
※ログインが途切れるか、7日到達すると
1日目から再開されます*
`聖晶石 X 1
11月交換券(2021) X 1
`_2021-11-05 20:27:35_
--------
[9cfc24f569d65a92010a7c9549af2192]
`登陆天数: 366天 / 656天
等级: 100
石头: 87
呼符: 6
友情点: 50 / 1167545`
*連続ログイン2日目
※ログインが途切れるか、7日到達すると
1日目から再開されます*
`聖晶石 X 1
11月交換券(2021) X 1
`_2021-11-05 20:27:46_
--------
[dfc9a9f4b3655841a6372642c60bb90d]
`登陆天数: 366天 / 713天
等级: 105
石头: 102
呼符: 6
友情点: 0 / 1521540`
*連続ログイン2日目
※ログインが途切れるか、7日到達すると
1日目から再開されます*
`聖晶石 X 1
11月交換券(2021) X 1
`_2021-11-05 20:27:57_
--------
[489b9caeed7f023e28fa9d1e9b69c384]
`登陆天数: 365天 / 451天
等级: 100
石头: 89
呼符: 6
友情点: 50 / 1106330`
*連続ログイン1日目
※ログインが途切れるか、7日到達すると
1日目から再開されます*
`フレンドポイント X 2000
11月交換券(2021) X 1
`_2021-11-05 20:28:07_
--------
