【登录信息】
[5be1eb651b6f675892f00b0952b3cadb]
`登陆天数: 367天 / 1173天
等级: 151
石头: 7
呼符: 0
友情点: 30500 / 15989915`
*連続ログイン3日目
※ログインが途切れるか、7日到達すると
1日目から再開されます*
`叡智の猛火 X 1
11月交換券(2021) X 1
`_2021-11-06 20:26:51_
--------
[9cfc24f569d65a92010a7c9549af2192]
`登陆天数: 367天 / 657天
等级: 100
石头: 88
呼符: 6
友情点: 0 / 1169970`
*連続ログイン3日目
※ログインが途切れるか、7日到達すると
1日目から再開されます*
`叡智の猛火 X 1
11月交換券(2021) X 1
`_2021-11-06 20:27:02_
--------
[dfc9a9f4b3655841a6372642c60bb90d]
`登陆天数: 367天 / 714天
等级: 105
石头: 103
呼符: 6
友情点: 0 / 1523940`
*連続ログイン3日目
※ログインが途切れるか、7日到達すると
1日目から再開されます*
`叡智の猛火 X 1
11月交換券(2021) X 1
`_2021-11-06 20:27:12_
--------
[489b9caeed7f023e28fa9d1e9b69c384]
`登陆天数: 366天 / 452天
等级: 100
石头: 89
呼符: 6
友情点: 100 / 1110830`
*連続ログイン2日目
※ログインが途切れるか、7日到達すると
1日目から再開されます*
`聖晶石 X 1
11月交換券(2021) X 1
`_2021-11-06 20:27:23_
--------
