【登录信息】
[5be1eb651b6f675892f00b0952b3cadb]
`登陆天数: 368天 / 1174天
等级: 151
石头: 7
呼符: 0
友情点: 30400 / 16020965`
*連続ログイン4日目
※ログインが途切れるか、7日到達すると
1日目から再開されます*
`聖晶石 X 1
11月交換券(2021) X 1
`_2021-11-07 20:27:01_
--------
[9cfc24f569d65a92010a7c9549af2192]
`登陆天数: 368天 / 658天
等级: 100
石头: 88
呼符: 6
友情点: 25 / 1171195`
*連続ログイン4日目
※ログインが途切れるか、7日到達すると
1日目から再開されます*
`聖晶石 X 1
11月交換券(2021) X 1
`_2021-11-07 20:27:11_
--------
[dfc9a9f4b3655841a6372642c60bb90d]
`登陆天数: 368天 / 715天
等级: 105
石头: 103
呼符: 6
友情点: 0 / 1525140`
*連続ログイン4日目
※ログインが途切れるか、7日到達すると
1日目から再開されます*
`聖晶石 X 1
11月交換券(2021) X 1
`_2021-11-07 20:27:21_
--------
[489b9caeed7f023e28fa9d1e9b69c384]
`登陆天数: 367天 / 453天
等级: 100
石头: 90
呼符: 6
友情点: 0 / 1112030`
*連続ログイン3日目
※ログインが途切れるか、7日到達すると
1日目から再開されます*
`叡智の猛火 X 1
11月交換券(2021) X 1
`_2021-11-07 20:27:31_
--------
