【登录信息】
[5be1eb651b6f675892f00b0952b3cadb]
`登陆天数: 369天 / 1175天
等级: 151
石头: 8
呼符: 0
友情点: 27600 / 16083065`
*連続ログイン5日目
※ログインが途切れるか、7日到達すると
1日目から再開されます*
`叡智の猛火 X 2
11月交換券(2021) X 1
`_2021-11-08 20:27:51_
--------
[9cfc24f569d65a92010a7c9549af2192]
`登陆天数: 369天 / 659天
等级: 100
石头: 89
呼符: 6
友情点: 0 / 1173655`
*連続ログイン5日目
※ログインが途切れるか、7日到達すると
1日目から再開されます*
`叡智の猛火 X 2
11月交換券(2021) X 1
`_2021-11-08 20:28:02_
--------
[dfc9a9f4b3655841a6372642c60bb90d]
`登陆天数: 369天 / 716天
等级: 105
石头: 104
呼符: 6
友情点: 0 / 1527540`
*連続ログイン5日目
※ログインが途切れるか、7日到達すると
1日目から再開されます*
`叡智の猛火 X 2
11月交換券(2021) X 1
`_2021-11-08 20:28:11_
--------
[489b9caeed7f023e28fa9d1e9b69c384]
`登陆天数: 368天 / 454天
等级: 100
石头: 90
呼符: 6
友情点: 0 / 1114430`
*連続ログイン4日目
※ログインが途切れるか、7日到達すると
1日目から再開されます*
`聖晶石 X 1
11月交換券(2021) X 1
`_2021-11-08 20:28:21_
--------
