【登录信息】
[5be1eb651b6f675892f00b0952b3cadb]
`登陆天数: 370天 / 1176天
等级: 151
石头: 8
呼符: 0
友情点: 30350 / 16146515`
*連続ログイン6日目
※ログインが途切れるか、7日到達すると
1日目から再開されます*
`聖晶石 X 2
11月交換券(2021) X 1
`_2021-11-09 20:27:56_
--------
[9cfc24f569d65a92010a7c9549af2192]
`登陆天数: 370天 / 660天
等级: 100
石头: 89
呼符: 6
友情点: 0 / 1176130`
*連続ログイン6日目
※ログインが途切れるか、7日到達すると
1日目から再開されます*
`聖晶石 X 2
11月交換券(2021) X 1
`_2021-11-09 20:28:07_
--------
[dfc9a9f4b3655841a6372642c60bb90d]
`登陆天数: 370天 / 717天
等级: 105
石头: 104
呼符: 6
友情点: 0 / 1529940`
*連続ログイン6日目
※ログインが途切れるか、7日到達すると
1日目から再開されます*
`聖晶石 X 2
11月交換券(2021) X 1
`_2021-11-09 20:28:16_
--------
[489b9caeed7f023e28fa9d1e9b69c384]
`登陆天数: 369天 / 455天
等级: 100
石头: 91
呼符: 6
友情点: 50 / 1116880`
*連続ログイン5日目
※ログインが途切れるか、7日到達すると
1日目から再開されます*
`叡智の猛火 X 2
11月交換券(2021) X 1
`_2021-11-09 20:28:26_
--------
