【登录信息】
[5be1eb651b6f675892f00b0952b3cadb]
`登陆天数: 372天 / 1178天
等级: 151
石头: 2
呼符: 0
友情点: 0 / 16208740`
*連続ログイン1日目
※ログインが途切れるか、7日到達すると
1日目から再開されます*
`フレンドポイント X 2000
11月交換券(2021) X 1
`*2400万DL突破記念 特別回数ログインボーナス*
*開催期間中、1日1回 最大5回 回数ログインボーナスをプレゼント！*
`英霊結晶・流星のフォウくん X 1
`_2021-11-11 20:28:02_
--------
[9cfc24f569d65a92010a7c9549af2192]
`登陆天数: 372天 / 662天
等级: 100
石头: 96
呼符: 7
友情点: 0 / 1178580`
*連続ログイン1日目
※ログインが途切れるか、7日到達すると
1日目から再開されます*
`フレンドポイント X 2000
11月交換券(2021) X 1
`*2400万DL突破記念 特別回数ログインボーナス*
*開催期間中、1日1回 最大5回 回数ログインボーナスをプレゼント！*
`英霊結晶・流星のフォウくん X 1
`_2021-11-11 20:28:13_
--------
[dfc9a9f4b3655841a6372642c60bb90d]
`登陆天数: 372天 / 719天
等级: 105
石头: 106
呼符: 6
友情点: 0 / 1532340`
*連続ログイン1日目
※ログインが途切れるか、7日到達すると
1日目から再開されます*
`フレンドポイント X 2000
11月交換券(2021) X 1
`*2400万DL突破記念 特別回数ログインボーナス*
*開催期間中、1日1回 最大5回 回数ログインボーナスをプレゼント！*
`英霊結晶・流星のフォウくん X 1
`_2021-11-11 20:28:23_
--------
[489b9caeed7f023e28fa9d1e9b69c384]
`登陆天数: 371天 / 457天
等级: 100
石头: 91
呼符: 6
友情点: 0 / 1119305`
*連続ログイン7日間到達おめでとうございます！
明日は1日目からリスタートされます。*
`獣の足跡 X 1
呼符 X 1
11月交換券(2021) X 1
`*2400万DL突破記念 特別回数ログインボーナス*
*開催期間中、1日1回 最大5回 回数ログインボーナスをプレゼント！*
`英霊結晶・流星のフォウくん X 1
`_2021-11-11 20:28:34_
--------
