【登录信息】
[5be1eb651b6f675892f00b0952b3cadb]
`登陆天数: 373天 / 1179天
等级: 151
石头: 4
呼符: 0
友情点: 0 / 16240590`
*連続ログイン2日目
※ログインが途切れるか、7日到達すると
1日目から再開されます*
`聖晶石 X 1
11月交換券(2021) X 1
`*2400万DL突破記念 特別回数ログインボーナス*
*開催期間中、1日1回 最大5回 回数ログインボーナスをプレゼント！*
`英霊結晶・日輪のフォウくん X 1
`_2021-11-12 20:28:11_
--------
[9cfc24f569d65a92010a7c9549af2192]
`登陆天数: 373天 / 663天
等级: 100
石头: 96
呼符: 7
友情点: 0 / 1180605`
*連続ログイン2日目
※ログインが途切れるか、7日到達すると
1日目から再開されます*
`聖晶石 X 1
11月交換券(2021) X 1
`*2400万DL突破記念 特別回数ログインボーナス*
*開催期間中、1日1回 最大5回 回数ログインボーナスをプレゼント！*
`英霊結晶・日輪のフォウくん X 1
`_2021-11-12 20:28:22_
--------
[dfc9a9f4b3655841a6372642c60bb90d]
`登陆天数: 373天 / 720天
等级: 105
石头: 111
呼符: 7
友情点: 0 / 1535540`
*連続ログイン2日目
※ログインが途切れるか、7日到達すると
1日目から再開されます*
`聖晶石 X 1
11月交換券(2021) X 1
`*2400万DL突破記念 特別回数ログインボーナス*
*開催期間中、1日1回 最大5回 回数ログインボーナスをプレゼント！*
`英霊結晶・日輪のフォウくん X 1
`_2021-11-12 20:28:31_
--------
[489b9caeed7f023e28fa9d1e9b69c384]
`登陆天数: 372天 / 458天
等级: 100
石头: 98
呼符: 7
友情点: 0 / 1120530`
*連続ログイン1日目
※ログインが途切れるか、7日到達すると
1日目から再開されます*
`フレンドポイント X 2000
11月交換券(2021) X 1
`*2400万DL突破記念 特別回数ログインボーナス*
*開催期間中、1日1回 最大5回 回数ログインボーナスをプレゼント！*
`英霊結晶・日輪のフォウくん X 1
`_2021-11-12 20:28:42_
--------
