【登录信息】
[5be1eb651b6f675892f00b0952b3cadb]
`登陆天数: 374天 / 1180天
等级: 151
石头: 5
呼符: 0
友情点: 42800 / 16283840`
*連続ログイン3日目
※ログインが途切れるか、7日到達すると
1日目から再開されます*
`叡智の猛火 X 1
11月交換券(2021) X 1
`*リリース2300日突破キャンペーン 初回ログインボーナス*
*開催期間中、初回ログインで「聖晶石×10」をプレゼント！*
`聖晶石 X 10
`_2021-11-13 20:27:03_
--------
[9cfc24f569d65a92010a7c9549af2192]
`登陆天数: 374天 / 664天
等级: 100
石头: 97
呼符: 7
友情点: 0 / 1180630`
*連続ログイン3日目
※ログインが途切れるか、7日到達すると
1日目から再開されます*
`叡智の猛火 X 1
11月交換券(2021) X 1
`*リリース2300日突破キャンペーン 初回ログインボーナス*
*開催期間中、初回ログインで「聖晶石×10」をプレゼント！*
`聖晶石 X 10
`_2021-11-13 20:27:14_
--------
[dfc9a9f4b3655841a6372642c60bb90d]
`登陆天数: 374天 / 721天
等级: 105
石头: 112
呼符: 7
友情点: 0 / 1537340`
*連続ログイン3日目
※ログインが途切れるか、7日到達すると
1日目から再開されます*
`叡智の猛火 X 1
11月交換券(2021) X 1
`*リリース2300日突破キャンペーン 初回ログインボーナス*
*開催期間中、初回ログインで「聖晶石×10」をプレゼント！*
`聖晶石 X 10
`_2021-11-13 20:27:25_
--------
[489b9caeed7f023e28fa9d1e9b69c384]
`登陆天数: 373天 / 459天
等级: 100
石头: 98
呼符: 7
友情点: 0 / 1124255`
*連続ログイン2日目
※ログインが途切れるか、7日到達すると
1日目から再開されます*
`聖晶石 X 1
11月交換券(2021) X 1
`*リリース2300日突破キャンペーン 初回ログインボーナス*
*開催期間中、初回ログインで「聖晶石×10」をプレゼント！*
`聖晶石 X 10
`_2021-11-13 20:27:35_
--------
