【登录信息】
[5be1eb651b6f675892f00b0952b3cadb]
`登陆天数: 375天 / 1181天
等级: 151
石头: 15
呼符: 0
友情点: 30250 / 16344190`
*連続ログイン4日目
※ログインが途切れるか、7日到達すると
1日目から再開されます*
`聖晶石 X 1
11月交換券(2021) X 1
`*2400万DL突破記念 特別回数ログインボーナス*
*開催期間中、1日1回 最大5回 回数ログインボーナスをプレゼント！*
`伝承結晶 X 1
`_2021-11-14 20:27:06_
--------
[9cfc24f569d65a92010a7c9549af2192]
`登陆天数: 375天 / 665天
等级: 100
石头: 97
呼符: 7
友情点: 0 / 1180630`
*連続ログイン4日目
※ログインが途切れるか、7日到達すると
1日目から再開されます*
`聖晶石 X 1
11月交換券(2021) X 1
`*2400万DL突破記念 特別回数ログインボーナス*
*開催期間中、1日1回 最大5回 回数ログインボーナスをプレゼント！*
`伝承結晶 X 1
`_2021-11-14 20:27:18_
--------
[dfc9a9f4b3655841a6372642c60bb90d]
`登陆天数: 375天 / 722天
等级: 105
石头: 122
呼符: 7
友情点: 0 / 1539740`
*連続ログイン4日目
※ログインが途切れるか、7日到達すると
1日目から再開されます*
`聖晶石 X 1
11月交換券(2021) X 1
`*2400万DL突破記念 特別回数ログインボーナス*
*開催期間中、1日1回 最大5回 回数ログインボーナスをプレゼント！*
`伝承結晶 X 1
`_2021-11-14 20:27:28_
--------
[489b9caeed7f023e28fa9d1e9b69c384]
`登陆天数: 374天 / 460天
等级: 100
石头: 109
呼符: 7
友情点: 0 / 1126705`
*連続ログイン3日目
※ログインが途切れるか、7日到達すると
1日目から再開されます*
`叡智の猛火 X 1
11月交換券(2021) X 1
`*2400万DL突破記念 特別回数ログインボーナス*
*開催期間中、1日1回 最大5回 回数ログインボーナスをプレゼント！*
`伝承結晶 X 1
`_2021-11-14 20:27:39_
--------
