【登录信息】
[5be1eb651b6f675892f00b0952b3cadb]
`登陆天数: 376天 / 1182天
等级: 151
石头: 16
呼符: 0
友情点: 29510 / 16403925`
*連続ログイン5日目
※ログインが途切れるか、7日到達すると
1日目から再開されます*
`叡智の猛火 X 2
11月交換券(2021) X 1
`*2400万DL突破記念 特別連続ログインボーナス*
*開催期間中、1日1回 最大7回 連続ログインボーナスをプレゼント！*
`英霊結晶・太陽のフォウくん X 10
`_2021-11-15 20:27:59_
--------
[9cfc24f569d65a92010a7c9549af2192]
`登陆天数: 376天 / 666天
等级: 100
石头: 97
呼符: 7
友情点: 100 / 1180730`
*連続ログイン5日目
※ログインが途切れるか、7日到達すると
1日目から再開されます*
`叡智の猛火 X 2
11月交換券(2021) X 1
`*2400万DL突破記念 特別連続ログインボーナス*
*開催期間中、1日1回 最大7回 連続ログインボーナスをプレゼント！*
`英霊結晶・太陽のフォウくん X 10
`_2021-11-15 20:28:11_
--------
[dfc9a9f4b3655841a6372642c60bb90d]
`登陆天数: 376天 / 723天
等级: 105
石头: 123
呼符: 7
友情点: 0 / 1542140`
*連続ログイン5日目
※ログインが途切れるか、7日到達すると
1日目から再開されます*
`叡智の猛火 X 2
11月交換券(2021) X 1
`*2400万DL突破記念 特別連続ログインボーナス*
*開催期間中、1日1回 最大7回 連続ログインボーナスをプレゼント！*
`英霊結晶・太陽のフォウくん X 10
`_2021-11-15 20:28:22_
--------
[489b9caeed7f023e28fa9d1e9b69c384]
`登陆天数: 375天 / 461天
等级: 100
石头: 109
呼符: 7
友情点: 25 / 1129155`
*連続ログイン4日目
※ログインが途切れるか、7日到達すると
1日目から再開されます*
`聖晶石 X 1
11月交換券(2021) X 1
`*2400万DL突破記念 特別連続ログインボーナス*
*開催期間中、1日1回 最大7回 連続ログインボーナスをプレゼント！*
`英霊結晶・太陽のフォウくん X 10
`_2021-11-15 20:28:33_
--------
