【登录信息】
[5be1eb651b6f675892f00b0952b3cadb]
`登陆天数: 377天 / 1183天
等级: 151
石头: 1
呼符: 0
友情点: 13900 / 16467600`
*連続ログイン6日目
※ログインが途切れるか、7日到達すると
1日目から再開されます*
`聖晶石 X 2
11月交換券(2021) X 1
`*2400万DL突破記念 特別連続ログインボーナス*
*開催期間中、1日1回 最大7回 連続ログインボーナスをプレゼント！*
`呼符 X 10
`_2021-11-16 20:27:47_
--------
[9cfc24f569d65a92010a7c9549af2192]
`登陆天数: 377天 / 667天
等级: 100
石头: 97
呼符: 7
友情点: 0 / 1180730`
*連続ログイン6日目
※ログインが途切れるか、7日到達すると
1日目から再開されます*
`聖晶石 X 2
11月交換券(2021) X 1
`*2400万DL突破記念 特別連続ログインボーナス*
*開催期間中、1日1回 最大7回 連続ログインボーナスをプレゼント！*
`呼符 X 10
`_2021-11-16 20:27:59_
--------
[dfc9a9f4b3655841a6372642c60bb90d]
`登陆天数: 377天 / 724天
等级: 105
石头: 123
呼符: 7
友情点: 0 / 1544540`
*連続ログイン6日目
※ログインが途切れるか、7日到達すると
1日目から再開されます*
`聖晶石 X 2
11月交換券(2021) X 1
`*2400万DL突破記念 特別連続ログインボーナス*
*開催期間中、1日1回 最大7回 連続ログインボーナスをプレゼント！*
`呼符 X 10
`_2021-11-16 20:28:11_
--------
[489b9caeed7f023e28fa9d1e9b69c384]
`登陆天数: 376天 / 462天
等级: 100
石头: 110
呼符: 7
友情点: 0 / 1131605`
*連続ログイン5日目
※ログインが途切れるか、7日到達すると
1日目から再開されます*
`叡智の猛火 X 2
11月交換券(2021) X 1
`*2400万DL突破記念 特別連続ログインボーナス*
*開催期間中、1日1回 最大7回 連続ログインボーナスをプレゼント！*
`呼符 X 10
`_2021-11-16 20:28:22_
--------
