【登录信息】
[5be1eb651b6f675892f00b0952b3cadb]
`登陆天数: 378天 / 1184天
等级: 151
石头: 3
呼符: 10
友情点: 29550 / 16527350`
*連続ログイン7日間到達おめでとうございます！
明日は1日目からリスタートされます。*
`獣の足跡 X 1
呼符 X 1
11月交換券(2021) X 1
`*FGO カルデア放送局 ライト版 ～ぐだぐだ龍馬危機一髪！～ 放送記念 初回ログインボーナス*
*開催期間中、初回ログインで「聖晶石×12」をプレゼント！*
`聖晶石 X 12
`_2021-11-17 20:28:17_
--------
[9cfc24f569d65a92010a7c9549af2192]
`登陆天数: 378天 / 668天
等级: 100
石头: 97
呼符: 7
友情点: 75 / 1180805`
*連続ログイン7日間到達おめでとうございます！
明日は1日目からリスタートされます。*
`獣の足跡 X 1
呼符 X 1
11月交換券(2021) X 1
`*FGO カルデア放送局 ライト版 ～ぐだぐだ龍馬危機一髪！～ 放送記念 初回ログインボーナス*
*開催期間中、初回ログインで「聖晶石×12」をプレゼント！*
`聖晶石 X 12
`_2021-11-17 20:28:28_
--------
[dfc9a9f4b3655841a6372642c60bb90d]
`登陆天数: 378天 / 725天
等级: 105
石头: 125
呼符: 17
友情点: 0 / 1546940`
*連続ログイン7日間到達おめでとうございます！
明日は1日目からリスタートされます。*
`獣の足跡 X 1
呼符 X 1
11月交換券(2021) X 1
`*FGO カルデア放送局 ライト版 ～ぐだぐだ龍馬危機一髪！～ 放送記念 初回ログインボーナス*
*開催期間中、初回ログインで「聖晶石×12」をプレゼント！*
`聖晶石 X 12
`_2021-11-17 20:28:38_
--------
[489b9caeed7f023e28fa9d1e9b69c384]
`登陆天数: 377天 / 463天
等级: 100
石头: 110
呼符: 17
友情点: 0 / 1134030`
*連続ログイン6日目
※ログインが途切れるか、7日到達すると
1日目から再開されます*
`聖晶石 X 2
11月交換券(2021) X 1
`*FGO カルデア放送局 ライト版 ～ぐだぐだ龍馬危機一髪！～ 放送記念 初回ログインボーナス*
*開催期間中、初回ログインで「聖晶石×12」をプレゼント！*
`聖晶石 X 12
`_2021-11-17 20:28:48_
--------
