【登录信息】
[5be1eb651b6f675892f00b0952b3cadb]
`登陆天数: 379天 / 1185天
等级: 151
石头: 20
呼符: 11
友情点: 29400 / 16587050`
*連続ログイン1日目
※ログインが途切れるか、7日到達すると
1日目から再開されます*
`フレンドポイント X 2000
11月交換券(2021) X 1
`_2021-11-18 20:25:21_
--------
[9cfc24f569d65a92010a7c9549af2192]
`登陆天数: 379天 / 669天
等级: 100
石头: 97
呼符: 7
友情点: 125 / 1180930`
*連続ログイン1日目
※ログインが途切れるか、7日到達すると
1日目から再開されます*
`フレンドポイント X 2000
11月交換券(2021) X 1
`_2021-11-18 20:25:32_
--------
[dfc9a9f4b3655841a6372642c60bb90d]
`登陆天数: 379天 / 726天
等级: 105
石头: 142
呼符: 18
友情点: 0 / 1549340`
*連続ログイン1日目
※ログインが途切れるか、7日到達すると
1日目から再開されます*
`フレンドポイント X 2000
11月交換券(2021) X 1
`_2021-11-18 20:25:42_
--------
[489b9caeed7f023e28fa9d1e9b69c384]
`登陆天数: 378天 / 464天
等级: 100
石头: 129
呼符: 17
友情点: 0 / 1136430`
*連続ログイン7日間到達おめでとうございます！
明日は1日目からリスタートされます。*
`獣の足跡 X 1
呼符 X 1
11月交換券(2021) X 1
`_2021-11-18 20:25:53_
--------
