【登录信息】
[5be1eb651b6f675892f00b0952b3cadb]
`登陆天数: 380天 / 1186天
等级: 151
石头: 20
呼符: 11
友情点: 29400 / 16618925`
*連続ログイン2日目
※ログインが途切れるか、7日到達すると
1日目から再開されます*
`聖晶石 X 1
11月交換券(2021) X 1
`_2021-11-19 20:28:02_
--------
[9cfc24f569d65a92010a7c9549af2192]
`登陆天数: 380天 / 670天
等级: 100
石头: 97
呼符: 7
友情点: 25 / 1180955`
*連続ログイン2日目
※ログインが途切れるか、7日到達すると
1日目から再開されます*
`聖晶石 X 1
11月交換券(2021) X 1
`_2021-11-19 20:28:14_
--------
[dfc9a9f4b3655841a6372642c60bb90d]
`登陆天数: 380天 / 727天
等级: 105
石头: 142
呼符: 18
友情点: 0 / 1552540`
*連続ログイン2日目
※ログインが途切れるか、7日到達すると
1日目から再開されます*
`聖晶石 X 1
11月交換券(2021) X 1
`_2021-11-19 20:28:25_
--------
[489b9caeed7f023e28fa9d1e9b69c384]
`登陆天数: 379天 / 465天
等级: 100
石头: 129
呼符: 18
友情点: 0 / 1137630`
*連続ログイン1日目
※ログインが途切れるか、7日到達すると
1日目から再開されます*
`フレンドポイント X 2000
11月交換券(2021) X 1
`_2021-11-19 20:28:35_
--------
