【登录信息】
[5be1eb651b6f675892f00b0952b3cadb]
`登陆天数: 381天 / 1187天
等级: 151
石头: 22
呼符: 0
友情点: 29300 / 16678900`
*連続ログイン3日目
※ログインが途切れるか、7日到達すると
1日目から再開されます*
`叡智の猛火 X 1
11月交換券(2021) X 1
`_2021-11-20 20:27:03_
--------
[9cfc24f569d65a92010a7c9549af2192]
`登陆天数: 381天 / 671天
等级: 100
石头: 97
呼符: 7
友情点: 25 / 1180980`
*連続ログイン3日目
※ログインが途切れるか、7日到達すると
1日目から再開されます*
`叡智の猛火 X 1
11月交換券(2021) X 1
`_2021-11-20 20:27:14_
--------
[dfc9a9f4b3655841a6372642c60bb90d]
`登陆天数: 381天 / 728天
等级: 105
石头: 143
呼符: 18
友情点: 0 / 1554940`
*連続ログイン3日目
※ログインが途切れるか、7日到達すると
1日目から再開されます*
`叡智の猛火 X 1
11月交換券(2021) X 1
`_2021-11-20 20:27:24_
--------
[489b9caeed7f023e28fa9d1e9b69c384]
`登陆天数: 380天 / 466天
等级: 100
石头: 129
呼符: 18
友情点: 60 / 1142140`
*連続ログイン2日目
※ログインが途切れるか、7日到達すると
1日目から再開されます*
`聖晶石 X 1
11月交換券(2021) X 1
`_2021-11-20 20:27:35_
--------
