【登录信息】
[5be1eb651b6f675892f00b0952b3cadb]
`登陆天数: 382天 / 1188天
等级: 151
石头: 23
呼符: 0
友情点: 0 / 16705160`
*連続ログイン4日目
※ログインが途切れるか、7日到達すると
1日目から再開されます*
`聖晶石 X 1
11月交換券(2021) X 1
`_2021-11-21 20:27:16_
--------
[9cfc24f569d65a92010a7c9549af2192]
`登陆天数: 382天 / 672天
等级: 100
石头: 97
呼符: 7
友情点: 0 / 1180980`
*連続ログイン4日目
※ログインが途切れるか、7日到達すると
1日目から再開されます*
`聖晶石 X 1
11月交換券(2021) X 1
`_2021-11-21 20:27:27_
--------
[dfc9a9f4b3655841a6372642c60bb90d]
`登陆天数: 382天 / 729天
等级: 105
石头: 143
呼符: 18
友情点: 0 / 1556140`
*連続ログイン4日目
※ログインが途切れるか、7日到達すると
1日目から再開されます*
`聖晶石 X 1
11月交換券(2021) X 1
`_2021-11-21 20:27:37_
--------
[489b9caeed7f023e28fa9d1e9b69c384]
`登陆天数: 381天 / 467天
等级: 100
石头: 130
呼符: 18
友情点: 25 / 1143365`
*連続ログイン3日目
※ログインが途切れるか、7日到達すると
1日目から再開されます*
`叡智の猛火 X 1
11月交換券(2021) X 1
`_2021-11-21 20:27:48_
--------
