【登录信息】
[5be1eb651b6f675892f00b0952b3cadb]
`登陆天数: 383天 / 1189天
等级: 151
石头: 24
呼符: 0
友情点: 60425 / 16766140`
*連続ログイン5日目
※ログインが途切れるか、7日到達すると
1日目から再開されます*
`叡智の猛火 X 2
11月交換券(2021) X 1
`_2021-11-22 20:28:09_
--------
[9cfc24f569d65a92010a7c9549af2192]
`登陆天数: 383天 / 673天
等级: 100
石头: 97
呼符: 7
友情点: 0 / 1180980`
*連続ログイン5日目
※ログインが途切れるか、7日到達すると
1日目から再開されます*
`叡智の猛火 X 2
11月交換券(2021) X 1
`_2021-11-22 20:28:21_
--------
[dfc9a9f4b3655841a6372642c60bb90d]
`登陆天数: 383天 / 730天
等级: 105
石头: 144
呼符: 18
友情点: 0 / 1558540`
*連続ログイン5日目
※ログインが途切れるか、7日到達すると
1日目から再開されます*
`叡智の猛火 X 2
11月交換券(2021) X 1
`_2021-11-22 20:28:31_
--------
[489b9caeed7f023e28fa9d1e9b69c384]
`登陆天数: 382天 / 468天
等级: 100
石头: 130
呼符: 18
友情点: 0 / 1145765`
*連続ログイン4日目
※ログインが途切れるか、7日到達すると
1日目から再開されます*
`聖晶石 X 1
11月交換券(2021) X 1
`_2021-11-22 20:28:41_
--------
