【登录信息】
[5be1eb651b6f675892f00b0952b3cadb]
`登陆天数: 385天 / 1191天
等级: 151
石头: 5
呼符: 0
友情点: 0 / 16827200`
*連続ログイン7日間到達おめでとうございます！
明日は1日目からリスタートされます。*
`獣の足跡 X 1
呼符 X 1
11月交換券(2021) X 1
`_2021-11-24 20:28:06_
--------
[9cfc24f569d65a92010a7c9549af2192]
`登陆天数: 385天 / 675天
等级: 100
石头: 97
呼符: 7
友情点: 0 / 1181005`
*連続ログイン7日間到達おめでとうございます！
明日は1日目からリスタートされます。*
`獣の足跡 X 1
呼符 X 1
11月交換券(2021) X 1
`_2021-11-24 20:28:17_
--------
[dfc9a9f4b3655841a6372642c60bb90d]
`登陆天数: 385天 / 732天
等级: 105
石头: 146
呼符: 18
友情点: 0 / 1560940`
*連続ログイン7日間到達おめでとうございます！
明日は1日目からリスタートされます。*
`獣の足跡 X 1
呼符 X 1
11月交換券(2021) X 1
`_2021-11-24 20:28:28_
--------
[489b9caeed7f023e28fa9d1e9b69c384]
`登陆天数: 384天 / 470天
等级: 100
石头: 131
呼符: 18
友情点: 0 / 1148190`
*連続ログイン6日目
※ログインが途切れるか、7日到達すると
1日目から再開されます*
`聖晶石 X 2
11月交換券(2021) X 1
`_2021-11-24 20:28:38_
--------
