【登录信息】
[5be1eb651b6f675892f00b0952b3cadb]
`登陆天数: 386天 / 1192天
等级: 151
石头: 5
呼符: 1
友情点: 30700 / 16858350`
*連続ログイン1日目
※ログインが途切れるか、7日到達すると
1日目から再開されます*
`フレンドポイント X 2000
11月交換券(2021) X 1
`_2021-11-25 20:27:47_
--------
[9cfc24f569d65a92010a7c9549af2192]
`登陆天数: 386天 / 676天
等级: 100
石头: 97
呼符: 7
友情点: 25 / 1181030`
*連続ログイン1日目
※ログインが途切れるか、7日到達すると
1日目から再開されます*
`フレンドポイント X 2000
11月交換券(2021) X 1
`_2021-11-25 20:27:58_
--------
[dfc9a9f4b3655841a6372642c60bb90d]
`登陆天数: 386天 / 733天
等级: 106
石头: 146
呼符: 19
友情点: 0 / 1563440`
*連続ログイン1日目
※ログインが途切れるか、7日到達すると
1日目から再開されます*
`フレンドポイント X 2000
11月交換券(2021) X 1
`_2021-11-25 20:28:08_
--------
[489b9caeed7f023e28fa9d1e9b69c384]
`登陆天数: 385天 / 471天
等级: 100
石头: 133
呼符: 18
友情点: 25 / 1149415`
*連続ログイン7日間到達おめでとうございます！
明日は1日目からリスタートされます。*
`獣の足跡 X 1
呼符 X 1
11月交換券(2021) X 1
`_2021-11-25 20:28:19_
--------
