【登录信息】
[5be1eb651b6f675892f00b0952b3cadb]
`登陆天数: 387天 / 1193天
等级: 151
石头: 9
呼符: 1
友情点: 28300 / 16898220`
*連続ログイン2日目
※ログインが途切れるか、7日到達すると
1日目から再開されます*
`聖晶石 X 1
11月交換券(2021) X 1
`_2021-11-26 20:27:47_
--------
[9cfc24f569d65a92010a7c9549af2192]
`登陆天数: 387天 / 677天
等级: 100
石头: 97
呼符: 7
友情点: 25 / 1181055`
*連続ログイン2日目
※ログインが途切れるか、7日到達すると
1日目から再開されます*
`聖晶石 X 1
11月交換券(2021) X 1
`_2021-11-26 20:27:58_
--------
[dfc9a9f4b3655841a6372642c60bb90d]
`登陆天数: 387天 / 734天
等级: 106
石头: 146
呼符: 19
友情点: 0 / 1567840`
*連続ログイン2日目
※ログインが途切れるか、7日到達すると
1日目から再開されます*
`聖晶石 X 1
11月交換券(2021) X 1
`_2021-11-26 20:28:09_
--------
[489b9caeed7f023e28fa9d1e9b69c384]
`登陆天数: 386天 / 472天
等级: 100
石头: 133
呼符: 19
友情点: 25 / 1151865`
*連続ログイン1日目
※ログインが途切れるか、7日到達すると
1日目から再開されます*
`フレンドポイント X 2000
11月交換券(2021) X 1
`_2021-11-26 20:28:19_
--------
