【登录信息】
[5be1eb651b6f675892f00b0952b3cadb]
`登陆天数: 389天 / 1195天
等级: 151
石头: 14
呼符: 2
友情点: 0 / 16991440`
*連続ログイン4日目
※ログインが途切れるか、7日到達すると
1日目から再開されます*
`聖晶石 X 1
11月交換券(2021) X 1
`_2021-11-28 20:27:05_
--------
[9cfc24f569d65a92010a7c9549af2192]
`登陆天数: 389天 / 679天
等级: 100
石头: 97
呼符: 7
友情点: 0 / 1181130`
*連続ログイン4日目
※ログインが途切れるか、7日到達すると
1日目から再開されます*
`聖晶石 X 1
11月交換券(2021) X 1
`_2021-11-28 20:27:16_
--------
[dfc9a9f4b3655841a6372642c60bb90d]
`登陆天数: 389天 / 736天
等级: 106
石头: 147
呼符: 19
友情点: 0 / 1571440`
*連続ログイン4日目
※ログインが途切れるか、7日到達すると
1日目から再開されます*
`聖晶石 X 1
11月交換券(2021) X 1
`_2021-11-28 20:27:27_
--------
[489b9caeed7f023e28fa9d1e9b69c384]
`登陆天数: 388天 / 474天
等级: 100
石头: 134
呼符: 19
友情点: 0 / 1157515`
*連続ログイン3日目
※ログインが途切れるか、7日到達すると
1日目から再開されます*
`叡智の猛火 X 1
11月交換券(2021) X 1
`_2021-11-28 20:27:37_
--------
