【登录信息】
[5be1eb651b6f675892f00b0952b3cadb]
`登陆天数: 390天 / 1196天
等级: 151
石头: 18
呼符: 0
友情点: 29425 / 17022740`
*連続ログイン5日目
※ログインが途切れるか、7日到達すると
1日目から再開されます*
`叡智の猛火 X 2
11月交換券(2021) X 1
`_2021-11-29 20:28:09_
--------
[9cfc24f569d65a92010a7c9549af2192]
`登陆天数: 390天 / 680天
等级: 100
石头: 97
呼符: 7
友情点: 25 / 1181155`
*連続ログイン5日目
※ログインが途切れるか、7日到達すると
1日目から再開されます*
`叡智の猛火 X 2
11月交換券(2021) X 1
`_2021-11-29 20:28:20_
--------
[dfc9a9f4b3655841a6372642c60bb90d]
`登陆天数: 390天 / 737天
等级: 106
石头: 148
呼符: 19
友情点: 0 / 1572640`
*連続ログイン5日目
※ログインが途切れるか、7日到達すると
1日目から再開されます*
`叡智の猛火 X 2
11月交換券(2021) X 1
`_2021-11-29 20:28:30_
--------
[489b9caeed7f023e28fa9d1e9b69c384]
`登陆天数: 389天 / 475天
等级: 100
石头: 134
呼符: 19
友情点: 0 / 1158715`
*連続ログイン4日目
※ログインが途切れるか、7日到達すると
1日目から再開されます*
`聖晶石 X 1
11月交換券(2021) X 1
`_2021-11-29 20:28:41_
--------
