【登录信息】
[cb59608fced567a14b13a6e5c5c8a1d2]
`连续登陆: 84天
总登陆: 178天
等级: 1
石头: 169
友情点增加: 0
持有友情点: 22010`
*連続ログイン7日間到達おめでとうございます！
明日は1日目からリスタートされます。*
`獣の足跡 X 1
呼符 X 1
6月交換券(2020) X 1
`_2020-06-24 19:35:05_
--------
[f303f9a15cddbe8ee0296511a8b04b30]
`连续登陆: 84天
总登陆: 235天
等级: 31
石头: 444
友情点增加: 0
持有友情点: 239640`
*連続ログイン7日間到達おめでとうございます！
明日は1日目からリスタートされます。*
`獣の足跡 X 1
呼符 X 1
6月交換券(2020) X 1
`*「復刻:見参！ ラスベガス御前試合～水着剣豪七色勝負！ ライト版」フィーバーチケットプレゼント*
*イベント開催期間中、毎日「フィーバーチケット」をプレゼント！*
`フィーバーチケット X 1
`_2020-06-24 19:35:13_
--------
[5be1eb651b6f675892f00b0952b3cadb]
`连续登陆: 84天
总登陆: 694天
等级: 142
石头: 103
友情点增加: 35
持有友情点: 14225`
*連続ログイン7日間到達おめでとうございます！
明日は1日目からリスタートされます。*
`獣の足跡 X 1
呼符 X 1
6月交換券(2020) X 1
`*「復刻:見参！ ラスベガス御前試合～水着剣豪七色勝負！ ライト版」フィーバーチケットプレゼント*
*イベント開催期間中、毎日「フィーバーチケット」をプレゼント！*
`フィーバーチケット X 1
`_2020-06-24 19:35:21_
--------
