【登录信息】
[5be1eb651b6f675892f00b0952b3cadb]
`登陆天数: 121天 / 731天
等级: 142
石头: 7
友情点: 5050 / 55405`
*連続ログイン2日目
※ログインが途切れるか、7日到達すると
1日目から再開されます*
`聖晶石 X 1
8月交換券(2020) X 1
`_2020-07-31 19:35:02_
--------
[cb59608fced567a14b13a6e5c5c8a1d2]
`登陆天数: 121天 / 215天
等级: 32
石头: 453
友情点: 0 / 85910`
*連続ログイン2日目
※ログインが途切れるか、7日到達すると
1日目から再開されます*
`聖晶石 X 1
8月交換券(2020) X 1
`_2020-07-31 19:35:11_
--------
[0585d1bb28be7e2b38a183db9e016491]
`登陆天数: 121天 / 272天
等级: 32
石头: 462
友情点: 60 / 260195`
*連続ログイン2日目
※ログインが途切れるか、7日到達すると
1日目から再開されます*
`聖晶石 X 1
8月交換券(2020) X 1
`_2020-07-31 19:35:19_
--------
[489b9caeed7f023e28fa9d1e9b69c384]
`登陆天数: 11天 / 11天
等级: 32
石头: 100
友情点: 0 / 30505`
*連続ログイン4日目
※ログインが途切れるか、7日到達すると
1日目から再開されます*
`聖晶石 X 1
8月交換券(2020) X 1
`_2020-07-31 19:35:27_
--------
