【登录信息】
[5be1eb651b6f675892f00b0952b3cadb]
`登陆天数: 122天 / 732天
等级: 143
石头: 17
友情点: 0 / 60935`
*連続ログイン3日目
※ログインが途切れるか、7日到達すると
1日目から再開されます*
`叡智の猛火 X 1
8月交換券(2020) X 1
`_2020-08-01 19:35:41_
--------
[cb59608fced567a14b13a6e5c5c8a1d2]
`登陆天数: 122天 / 216天
等级: 32
石头: 453
友情点: 0 / 86860`
*連続ログイン3日目
※ログインが途切れるか、7日到達すると
1日目から再開されます*
`叡智の猛火 X 1
8月交換券(2020) X 1
`_2020-08-01 19:35:50_
--------
[0585d1bb28be7e2b38a183db9e016491]
`登陆天数: 122天 / 273天
等级: 32
石头: 462
友情点: 40 / 261325`
*連続ログイン3日目
※ログインが途切れるか、7日到達すると
1日目から再開されます*
`叡智の猛火 X 1
8月交換券(2020) X 1
`_2020-08-01 19:35:58_
--------
[489b9caeed7f023e28fa9d1e9b69c384]
`登陆天数: 12天 / 12天
等级: 32
石头: 100
友情点: 0 / 31455`
*連続ログイン5日目
※ログインが途切れるか、7日到達すると
1日目から再開されます*
`叡智の猛火 X 2
8月交換券(2020) X 1
`_2020-08-01 19:36:06_
--------
