【登录信息】
[5be1eb651b6f675892f00b0952b3cadb]
`登陆天数: 123天 / 733天
等级: 143
石头: 27
友情点: 1375 / 61295`
*連続ログイン4日目
※ログインが途切れるか、7日到達すると
1日目から再開されます*
`聖晶石 X 1
8月交換券(2020) X 1
`_2020-08-02 19:35:12_
--------
[cb59608fced567a14b13a6e5c5c8a1d2]
`登陆天数: 123天 / 217天
等级: 32
石头: 453
友情点: 0 / 87310`
*連続ログイン4日目
※ログインが途切れるか、7日到達すると
1日目から再開されます*
`聖晶石 X 1
8月交換券(2020) X 1
`_2020-08-02 19:35:20_
--------
[0585d1bb28be7e2b38a183db9e016491]
`登陆天数: 123天 / 274天
等级: 32
石头: 462
友情点: 30 / 261850`
*連続ログイン4日目
※ログインが途切れるか、7日到達すると
1日目から再開されます*
`聖晶石 X 1
8月交換券(2020) X 1
`_2020-08-02 19:35:28_
--------
[489b9caeed7f023e28fa9d1e9b69c384]
`登陆天数: 13天 / 13天
等级: 32
石头: 100
友情点: 0 / 31905`
*連続ログイン6日目
※ログインが途切れるか、7日到達すると
1日目から再開されます*
`聖晶石 X 2
8月交換券(2020) X 1
`_2020-08-02 19:35:36_
--------
