【登录信息】
[5be1eb651b6f675892f00b0952b3cadb]
`登陆天数: 124天 / 734天
等级: 143
石头: 30
友情点: 575 / 63585`
*連続ログイン5日目
※ログインが途切れるか、7日到達すると
1日目から再開されます*
`叡智の猛火 X 2
8月交換券(2020) X 1
`_2020-08-03 19:35:08_
--------
[cb59608fced567a14b13a6e5c5c8a1d2]
`登陆天数: 124天 / 218天
等级: 32
石头: 453
友情点: 0 / 87785`
*連続ログイン5日目
※ログインが途切れるか、7日到達すると
1日目から再開されます*
`叡智の猛火 X 2
8月交換券(2020) X 1
`_2020-08-03 19:35:16_
--------
[0585d1bb28be7e2b38a183db9e016491]
`登陆天数: 124天 / 275天
等级: 32
石头: 462
友情点: 100 / 262435`
*連続ログイン5日目
※ログインが途切れるか、7日到達すると
1日目から再開されます*
`叡智の猛火 X 2
8月交換券(2020) X 1
`_2020-08-03 19:35:24_
--------
[489b9caeed7f023e28fa9d1e9b69c384]
`登陆天数: 14天 / 14天
等级: 32
石头: 100
友情点: 0 / 32380`
*連続ログイン7日間到達おめでとうございます！
明日は1日目からリスタートされます。*
`獣の足跡 X 1
呼符 X 1
8月交換券(2020) X 1
`_2020-08-03 19:35:33_
--------
