【登录信息】
[5be1eb651b6f675892f00b0952b3cadb]
`登陆天数: 125天 / 735天
等级: 143
石头: 30
友情点: 3185 / 68345`
*連続ログイン6日目
※ログインが途切れるか、7日到達すると
1日目から再開されます*
`聖晶石 X 2
8月交換券(2020) X 1
`_2020-08-04 19:35:56_
--------
[cb59608fced567a14b13a6e5c5c8a1d2]
`登陆天数: 125天 / 219天
等级: 32
石头: 453
友情点: 0 / 89310`
*連続ログイン6日目
※ログインが途切れるか、7日到達すると
1日目から再開されます*
`聖晶石 X 2
8月交換券(2020) X 1
`_2020-08-04 19:36:05_
--------
[0585d1bb28be7e2b38a183db9e016491]
`登陆天数: 125天 / 276天
等级: 32
石头: 462
友情点: 30 / 264250`
*連続ログイン6日目
※ログインが途切れるか、7日到達すると
1日目から再開されます*
`聖晶石 X 2
8月交換券(2020) X 1
`_2020-08-04 19:36:13_
--------
[489b9caeed7f023e28fa9d1e9b69c384]
`登陆天数: 15天 / 15天
等级: 32
石头: 100
友情点: 0 / 33905`
*連続ログイン1日目
※ログインが途切れるか、7日到達すると
1日目から再開されます*
`フレンドポイント X 2000
8月交換券(2020) X 1
`_2020-08-04 19:36:21_
--------
