【登录信息】
[5be1eb651b6f675892f00b0952b3cadb]
`登陆天数: 126天 / 736天
等级: 143
石头: 30
友情点: 4050 / 72395`
*連続ログイン7日間到達おめでとうございます！
明日は1日目からリスタートされます。*
`獣の足跡 X 1
呼符 X 1
8月交換券(2020) X 1
`_2020-08-05 19:35:49_
--------
[cb59608fced567a14b13a6e5c5c8a1d2]
`登陆天数: 126天 / 220天
等级: 32
石头: 453
友情点: 0 / 90660`
*連続ログイン7日間到達おめでとうございます！
明日は1日目からリスタートされます。*
`獣の足跡 X 1
呼符 X 1
8月交換券(2020) X 1
`_2020-08-05 19:35:58_
--------
[0585d1bb28be7e2b38a183db9e016491]
`登陆天数: 126天 / 277天
等级: 32
石头: 462
友情点: 10 / 265710`
*連続ログイン7日間到達おめでとうございます！
明日は1日目からリスタートされます。*
`獣の足跡 X 1
呼符 X 1
8月交換券(2020) X 1
`_2020-08-05 19:36:06_
--------
[489b9caeed7f023e28fa9d1e9b69c384]
`登陆天数: 16天 / 16天
等级: 32
石头: 100
友情点: 0 / 35255`
*連続ログイン2日目
※ログインが途切れるか、7日到達すると
1日目から再開されます*
`聖晶石 X 1
8月交換券(2020) X 1
`_2020-08-05 19:36:14_
--------
