【登录信息】
[5be1eb651b6f675892f00b0952b3cadb]
`登陆天数: 127天 / 737天
等级: 143
石头: 37
友情点: 25 / 77545`
*連続ログイン1日目
※ログインが途切れるか、7日到達すると
1日目から再開されます*
`フレンドポイント X 2000
8月交換券(2020) X 1
`_2020-08-06 19:35:39_
--------
[cb59608fced567a14b13a6e5c5c8a1d2]
`登陆天数: 127天 / 221天
等级: 32
石头: 453
友情点: 0 / 92360`
*連続ログイン1日目
※ログインが途切れるか、7日到達すると
1日目から再開されます*
`フレンドポイント X 2000
8月交換券(2020) X 1
`_2020-08-06 19:35:47_
--------
[0585d1bb28be7e2b38a183db9e016491]
`登陆天数: 127天 / 278天
等级: 32
石头: 462
友情点: 10 / 267840`
*連続ログイン1日目
※ログインが途切れるか、7日到達すると
1日目から再開されます*
`フレンドポイント X 2000
8月交換券(2020) X 1
`_2020-08-06 19:35:55_
--------
[489b9caeed7f023e28fa9d1e9b69c384]
`登陆天数: 17天 / 17天
等级: 32
石头: 100
友情点: 0 / 36955`
*連続ログイン3日目
※ログインが途切れるか、7日到達すると
1日目から再開されます*
`叡智の猛火 X 1
8月交換券(2020) X 1
`_2020-08-06 19:36:03_
--------
