【登录信息】
[5be1eb651b6f675892f00b0952b3cadb]
`登陆天数: 128天 / 738天
等级: 143
石头: 37
友情点: 3600 / 84670`
*連続ログイン2日目
※ログインが途切れるか、7日到達すると
1日目から再開されます*
`聖晶石 X 1
8月交換券(2020) X 1
`_2020-08-07 19:35:54_
--------
[cb59608fced567a14b13a6e5c5c8a1d2]
`登陆天数: 128天 / 222天
等级: 32
石头: 453
友情点: 0 / 94010`
*連続ログイン2日目
※ログインが途切れるか、7日到達すると
1日目から再開されます*
`聖晶石 X 1
8月交換券(2020) X 1
`_2020-08-07 19:36:03_
--------
[0585d1bb28be7e2b38a183db9e016491]
`登陆天数: 128天 / 279天
等级: 32
石头: 462
友情点: 10 / 269870`
*連続ログイン2日目
※ログインが途切れるか、7日到達すると
1日目から再開されます*
`聖晶石 X 1
8月交換券(2020) X 1
`_2020-08-07 19:36:11_
--------
[489b9caeed7f023e28fa9d1e9b69c384]
`登陆天数: 18天 / 18天
等级: 32
石头: 100
友情点: 0 / 38605`
*連続ログイン4日目
※ログインが途切れるか、7日到達すると
1日目から再開されます*
`聖晶石 X 1
8月交換券(2020) X 1
`_2020-08-07 19:36:18_
--------
