【登录信息】
[5be1eb651b6f675892f00b0952b3cadb]
`登陆天数: 131天 / 741天
等级: 143
石头: 51
友情点: 7250 / 107885`
*連続ログイン5日目
※ログインが途切れるか、7日到達すると
1日目から再開されます*
`叡智の猛火 X 2
8月交換券(2020) X 1
`*5周年記念 特別連続ログインボーナス*
*開催期間中、1日1回 最大7回 連続ログインボーナスをプレゼント！*
`QP X 10000000
`_2020-08-10 19:35:52_
--------
[3fe66cbeb232406ddd93c32d9c44c41a]
`登陆天数: 131天 / 225天
等级: 67
石头: 478
友情点: 0 / 105125`
*連続ログイン5日目
※ログインが途切れるか、7日到達すると
1日目から再開されます*
`叡智の猛火 X 2
8月交換券(2020) X 1
`*5周年記念 特別連続ログインボーナス*
*開催期間中、1日1回 最大7回 連続ログインボーナスをプレゼント！*
`QP X 10000000
`_2020-08-10 19:36:00_
--------
[0585d1bb28be7e2b38a183db9e016491]
`登陆天数: 131天 / 282天
等级: 67
石头: 473
友情点: 0 / 281630`
*連続ログイン5日目
※ログインが途切れるか、7日到達すると
1日目から再開されます*
`叡智の猛火 X 2
8月交換券(2020) X 1
`*5周年記念 特別連続ログインボーナス*
*開催期間中、1日1回 最大7回 連続ログインボーナスをプレゼント！*
`QP X 10000000
`_2020-08-10 19:36:08_
--------
[489b9caeed7f023e28fa9d1e9b69c384]
`登陆天数: 21天 / 21天
等级: 68
石头: 237
友情点: 0 / 57730`
*連続ログイン7日間到達おめでとうございます！
明日は1日目からリスタートされます。*
`獣の足跡 X 1
呼符 X 1
8月交換券(2020) X 1
`*5周年記念 特別連続ログインボーナス*
*開催期間中、1日1回 最大7回 連続ログインボーナスをプレゼント！*
`QP X 10000000
`_2020-08-10 19:36:16_
--------
