【登录信息】
[5be1eb651b6f675892f00b0952b3cadb]
`登陆天数: 132天 / 742天
等级: 143
石头: 141
友情点: 100 / 118830`
*連続ログイン6日目
※ログインが途切れるか、7日到達すると
1日目から再開されます*
`聖晶石 X 2
8月交換券(2020) X 1
`*5周年記念 特別連続ログインボーナス*
*開催期間中、1日1回 最大7回 連続ログインボーナスをプレゼント！*
`フレンドポイント X 100000
`_2020-08-11 19:35:54_
--------
[3fe66cbeb232406ddd93c32d9c44c41a]
`登陆天数: 132天 / 226天
等级: 72
石头: 478
友情点: 0 / 105950`
*連続ログイン6日目
※ログインが途切れるか、7日到達すると
1日目から再開されます*
`聖晶石 X 2
8月交換券(2020) X 1
`*5周年記念 特別連続ログインボーナス*
*開催期間中、1日1回 最大7回 連続ログインボーナスをプレゼント！*
`フレンドポイント X 100000
`_2020-08-11 19:36:03_
--------
[0585d1bb28be7e2b38a183db9e016491]
`登陆天数: 132天 / 283天
等级: 72
石头: 563
友情点: 10 / 282740`
*連続ログイン6日目
※ログインが途切れるか、7日到達すると
1日目から再開されます*
`聖晶石 X 2
8月交換券(2020) X 1
`*5周年記念 特別連続ログインボーナス*
*開催期間中、1日1回 最大7回 連続ログインボーナスをプレゼント！*
`フレンドポイント X 100000
`_2020-08-11 19:36:10_
--------
[489b9caeed7f023e28fa9d1e9b69c384]
`登陆天数: 22天 / 22天
等级: 71
石头: 237
友情点: 0 / 58330`
*連続ログイン1日目
※ログインが途切れるか、7日到達すると
1日目から再開されます*
`フレンドポイント X 2000
8月交換券(2020) X 1
`*5周年記念 特別連続ログインボーナス*
*開催期間中、1日1回 最大7回 連続ログインボーナスをプレゼント！*
`フレンドポイント X 100000
`_2020-08-11 19:36:18_
--------
[22bde598995c5db268b9bf0bf2b93c98]
`登陆天数: 3天 / 3天
等级: 68
石头: 8
友情点: 0 / 9785`
*連続ログイン3日目
※ログインが途切れるか、7日到達すると
1日目から再開されます*
`叡智の猛火 X 1
8月交換券(2020) X 1
`_2020-08-11 19:36:26_
--------
[fe7a529557c27b648a37688e5402389d]
`登陆天数: 2天 / 2天
等级: 69
石头: 4
友情点: 0 / 7935`
*連続ログイン2日目
※ログインが途切れるか、7日到達すると
1日目から再開されます*
`聖晶石 X 1
8月交換券(2020) X 1
`_2020-08-11 19:36:34_
--------
