【登录信息】
[5be1eb651b6f675892f00b0952b3cadb]
`登陆天数: 133天 / 743天
等级: 143
石头: 143
友情点: 925 / 226190`
*連続ログイン7日間到達おめでとうございます！
明日は1日目からリスタートされます。*
`獣の足跡 X 1
呼符 X 1
8月交換券(2020) X 1
`*5周年記念 特別連続ログインボーナス*
*開催期間中、1日1回 最大7回 連続ログインボーナスをプレゼント！*
`叡智の猛火 X 10
`_2020-08-12 19:35:46_
--------
[3fe66cbeb232406ddd93c32d9c44c41a]
`登陆天数: 133天 / 227天
等级: 74
石头: 478
友情点: 0 / 106375`
*連続ログイン7日間到達おめでとうございます！
明日は1日目からリスタートされます。*
`獣の足跡 X 1
呼符 X 1
8月交換券(2020) X 1
`*5周年記念 特別連続ログインボーナス*
*開催期間中、1日1回 最大7回 連続ログインボーナスをプレゼント！*
`叡智の猛火 X 10
`_2020-08-12 19:35:55_
--------
[0585d1bb28be7e2b38a183db9e016491]
`登陆天数: 133天 / 284天
等级: 74
石头: 563
友情点: 0 / 283165`
*連続ログイン7日間到達おめでとうございます！
明日は1日目からリスタートされます。*
`獣の足跡 X 1
呼符 X 1
8月交換券(2020) X 1
`*5周年記念 特別連続ログインボーナス*
*開催期間中、1日1回 最大7回 連続ログインボーナスをプレゼント！*
`叡智の猛火 X 10
`_2020-08-12 19:36:03_
--------
[489b9caeed7f023e28fa9d1e9b69c384]
`登陆天数: 23天 / 23天
等级: 73
石头: 237
友情点: 0 / 58780`
*連続ログイン2日目
※ログインが途切れるか、7日到達すると
1日目から再開されます*
`聖晶石 X 1
8月交換券(2020) X 1
`*5周年記念 特別連続ログインボーナス*
*開催期間中、1日1回 最大7回 連続ログインボーナスをプレゼント！*
`叡智の猛火 X 10
`_2020-08-12 19:36:11_
--------
[22bde598995c5db268b9bf0bf2b93c98]
`登陆天数: 4天 / 4天
等级: 82
石头: 9
友情点: 0 / 12710`
*連続ログイン4日目
※ログインが途切れるか、7日到達すると
1日目から再開されます*
`聖晶石 X 1
8月交換券(2020) X 1
`_2020-08-12 19:36:18_
--------
[fe7a529557c27b648a37688e5402389d]
`登陆天数: 3天 / 3天
等级: 82
石头: 5
友情点: 0 / 10660`
*連続ログイン3日目
※ログインが途切れるか、7日到達すると
1日目から再開されます*
`叡智の猛火 X 1
8月交換券(2020) X 1
`_2020-08-12 19:36:26_
--------
