【登录信息】
[5be1eb651b6f675892f00b0952b3cadb]
`登陆天数: 134天 / 744天
等级: 143
石头: 144
友情点: 1325 / 229215`
*連続ログイン1日目
※ログインが途切れるか、7日到達すると
1日目から再開されます*
`フレンドポイント X 2000
8月交換券(2020) X 1
`*5周年記念 特別連続ログインボーナス*
*開催期間中、1日1回 最大7回 連続ログインボーナスをプレゼント！*
`黄金の果実 X 10
`_2020-08-13 19:35:58_
--------
[3fe66cbeb232406ddd93c32d9c44c41a]
`登陆天数: 134天 / 228天
等级: 76
石头: 570
友情点: 0 / 207145`
*連続ログイン1日目
※ログインが途切れるか、7日到達すると
1日目から再開されます*
`フレンドポイント X 2000
8月交換券(2020) X 1
`*5周年記念 特別連続ログインボーナス*
*開催期間中、1日1回 最大7回 連続ログインボーナスをプレゼント！*
`黄金の果実 X 10
`_2020-08-13 19:36:07_
--------
[0585d1bb28be7e2b38a183db9e016491]
`登陆天数: 134天 / 285天
等级: 76
石头: 565
友情点: 0 / 386025`
*連続ログイン1日目
※ログインが途切れるか、7日到達すると
1日目から再開されます*
`フレンドポイント X 2000
8月交換券(2020) X 1
`*5周年記念 特別連続ログインボーナス*
*開催期間中、1日1回 最大7回 連続ログインボーナスをプレゼント！*
`黄金の果実 X 10
`_2020-08-13 19:36:15_
--------
[489b9caeed7f023e28fa9d1e9b69c384]
`登陆天数: 24天 / 24天
等级: 75
石头: 237
友情点: 0 / 59280`
*連続ログイン3日目
※ログインが途切れるか、7日到達すると
1日目から再開されます*
`叡智の猛火 X 1
8月交換券(2020) X 1
`*5周年記念 特別連続ログインボーナス*
*開催期間中、1日1回 最大7回 連続ログインボーナスをプレゼント！*
`黄金の果実 X 10
`_2020-08-13 19:36:23_
--------
[22bde598995c5db268b9bf0bf2b93c98]
`登陆天数: 5天 / 5天
等级: 84
石头: 9
友情点: 0 / 13285`
*連続ログイン5日目
※ログインが途切れるか、7日到達すると
1日目から再開されます*
`叡智の猛火 X 2
8月交換券(2020) X 1
`_2020-08-13 19:36:30_
--------
[fe7a529557c27b648a37688e5402389d]
`登陆天数: 4天 / 4天
等级: 83
石头: 5
友情点: 0 / 11060`
*連続ログイン4日目
※ログインが途切れるか、7日到達すると
1日目から再開されます*
`聖晶石 X 1
8月交換券(2020) X 1
`_2020-08-13 19:36:38_
--------
