【登录信息】
[5be1eb651b6f675892f00b0952b3cadb]
`登陆天数: 135天 / 745天
等级: 143
石头: 145
友情点: 104250 / 344710`
*連続ログイン2日目
※ログインが途切れるか、7日到達すると
1日目から再開されます*
`聖晶石 X 1
8月交換券(2020) X 1
`*劇場版「Fate/stay night [Heaven‘s Feel]」Ⅲ.spring song公開記念週替りログインボーナス*
*開催期間中、週1回 4週週替りで 「限定概念礼装」をプレゼント！*
`徒なる影 X 1
`_2020-08-14 19:36:02_
--------
[3fe66cbeb232406ddd93c32d9c44c41a]
`登陆天数: 135天 / 229天
等级: 77
石头: 570
友情点: 0 / 210695`
*連続ログイン2日目
※ログインが途切れるか、7日到達すると
1日目から再開されます*
`聖晶石 X 1
8月交換券(2020) X 1
`*5周年記念 特別連続ログインボーナス*
*開催期間中、1日1回 最大7回 連続ログインボーナスをプレゼント！*
`英霊結晶・太陽のフォウくん X 10
`_2020-08-14 19:36:11_
--------
[0585d1bb28be7e2b38a183db9e016491]
`登陆天数: 135天 / 286天
等级: 77
石头: 565
友情点: 0 / 389415`
*連続ログイン2日目
※ログインが途切れるか、7日到達すると
1日目から再開されます*
`聖晶石 X 1
8月交換券(2020) X 1
`*5周年記念 特別連続ログインボーナス*
*開催期間中、1日1回 最大7回 連続ログインボーナスをプレゼント！*
`英霊結晶・太陽のフォウくん X 10
`_2020-08-14 19:36:19_
--------
[489b9caeed7f023e28fa9d1e9b69c384]
`登陆天数: 25天 / 25天
等级: 76
石头: 237
友情点: 0 / 61605`
*連続ログイン4日目
※ログインが途切れるか、7日到達すると
1日目から再開されます*
`聖晶石 X 1
8月交換券(2020) X 1
`*5周年記念 特別連続ログインボーナス*
*開催期間中、1日1回 最大7回 連続ログインボーナスをプレゼント！*
`英霊結晶・太陽のフォウくん X 10
`_2020-08-14 19:36:26_
--------
[22bde598995c5db268b9bf0bf2b93c98]
`登陆天数: 6天 / 6天
等级: 85
石头: 9
友情点: 0 / 17035`
*連続ログイン6日目
※ログインが途切れるか、7日到達すると
1日目から再開されます*
`聖晶石 X 2
8月交換券(2020) X 1
`_2020-08-14 19:36:34_
--------
[fe7a529557c27b648a37688e5402389d]
`登陆天数: 5天 / 5天
等级: 84
石头: 7
友情点: 0 / 13410`
*連続ログイン5日目
※ログインが途切れるか、7日到達すると
1日目から再開されます*
`叡智の猛火 X 2
8月交換券(2020) X 1
`_2020-08-14 19:36:42_
--------
[7b605617c8efd9ffae7b045328bc2b78]
`登陆天数: 2天 / 2天
等级: 50
石头: 4
友情点: 0 / 36410`
*連続ログイン2日目
※ログインが途切れるか、7日到達すると
1日目から再開されます*
`聖晶石 X 1
8月交換券(2020) X 1
`_2020-08-14 19:36:49_
--------
[4e5dff0089351bd2fba5cbe5cab5cc1e]
`登陆天数: 2天 / 2天
等级: 50
石头: 4
友情点: 0 / 36010`
*連続ログイン2日目
※ログインが途切れるか、7日到達すると
1日目から再開されます*
`聖晶石 X 1
8月交換券(2020) X 1
`_2020-08-14 19:36:57_
--------
[2d3640087ad8d2af97b2d54a64f1a917]
`登陆天数: 2天 / 2天
等级: 50
石头: 7
友情点: 0 / 36310`
*連続ログイン2日目
※ログインが途切れるか、7日到達すると
1日目から再開されます*
`聖晶石 X 1
8月交換券(2020) X 1
`_2020-08-14 19:37:05_
--------
