【登录信息】
[5be1eb651b6f675892f00b0952b3cadb]
`登陆天数: 136天 / 746天
等级: 143
石头: 146
友情点: 9450 / 383360`
*連続ログイン3日目
※ログインが途切れるか、7日到達すると
1日目から再開されます*
`叡智の猛火 X 1
8月交換券(2020) X 1
`*5周年記念 特別連続ログインボーナス*
*開催期間中、1日1回 最大7回 連続ログインボーナスをプレゼント！*
`英霊結晶・星のフォウくん X 10
`_2020-08-15 19:36:17_
--------
[3fe66cbeb232406ddd93c32d9c44c41a]
`登陆天数: 136天 / 230天
等级: 78
石头: 570
友情点: 0 / 215295`
*連続ログイン3日目
※ログインが途切れるか、7日到達すると
1日目から再開されます*
`叡智の猛火 X 1
8月交換券(2020) X 1
`*5周年記念 特別連続ログインボーナス*
*開催期間中、1日1回 最大7回 連続ログインボーナスをプレゼント！*
`英霊結晶・星のフォウくん X 10
`_2020-08-15 19:36:26_
--------
[0585d1bb28be7e2b38a183db9e016491]
`登陆天数: 136天 / 287天
等级: 77
石头: 23
友情点: 20 / 395655`
*連続ログイン3日目
※ログインが途切れるか、7日到達すると
1日目から再開されます*
`叡智の猛火 X 1
8月交換券(2020) X 1
`*5周年記念 特別連続ログインボーナス*
*開催期間中、1日1回 最大7回 連続ログインボーナスをプレゼント！*
`英霊結晶・星のフォウくん X 10
`_2020-08-15 19:36:34_
--------
[489b9caeed7f023e28fa9d1e9b69c384]
`登陆天数: 26天 / 26天
等级: 77
石头: 237
友情点: 0 / 66205`
*連続ログイン5日目
※ログインが途切れるか、7日到達すると
1日目から再開されます*
`叡智の猛火 X 2
8月交換券(2020) X 1
`*5周年記念 特別連続ログインボーナス*
*開催期間中、1日1回 最大7回 連続ログインボーナスをプレゼント！*
`英霊結晶・星のフォウくん X 10
`_2020-08-15 19:36:41_
--------
[22bde598995c5db268b9bf0bf2b93c98]
`登陆天数: 7天 / 7天
等级: 85
石头: 10
友情点: 0 / 20635`
*連続ログイン7日間到達おめでとうございます！
明日は1日目からリスタートされます。*
`獣の足跡 X 1
呼符 X 1
8月交換券(2020) X 1
`_2020-08-15 19:36:49_
--------
[fe7a529557c27b648a37688e5402389d]
`登陆天数: 6天 / 6天
等级: 85
石头: 7
友情点: 0 / 18410`
*連続ログイン6日目
※ログインが途切れるか、7日到達すると
1日目から再開されます*
`聖晶石 X 2
8月交換券(2020) X 1
`_2020-08-15 19:36:57_
--------
[7b605617c8efd9ffae7b045328bc2b78]
`登陆天数: 3天 / 3天
等级: 52
石头: 4
友情点: 0 / 41210`
*連続ログイン3日目
※ログインが途切れるか、7日到達すると
1日目から再開されます*
`叡智の猛火 X 1
8月交換券(2020) X 1
`_2020-08-15 19:37:04_
--------
[4e5dff0089351bd2fba5cbe5cab5cc1e]
`登陆天数: 3天 / 3天
等级: 53
石头: 4
友情点: 0 / 41810`
*連続ログイン3日目
※ログインが途切れるか、7日到達すると
1日目から再開されます*
`叡智の猛火 X 1
8月交換券(2020) X 1
`_2020-08-15 19:37:12_
--------
[2d3640087ad8d2af97b2d54a64f1a917]
`登陆天数: 3天 / 3天
等级: 53
石头: 7
友情点: 0 / 42110`
*連続ログイン3日目
※ログインが途切れるか、7日到達すると
1日目から再開されます*
`叡智の猛火 X 1
8月交換券(2020) X 1
`_2020-08-15 19:37:20_
--------
