【登录信息】
[5be1eb651b6f675892f00b0952b3cadb]
`登陆天数: 137天 / 747天
等级: 143
石头: 146
友情点: 100 / 1088815`
*連続ログイン4日目
※ログインが途切れるか、7日到達すると
1日目から再開されます*
`聖晶石 X 1
8月交換券(2020) X 1
`*5周年記念 特別連続ログインボーナス*
*開催期間中、1日1回 最大7回 連続ログインボーナスをプレゼント！*
`呼符 X 10
`_2020-08-16 19:39:58_
--------
[3fe66cbeb232406ddd93c32d9c44c41a]
`登陆天数: 137天 / 231天
等级: 79
石头: 400
友情点: 10 / 221305`
*連続ログイン4日目
※ログインが途切れるか、7日到達すると
1日目から再開されます*
`聖晶石 X 1
8月交換券(2020) X 1
`*5周年記念 特別連続ログインボーナス*
*開催期間中、1日1回 最大7回 連続ログインボーナスをプレゼント！*
`呼符 X 10
`_2020-08-16 19:40:07_
--------
[0585d1bb28be7e2b38a183db9e016491]
`登陆天数: 137天 / 288天
等级: 79
石头: 23
友情点: 0 / 401085`
*連続ログイン4日目
※ログインが途切れるか、7日到達すると
1日目から再開されます*
`聖晶石 X 1
8月交換券(2020) X 1
`*5周年記念 特別連続ログインボーナス*
*開催期間中、1日1回 最大7回 連続ログインボーナスをプレゼント！*
`呼符 X 10
`_2020-08-16 19:40:15_
--------
[489b9caeed7f023e28fa9d1e9b69c384]
`登陆天数: 27天 / 27天
等级: 79
石头: 237
友情点: 0 / 71605`
*連続ログイン6日目
※ログインが途切れるか、7日到達すると
1日目から再開されます*
`聖晶石 X 2
8月交換券(2020) X 1
`*5周年記念 特別連続ログインボーナス*
*開催期間中、1日1回 最大7回 連続ログインボーナスをプレゼント！*
`呼符 X 10
`_2020-08-16 19:40:23_
--------
[22bde598995c5db268b9bf0bf2b93c98]
`登陆天数: 8天 / 8天
等级: 86
石头: 10
友情点: 0 / 25035`
*連続ログイン1日目
※ログインが途切れるか、7日到達すると
1日目から再開されます*
`フレンドポイント X 2000
8月交換券(2020) X 1
`_2020-08-16 19:40:30_
--------
[fe7a529557c27b648a37688e5402389d]
`登陆天数: 7天 / 7天
等级: 86
石头: 7
友情点: 0 / 22810`
*連続ログイン7日間到達おめでとうございます！
明日は1日目からリスタートされます。*
`獣の足跡 X 1
呼符 X 1
8月交換券(2020) X 1
`_2020-08-16 19:40:38_
--------
[7b605617c8efd9ffae7b045328bc2b78]
`登陆天数: 4天 / 4天
等级: 60
石头: 4
友情点: 0 / 51010`
*連続ログイン4日目
※ログインが途切れるか、7日到達すると
1日目から再開されます*
`聖晶石 X 1
8月交換券(2020) X 1
`_2020-08-16 19:40:46_
--------
[4e5dff0089351bd2fba5cbe5cab5cc1e]
`登陆天数: 4天 / 4天
等级: 60
石头: 4
友情点: 0 / 50610`
*連続ログイン4日目
※ログインが途切れるか、7日到達すると
1日目から再開されます*
`聖晶石 X 1
8月交換券(2020) X 1
`_2020-08-16 19:40:53_
--------
[2d3640087ad8d2af97b2d54a64f1a917]
`登陆天数: 4天 / 4天
等级: 60
石头: 7
友情点: 0 / 50910`
*連続ログイン4日目
※ログインが途切れるか、7日到達すると
1日目から再開されます*
`聖晶石 X 1
8月交換券(2020) X 1
`_2020-08-16 19:41:01_
--------
