【登录信息】
[5be1eb651b6f675892f00b0952b3cadb]
`登陆天数: 138天 / 748天
等级: 143
石头: 149
友情点: 50 / 1338565`
*連続ログイン5日目
※ログインが途切れるか、7日到達すると
1日目から再開されます*
`叡智の猛火 X 2
8月交換券(2020) X 1
`_2020-08-17 19:35:40_
--------
[3fe66cbeb232406ddd93c32d9c44c41a]
`登陆天数: 138天 / 232天
等级: 80
石头: 400
友情点: 0 / 223305`
*連続ログイン5日目
※ログインが途切れるか、7日到達すると
1日目から再開されます*
`叡智の猛火 X 2
8月交換券(2020) X 1
`_2020-08-17 19:35:49_
--------
[0585d1bb28be7e2b38a183db9e016491]
`登陆天数: 138天 / 289天
等级: 80
石头: 24
友情点: 0 / 403095`
*連続ログイン5日目
※ログインが途切れるか、7日到達すると
1日目から再開されます*
`叡智の猛火 X 2
8月交換券(2020) X 1
`_2020-08-17 19:35:57_
--------
[489b9caeed7f023e28fa9d1e9b69c384]
`登陆天数: 28天 / 28天
等级: 80
石头: 237
友情点: 0 / 73605`
*連続ログイン7日間到達おめでとうございます！
明日は1日目からリスタートされます。*
`獣の足跡 X 1
呼符 X 1
8月交換券(2020) X 1
`_2020-08-17 19:36:05_
--------
[22bde598995c5db268b9bf0bf2b93c98]
`登陆天数: 9天 / 9天
等级: 87
石头: 12
友情点: 0 / 27235`
*連続ログイン2日目
※ログインが途切れるか、7日到達すると
1日目から再開されます*
`聖晶石 X 1
8月交換券(2020) X 1
`_2020-08-17 19:36:13_
--------
[fe7a529557c27b648a37688e5402389d]
`登陆天数: 8天 / 8天
等级: 87
石头: 7
友情点: 0 / 25010`
*連続ログイン1日目
※ログインが途切れるか、7日到達すると
1日目から再開されます*
`フレンドポイント X 2000
8月交換券(2020) X 1
`_2020-08-17 19:36:20_
--------
[7b605617c8efd9ffae7b045328bc2b78]
`登陆天数: 5天 / 5天
等级: 63
石头: 4
友情点: 0 / 54410`
*連続ログイン5日目
※ログインが途切れるか、7日到達すると
1日目から再開されます*
`叡智の猛火 X 2
8月交換券(2020) X 1
`_2020-08-17 19:36:28_
--------
[4e5dff0089351bd2fba5cbe5cab5cc1e]
`登陆天数: 5天 / 5天
等级: 64
石头: 4
友情点: 0 / 54810`
*連続ログイン5日目
※ログインが途切れるか、7日到達すると
1日目から再開されます*
`叡智の猛火 X 2
8月交換券(2020) X 1
`_2020-08-17 19:36:36_
--------
[2d3640087ad8d2af97b2d54a64f1a917]
`登陆天数: 5天 / 5天
等级: 64
石头: 7
友情点: 0 / 55110`
*連続ログイン5日目
※ログインが途切れるか、7日到達すると
1日目から再開されます*
`叡智の猛火 X 2
8月交換券(2020) X 1
`_2020-08-17 19:36:44_
--------
