【登录信息】
[5be1eb651b6f675892f00b0952b3cadb]
`登陆天数: 139天 / 749天
等级: 143
石头: 156
友情点: 25 / 1368425`
*連続ログイン6日目
※ログインが途切れるか、7日到達すると
1日目から再開されます*
`聖晶石 X 2
8月交換券(2020) X 1
`_2020-08-18 19:35:51_
--------
[3fe66cbeb232406ddd93c32d9c44c41a]
`登陆天数: 139天 / 233天
等级: 81
石头: 400
友情点: 0 / 224705`
*連続ログイン6日目
※ログインが途切れるか、7日到達すると
1日目から再開されます*
`聖晶石 X 2
8月交換券(2020) X 1
`_2020-08-18 19:35:59_
--------
[0585d1bb28be7e2b38a183db9e016491]
`登陆天数: 139天 / 290天
等级: 80
石头: 24
友情点: 200 / 403915`
*連続ログイン6日目
※ログインが途切れるか、7日到達すると
1日目から再開されます*
`聖晶石 X 2
8月交換券(2020) X 1
`_2020-08-18 19:36:07_
--------
[489b9caeed7f023e28fa9d1e9b69c384]
`登陆天数: 29天 / 29天
等级: 80
石头: 237
友情点: 0 / 74205`
*連続ログイン1日目
※ログインが途切れるか、7日到達すると
1日目から再開されます*
`フレンドポイント X 2000
8月交換券(2020) X 1
`_2020-08-18 19:36:15_
--------
[22bde598995c5db268b9bf0bf2b93c98]
`登陆天数: 10天 / 10天
等级: 88
石头: 12
友情点: 0 / 28635`
*連続ログイン3日目
※ログインが途切れるか、7日到達すると
1日目から再開されます*
`叡智の猛火 X 1
8月交換券(2020) X 1
`_2020-08-18 19:36:23_
--------
[fe7a529557c27b648a37688e5402389d]
`登陆天数: 9天 / 9天
等级: 87
石头: 7
友情点: 0 / 25610`
*連続ログイン2日目
※ログインが途切れるか、7日到達すると
1日目から再開されます*
`聖晶石 X 1
8月交換券(2020) X 1
`_2020-08-18 19:36:31_
--------
[7b605617c8efd9ffae7b045328bc2b78]
`登陆天数: 6天 / 6天
等级: 64
石头: 4
友情点: 0 / 55410`
*連続ログイン6日目
※ログインが途切れるか、7日到達すると
1日目から再開されます*
`聖晶石 X 2
8月交換券(2020) X 1
`_2020-08-18 19:36:39_
--------
[4e5dff0089351bd2fba5cbe5cab5cc1e]
`登陆天数: 6天 / 6天
等级: 64
石头: 4
友情点: 0 / 55410`
*連続ログイン6日目
※ログインが途切れるか、7日到達すると
1日目から再開されます*
`聖晶石 X 2
8月交換券(2020) X 1
`_2020-08-18 19:36:46_
--------
[2d3640087ad8d2af97b2d54a64f1a917]
`登陆天数: 6天 / 6天
等级: 64
石头: 7
友情点: 0 / 55510`
*連続ログイン6日目
※ログインが途切れるか、7日到達すると
1日目から再開されます*
`聖晶石 X 2
8月交換券(2020) X 1
`_2020-08-18 19:36:54_
--------
