【登录信息】
[5be1eb651b6f675892f00b0952b3cadb]
`登陆天数: 140天 / 750天
等级: 143
石头: 160
友情点: 15925 / 1401030`
*連続ログイン7日間到達おめでとうございます！
明日は1日目からリスタートされます。*
`獣の足跡 X 1
呼符 X 1
8月交換券(2020) X 1
`_2020-08-19 19:35:42_
--------
[3fe66cbeb232406ddd93c32d9c44c41a]
`登陆天数: 140天 / 234天
等级: 81
石头: 402
友情点: 0 / 225905`
*連続ログイン7日間到達おめでとうございます！
明日は1日目からリスタートされます。*
`獣の足跡 X 1
呼符 X 1
8月交換券(2020) X 1
`_2020-08-19 19:35:52_
--------
[0585d1bb28be7e2b38a183db9e016491]
`登陆天数: 140天 / 291天
等级: 81
石头: 26
友情点: 0 / 405755`
*連続ログイン7日間到達おめでとうございます！
明日は1日目からリスタートされます。*
`獣の足跡 X 1
呼符 X 1
8月交換券(2020) X 1
`_2020-08-19 19:35:59_
--------
[489b9caeed7f023e28fa9d1e9b69c384]
`登陆天数: 30天 / 30天
等级: 81
石头: 237
友情点: 0 / 76005`
*連続ログイン2日目
※ログインが途切れるか、7日到達すると
1日目から再開されます*
`聖晶石 X 1
8月交換券(2020) X 1
`_2020-08-19 19:36:07_
--------
[22bde598995c5db268b9bf0bf2b93c98]
`登陆天数: 11天 / 11天
等级: 88
石头: 13
友情点: 0 / 29235`
*連続ログイン4日目
※ログインが途切れるか、7日到達すると
1日目から再開されます*
`聖晶石 X 1
8月交換券(2020) X 1
`_2020-08-19 19:36:15_
--------
[fe7a529557c27b648a37688e5402389d]
`登陆天数: 10天 / 10天
等级: 87
石头: 7
友情点: 0 / 26810`
*連続ログイン3日目
※ログインが途切れるか、7日到達すると
1日目から再開されます*
`叡智の猛火 X 1
8月交換券(2020) X 1
`_2020-08-19 19:36:23_
--------
[7b605617c8efd9ffae7b045328bc2b78]
`登陆天数: 7天 / 7天
等级: 64
石头: 4
友情点: 0 / 56210`
*連続ログイン7日間到達おめでとうございます！
明日は1日目からリスタートされます。*
`獣の足跡 X 1
呼符 X 1
8月交換券(2020) X 1
`_2020-08-19 19:36:30_
--------
[4e5dff0089351bd2fba5cbe5cab5cc1e]
`登陆天数: 7天 / 7天
等级: 65
石头: 4
友情点: 0 / 57010`
*連続ログイン7日間到達おめでとうございます！
明日は1日目からリスタートされます。*
`獣の足跡 X 1
呼符 X 1
8月交換券(2020) X 1
`_2020-08-19 19:36:38_
--------
[2d3640087ad8d2af97b2d54a64f1a917]
`登陆天数: 7天 / 7天
等级: 65
石头: 7
友情点: 0 / 56910`
*連続ログイン7日間到達おめでとうございます！
明日は1日目からリスタートされます。*
`獣の足跡 X 1
呼符 X 1
8月交換券(2020) X 1
`_2020-08-19 19:36:46_
--------
