【登录信息】
[5be1eb651b6f675892f00b0952b3cadb]
`登陆天数: 141天 / 751天
等级: 143
石头: 197
友情点: 15410 / 1434275`
*連続ログイン1日目
※ログインが途切れるか、7日到達すると
1日目から再開されます*
`フレンドポイント X 2000
8月交換券(2020) X 1
`_2020-08-20 19:35:57_
--------
[3fe66cbeb232406ddd93c32d9c44c41a]
`登陆天数: 141天 / 235天
等级: 81
石头: 402
友情点: 0 / 227105`
*連続ログイン1日目
※ログインが途切れるか、7日到達すると
1日目から再開されます*
`フレンドポイント X 2000
8月交換券(2020) X 1
`_2020-08-20 19:36:06_
--------
[0585d1bb28be7e2b38a183db9e016491]
`登陆天数: 141天 / 292天
等级: 81
石头: 29
友情点: 0 / 406975`
*連続ログイン1日目
※ログインが途切れるか、7日到達すると
1日目から再開されます*
`フレンドポイント X 2000
8月交換券(2020) X 1
`_2020-08-20 19:36:13_
--------
[489b9caeed7f023e28fa9d1e9b69c384]
`登陆天数: 31天 / 31天
等级: 81
石头: 238
友情点: 0 / 77205`
*連続ログイン3日目
※ログインが途切れるか、7日到達すると
1日目から再開されます*
`叡智の猛火 X 1
8月交換券(2020) X 1
`_2020-08-20 19:36:21_
--------
[22bde598995c5db268b9bf0bf2b93c98]
`登陆天数: 12天 / 12天
等级: 88
石头: 13
友情点: 0 / 30435`
*連続ログイン5日目
※ログインが途切れるか、7日到達すると
1日目から再開されます*
`叡智の猛火 X 2
8月交換券(2020) X 1
`_2020-08-20 19:36:29_
--------
[fe7a529557c27b648a37688e5402389d]
`登陆天数: 11天 / 11天
等级: 88
石头: 9
友情点: 0 / 28810`
*連続ログイン4日目
※ログインが途切れるか、7日到達すると
1日目から再開されます*
`聖晶石 X 1
8月交換券(2020) X 1
`_2020-08-20 19:36:37_
--------
[7b605617c8efd9ffae7b045328bc2b78]
`登陆天数: 8天 / 8天
等级: 64
石头: 4
友情点: 0 / 57010`
*連続ログイン1日目
※ログインが途切れるか、7日到達すると
1日目から再開されます*
`フレンドポイント X 2000
8月交換券(2020) X 1
`_2020-08-20 19:36:45_
--------
[4e5dff0089351bd2fba5cbe5cab5cc1e]
`登陆天数: 8天 / 8天
等级: 65
石头: 4
友情点: 0 / 58210`
*連続ログイン1日目
※ログインが途切れるか、7日到達すると
1日目から再開されます*
`フレンドポイント X 2000
8月交換券(2020) X 1
`_2020-08-20 19:36:52_
--------
[2d3640087ad8d2af97b2d54a64f1a917]
`登陆天数: 8天 / 8天
等级: 65
石头: 7
友情点: 0 / 58110`
*連続ログイン1日目
※ログインが途切れるか、7日到達すると
1日目から再開されます*
`フレンドポイント X 2000
8月交換券(2020) X 1
`_2020-08-20 19:37:00_
--------
