【登录信息】
[5be1eb651b6f675892f00b0952b3cadb]
`登陆天数: 143天 / 753天
等级: 143
石头: 208
友情点: 50 / 1512060`
*連続ログイン3日目
※ログインが途切れるか、7日到達すると
1日目から再開されます*
`叡智の猛火 X 1
8月交換券(2020) X 1
`_2020-08-22 19:35:39_
--------
[3fe66cbeb232406ddd93c32d9c44c41a]
`登陆天数: 143天 / 237天
等级: 82
石头: 402
友情点: 0 / 230505`
*連続ログイン3日目
※ログインが途切れるか、7日到達すると
1日目から再開されます*
`叡智の猛火 X 1
8月交換券(2020) X 1
`_2020-08-22 19:35:48_
--------
[0585d1bb28be7e2b38a183db9e016491]
`登陆天数: 143天 / 294天
等级: 81
石头: 29
友情点: 10 / 409385`
*連続ログイン3日目
※ログインが途切れるか、7日到達すると
1日目から再開されます*
`叡智の猛火 X 1
8月交換券(2020) X 1
`_2020-08-22 19:35:56_
--------
[489b9caeed7f023e28fa9d1e9b69c384]
`登陆天数: 33天 / 33天
等级: 82
石头: 238
友情点: 0 / 80605`
*連続ログイン5日目
※ログインが途切れるか、7日到達すると
1日目から再開されます*
`叡智の猛火 X 2
8月交換券(2020) X 1
`_2020-08-22 19:36:05_
--------
[22bde598995c5db268b9bf0bf2b93c98]
`登陆天数: 14天 / 14天
等级: 88
石头: 13
友情点: 0 / 32835`
*連続ログイン7日間到達おめでとうございます！
明日は1日目からリスタートされます。*
`獣の足跡 X 1
呼符 X 1
8月交換券(2020) X 1
`_2020-08-22 19:36:13_
--------
[fe7a529557c27b648a37688e5402389d]
`登陆天数: 13天 / 13天
等级: 88
石头: 9
友情点: 0 / 31210`
*連続ログイン6日目
※ログインが途切れるか、7日到達すると
1日目から再開されます*
`聖晶石 X 2
8月交換券(2020) X 1
`_2020-08-22 19:36:21_
--------
[7b605617c8efd9ffae7b045328bc2b78]
`登陆天数: 10天 / 10天
等级: 65
石头: 4
友情点: 0 / 59410`
*連続ログイン3日目
※ログインが途切れるか、7日到達すると
1日目から再開されます*
`叡智の猛火 X 1
8月交換券(2020) X 1
`_2020-08-22 19:36:29_
--------
[4e5dff0089351bd2fba5cbe5cab5cc1e]
`登陆天数: 10天 / 10天
等级: 66
石头: 4
友情点: 0 / 61210`
*連続ログイン3日目
※ログインが途切れるか、7日到達すると
1日目から再開されます*
`叡智の猛火 X 1
8月交換券(2020) X 1
`_2020-08-22 19:36:37_
--------
[2d3640087ad8d2af97b2d54a64f1a917]
`登陆天数: 10天 / 10天
等级: 66
石头: 7
友情点: 0 / 61110`
*連続ログイン3日目
※ログインが途切れるか、7日到達すると
1日目から再開されます*
`叡智の猛火 X 1
8月交換券(2020) X 1
`_2020-08-22 19:36:45_
--------
