【登录信息】
[5be1eb651b6f675892f00b0952b3cadb]
`登陆天数: 144天 / 754天
等级: 143
石头: 211
友情点: 16800 / 1567595`
*連続ログイン4日目
※ログインが途切れるか、7日到達すると
1日目から再開されます*
`聖晶石 X 1
8月交換券(2020) X 1
`_2020-08-23 19:35:34_
--------
[3fe66cbeb232406ddd93c32d9c44c41a]
`登陆天数: 144天 / 238天
等级: 82
石头: 402
友情点: 0 / 232305`
*連続ログイン4日目
※ログインが途切れるか、7日到達すると
1日目から再開されます*
`聖晶石 X 1
8月交換券(2020) X 1
`_2020-08-23 19:35:42_
--------
[0585d1bb28be7e2b38a183db9e016491]
`登陆天数: 144天 / 295天
等级: 82
石头: 29
友情点: 0 / 412045`
*連続ログイン4日目
※ログインが途切れるか、7日到達すると
1日目から再開されます*
`聖晶石 X 1
8月交換券(2020) X 1
`_2020-08-23 19:35:50_
--------
[489b9caeed7f023e28fa9d1e9b69c384]
`登陆天数: 34天 / 34天
等级: 82
石头: 238
友情点: 0 / 82405`
*連続ログイン6日目
※ログインが途切れるか、7日到達すると
1日目から再開されます*
`聖晶石 X 2
8月交換券(2020) X 1
`_2020-08-23 19:35:57_
--------
[22bde598995c5db268b9bf0bf2b93c98]
`登陆天数: 15天 / 15天
等级: 89
石头: 13
友情点: 0 / 35435`
*連続ログイン1日目
※ログインが途切れるか、7日到達すると
1日目から再開されます*
`フレンドポイント X 2000
8月交換券(2020) X 1
`_2020-08-23 19:36:05_
--------
[fe7a529557c27b648a37688e5402389d]
`登陆天数: 14天 / 14天
等级: 88
石头: 9
友情点: 0 / 33010`
*連続ログイン7日間到達おめでとうございます！
明日は1日目からリスタートされます。*
`獣の足跡 X 1
呼符 X 1
8月交換券(2020) X 1
`_2020-08-23 19:36:13_
--------
[7b605617c8efd9ffae7b045328bc2b78]
`登陆天数: 11天 / 11天
等级: 65
石头: 4
友情点: 0 / 61210`
*連続ログイン4日目
※ログインが途切れるか、7日到達すると
1日目から再開されます*
`聖晶石 X 1
8月交換券(2020) X 1
`_2020-08-23 19:36:21_
--------
[4e5dff0089351bd2fba5cbe5cab5cc1e]
`登陆天数: 11天 / 11天
等级: 67
石头: 4
友情点: 0 / 63610`
*連続ログイン4日目
※ログインが途切れるか、7日到達すると
1日目から再開されます*
`聖晶石 X 1
8月交換券(2020) X 1
`_2020-08-23 19:36:29_
--------
[2d3640087ad8d2af97b2d54a64f1a917]
`登陆天数: 11天 / 11天
等级: 67
石头: 7
友情点: 0 / 63510`
*連続ログイン4日目
※ログインが途切れるか、7日到達すると
1日目から再開されます*
`聖晶石 X 1
8月交換券(2020) X 1
`_2020-08-23 19:36:37_
--------
