【登录信息】
[5be1eb651b6f675892f00b0952b3cadb]
`登陆天数: 145天 / 755天
等级: 143
石头: 6
友情点: 385 / 1599025`
*連続ログイン5日目
※ログインが途切れるか、7日到達すると
1日目から再開されます*
`叡智の猛火 X 2
8月交換券(2020) X 1
`_2020-08-24 19:35:56_
--------
[3fe66cbeb232406ddd93c32d9c44c41a]
`登陆天数: 145天 / 239天
等级: 82
石头: 208
友情点: 0 / 235505`
*連続ログイン5日目
※ログインが途切れるか、7日到達すると
1日目から再開されます*
`叡智の猛火 X 2
8月交換券(2020) X 1
`_2020-08-24 19:36:04_
--------
[0585d1bb28be7e2b38a183db9e016491]
`登陆天数: 145天 / 296天
等级: 82
石头: 45
友情点: 0 / 415245`
*連続ログイン5日目
※ログインが途切れるか、7日到達すると
1日目から再開されます*
`叡智の猛火 X 2
8月交換券(2020) X 1
`_2020-08-24 19:36:12_
--------
[489b9caeed7f023e28fa9d1e9b69c384]
`登陆天数: 35天 / 35天
等级: 82
石头: 201
友情点: 0 / 187605`
*連続ログイン7日間到達おめでとうございます！
明日は1日目からリスタートされます。*
`獣の足跡 X 1
呼符 X 1
8月交換券(2020) X 1
`_2020-08-24 19:36:20_
--------
[22bde598995c5db268b9bf0bf2b93c98]
`登陆天数: 16天 / 16天
等级: 89
石头: 13
友情点: 0 / 36635`
*連続ログイン2日目
※ログインが途切れるか、7日到達すると
1日目から再開されます*
`聖晶石 X 1
8月交換券(2020) X 1
`_2020-08-24 19:36:28_
--------
[fe7a529557c27b648a37688e5402389d]
`登陆天数: 15天 / 15天
等级: 89
石头: 9
友情点: 0 / 35010`
*連続ログイン1日目
※ログインが途切れるか、7日到達すると
1日目から再開されます*
`フレンドポイント X 2000
8月交換券(2020) X 1
`_2020-08-24 19:36:36_
--------
[7b605617c8efd9ffae7b045328bc2b78]
`登陆天数: 12天 / 12天
等级: 66
石头: 4
友情点: 0 / 63010`
*連続ログイン5日目
※ログインが途切れるか、7日到達すると
1日目から再開されます*
`叡智の猛火 X 2
8月交換券(2020) X 1
`_2020-08-24 19:36:44_
--------
[4e5dff0089351bd2fba5cbe5cab5cc1e]
`登陆天数: 12天 / 12天
等级: 67
石头: 4
友情点: 0 / 64810`
*連続ログイン5日目
※ログインが途切れるか、7日到達すると
1日目から再開されます*
`叡智の猛火 X 2
8月交換券(2020) X 1
`_2020-08-24 19:36:51_
--------
[2d3640087ad8d2af97b2d54a64f1a917]
`登陆天数: 12天 / 12天
等级: 67
石头: 7
友情点: 0 / 64710`
*連続ログイン5日目
※ログインが途切れるか、7日到達すると
1日目から再開されます*
`叡智の猛火 X 2
8月交換券(2020) X 1
`_2020-08-24 19:36:59_
--------
