【登录信息】
[5be1eb651b6f675892f00b0952b3cadb]
`登陆天数: 146天 / 756天
等级: 143
石头: 1
友情点: 10 / 1633575`
*連続ログイン6日目
※ログインが途切れるか、7日到達すると
1日目から再開されます*
`聖晶石 X 2
8月交換券(2020) X 1
`_2020-08-25 19:36:02_
--------
[3fe66cbeb232406ddd93c32d9c44c41a]
`登陆天数: 146天 / 240天
等级: 83
石头: 208
友情点: 0 / 237405`
*連続ログイン6日目
※ログインが途切れるか、7日到達すると
1日目から再開されます*
`聖晶石 X 2
8月交換券(2020) X 1
`_2020-08-25 19:36:10_
--------
[0585d1bb28be7e2b38a183db9e016491]
`登陆天数: 146天 / 297天
等级: 82
石头: 45
友情点: 0 / 416145`
*連続ログイン6日目
※ログインが途切れるか、7日到達すると
1日目から再開されます*
`聖晶石 X 2
8月交換券(2020) X 1
`_2020-08-25 19:36:18_
--------
[489b9caeed7f023e28fa9d1e9b69c384]
`登陆天数: 36天 / 36天
等级: 83
石头: 203
友情点: 0 / 189005`
*連続ログイン1日目
※ログインが途切れるか、7日到達すると
1日目から再開されます*
`フレンドポイント X 2000
8月交換券(2020) X 1
`_2020-08-25 19:36:26_
--------
