【登录信息】
[5be1eb651b6f675892f00b0952b3cadb]
`登陆天数: 147天 / 757天
等级: 143
石头: 3
友情点: 10 / 1656635`
*連続ログイン7日間到達おめでとうございます！
明日は1日目からリスタートされます。*
`獣の足跡 X 1
呼符 X 1
8月交換券(2020) X 1
`_2020-08-26 19:36:10_
--------
[3fe66cbeb232406ddd93c32d9c44c41a]
`登陆天数: 147天 / 241天
等级: 83
石头: 208
友情点: 0 / 238105`
*連続ログイン7日間到達おめでとうございます！
明日は1日目からリスタートされます。*
`獣の足跡 X 1
呼符 X 1
8月交換券(2020) X 1
`_2020-08-26 19:36:19_
--------
[0585d1bb28be7e2b38a183db9e016491]
`登陆天数: 147天 / 298天
等级: 83
石头: 45
友情点: 0 / 417245`
*連続ログイン7日間到達おめでとうございます！
明日は1日目からリスタートされます。*
`獣の足跡 X 1
呼符 X 1
8月交換券(2020) X 1
`_2020-08-26 19:36:27_
--------
[489b9caeed7f023e28fa9d1e9b69c384]
`登陆天数: 37天 / 37天
等级: 83
石头: 203
友情点: 0 / 189705`
*連続ログイン2日目
※ログインが途切れるか、7日到達すると
1日目から再開されます*
`聖晶石 X 1
8月交換券(2020) X 1
`_2020-08-26 19:36:35_
--------
