【登录信息】
[5be1eb651b6f675892f00b0952b3cadb]
`登陆天数: 148天 / 758天
等级: 143
石头: 1
友情点: 5825 / 1659695`
*連続ログイン1日目
※ログインが途切れるか、7日到達すると
1日目から再開されます*
`フレンドポイント X 2000
8月交換券(2020) X 1
`_2020-08-27 19:35:53_
--------
[3fe66cbeb232406ddd93c32d9c44c41a]
`登陆天数: 148天 / 242天
等级: 83
石头: 208
友情点: 0 / 239105`
*連続ログイン1日目
※ログインが途切れるか、7日到達すると
1日目から再開されます*
`フレンドポイント X 2000
8月交換券(2020) X 1
`_2020-08-27 19:36:02_
--------
[0585d1bb28be7e2b38a183db9e016491]
`登陆天数: 148天 / 299天
等级: 83
石头: 45
友情点: 0 / 418245`
*連続ログイン1日目
※ログインが途切れるか、7日到達すると
1日目から再開されます*
`フレンドポイント X 2000
8月交換券(2020) X 1
`_2020-08-27 19:36:10_
--------
[489b9caeed7f023e28fa9d1e9b69c384]
`登陆天数: 38天 / 38天
等级: 83
石头: 203
友情点: 0 / 190705`
*連続ログイン3日目
※ログインが途切れるか、7日到達すると
1日目から再開されます*
`叡智の猛火 X 1
8月交換券(2020) X 1
`_2020-08-27 19:36:18_
--------
