【登录信息】
[5be1eb651b6f675892f00b0952b3cadb]
`登陆天数: 149天 / 759天
等级: 143
石头: 1
友情点: 0 / 1689125`
*連続ログイン2日目
※ログインが途切れるか、7日到達すると
1日目から再開されます*
`聖晶石 X 1
8月交換券(2020) X 1
`_2020-08-28 19:36:14_
--------
[9cfc24f569d65a92010a7c9549af2192]
`登陆天数: 149天 / 243天
等级: 84
石头: 78
友情点: 0 / 242605`
*連続ログイン2日目
※ログインが途切れるか、7日到達すると
1日目から再開されます*
`聖晶石 X 1
8月交換券(2020) X 1
`_2020-08-28 19:36:22_
--------
[dfc9a9f4b3655841a6372642c60bb90d]
`登陆天数: 149天 / 300天
等级: 83
石头: 49
友情点: 0 / 421670`
*連続ログイン2日目
※ログインが途切れるか、7日到達すると
1日目から再開されます*
`聖晶石 X 1
8月交換券(2020) X 1
`_2020-08-28 19:36:30_
--------
[489b9caeed7f023e28fa9d1e9b69c384]
`登陆天数: 39天 / 39天
等级: 84
石头: 24
友情点: 0 / 194405`
*連続ログイン4日目
※ログインが途切れるか、7日到達すると
1日目から再開されます*
`聖晶石 X 1
8月交換券(2020) X 1
`_2020-08-28 19:36:38_
--------
