【登录信息】
[5be1eb651b6f675892f00b0952b3cadb]
`登陆天数: 150天 / 760天
等级: 143
石头: 3
友情点: 10 / 1705920`
*連続ログイン3日目
※ログインが途切れるか、7日到達すると
1日目から再開されます*
`叡智の猛火 X 1
8月交換券(2020) X 1
`_2020-08-29 19:34:23_
--------
[9cfc24f569d65a92010a7c9549af2192]
`登陆天数: 150天 / 244天
等级: 84
石头: 78
友情点: 0 / 243205`
*連続ログイン3日目
※ログインが途切れるか、7日到達すると
1日目から再開されます*
`叡智の猛火 X 1
8月交換券(2020) X 1
`_2020-08-29 19:34:31_
--------
[dfc9a9f4b3655841a6372642c60bb90d]
`登陆天数: 150天 / 301天
等级: 84
石头: 49
友情点: 0 / 422670`
*連続ログイン3日目
※ログインが途切れるか、7日到達すると
1日目から再開されます*
`叡智の猛火 X 1
8月交換券(2020) X 1
`_2020-08-29 19:34:40_
--------
[489b9caeed7f023e28fa9d1e9b69c384]
`登陆天数: 40天 / 40天
等级: 84
石头: 24
友情点: 0 / 195005`
*連続ログイン5日目
※ログインが途切れるか、7日到達すると
1日目から再開されます*
`叡智の猛火 X 2
8月交換券(2020) X 1
`_2020-08-29 19:34:48_
--------
