【登录信息】
[5be1eb651b6f675892f00b0952b3cadb]
`登陆天数: 151天 / 761天
等级: 143
石头: 0
友情点: 13100 / 1730530`
*連続ログイン4日目
※ログインが途切れるか、7日到達すると
1日目から再開されます*
`聖晶石 X 1
8月交換券(2020) X 1
`_2020-08-30 19:34:40_
--------
[9cfc24f569d65a92010a7c9549af2192]
`登陆天数: 151天 / 245天
等级: 84
石头: 78
友情点: 0 / 244005`
*連続ログイン4日目
※ログインが途切れるか、7日到達すると
1日目から再開されます*
`聖晶石 X 1
8月交換券(2020) X 1
`_2020-08-30 19:34:49_
--------
[dfc9a9f4b3655841a6372642c60bb90d]
`登陆天数: 151天 / 302天
等级: 84
石头: 49
友情点: 0 / 423470`
*連続ログイン4日目
※ログインが途切れるか、7日到達すると
1日目から再開されます*
`聖晶石 X 1
8月交換券(2020) X 1
`_2020-08-30 19:34:57_
--------
[489b9caeed7f023e28fa9d1e9b69c384]
`登陆天数: 41天 / 41天
等级: 84
石头: 24
友情点: 0 / 195805`
*連続ログイン6日目
※ログインが途切れるか、7日到達すると
1日目から再開されます*
`聖晶石 X 2
8月交換券(2020) X 1
`_2020-08-30 19:35:05_
--------
