【登录信息】
*23df700802ec5473b0ba93e6647d6d6e*
`登陆天数: 53天 / 901天
等级: 125
石头: 735
呼符: 107
体力: 70.81666666666666 / 137
友情点: 0 / 2819940`
_2022-08-31 19:36:03_
--------
*3f0a883330e065432578c3a409161e03*
`登陆天数: 53天 / 902天
等级: 122
石头: 3669
呼符: 104
体力: 650.7433333333333 / 136
友情点: 0 / 2873870`
*連続ログイン4日目
※ログインが途切れるか、7日到達すると
1日目から再開されます*
`聖晶石 X 1
9月交換券(2022) X 1
`*2600万DL突破記念 特別連続ログインボーナス*
*開催期間中、1日1回 最大7回 連続ログインボーナスをプレゼント！*
`白銀の果実 X 10
`_2022-08-31 19:36:11_
--------
*4ffa60d2f520051b4a05b83b5a84daa0*
`登陆天数: 52天 / 903天
等级: 123
石头: 3205
呼符: 118
体力: 648.2833333333333 / 136
友情点: 0 / 5523205`
*連続ログイン3日目
※ログインが途切れるか、7日到達すると
1日目から再開されます*
`叡智の業火 X 1
9月交換券(2022) X 1
`*2600万DL突破記念 特別連続ログインボーナス*
*開催期間中、1日1回 最大7回 連続ログインボーナスをプレゼント！*
`白銀の果実 X 10
`_2022-08-31 19:36:19_
--------
