【登录信息】
*23df700802ec5473b0ba93e6647d6d6e*
`登陆天数: 54天 / 902天
等级: 126
石头: 724
呼符: 107
体力: 79.32666666666667 / 137
友情点: 0 / 2852895`
*連続ログイン5日目
※ログインが途切れるか、7日到達すると
1日目から再開されます*
`叡智の業火 X 2
9月交換券(2022) X 1
`*2600万DL突破記念 特別連続ログインボーナス*
*開催期間中、1日1回 最大7回 連続ログインボーナスをプレゼント！*
`黄金の果実 X 10
`_2022-09-01 19:35:57_
--------
*3f0a883330e065432578c3a409161e03*
`登陆天数: 54天 / 903天
等级: 122
石头: 3702
呼符: 105
体力: 70.62 / 136
友情点: 0 / 2984040`
*連続ログイン5日目
※ログインが途切れるか、7日到達すると
1日目から再開されます*
`叡智の業火 X 2
9月交換券(2022) X 1
`*2600万DL突破記念 特別連続ログインボーナス*
*開催期間中、1日1回 最大7回 連続ログインボーナスをプレゼント！*
`黄金の果実 X 10
`_2022-09-01 19:36:05_
--------
*4ffa60d2f520051b4a05b83b5a84daa0*
`登陆天数: 53天 / 904天
等级: 123
石头: 3240
呼符: 119
体力: 139.15666666666667 / 136
友情点: 0 / 5590455`
*連続ログイン4日目
※ログインが途切れるか、7日到達すると
1日目から再開されます*
`聖晶石 X 1
9月交換券(2022) X 1
`*2600万DL突破記念 特別連続ログインボーナス*
*開催期間中、1日1回 最大7回 連続ログインボーナスをプレゼント！*
`黄金の果実 X 10
`_2022-09-01 19:36:13_
--------
