【登录信息】
*23df700802ec5473b0ba93e6647d6d6e*
`登陆天数: 55天 / 903天
等级: 127
石头: 724
呼符: 107
体力: 103.12666666666667 / 137
友情点: 0 / 2858055`
*連続ログイン6日目
※ログインが途切れるか、7日到達すると
1日目から再開されます*
`聖晶石 X 2
9月交換券(2022) X 1
`*2600万DL突破記念 特別連続ログインボーナス*
*開催期間中、1日1回 最大7回 連続ログインボーナスをプレゼント！*
`叡智の業火 X 10
`_2022-09-02 19:16:00_
--------
*3f0a883330e065432578c3a409161e03*
`登陆天数: 55天 / 904天
等级: 122
石头: 3698
呼符: 105
体力: 110.35666666666667 / 136
友情点: 0 / 100`
*連続ログイン6日目
※ログインが途切れるか、7日到達すると
1日目から再開されます*
`聖晶石 X 2
9月交換券(2022) X 1
`*2600万DL突破記念 特別連続ログインボーナス*
*開催期間中、1日1回 最大7回 連続ログインボーナスをプレゼント！*
`叡智の業火 X 10
`_2022-09-02 19:16:08_
--------
*4ffa60d2f520051b4a05b83b5a84daa0*
`登陆天数: 54天 / 905天
等级: 123
石头: 3233
呼符: 119
体力: 144.67 / 136
友情点: 0 / 2434960`
*連続ログイン5日目
※ログインが途切れるか、7日到達すると
1日目から再開されます*
`叡智の業火 X 2
9月交換券(2022) X 1
`*2600万DL突破記念 特別連続ログインボーナス*
*開催期間中、1日1回 最大7回 連続ログインボーナスをプレゼント！*
`叡智の業火 X 10
`_2022-09-02 19:16:16_
--------
