【登录信息】
*23df700802ec5473b0ba93e6647d6d6e*
`登陆天数: 56天 / 904天
等级: 127
石头: 726
呼符: 107
体力: 75.67 / 137
友情点: 0 / 2858565`
*連続ログイン7日間到達おめでとうございます！
明日は1日目からリスタートされます。*
`獣の足跡 X 1
呼符 X 1
9月交換券(2022) X 1
`*2600万DL突破記念 特別連続ログインボーナス*
*開催期間中、1日1回 最大7回 連続ログインボーナスをプレゼント！*
`QP X 10000000
`_2022-09-03 19:17:45_
--------
*3f0a883330e065432578c3a409161e03*
`登陆天数: 56天 / 905天
等级: 122
石头: 3700
呼符: 105
体力: 147.64333333333335 / 136
友情点: 0 / 15500`
*連続ログイン7日間到達おめでとうございます！
明日は1日目からリスタートされます。*
`獣の足跡 X 1
呼符 X 1
9月交換券(2022) X 1
`*2600万DL突破記念 特別連続ログインボーナス*
*開催期間中、1日1回 最大7回 連続ログインボーナスをプレゼント！*
`QP X 10000000
`_2022-09-03 19:17:53_
--------
*4ffa60d2f520051b4a05b83b5a84daa0*
`登陆天数: 55天 / 906天
等级: 123
石头: 3216
呼符: 119
体力: 15.563333333333333 / 136
友情点: 0 / 2660020`
_2022-09-03 19:18:01_
--------
