【登录信息】
*23df700802ec5473b0ba93e6647d6d6e*
`登陆天数: 57天 / 905天
等级: 127
石头: 726
呼符: 108
体力: 65.46 / 137
友情点: 0 / 585`
*連続ログイン1日目
※ログインが途切れるか、7日到達すると
1日目から再開されます*
`フレンドポイント X 2000
9月交換券(2022) X 1
`*2600万DL突破記念 特別連続ログインボーナス*
*開催期間中、1日1回 最大7回 連続ログインボーナスをプレゼント！*
`英霊結晶・星のフォウくん X 10
`_2022-09-04 19:16:42_
--------
*3f0a883330e065432578c3a409161e03*
`登陆天数: 57天 / 906天
等级: 122
石头: 3693
呼符: 105
体力: 164.05666666666667 / 136
友情点: 0 / 115380`
*連続ログイン1日目
※ログインが途切れるか、7日到達すると
1日目から再開されます*
`フレンドポイント X 2000
9月交換券(2022) X 1
`*2600万DL突破記念 特別連続ログインボーナス*
*開催期間中、1日1回 最大7回 連続ログインボーナスをプレゼント！*
`英霊結晶・星のフォウくん X 10
`_2022-09-04 19:16:50_
--------
*4ffa60d2f520051b4a05b83b5a84daa0*
`登陆天数: 56天 / 907天
等级: 123
石头: 3200
呼符: 119
体力: 81.40333333333334 / 136
友情点: 0 / 2835360`
_2022-09-04 19:16:58_
--------
