【登录信息】
*23df700802ec5473b0ba93e6647d6d6e*
`登陆天数: 58天 / 906天
等级: 127
石头: 726
呼符: 108
体力: 52.519999999999996 / 137
友情点: 0 / 3095`
*連続ログイン2日目
※ログインが途切れるか、7日到達すると
1日目から再開されます*
`聖晶石 X 1
9月交換券(2022) X 1
`*2600万DL突破記念 特別連続ログインボーナス*
*開催期間中、1日1回 最大7回 連続ログインボーナスをプレゼント！*
`英霊結晶・太陽のフォウくん X 10
`_2022-09-05 19:16:30_
--------
*3f0a883330e065432578c3a409161e03*
`登陆天数: 58天 / 907天
等级: 122
石头: 3691
呼符: 105
体力: 340.8466666666667 / 136
友情点: 0 / 141120`
*連続ログイン2日目
※ログインが途切れるか、7日到達すると
1日目から再開されます*
`聖晶石 X 1
9月交換券(2022) X 1
`*2600万DL突破記念 特別連続ログインボーナス*
*開催期間中、1日1回 最大7回 連続ログインボーナスをプレゼント！*
`英霊結晶・太陽のフォウくん X 10
`_2022-09-05 19:16:38_
--------
*4ffa60d2f520051b4a05b83b5a84daa0*
`登陆天数: 57天 / 908天
等级: 123
石头: 3188
呼符: 119
体力: 304.60333333333335 / 136
友情点: 0 / 2959000`
*連続ログイン1日目
※ログインが途切れるか、7日到達すると
1日目から再開されます*
`フレンドポイント X 2000
9月交換券(2022) X 1
`*2600万DL突破記念 特別連続ログインボーナス*
*開催期間中、1日1回 最大7回 連続ログインボーナスをプレゼント！*
`英霊結晶・太陽のフォウくん X 10
`_2022-09-05 19:16:46_
--------
