【登录信息】
*23df700802ec5473b0ba93e6647d6d6e*
`登陆天数: 59天 / 907天
等级: 127
石头: 727
呼符: 108
体力: 134.59333333333333 / 137
友情点: 0 / 3435`
*連続ログイン3日目
※ログインが途切れるか、7日到達すると
1日目から再開されます*
`叡智の業火 X 1
9月交換券(2022) X 1
`*2600万DL突破記念 特別連続ログインボーナス*
*開催期間中、1日1回 最大7回 連続ログインボーナスをプレゼント！*
`呼符 X 10
`_2022-09-06 19:16:52_
--------
*3f0a883330e065432578c3a409161e03*
`登陆天数: 59天 / 908天
等级: 122
石头: 3673
呼符: 106
体力: 138.84 / 136
友情点: 0 / 345960`
*連続ログイン3日目
※ログインが途切れるか、7日到達すると
1日目から再開されます*
`叡智の業火 X 1
9月交換券(2022) X 1
`*2600万DL突破記念 特別連続ログインボーナス*
*開催期間中、1日1回 最大7回 連続ログインボーナスをプレゼント！*
`呼符 X 10
`_2022-09-06 19:17:00_
--------
*4ffa60d2f520051b4a05b83b5a84daa0*
`登陆天数: 58天 / 909天
等级: 123
石头: 3167
呼符: 120
体力: 79.34666666666666 / 136
友情点: 0 / 3248100`
_2022-09-06 19:17:08_
--------
