【登录信息】
*23df700802ec5473b0ba93e6647d6d6e*
`登陆天数: 60天 / 908天
等级: 127
石头: 726
呼符: 118
体力: 65.27 / 137
友情点: 0 / 4115`
*連続ログイン4日目
※ログインが途切れるか、7日到達すると
1日目から再開されます*
`聖晶石 X 1
9月交換券(2022) X 1
`_2022-09-07 19:18:02_
--------
*3f0a883330e065432578c3a409161e03*
`登陆天数: 60天 / 909天
等级: 122
石头: 3660
呼符: 116
体力: 128.33 / 136
友情点: 0 / 487420`
_2022-09-07 19:18:10_
--------
*4ffa60d2f520051b4a05b83b5a84daa0*
`登陆天数: 59天 / 910天
等级: 123
石头: 3152
呼符: 120
体力: 128.32666666666665 / 136
友情点: 0 / 3407820`
*連続ログイン3日目
※ログインが途切れるか、7日到達すると
1日目から再開されます*
`叡智の業火 X 1
9月交換券(2022) X 1
`_2022-09-07 19:18:18_
--------
