【登录信息】
*23df700802ec5473b0ba93e6647d6d6e*
`登陆天数: 61天 / 909天
等级: 127
石头: 731
呼符: 118
体力: 49.400000000000006 / 137
友情点: 0 / 5645`
*連続ログイン5日目
※ログインが途切れるか、7日到達すると
1日目から再開されます*
`叡智の業火 X 2
9月交換券(2022) X 1
`_2022-09-08 19:18:47_
--------
*3f0a883330e065432578c3a409161e03*
`登陆天数: 61天 / 910天
等级: 122
石头: 3650
呼符: 116
体力: 87.72666666666666 / 136
友情点: 0 / 679040`
*連続ログイン5日目
※ログインが途切れるか、7日到達すると
1日目から再開されます*
`叡智の業火 X 2
9月交換券(2022) X 1
`_2022-09-08 19:18:55_
--------
*4ffa60d2f520051b4a05b83b5a84daa0*
`登陆天数: 60天 / 911天
等级: 123
石头: 3140
呼符: 130
体力: 82.82333333333332 / 136
友情点: 0 / 3599440`
_2022-09-08 19:19:03_
--------
