【登录信息】
*23df700802ec5473b0ba93e6647d6d6e*
`登陆天数: 63天 / 911天
等级: 127
石头: 743
呼符: 118
体力: 65.02 / 137
友情点: 0 / 11425`
*連続ログイン7日間到達おめでとうございます！
明日は1日目からリスタートされます。*
`獣の足跡 X 1
呼符 X 1
9月交換券(2022) X 1
`_2022-09-10 19:16:59_
--------
*3f0a883330e065432578c3a409161e03*
`登陆天数: 63天 / 912天
等级: 122
石头: 3624
呼符: 116
体力: 33.86 / 136
友情点: 0 / 1550680`
*連続ログイン7日間到達おめでとうございます！
明日は1日目からリスタートされます。*
`獣の足跡 X 1
呼符 X 1
9月交換券(2022) X 1
`_2022-09-10 19:17:08_
--------
*4ffa60d2f520051b4a05b83b5a84daa0*
`登陆天数: 62天 / 913天
等级: 123
石头: 3121
呼符: 130
体力: 34.18333333333334 / 136
友情点: 0 / 4419600`
*連続ログイン6日目
※ログインが途切れるか、7日到達すると
1日目から再開されます*
`聖晶石 X 2
9月交換券(2022) X 1
`_2022-09-10 19:17:16_
--------
