【登录信息】
*23df700802ec5473b0ba93e6647d6d6e*
`登陆天数: 64天 / 912天
等级: 127
石头: 741
呼符: 119
体力: 48.43000000000001 / 137
友情点: 0 / 13465`
*連続ログイン1日目
※ログインが途切れるか、7日到達すると
1日目から再開されます*
`フレンドポイント X 2000
9月交換券(2022) X 1
`_2022-09-11 19:17:18_
--------
*3f0a883330e065432578c3a409161e03*
`登陆天数: 64天 / 913天
等级: 122
石头: 3602
呼符: 116
体力: 140.31333333333333 / 136
友情点: 0 / 2113880`
*連続ログイン1日目
※ログインが途切れるか、7日到達すると
1日目から再開されます*
`フレンドポイント X 2000
9月交換券(2022) X 1
`_2022-09-11 19:17:26_
--------
*4ffa60d2f520051b4a05b83b5a84daa0*
`登陆天数: 63天 / 914天
等级: 123
石头: 3088
呼符: 130
体力: 32.41666666666667 / 136
友情点: 0 / 5117000`
_2022-09-11 19:17:34_
--------
