【登录信息】
*23df700802ec5473b0ba93e6647d6d6e*
`登陆天数: 66天 / 914天
等级: 127
石头: 742
呼符: 119
体力: 69.04 / 137
友情点: 0 / 16825`
*連続ログイン3日目
※ログインが途切れるか、7日到達すると
1日目から再開されます*
`叡智の業火 X 1
9月交換券(2022) X 1
`_2022-09-13 19:17:32_
--------
*3f0a883330e065432578c3a409161e03*
`登陆天数: 66天 / 915天
等级: 122
石头: 3538
呼符: 116
体力: 123.09 / 136
友情点: 0 / 3466440`
*連続ログイン3日目
※ログインが途切れるか、7日到達すると
1日目から再開されます*
`叡智の業火 X 1
9月交換券(2022) X 1
`_2022-09-13 19:17:41_
--------
*4ffa60d2f520051b4a05b83b5a84daa0*
`登陆天数: 65天 / 916天
等级: 123
石头: 3030
呼符: 130
体力: 64.49666666666667 / 136
友情点: 0 / 6449760`
_2022-09-13 19:17:49_
--------
