【登录信息】
*23df700802ec5473b0ba93e6647d6d6e*
`登陆天数: 67天 / 915天
等级: 127
石头: 738
呼符: 119
体力: 74.87 / 137
友情点: 0 / 96725`
*連続ログイン4日目
※ログインが途切れるか、7日到達すると
1日目から再開されます*
`聖晶石 X 1
9月交換券(2022) X 1
`*FGO カルデア放送局 ライト版 ～ぐだぐだ新邪馬台国～
放送記念 初回ログインボーナス*
*開催期間中、初回ログインで「聖晶石×14」をプレゼント！*
`聖晶石 X 14
`_2022-09-14 19:19:14_
--------
*3f0a883330e065432578c3a409161e03*
`登陆天数: 67天 / 916天
等级: 122
石头: 3532
呼符: 116
体力: 248.37666666666667 / 136
友情点: 0 / 3644640`
*連続ログイン4日目
※ログインが途切れるか、7日到達すると
1日目から再開されます*
`聖晶石 X 1
9月交換券(2022) X 1
`*FGO カルデア放送局 ライト版 ～ぐだぐだ新邪馬台国～
放送記念 初回ログインボーナス*
*開催期間中、初回ログインで「聖晶石×14」をプレゼント！*
`聖晶石 X 14
`_2022-09-14 19:19:22_
--------
*4ffa60d2f520051b4a05b83b5a84daa0*
`登陆天数: 66天 / 917天
等级: 123
石头: 3021
呼符: 130
体力: 317.9133333333333 / 136
友情点: 0 / 6633240`
*連続ログイン3日目
※ログインが途切れるか、7日到達すると
1日目から再開されます*
`叡智の業火 X 1
9月交換券(2022) X 1
`*FGO カルデア放送局 ライト版 ～ぐだぐだ新邪馬台国～
放送記念 初回ログインボーナス*
*開催期間中、初回ログインで「聖晶石×14」をプレゼント！*
`聖晶石 X 14
`_2022-09-14 19:19:30_
--------
