【登录信息】
*23df700802ec5473b0ba93e6647d6d6e*
`登陆天数: 69天 / 917天
等级: 127
石头: 759
呼符: 119
体力: 61.980000000000004 / 137
友情点: 0 / 97890`
*連続ログイン6日目
※ログインが途切れるか、7日到達すると
1日目から再開されます*
`聖晶石 X 2
9月交換券(2022) X 1
`_2022-09-16 19:19:46_
--------
*3f0a883330e065432578c3a409161e03*
`登陆天数: 69天 / 918天
等级: 122
石头: 3553
呼符: 117
体力: 218.65333333333334 / 136
友情点: 0 / 3649060`
*連続ログイン6日目
※ログインが途切れるか、7日到達すると
1日目から再開されます*
`聖晶石 X 2
9月交換券(2022) X 1
`_2022-09-16 19:19:54_
--------
*4ffa60d2f520051b4a05b83b5a84daa0*
`登陆天数: 68天 / 919天
等级: 123
石头: 3043
呼符: 131
体力: 218.43666666666667 / 136
友情点: 0 / 6637000`
*連続ログイン5日目
※ログインが途切れるか、7日到達すると
1日目から再開されます*
`叡智の業火 X 2
9月交換券(2022) X 1
`_2022-09-16 19:20:02_
--------
