【登录信息】
*23df700802ec5473b0ba93e6647d6d6e*
`登陆天数: 70天 / 918天
等级: 127
石头: 761
呼符: 119
体力: 69.52 / 137
友情点: 0 / 97890`
*連続ログイン7日間到達おめでとうございます！
明日は1日目からリスタートされます。*
`獣の足跡 X 1
呼符 X 1
9月交換券(2022) X 1
`*京都国際マンガ・アニメフェア2022
出展記念 初回ログインボーナス*
*開催期間中、初回ログインで「聖晶石×10」をプレゼント！*
`聖晶石 X 10
`_2022-09-17 19:17:28_
--------
*3f0a883330e065432578c3a409161e03*
`登陆天数: 70天 / 919天
等级: 122
石头: 3553
呼符: 117
体力: 186.63666666666666 / 136
友情点: 0 / 3649940`
*連続ログイン7日間到達おめでとうございます！
明日は1日目からリスタートされます。*
`獣の足跡 X 1
呼符 X 1
9月交換券(2022) X 1
`*京都国際マンガ・アニメフェア2022
出展記念 初回ログインボーナス*
*開催期間中、初回ログインで「聖晶石×10」をプレゼント！*
`聖晶石 X 10
`_2022-09-17 19:17:36_
--------
*4ffa60d2f520051b4a05b83b5a84daa0*
`登陆天数: 69天 / 920天
等级: 123
石头: 3043
呼符: 131
体力: 185.43333333333334 / 136
友情点: 0 / 6637880`
*連続ログイン6日目
※ログインが途切れるか、7日到達すると
1日目から再開されます*
`聖晶石 X 2
9月交換券(2022) X 1
`*京都国際マンガ・アニメフェア2022
出展記念 初回ログインボーナス*
*開催期間中、初回ログインで「聖晶石×10」をプレゼント！*
`聖晶石 X 10
`_2022-09-17 19:17:44_
--------
