【登录信息】
*23df700802ec5473b0ba93e6647d6d6e*
`登陆天数: 71天 / 919天
等级: 127
石头: 776
呼符: 120
体力: 56.57333333333334 / 137
友情点: 0 / 100050`
*連続ログイン1日目
※ログインが途切れるか、7日到達すると
1日目から再開されます*
`フレンドポイント X 2000
9月交換券(2022) X 1
`_2022-09-18 19:17:45_
--------
*3f0a883330e065432578c3a409161e03*
`登陆天数: 71天 / 920天
等级: 122
石头: 3553
呼符: 117
体力: 474.69 / 136
友情点: 0 / 3649940`
*連続ログイン1日目
※ログインが途切れるか、7日到達すると
1日目から再開されます*
`フレンドポイント X 2000
9月交換券(2022) X 1
`_2022-09-18 19:17:53_
--------
*4ffa60d2f520051b4a05b83b5a84daa0*
`登陆天数: 70天 / 921天
等级: 123
石头: 3043
呼符: 131
体力: 473.49 / 136
友情点: 0 / 6637880`
*連続ログイン7日間到達おめでとうございます！
明日は1日目からリスタートされます。*
`獣の足跡 X 1
呼符 X 1
9月交換券(2022) X 1
`_2022-09-18 19:18:01_
--------
