【登录信息】
*23df700802ec5473b0ba93e6647d6d6e*
`登陆天数: 72天 / 920天
等级: 127
石头: 777
呼符: 120
体力: 85.03333333333333 / 137
友情点: 0 / 102305`
*連続ログイン2日目
※ログインが途切れるか、7日到達すると
1日目から再開されます*
`聖晶石 X 1
9月交換券(2022) X 1
`_2022-09-19 19:20:02_
--------
*3f0a883330e065432578c3a409161e03*
`登陆天数: 72天 / 921天
等级: 122
石头: 3553
呼符: 117
体力: 185.30666666666667 / 136
友情点: 0 / 3650820`
*連続ログイン2日目
※ログインが途切れるか、7日到達すると
1日目から再開されます*
`聖晶石 X 1
9月交換券(2022) X 1
`_2022-09-19 19:20:10_
--------
*4ffa60d2f520051b4a05b83b5a84daa0*
`登陆天数: 71天 / 922天
等级: 123
石头: 3043
呼符: 131
体力: 184.60333333333332 / 136
友情点: 0 / 6638760`
*連続ログイン1日目
※ログインが途切れるか、7日到達すると
1日目から再開されます*
`フレンドポイント X 2000
9月交換券(2022) X 1
`_2022-09-19 19:20:18_
--------
