【登录信息】
*23df700802ec5473b0ba93e6647d6d6e*
`登陆天数: 79天 / 927天
等级: 127
石头: 783
呼符: 121
体力: 1060.27 / 137
友情点: 0 / 105735`
*連続ログイン2日目
※ログインが途切れるか、7日到達すると
1日目から再開されます*
`聖晶石 X 1
9月交換券(2022) X 1
`_2022-09-26 19:20:16_
--------
*3f0a883330e065432578c3a409161e03*
`登陆天数: 79天 / 928天
等级: 122
石头: 3553
呼符: 117
体力: 2201.3533333333335 / 136
友情点: 0 / 3650820`
*連続ログイン2日目
※ログインが途切れるか、7日到達すると
1日目から再開されます*
`聖晶石 X 1
9月交換券(2022) X 1
`_2022-09-26 19:20:24_
--------
*4ffa60d2f520051b4a05b83b5a84daa0*
`登陆天数: 78天 / 929天
等级: 123
石头: 3043
呼符: 131
体力: 2200.65 / 136
友情点: 0 / 6638760`
*連続ログイン1日目
※ログインが途切れるか、7日到達すると
1日目から再開されます*
`フレンドポイント X 2000
9月交換券(2022) X 1
`_2022-09-26 19:20:32_
--------
