【登录信息】
*23df700802ec5473b0ba93e6647d6d6e*
`登陆天数: 81天 / 929天
等级: 127
石头: 783
呼符: 121
体力: 1636.8233333333333 / 137
友情点: 0 / 105735`
*連続ログイン4日目
※ログインが途切れるか、7日到達すると
1日目から再開されます*
`聖晶石 X 1
9月交換券(2022) X 1
`*Road to 7 [Lostbelt No.5 アトランティス]開催！*
*Road to 7 [Lostbelt No.5 アトランティス]開催！*
``_2022-09-28 19:23:02_
--------
*3f0a883330e065432578c3a409161e03*
`登陆天数: 81天 / 930天
等级: 122
石头: 3553
呼符: 117
体力: 2777.9066666666668 / 136
友情点: 0 / 3650820`
*連続ログイン4日目
※ログインが途切れるか、7日到達すると
1日目から再開されます*
`聖晶石 X 1
9月交換券(2022) X 1
`*Road to 7 [Lostbelt No.5 アトランティス]開催！*
*Road to 7 [Lostbelt No.5 アトランティス]開催！*
``_2022-09-28 19:23:10_
--------
*4ffa60d2f520051b4a05b83b5a84daa0*
`登陆天数: 80天 / 931天
等级: 123
石头: 3043
呼符: 131
体力: 2777.2033333333334 / 136
友情点: 0 / 6638760`
*連続ログイン3日目
※ログインが途切れるか、7日到達すると
1日目から再開されます*
`叡智の業火 X 1
9月交換券(2022) X 1
`*Road to 7 [Lostbelt No.5 アトランティス]開催！*
*Road to 7 [Lostbelt No.5 アトランティス]開催！*
``_2022-09-28 19:23:18_
--------
