【登录信息】
[5be1eb651b6f675892f00b0952b3cadb]
`登陆天数: 182天 / 792天
等级: 145
石头: 3
友情点: 900 / 1679445`
*連続ログイン7日間到達おめでとうございます！
明日は1日目からリスタートされます。*
`獣の足跡 X 1
呼符 X 1
10月交換券(2020) X 1
`_2020-09-30 19:36:33_
--------
[9cfc24f569d65a92010a7c9549af2192]
`登陆天数: 182天 / 276天
等级: 91
石头: 1
友情点: 25 / 318755`
*連続ログイン7日間到達おめでとうございます！
明日は1日目からリスタートされます。*
`獣の足跡 X 1
呼符 X 1
10月交換券(2020) X 1
`_2020-09-30 19:36:43_
--------
[dfc9a9f4b3655841a6372642c60bb90d]
`登陆天数: 182天 / 333天
等级: 91
石头: 34
友情点: 0 / 498545`
*連続ログイン7日間到達おめでとうございます！
明日は1日目からリスタートされます。*
`獣の足跡 X 1
呼符 X 1
10月交換券(2020) X 1
`_2020-09-30 19:36:52_
--------
[489b9caeed7f023e28fa9d1e9b69c384]
`登陆天数: 72天 / 72天
等级: 91
石头: 5
友情点: 25 / 270655`
*連続ログイン2日目
※ログインが途切れるか、7日到達すると
1日目から再開されます*
`聖晶石 X 1
10月交換券(2020) X 1
`_2020-09-30 19:37:00_
--------
