【登录信息】
[5be1eb651b6f675892f00b0952b3cadb]
`登陆天数: 183天 / 793天
等级: 145
石头: 0
友情点: 30695 / 1711085`
*連続ログイン1日目
※ログインが途切れるか、7日到達すると
1日目から再開されます*
`フレンドポイント X 2000
10月交換券(2020) X 1
`_2020-10-01 19:39:05_
--------
[9cfc24f569d65a92010a7c9549af2192]
`登陆天数: 183天 / 277天
等级: 91
石头: 1
友情点: 0 / 319905`
*連続ログイン1日目
※ログインが途切れるか、7日到達すると
1日目から再開されます*
`フレンドポイント X 2000
10月交換券(2020) X 1
`_2020-10-01 19:39:15_
--------
[dfc9a9f4b3655841a6372642c60bb90d]
`登陆天数: 183天 / 334天
等级: 91
石头: 34
友情点: 0 / 499645`
*連続ログイン1日目
※ログインが途切れるか、7日到達すると
1日目から再開されます*
`フレンドポイント X 2000
10月交換券(2020) X 1
`_2020-10-01 19:39:23_
--------
[489b9caeed7f023e28fa9d1e9b69c384]
`登陆天数: 73天 / 73天
等级: 91
石头: 5
友情点: 0 / 271805`
*連続ログイン3日目
※ログインが途切れるか、7日到達すると
1日目から再開されます*
`叡智の猛火 X 1
10月交換券(2020) X 1
`_2020-10-01 19:39:31_
--------
