【登录信息】
[5be1eb651b6f675892f00b0952b3cadb]
`登陆天数: 184天 / 794天
等级: 145
石头: 0
友情点: 50 / 1772485`
*連続ログイン2日目
※ログインが途切れるか、7日到達すると
1日目から再開されます*
`聖晶石 X 1
10月交換券(2020) X 1
`_2020-10-02 19:36:38_
--------
[9cfc24f569d65a92010a7c9549af2192]
`登陆天数: 184天 / 278天
等级: 91
石头: 1
友情点: 25 / 322205`
*連続ログイン2日目
※ログインが途切れるか、7日到達すると
1日目から再開されます*
`聖晶石 X 1
10月交換券(2020) X 1
`_2020-10-02 19:36:48_
--------
[dfc9a9f4b3655841a6372642c60bb90d]
`登陆天数: 184天 / 335天
等级: 91
石头: 34
友情点: 0 / 501865`
*連続ログイン2日目
※ログインが途切れるか、7日到達すると
1日目から再開されます*
`聖晶石 X 1
10月交換券(2020) X 1
`_2020-10-02 19:36:56_
--------
[489b9caeed7f023e28fa9d1e9b69c384]
`登陆天数: 74天 / 74天
等级: 91
石头: 5
友情点: 0 / 274005`
*連続ログイン4日目
※ログインが途切れるか、7日到達すると
1日目から再開されます*
`聖晶石 X 1
10月交換券(2020) X 1
`_2020-10-02 19:37:04_
--------
