【登录信息】
[5be1eb651b6f675892f00b0952b3cadb]
`登陆天数: 185天 / 795天
等级: 145
石头: 3
友情点: 45 / 1828985`
*連続ログイン3日目
※ログインが途切れるか、7日到達すると
1日目から再開されます*
`叡智の猛火 X 1
10月交換券(2020) X 1
`_2020-10-03 19:36:24_
--------
[9cfc24f569d65a92010a7c9549af2192]
`登陆天数: 185天 / 279天
等级: 91
石头: 1
友情点: 50 / 324505`
*連続ログイン3日目
※ログインが途切れるか、7日到達すると
1日目から再開されます*
`叡智の猛火 X 1
10月交換券(2020) X 1
`_2020-10-03 19:36:33_
--------
[dfc9a9f4b3655841a6372642c60bb90d]
`登陆天数: 185天 / 336天
等级: 91
石头: 34
友情点: 0 / 504075`
*連続ログイン3日目
※ログインが途切れるか、7日到達すると
1日目から再開されます*
`叡智の猛火 X 1
10月交換券(2020) X 1
`_2020-10-03 19:36:40_
--------
[489b9caeed7f023e28fa9d1e9b69c384]
`登陆天数: 75天 / 75天
等级: 91
石头: 5
友情点: 25 / 276230`
*連続ログイン5日目
※ログインが途切れるか、7日到達すると
1日目から再開されます*
`叡智の猛火 X 2
10月交換券(2020) X 1
`_2020-10-03 19:36:48_
--------
