【登录信息】
[5be1eb651b6f675892f00b0952b3cadb]
`登陆天数: 186天 / 796天
等级: 145
石头: 5
友情点: 29600 / 1889820`
*連続ログイン4日目
※ログインが途切れるか、7日到達すると
1日目から再開されます*
`聖晶石 X 1
10月交換券(2020) X 1
`_2020-10-04 19:36:29_
--------
[9cfc24f569d65a92010a7c9549af2192]
`登陆天数: 186天 / 280天
等级: 91
石头: 1
友情点: 50 / 326755`
*連続ログイン4日目
※ログインが途切れるか、7日到達すると
1日目から再開されます*
`聖晶石 X 1
10月交換券(2020) X 1
`_2020-10-04 19:36:38_
--------
[dfc9a9f4b3655841a6372642c60bb90d]
`登陆天数: 186天 / 337天
等级: 91
石头: 34
友情点: 10 / 506285`
*連続ログイン4日目
※ログインが途切れるか、7日到達すると
1日目から再開されます*
`聖晶石 X 1
10月交換券(2020) X 1
`_2020-10-04 19:36:46_
--------
[489b9caeed7f023e28fa9d1e9b69c384]
`登陆天数: 76天 / 76天
等级: 91
石头: 5
友情点: 50 / 278530`
*連続ログイン6日目
※ログインが途切れるか、7日到達すると
1日目から再開されます*
`聖晶石 X 2
10月交換券(2020) X 1
`_2020-10-04 19:36:53_
--------
