【登录信息】
[5be1eb651b6f675892f00b0952b3cadb]
`登陆天数: 187天 / 797天
等级: 145
石头: 8
友情点: 29600 / 1925770`
*連続ログイン5日目
※ログインが途切れるか、7日到達すると
1日目から再開されます*
`叡智の猛火 X 2
10月交換券(2020) X 1
`_2020-10-05 19:36:49_
--------
[9cfc24f569d65a92010a7c9549af2192]
`登陆天数: 187天 / 281天
等级: 91
石头: 1
友情点: 25 / 328180`
*連続ログイン5日目
※ログインが途切れるか、7日到達すると
1日目から再開されます*
`叡智の猛火 X 2
10月交換券(2020) X 1
`_2020-10-05 19:36:59_
--------
[dfc9a9f4b3655841a6372642c60bb90d]
`登陆天数: 187天 / 338天
等级: 91
石头: 34
友情点: 0 / 507710`
*連続ログイン5日目
※ログインが途切れるか、7日到達すると
1日目から再開されます*
`叡智の猛火 X 2
10月交換券(2020) X 1
`_2020-10-05 19:37:06_
--------
[489b9caeed7f023e28fa9d1e9b69c384]
`登陆天数: 77天 / 77天
等级: 91
石头: 5
友情点: 0 / 279955`
*連続ログイン7日間到達おめでとうございます！
明日は1日目からリスタートされます。*
`獣の足跡 X 1
呼符 X 1
10月交換券(2020) X 1
`_2020-10-05 19:37:15_
--------
