【登录信息】
[5be1eb651b6f675892f00b0952b3cadb]
`登陆天数: 188天 / 798天
等级: 145
石头: 12
友情点: 10 / 1985530`
*連続ログイン6日目
※ログインが途切れるか、7日到達すると
1日目から再開されます*
`聖晶石 X 2
10月交換券(2020) X 1
`_2020-10-06 19:37:06_
--------
[9cfc24f569d65a92010a7c9549af2192]
`登陆天数: 188天 / 282天
等级: 91
石头: 1
友情点: 0 / 330380`
*連続ログイン6日目
※ログインが途切れるか、7日到達すると
1日目から再開されます*
`聖晶石 X 2
10月交換券(2020) X 1
`_2020-10-06 19:37:15_
--------
[dfc9a9f4b3655841a6372642c60bb90d]
`登陆天数: 188天 / 339天
等级: 91
石头: 34
友情点: 25 / 509935`
*連続ログイン6日目
※ログインが途切れるか、7日到達すると
1日目から再開されます*
`聖晶石 X 2
10月交換券(2020) X 1
`_2020-10-06 19:37:23_
--------
[489b9caeed7f023e28fa9d1e9b69c384]
`登陆天数: 78天 / 78天
等级: 91
石头: 5
友情点: 0 / 282155`
*連続ログイン1日目
※ログインが途切れるか、7日到達すると
1日目から再開されます*
`フレンドポイント X 2000
10月交換券(2020) X 1
`_2020-10-06 19:37:31_
--------
