【登录信息】
[5be1eb651b6f675892f00b0952b3cadb]
`登陆天数: 189天 / 799天
等级: 145
石头: 14
友情点: 0 / 2045255`
*連続ログイン7日間到達おめでとうございます！
明日は1日目からリスタートされます。*
`獣の足跡 X 1
呼符 X 1
10月交換券(2020) X 1
`_2020-10-07 19:37:14_
--------
[9cfc24f569d65a92010a7c9549af2192]
`登陆天数: 189天 / 283天
等级: 91
石头: 1
友情点: 50 / 332630`
*連続ログイン7日間到達おめでとうございます！
明日は1日目からリスタートされます。*
`獣の足跡 X 1
呼符 X 1
10月交換券(2020) X 1
`_2020-10-07 19:37:25_
--------
[dfc9a9f4b3655841a6372642c60bb90d]
`登陆天数: 189天 / 340天
等级: 91
石头: 34
友情点: 0 / 512135`
*連続ログイン7日間到達おめでとうございます！
明日は1日目からリスタートされます。*
`獣の足跡 X 1
呼符 X 1
10月交換券(2020) X 1
`_2020-10-07 19:37:34_
--------
[489b9caeed7f023e28fa9d1e9b69c384]
`登陆天数: 79天 / 79天
等级: 91
石头: 5
友情点: 25 / 284430`
*連続ログイン2日目
※ログインが途切れるか、7日到達すると
1日目から再開されます*
`聖晶石 X 1
10月交換券(2020) X 1
`_2020-10-07 19:37:43_
--------
