【登录信息】
[5be1eb651b6f675892f00b0952b3cadb]
`登陆天数: 190天 / 800天
等级: 145
石头: 14
友情点: 29100 / 2104330`
*連続ログイン1日目
※ログインが途切れるか、7日到達すると
1日目から再開されます*
`フレンドポイント X 2000
10月交換券(2020) X 1
`_2020-10-08 19:37:11_
--------
[9cfc24f569d65a92010a7c9549af2192]
`登陆天数: 190天 / 284天
等级: 91
石头: 1
友情点: 50 / 334905`
*連続ログイン1日目
※ログインが途切れるか、7日到達すると
1日目から再開されます*
`フレンドポイント X 2000
10月交換券(2020) X 1
`_2020-10-08 19:37:19_
--------
[dfc9a9f4b3655841a6372642c60bb90d]
`登陆天数: 190天 / 341天
等级: 91
石头: 34
友情点: 0 / 514335`
*連続ログイン1日目
※ログインが途切れるか、7日到達すると
1日目から再開されます*
`フレンドポイント X 2000
10月交換券(2020) X 1
`_2020-10-08 19:37:28_
--------
[489b9caeed7f023e28fa9d1e9b69c384]
`登陆天数: 80天 / 80天
等级: 91
石头: 5
友情点: 25 / 286655`
*連続ログイン3日目
※ログインが途切れるか、7日到達すると
1日目から再開されます*
`叡智の猛火 X 1
10月交換券(2020) X 1
`_2020-10-08 19:37:36_
--------
