【登录信息】
[5be1eb651b6f675892f00b0952b3cadb]
`登陆天数: 191天 / 801天
等级: 145
石头: 54
友情点: 0 / 2155155`
*連続ログイン2日目
※ログインが途切れるか、7日到達すると
1日目から再開されます*
`聖晶石 X 1
10月交換券(2020) X 1
`*FGO THE STAGE -冠位時間神殿ソロモン- 公演記念特別ログインボーナス！*
*開催期間中、1日1回 最大8回 ログインボーナスをプレゼント！*
`黄金の果実 X 1
`_2020-10-09 19:36:56_
--------
[9cfc24f569d65a92010a7c9549af2192]
`登陆天数: 191天 / 285天
等级: 91
石头: 1
友情点: 50 / 337180`
*連続ログイン2日目
※ログインが途切れるか、7日到達すると
1日目から再開されます*
`聖晶石 X 1
10月交換券(2020) X 1
`*「リリース1900日突破キャンペーン」初回ログインボーナス*
*開催期間中、初回ログインで「聖晶石×10」をプレゼント！*
`聖晶石 X 10
`_2020-10-09 19:37:06_
--------
[dfc9a9f4b3655841a6372642c60bb90d]
`登陆天数: 191天 / 342天
等级: 91
石头: 34
友情点: 0 / 516535`
*連続ログイン2日目
※ログインが途切れるか、7日到達すると
1日目から再開されます*
`聖晶石 X 1
10月交換券(2020) X 1
`*「リリース1900日突破キャンペーン」初回ログインボーナス*
*開催期間中、初回ログインで「聖晶石×10」をプレゼント！*
`聖晶石 X 10
`_2020-10-09 19:37:14_
--------
[489b9caeed7f023e28fa9d1e9b69c384]
`登陆天数: 81天 / 81天
等级: 91
石头: 5
友情点: 0 / 288855`
*連続ログイン4日目
※ログインが途切れるか、7日到達すると
1日目から再開されます*
`聖晶石 X 1
10月交換券(2020) X 1
`*「リリース1900日突破キャンペーン」初回ログインボーナス*
*開催期間中、初回ログインで「聖晶石×10」をプレゼント！*
`聖晶石 X 10
`_2020-10-09 19:37:23_
--------
