【登录信息】
[5be1eb651b6f675892f00b0952b3cadb]
`登陆天数: 192天 / 802天
等级: 145
石头: 72
友情点: 29600 / 2213655`
*連続ログイン3日目
※ログインが途切れるか、7日到達すると
1日目から再開されます*
`叡智の猛火 X 1
10月交換券(2020) X 1
`*FGO THE STAGE -冠位時間神殿ソロモン- 公演記念特別ログインボーナス！*
*開催期間中、1日1回 最大8回 ログインボーナスをプレゼント！*
`黄金の果実 X 1
`_2020-10-10 19:37:17_
--------
[9cfc24f569d65a92010a7c9549af2192]
`登陆天数: 192天 / 286天
等级: 91
石头: 1
友情点: 0 / 339430`
*連続ログイン3日目
※ログインが途切れるか、7日到達すると
1日目から再開されます*
`叡智の猛火 X 1
10月交換券(2020) X 1
`*FGO THE STAGE -冠位時間神殿ソロモン- 公演記念特別ログインボーナス！*
*開催期間中、1日1回 最大8回 ログインボーナスをプレゼント！*
`黄金の果実 X 1
`_2020-10-10 19:37:26_
--------
[dfc9a9f4b3655841a6372642c60bb90d]
`登陆天数: 192天 / 343天
等级: 91
石头: 34
友情点: 0 / 518735`
*連続ログイン3日目
※ログインが途切れるか、7日到達すると
1日目から再開されます*
`叡智の猛火 X 1
10月交換券(2020) X 1
`*FGO THE STAGE -冠位時間神殿ソロモン- 公演記念特別ログインボーナス！*
*開催期間中、1日1回 最大8回 ログインボーナスをプレゼント！*
`黄金の果実 X 1
`_2020-10-10 19:37:35_
--------
[489b9caeed7f023e28fa9d1e9b69c384]
`登陆天数: 82天 / 82天
等级: 91
石头: 5
友情点: 0 / 291055`
*連続ログイン5日目
※ログインが途切れるか、7日到達すると
1日目から再開されます*
`叡智の猛火 X 2
10月交換券(2020) X 1
`*FGO THE STAGE -冠位時間神殿ソロモン- 公演記念特別ログインボーナス！*
*開催期間中、1日1回 最大8回 ログインボーナスをプレゼント！*
`黄金の果実 X 1
`_2020-10-10 19:37:43_
--------
