【登录信息】
[5be1eb651b6f675892f00b0952b3cadb]
`登陆天数: 193天 / 803天
等级: 145
石头: 73
友情点: 0 / 2235230`
*連続ログイン4日目
※ログインが途切れるか、7日到達すると
1日目から再開されます*
`聖晶石 X 1
10月交換券(2020) X 1
`*FGO THE STAGE -冠位時間神殿ソロモン- 公演記念特別ログインボーナス！*
*開催期間中、1日1回 最大8回 ログインボーナスをプレゼント！*
`黄金の果実 X 1
`_2020-10-11 19:36:51_
--------
[9cfc24f569d65a92010a7c9549af2192]
`登陆天数: 193天 / 287天
等级: 91
石头: 1
友情点: 100 / 340630`
*連続ログイン4日目
※ログインが途切れるか、7日到達すると
1日目から再開されます*
`聖晶石 X 1
10月交換券(2020) X 1
`*FGO THE STAGE -冠位時間神殿ソロモン- 公演記念特別ログインボーナス！*
*開催期間中、1日1回 最大8回 ログインボーナスをプレゼント！*
`黄金の果実 X 1
`_2020-10-11 19:37:01_
--------
[dfc9a9f4b3655841a6372642c60bb90d]
`登陆天数: 193天 / 344天
等级: 91
石头: 34
友情点: 0 / 519835`
*連続ログイン4日目
※ログインが途切れるか、7日到達すると
1日目から再開されます*
`聖晶石 X 1
10月交換券(2020) X 1
`*FGO THE STAGE -冠位時間神殿ソロモン- 公演記念特別ログインボーナス！*
*開催期間中、1日1回 最大8回 ログインボーナスをプレゼント！*
`黄金の果実 X 1
`_2020-10-11 19:37:09_
--------
[489b9caeed7f023e28fa9d1e9b69c384]
`登陆天数: 83天 / 83天
等级: 91
石头: 5
友情点: 0 / 292155`
*連続ログイン6日目
※ログインが途切れるか、7日到達すると
1日目から再開されます*
`聖晶石 X 2
10月交換券(2020) X 1
`*FGO THE STAGE -冠位時間神殿ソロモン- 公演記念特別ログインボーナス！*
*開催期間中、1日1回 最大8回 ログインボーナスをプレゼント！*
`黄金の果実 X 1
`_2020-10-11 19:37:17_
--------
