【登录信息】
[5be1eb651b6f675892f00b0952b3cadb]
`登陆天数: 194天 / 804天
等级: 145
石头: 74
友情点: 14700 / 2305590`
*連続ログイン5日目
※ログインが途切れるか、7日到達すると
1日目から再開されます*
`叡智の猛火 X 2
10月交換券(2020) X 1
`*FGO THE STAGE -冠位時間神殿ソロモン- 公演記念特別ログインボーナス！*
*開催期間中、1日1回 最大8回 ログインボーナスをプレゼント！*
`聖晶石 X 1
`_2020-10-12 19:36:47_
--------
[9cfc24f569d65a92010a7c9549af2192]
`登陆天数: 194天 / 288天
等级: 91
石头: 1
友情点: 10 / 342850`
*連続ログイン5日目
※ログインが途切れるか、7日到達すると
1日目から再開されます*
`叡智の猛火 X 2
10月交換券(2020) X 1
`*FGO THE STAGE -冠位時間神殿ソロモン- 公演記念特別ログインボーナス！*
*開催期間中、1日1回 最大8回 ログインボーナスをプレゼント！*
`聖晶石 X 1
`_2020-10-12 19:36:56_
--------
[dfc9a9f4b3655841a6372642c60bb90d]
`登陆天数: 194天 / 345天
等级: 91
石头: 34
友情点: 0 / 522035`
*連続ログイン5日目
※ログインが途切れるか、7日到達すると
1日目から再開されます*
`叡智の猛火 X 2
10月交換券(2020) X 1
`*FGO THE STAGE -冠位時間神殿ソロモン- 公演記念特別ログインボーナス！*
*開催期間中、1日1回 最大8回 ログインボーナスをプレゼント！*
`聖晶石 X 1
`_2020-10-12 19:37:04_
--------
[489b9caeed7f023e28fa9d1e9b69c384]
`登陆天数: 84天 / 84天
等级: 91
石头: 5
友情点: 0 / 294355`
*連続ログイン7日間到達おめでとうございます！
明日は1日目からリスタートされます。*
`獣の足跡 X 1
呼符 X 1
10月交換券(2020) X 1
`*FGO THE STAGE -冠位時間神殿ソロモン- 公演記念特別ログインボーナス！*
*開催期間中、1日1回 最大8回 ログインボーナスをプレゼント！*
`聖晶石 X 1
`_2020-10-12 19:37:13_
--------
