【登录信息】
[5be1eb651b6f675892f00b0952b3cadb]
`登陆天数: 195天 / 805天
等级: 145
石头: 78
友情点: 29600 / 2360125`
*連続ログイン6日目
※ログインが途切れるか、7日到達すると
1日目から再開されます*
`聖晶石 X 2
10月交換券(2020) X 1
`*FGO THE STAGE -冠位時間神殿ソロモン- 公演記念特別ログインボーナス！*
*開催期間中、1日1回 最大8回 ログインボーナスをプレゼント！*
`聖晶石 X 1
`_2020-10-13 19:36:49_
--------
[9cfc24f569d65a92010a7c9549af2192]
`登陆天数: 195天 / 289天
等级: 91
石头: 1
友情点: 0 / 345050`
*連続ログイン6日目
※ログインが途切れるか、7日到達すると
1日目から再開されます*
`聖晶石 X 2
10月交換券(2020) X 1
`*FGO THE STAGE -冠位時間神殿ソロモン- 公演記念特別ログインボーナス！*
*開催期間中、1日1回 最大8回 ログインボーナスをプレゼント！*
`聖晶石 X 1
`_2020-10-13 19:36:59_
--------
[dfc9a9f4b3655841a6372642c60bb90d]
`登陆天数: 195天 / 346天
等级: 91
石头: 34
友情点: 0 / 524235`
*連続ログイン6日目
※ログインが途切れるか、7日到達すると
1日目から再開されます*
`聖晶石 X 2
10月交換券(2020) X 1
`*FGO THE STAGE -冠位時間神殿ソロモン- 公演記念特別ログインボーナス！*
*開催期間中、1日1回 最大8回 ログインボーナスをプレゼント！*
`聖晶石 X 1
`_2020-10-13 19:37:07_
--------
[489b9caeed7f023e28fa9d1e9b69c384]
`登陆天数: 85天 / 85天
等级: 91
石头: 5
友情点: 0 / 296580`
*連続ログイン1日目
※ログインが途切れるか、7日到達すると
1日目から再開されます*
`フレンドポイント X 2000
10月交換券(2020) X 1
`*FGO THE STAGE -冠位時間神殿ソロモン- 公演記念特別ログインボーナス！*
*開催期間中、1日1回 最大8回 ログインボーナスをプレゼント！*
`聖晶石 X 1
`_2020-10-13 19:37:15_
--------
