【登录信息】
*5be1eb651b6f675892f00b0952b3cadb*
`登陆天数: 542天 / 1348天
等级: 154
石头: 74
呼符: 6
友情点: 0 / 17218965`
*連続ログイン3日目
※ログインが途切れるか、7日到達すると
1日目から再開されます*
`叡智の猛火 X 1
5月交換券(2022) X 1
`_2022-04-30 20:28:36_
--------
*9cfc24f569d65a92010a7c9549af2192*
`登陆天数: 542天 / 832天
等级: 102
石头: 210
呼符: 13
友情点: 25 / 1425485`
*連続ログイン3日目
※ログインが途切れるか、7日到達すると
1日目から再開されます*
`叡智の猛火 X 1
5月交換券(2022) X 1
`*Fate/Grand Order 春の新米マスター応援キャンペーン2022！10万リツイート達成プレゼント*
*開催期間中、初回ログインで10万リツイート達成報酬をプレゼント！*
`QP X 5000000
聖晶石 X 12
マナプリズム X 100
レアプリズム X 1
黄金の果実 X 5
白銀の果実 X 5
呼符 X 5
`_2022-04-30 20:28:45_
--------
*dfc9a9f4b3655841a6372642c60bb90d*
`登陆天数: 542天 / 889天
等级: 106
石头: 207
呼符: 51
友情点: 0 / 1826165`
*連続ログイン3日目
※ログインが途切れるか、7日到達すると
1日目から再開されます*
`叡智の猛火 X 1
5月交換券(2022) X 1
`*Fate/Grand Order 春の新米マスター応援キャンペーン2022！10万リツイート達成プレゼント*
*開催期間中、初回ログインで10万リツイート達成報酬をプレゼント！*
`QP X 5000000
聖晶石 X 12
マナプリズム X 100
レアプリズム X 1
黄金の果実 X 5
白銀の果実 X 5
呼符 X 5
`_2022-04-30 20:28:53_
--------
*489b9caeed7f023e28fa9d1e9b69c384*
`登陆天数: 541天 / 627天
等级: 102
石头: 209
呼符: 66
友情点: 50 / 1417335`
*連続ログイン2日目
※ログインが途切れるか、7日到達すると
1日目から再開されます*
`聖晶石 X 1
5月交換券(2022) X 1
`*Fate/Grand Order 春の新米マスター応援キャンペーン2022！10万リツイート達成プレゼント*
*開催期間中、初回ログインで10万リツイート達成報酬をプレゼント！*
`QP X 5000000
聖晶石 X 12
マナプリズム X 100
レアプリズム X 1
黄金の果実 X 5
白銀の果実 X 5
呼符 X 5
`_2022-04-30 20:29:01_
--------
