【登录信息】
*5be1eb651b6f675892f00b0952b3cadb*
`登陆天数: 543天 / 1349天
等级: 154
石头: 77
呼符: 12
友情点: 59885 / 17353940`
*連続ログイン4日目
※ログインが途切れるか、7日到達すると
1日目から再開されます*
`聖晶石 X 1
5月交換券(2022) X 1
`_2022-05-01 20:29:07_
--------
*9cfc24f569d65a92010a7c9549af2192*
`登陆天数: 543天 / 833天
等级: 102
石头: 222
呼符: 18
友情点: 0 / 1430405`
*連続ログイン4日目
※ログインが途切れるか、7日到達すると
1日目から再開されます*
`聖晶石 X 1
5月交換券(2022) X 1
`_2022-05-01 20:29:15_
--------
*dfc9a9f4b3655841a6372642c60bb90d*
`登陆天数: 543天 / 890天
等级: 106
石头: 219
呼符: 56
友情点: 20 / 1831125`
*連続ログイン4日目
※ログインが途切れるか、7日到達すると
1日目から再開されます*
`聖晶石 X 1
5月交換券(2022) X 1
`_2022-05-01 20:29:23_
--------
*489b9caeed7f023e28fa9d1e9b69c384*
`登陆天数: 542天 / 628天
等级: 102
石头: 222
呼符: 71
友情点: 20 / 1422275`
*連続ログイン3日目
※ログインが途切れるか、7日到達すると
1日目から再開されます*
`叡智の猛火 X 1
5月交換券(2022) X 1
`_2022-05-01 20:29:31_
--------
