【登录信息】
*5be1eb651b6f675892f00b0952b3cadb*
`登陆天数: 544天 / 1350天
等级: 154
石头: 21
呼符: 0
友情点: 0 / 17431170`
*連続ログイン5日目
※ログインが途切れるか、7日到達すると
1日目から再開されます*
`叡智の猛火 X 2
5月交換券(2022) X 1
`_2022-05-02 20:29:19_
--------
*9cfc24f569d65a92010a7c9549af2192*
`登陆天数: 544天 / 834天
等级: 102
石头: 223
呼符: 18
友情点: 25 / 1432930`
*連続ログイン5日目
※ログインが途切れるか、7日到達すると
1日目から再開されます*
`叡智の猛火 X 2
5月交換券(2022) X 1
`_2022-05-02 20:29:28_
--------
*dfc9a9f4b3655841a6372642c60bb90d*
`登陆天数: 544天 / 891天
等级: 106
石头: 220
呼符: 56
友情点: 0 / 1833725`
*連続ログイン5日目
※ログインが途切れるか、7日到達すると
1日目から再開されます*
`叡智の猛火 X 2
5月交換券(2022) X 1
`_2022-05-02 20:29:36_
--------
*489b9caeed7f023e28fa9d1e9b69c384*
`登陆天数: 543天 / 629天
等级: 102
石头: 222
呼符: 71
友情点: 25 / 1424800`
*連続ログイン4日目
※ログインが途切れるか、7日到達すると
1日目から再開されます*
`聖晶石 X 1
5月交換券(2022) X 1
`_2022-05-02 20:29:44_
--------
