【登录信息】
*5be1eb651b6f675892f00b0952b3cadb*
`登陆天数: 545天 / 1351天
等级: 154
石头: 51
呼符: 0
友情点: 85 / 17497990`
*連続ログイン6日目
※ログインが途切れるか、7日到達すると
1日目から再開されます*
`聖晶石 X 2
5月交換券(2022) X 1
`_2022-05-03 20:34:19_
--------
*9cfc24f569d65a92010a7c9549af2192*
`登陆天数: 545天 / 835天
等级: 102
石头: 223
呼符: 18
友情点: 50 / 1435480`
*連続ログイン6日目
※ログインが途切れるか、7日到達すると
1日目から再開されます*
`聖晶石 X 2
5月交換券(2022) X 1
`_2022-05-03 20:34:27_
--------
*dfc9a9f4b3655841a6372642c60bb90d*
`登陆天数: 545天 / 892天
等级: 106
石头: 220
呼符: 56
友情点: 0 / 1836325`
*連続ログイン6日目
※ログインが途切れるか、7日到達すると
1日目から再開されます*
`聖晶石 X 2
5月交換券(2022) X 1
`_2022-05-03 20:34:35_
--------
*489b9caeed7f023e28fa9d1e9b69c384*
`登陆天数: 544天 / 630天
等级: 102
石头: 223
呼符: 71
友情点: 10 / 1427310`
*連続ログイン5日目
※ログインが途切れるか、7日到達すると
1日目から再開されます*
`叡智の猛火 X 2
5月交換券(2022) X 1
`_2022-05-03 20:34:43_
--------
