【登录信息】
*5be1eb651b6f675892f00b0952b3cadb*
`登陆天数: 546天 / 1352天
等级: 154
石头: 23
呼符: 0
友情点: 110 / 17566170`
*連続ログイン7日間到達おめでとうございます！
明日は1日目からリスタートされます。*
`獣の足跡 X 1
呼符 X 1
5月交換券(2022) X 1
`_2022-05-04 20:30:43_
--------
*9cfc24f569d65a92010a7c9549af2192*
`登陆天数: 546天 / 836天
等级: 102
石头: 225
呼符: 18
友情点: 25 / 1438005`
*連続ログイン7日間到達おめでとうございます！
明日は1日目からリスタートされます。*
`獣の足跡 X 1
呼符 X 1
5月交換券(2022) X 1
`_2022-05-04 20:30:51_
--------
*dfc9a9f4b3655841a6372642c60bb90d*
`登陆天数: 546天 / 893天
等级: 106
石头: 222
呼符: 56
友情点: 0 / 1838925`
*連続ログイン7日間到達おめでとうございます！
明日は1日目からリスタートされます。*
`獣の足跡 X 1
呼符 X 1
5月交換券(2022) X 1
`_2022-05-04 20:30:59_
--------
*489b9caeed7f023e28fa9d1e9b69c384*
`登陆天数: 545天 / 631天
等级: 102
石头: 223
呼符: 71
友情点: 25 / 1429835`
*連続ログイン6日目
※ログインが途切れるか、7日到達すると
1日目から再開されます*
`聖晶石 X 2
5月交換券(2022) X 1
`_2022-05-04 20:31:07_
--------
