【登录信息】
*5be1eb651b6f675892f00b0952b3cadb*
`登陆天数: 547天 / 1353天
等级: 154
石头: 0
呼符: 0
友情点: 0 / 17594075`
*連続ログイン1日目
※ログインが途切れるか、7日到達すると
1日目から再開されます*
`フレンドポイント X 2000
5月交換券(2022) X 1
`_2022-05-05 20:29:46_
--------
*9cfc24f569d65a92010a7c9549af2192*
`登陆天数: 547天 / 837天
等级: 102
石头: 225
呼符: 19
友情点: 0 / 1439205`
*連続ログイン1日目
※ログインが途切れるか、7日到達すると
1日目から再開されます*
`フレンドポイント X 2000
5月交換券(2022) X 1
`_2022-05-05 20:29:54_
--------
*dfc9a9f4b3655841a6372642c60bb90d*
`登陆天数: 547天 / 894天
等级: 106
石头: 222
呼符: 57
友情点: 0 / 1840125`
*連続ログイン1日目
※ログインが途切れるか、7日到達すると
1日目から再開されます*
`フレンドポイント X 2000
5月交換券(2022) X 1
`_2022-05-05 20:30:02_
--------
*489b9caeed7f023e28fa9d1e9b69c384*
`登陆天数: 546天 / 632天
等级: 102
石头: 225
呼符: 71
友情点: 0 / 1431035`
*連続ログイン7日間到達おめでとうございます！
明日は1日目からリスタートされます。*
`獣の足跡 X 1
呼符 X 1
5月交換券(2022) X 1
`_2022-05-05 20:30:11_
--------
