【登录信息】
*5be1eb651b6f675892f00b0952b3cadb*
`登陆天数: 548天 / 1354天
等级: 154
石头: 0
呼符: 0
友情点: 30900 / 17625635`
*連続ログイン2日目
※ログインが途切れるか、7日到達すると
1日目から再開されます*
`聖晶石 X 1
5月交換券(2022) X 1
`_2022-05-06 20:29:59_
--------
*9cfc24f569d65a92010a7c9549af2192*
`登陆天数: 548天 / 838天
等级: 102
石头: 225
呼符: 19
友情点: 0 / 1442405`
*連続ログイン2日目
※ログインが途切れるか、7日到達すると
1日目から再開されます*
`聖晶石 X 1
5月交換券(2022) X 1
`_2022-05-06 20:30:08_
--------
*dfc9a9f4b3655841a6372642c60bb90d*
`登陆天数: 548天 / 895天
等级: 106
石头: 222
呼符: 57
友情点: 0 / 1843325`
*連続ログイン2日目
※ログインが途切れるか、7日到達すると
1日目から再開されます*
`聖晶石 X 1
5月交換券(2022) X 1
`_2022-05-06 20:30:16_
--------
*489b9caeed7f023e28fa9d1e9b69c384*
`登陆天数: 547天 / 633天
等级: 102
石头: 225
呼符: 72
友情点: 0 / 1432235`
*連続ログイン1日目
※ログインが途切れるか、7日到達すると
1日目から再開されます*
`フレンドポイント X 2000
5月交換券(2022) X 1
`_2022-05-06 20:30:24_
--------
