【登录信息】
*5be1eb651b6f675892f00b0952b3cadb*
`登陆天数: 549天 / 1355天
等级: 154
石头: 1
呼符: 0
友情点: 30300 / 17656780`
*連続ログイン3日目
※ログインが途切れるか、7日到達すると
1日目から再開されます*
`叡智の猛火 X 1
5月交換券(2022) X 1
`_2022-05-07 20:29:09_
--------
*9cfc24f569d65a92010a7c9549af2192*
`登陆天数: 549天 / 839天
等级: 102
石头: 226
呼符: 19
友情点: 0 / 1443505`
*連続ログイン3日目
※ログインが途切れるか、7日到達すると
1日目から再開されます*
`叡智の猛火 X 1
5月交換券(2022) X 1
`_2022-05-07 20:29:18_
--------
*dfc9a9f4b3655841a6372642c60bb90d*
`登陆天数: 549天 / 896天
等级: 106
石头: 223
呼符: 57
友情点: 0 / 1844465`
*連続ログイン3日目
※ログインが途切れるか、7日到達すると
1日目から再開されます*
`叡智の猛火 X 1
5月交換券(2022) X 1
`_2022-05-07 20:29:26_
--------
*489b9caeed7f023e28fa9d1e9b69c384*
`登陆天数: 548天 / 634天
等级: 102
石头: 225
呼符: 72
友情点: 25 / 1435370`
*連続ログイン2日目
※ログインが途切れるか、7日到達すると
1日目から再開されます*
`聖晶石 X 1
5月交換券(2022) X 1
`_2022-05-07 20:29:34_
--------
