【登录信息】
*5be1eb651b6f675892f00b0952b3cadb*
`登陆天数: 550天 / 1356天
等级: 154
石头: 6
呼符: 0
友情点: 32270 / 17697670`
*連続ログイン4日目
※ログインが途切れるか、7日到達すると
1日目から再開されます*
`聖晶石 X 1
5月交換券(2022) X 1
`_2022-05-08 20:28:51_
--------
*9cfc24f569d65a92010a7c9549af2192*
`登陆天数: 550天 / 840天
等级: 102
石头: 226
呼符: 19
友情点: 80 / 1444795`
*連続ログイン4日目
※ログインが途切れるか、7日到達すると
1日目から再開されます*
`聖晶石 X 1
5月交換券(2022) X 1
`_2022-05-08 20:28:59_
--------
*dfc9a9f4b3655841a6372642c60bb90d*
`登陆天数: 550天 / 897天
等级: 106
石头: 223
呼符: 57
友情点: 0 / 1845705`
*連続ログイン4日目
※ログインが途切れるか、7日到達すると
1日目から再開されます*
`聖晶石 X 1
5月交換券(2022) X 1
`_2022-05-08 20:29:07_
--------
*489b9caeed7f023e28fa9d1e9b69c384*
`登陆天数: 549天 / 635天
等级: 102
石头: 226
呼符: 72
友情点: 40 / 1436610`
*連続ログイン3日目
※ログインが途切れるか、7日到達すると
1日目から再開されます*
`叡智の猛火 X 1
5月交換券(2022) X 1
`_2022-05-08 20:29:15_
--------
