【登录信息】
*5be1eb651b6f675892f00b0952b3cadb*
`登陆天数: 551天 / 1357天
等级: 154
石头: 7
呼符: 0
友情点: 0 / 17729750`
*連続ログイン5日目
※ログインが途切れるか、7日到達すると
1日目から再開されます*
`叡智の猛火 X 2
5月交換券(2022) X 1
`_2022-05-09 20:29:55_
--------
*9cfc24f569d65a92010a7c9549af2192*
`登陆天数: 551天 / 841天
等级: 102
石头: 227
呼符: 19
友情点: 0 / 1446015`
*連続ログイン5日目
※ログインが途切れるか、7日到達すると
1日目から再開されます*
`叡智の猛火 X 2
5月交換券(2022) X 1
`_2022-05-09 20:30:04_
--------
*dfc9a9f4b3655841a6372642c60bb90d*
`登陆天数: 551天 / 898天
等级: 106
石头: 224
呼符: 57
友情点: 0 / 1846925`
*連続ログイン5日目
※ログインが途切れるか、7日到達すると
1日目から再開されます*
`叡智の猛火 X 2
5月交換券(2022) X 1
`_2022-05-09 20:30:12_
--------
*489b9caeed7f023e28fa9d1e9b69c384*
`登陆天数: 550天 / 636天
等级: 102
石头: 226
呼符: 72
友情点: 25 / 1437855`
*連続ログイン4日目
※ログインが途切れるか、7日到達すると
1日目から再開されます*
`聖晶石 X 1
5月交換券(2022) X 1
`_2022-05-09 20:30:20_
--------
