【登录信息】
*5be1eb651b6f675892f00b0952b3cadb*
`登陆天数: 552天 / 1358天
等级: 154
石头: 10
呼符: 1
友情点: 30800 / 17763075`
*連続ログイン6日目
※ログインが途切れるか、7日到達すると
1日目から再開されます*
`聖晶石 X 2
5月交換券(2022) X 1
`_2022-05-10 20:29:10_
--------
*9cfc24f569d65a92010a7c9549af2192*
`登陆天数: 552天 / 842天
等级: 102
石头: 227
呼符: 19
友情点: 0 / 1447215`
*連続ログイン6日目
※ログインが途切れるか、7日到達すると
1日目から再開されます*
`聖晶石 X 2
5月交換券(2022) X 1
`_2022-05-10 20:29:19_
--------
*dfc9a9f4b3655841a6372642c60bb90d*
`登陆天数: 552天 / 899天
等级: 106
石头: 224
呼符: 57
友情点: 0 / 1848125`
*連続ログイン6日目
※ログインが途切れるか、7日到達すると
1日目から再開されます*
`聖晶石 X 2
5月交換券(2022) X 1
`_2022-05-10 20:29:27_
--------
*489b9caeed7f023e28fa9d1e9b69c384*
`登陆天数: 551天 / 637天
等级: 102
石头: 227
呼符: 72
友情点: 0 / 1439055`
*連続ログイン5日目
※ログインが途切れるか、7日到達すると
1日目から再開されます*
`叡智の猛火 X 2
5月交換券(2022) X 1
`_2022-05-10 20:29:35_
--------
