【登录信息】
*5be1eb651b6f675892f00b0952b3cadb*
`登陆天数: 553天 / 1359天
等级: 154
石头: 14
呼符: 1
友情点: 2860 / 17781445`
*連続ログイン7日間到達おめでとうございます！
明日は1日目からリスタートされます。*
`獣の足跡 X 1
呼符 X 1
5月交換券(2022) X 1
`*2500万DL突破記念 ★4(SR)サーヴァント交換券プレゼント*
*開催期間中、初回ログインで「2500万DL記念チケット〔サーヴァント〕」をプレゼント！*
`2500万DL記念チケット〔サーヴァント〕 X 1
`_2022-05-11 20:29:24_
--------
*9cfc24f569d65a92010a7c9549af2192*
`登陆天数: 553天 / 843天
等级: 102
石头: 229
呼符: 19
友情点: 0 / 1447415`
*連続ログイン7日間到達おめでとうございます！
明日は1日目からリスタートされます。*
`獣の足跡 X 1
呼符 X 1
5月交換券(2022) X 1
`*2500万DL突破記念 ★4(SR)サーヴァント交換券プレゼント*
*開催期間中、初回ログインで「2500万DL記念チケット〔サーヴァント〕」をプレゼント！*
`2500万DL記念チケット〔サーヴァント〕 X 1
`_2022-05-11 20:29:33_
--------
*dfc9a9f4b3655841a6372642c60bb90d*
`登陆天数: 553天 / 900天
等级: 106
石头: 226
呼符: 57
友情点: 0 / 1848225`
*連続ログイン7日間到達おめでとうございます！
明日は1日目からリスタートされます。*
`獣の足跡 X 1
呼符 X 1
5月交換券(2022) X 1
`*2500万DL突破記念 ★4(SR)サーヴァント交換券プレゼント*
*開催期間中、初回ログインで「2500万DL記念チケット〔サーヴァント〕」をプレゼント！*
`2500万DL記念チケット〔サーヴァント〕 X 1
`_2022-05-11 20:29:41_
--------
*489b9caeed7f023e28fa9d1e9b69c384*
`登陆天数: 552天 / 638天
等级: 102
石头: 227
呼符: 72
友情点: 25 / 1439180`
*連続ログイン6日目
※ログインが途切れるか、7日到達すると
1日目から再開されます*
`聖晶石 X 2
5月交換券(2022) X 1
`*2500万DL突破記念 ★4(SR)サーヴァント交換券プレゼント*
*開催期間中、初回ログインで「2500万DL記念チケット〔サーヴァント〕」をプレゼント！*
`2500万DL記念チケット〔サーヴァント〕 X 1
`_2022-05-11 20:29:49_
--------
