【登录信息】
*5be1eb651b6f675892f00b0952b3cadb*
`登陆天数: 554天 / 1360天
等级: 154
石头: 31
呼符: 0
友情点: 10 / 17815445`
*連続ログイン1日目
※ログインが途切れるか、7日到達すると
1日目から再開されます*
`フレンドポイント X 2000
5月交換券(2022) X 1
`*2500万DL突破記念 特別連続ログインボーナス*
*開催期間中、1日1回 最大7回 連続ログインボーナスをプレゼント！*
`白銀の果実 X 10
`_2022-05-12 20:31:00_
--------
*9cfc24f569d65a92010a7c9549af2192*
`登陆天数: 554天 / 844天
等级: 102
石头: 234
呼符: 20
友情点: 0 / 1448625`
*連続ログイン1日目
※ログインが途切れるか、7日到達すると
1日目から再開されます*
`フレンドポイント X 2000
5月交換券(2022) X 1
`*2500万DL突破記念 特別連続ログインボーナス*
*開催期間中、1日1回 最大7回 連続ログインボーナスをプレゼント！*
`白銀の果実 X 10
`_2022-05-12 20:31:09_
--------
*dfc9a9f4b3655841a6372642c60bb90d*
`登陆天数: 554天 / 901天
等级: 106
石头: 261
呼符: 58
友情点: 0 / 1849435`
*連続ログイン1日目
※ログインが途切れるか、7日到達すると
1日目から再開されます*
`フレンドポイント X 2000
5月交換券(2022) X 1
`*2500万DL突破記念 特別連続ログインボーナス*
*開催期間中、1日1回 最大7回 連続ログインボーナスをプレゼント！*
`白銀の果実 X 10
`_2022-05-12 20:31:17_
--------
*489b9caeed7f023e28fa9d1e9b69c384*
`登陆天数: 553天 / 639天
等级: 102
石头: 234
呼符: 72
友情点: 10 / 1440410`
*連続ログイン7日間到達おめでとうございます！
明日は1日目からリスタートされます。*
`獣の足跡 X 1
呼符 X 1
5月交換券(2022) X 1
`*2500万DL突破記念 特別連続ログインボーナス*
*開催期間中、1日1回 最大7回 連続ログインボーナスをプレゼント！*
`白銀の果実 X 10
`_2022-05-12 20:31:25_
--------
