【登录信息】
*5be1eb651b6f675892f00b0952b3cadb*
`登陆天数: 555天 / 1361天
等级: 154
石头: 1
呼符: 0
友情点: 50 / 17870965`
*連続ログイン2日目
※ログインが途切れるか、7日到達すると
1日目から再開されます*
`聖晶石 X 1
5月交換券(2022) X 1
`*2500万DL突破記念 特別連続ログインボーナス*
*開催期間中、1日1回 最大7回 連続ログインボーナスをプレゼント！*
`QP X 10000000
`_2022-05-13 20:31:28_
--------
*9cfc24f569d65a92010a7c9549af2192*
`登陆天数: 555天 / 845天
等级: 102
石头: 264
呼符: 20
友情点: 0 / 1451825`
*連続ログイン2日目
※ログインが途切れるか、7日到達すると
1日目から再開されます*
`聖晶石 X 1
5月交換券(2022) X 1
`*2500万DL突破記念 特別連続ログインボーナス*
*開催期間中、1日1回 最大7回 連続ログインボーナスをプレゼント！*
`QP X 10000000
`_2022-05-13 20:31:37_
--------
*dfc9a9f4b3655841a6372642c60bb90d*
`登陆天数: 555天 / 902天
等级: 106
石头: 291
呼符: 58
友情点: 0 / 1852635`
*連続ログイン2日目
※ログインが途切れるか、7日到達すると
1日目から再開されます*
`聖晶石 X 1
5月交換券(2022) X 1
`*2500万DL突破記念 特別連続ログインボーナス*
*開催期間中、1日1回 最大7回 連続ログインボーナスをプレゼント！*
`QP X 10000000
`_2022-05-13 20:31:45_
--------
*489b9caeed7f023e28fa9d1e9b69c384*
`登陆天数: 554天 / 640天
等级: 102
石头: 264
呼符: 73
友情点: 0 / 1441620`
*連続ログイン1日目
※ログインが途切れるか、7日到達すると
1日目から再開されます*
`フレンドポイント X 2000
5月交換券(2022) X 1
`*2500万DL突破記念 特別連続ログインボーナス*
*開催期間中、1日1回 最大7回 連続ログインボーナスをプレゼント！*
`QP X 10000000
`_2022-05-13 20:31:53_
--------
