【登录信息】
*5be1eb651b6f675892f00b0952b3cadb*
`登陆天数: 556天 / 1362天
等级: 154
石头: 2
呼符: 0
友情点: 30910 / 17890925`
*連続ログイン3日目
※ログインが途切れるか、7日到達すると
1日目から再開されます*
`叡智の猛火 X 1
5月交換券(2022) X 1
`*2500万DL突破記念 特別連続ログインボーナス*
*開催期間中、1日1回 最大7回 連続ログインボーナスをプレゼント！*
`黄金の果実 X 10
`_2022-05-14 20:29:17_
--------
*9cfc24f569d65a92010a7c9549af2192*
`登陆天数: 556天 / 846天
等级: 102
石头: 265
呼符: 20
友情点: 0 / 1454310`
*連続ログイン3日目
※ログインが途切れるか、7日到達すると
1日目から再開されます*
`叡智の猛火 X 1
5月交換券(2022) X 1
`*2500万DL突破記念 特別連続ログインボーナス*
*開催期間中、1日1回 最大7回 連続ログインボーナスをプレゼント！*
`黄金の果実 X 10
`_2022-05-14 20:29:25_
--------
*dfc9a9f4b3655841a6372642c60bb90d*
`登陆天数: 556天 / 903天
等级: 106
石头: 292
呼符: 58
友情点: 0 / 1855035`
*連続ログイン3日目
※ログインが途切れるか、7日到達すると
1日目から再開されます*
`叡智の猛火 X 1
5月交換券(2022) X 1
`*2500万DL突破記念 特別連続ログインボーナス*
*開催期間中、1日1回 最大7回 連続ログインボーナスをプレゼント！*
`黄金の果実 X 10
`_2022-05-14 20:29:33_
--------
*489b9caeed7f023e28fa9d1e9b69c384*
`登陆天数: 555天 / 641天
等级: 102
石头: 264
呼符: 73
友情点: 0 / 1446075`
*連続ログイン2日目
※ログインが途切れるか、7日到達すると
1日目から再開されます*
`聖晶石 X 1
5月交換券(2022) X 1
`*2500万DL突破記念 特別連続ログインボーナス*
*開催期間中、1日1回 最大7回 連続ログインボーナスをプレゼント！*
`黄金の果実 X 10
`_2022-05-14 20:29:41_
--------
