【登录信息】
*5be1eb651b6f675892f00b0952b3cadb*
`登陆天数: 557天 / 1363天
等级: 154
石头: 2
呼符: 0
友情点: 235 / 17923315`
*連続ログイン4日目
※ログインが途切れるか、7日到達すると
1日目から再開されます*
`聖晶石 X 1
5月交換券(2022) X 1
`*2500万DL突破記念 特別連続ログインボーナス*
*開催期間中、1日1回 最大7回 連続ログインボーナスをプレゼント！*
`英霊結晶・星のフォウくん X 10
`_2022-05-15 20:30:40_
--------
*9cfc24f569d65a92010a7c9549af2192*
`登陆天数: 557天 / 847天
等级: 102
石头: 265
呼符: 20
友情点: 0 / 1455520`
*連続ログイン4日目
※ログインが途切れるか、7日到達すると
1日目から再開されます*
`聖晶石 X 1
5月交換券(2022) X 1
`*2500万DL突破記念 特別連続ログインボーナス*
*開催期間中、1日1回 最大7回 連続ログインボーナスをプレゼント！*
`英霊結晶・星のフォウくん X 10
`_2022-05-15 20:30:49_
--------
*dfc9a9f4b3655841a6372642c60bb90d*
`登陆天数: 557天 / 904天
等级: 106
石头: 292
呼符: 58
友情点: 0 / 1856255`
*連続ログイン4日目
※ログインが途切れるか、7日到達すると
1日目から再開されます*
`聖晶石 X 1
5月交換券(2022) X 1
`*2500万DL突破記念 特別連続ログインボーナス*
*開催期間中、1日1回 最大7回 連続ログインボーナスをプレゼント！*
`英霊結晶・星のフォウくん X 10
`_2022-05-15 20:30:57_
--------
*489b9caeed7f023e28fa9d1e9b69c384*
`登陆天数: 556天 / 642天
等级: 102
石头: 265
呼符: 73
友情点: 50 / 1447325`
*連続ログイン3日目
※ログインが途切れるか、7日到達すると
1日目から再開されます*
`叡智の猛火 X 1
5月交換券(2022) X 1
`*2500万DL突破記念 特別連続ログインボーナス*
*開催期間中、1日1回 最大7回 連続ログインボーナスをプレゼント！*
`英霊結晶・星のフォウくん X 10
`_2022-05-15 20:31:05_
--------
