【登录信息】
*5be1eb651b6f675892f00b0952b3cadb*
`登陆天数: 559天 / 1365天
等级: 154
石头: 3
呼符: 0
友情点: 25 / 17961155`
*連続ログイン6日目
※ログインが途切れるか、7日到達すると
1日目から再開されます*
`聖晶石 X 2
5月交換券(2022) X 1
`*2500万DL突破記念 特別連続ログインボーナス*
*開催期間中、1日1回 最大7回 連続ログインボーナスをプレゼント！*
`呼符 X 10
`_2022-05-17 20:30:10_
--------
*9cfc24f569d65a92010a7c9549af2192*
`登陆天数: 559天 / 849天
等级: 102
石头: 266
呼符: 20
友情点: 0 / 1456720`
*連続ログイン6日目
※ログインが途切れるか、7日到達すると
1日目から再開されます*
`聖晶石 X 2
5月交換券(2022) X 1
`*2500万DL突破記念 特別連続ログインボーナス*
*開催期間中、1日1回 最大7回 連続ログインボーナスをプレゼント！*
`呼符 X 10
`_2022-05-17 20:30:18_
--------
*dfc9a9f4b3655841a6372642c60bb90d*
`登陆天数: 559天 / 906天
等级: 106
石头: 293
呼符: 58
友情点: 0 / 1857455`
*連続ログイン6日目
※ログインが途切れるか、7日到達すると
1日目から再開されます*
`聖晶石 X 2
5月交換券(2022) X 1
`*2500万DL突破記念 特別連続ログインボーナス*
*開催期間中、1日1回 最大7回 連続ログインボーナスをプレゼント！*
`呼符 X 10
`_2022-05-17 20:30:27_
--------
*489b9caeed7f023e28fa9d1e9b69c384*
`登陆天数: 558天 / 644天
等级: 102
石头: 265
呼符: 73
友情点: 0 / 1448525`
*連続ログイン5日目
※ログインが途切れるか、7日到達すると
1日目から再開されます*
`叡智の猛火 X 2
5月交換券(2022) X 1
`*2500万DL突破記念 特別連続ログインボーナス*
*開催期間中、1日1回 最大7回 連続ログインボーナスをプレゼント！*
`呼符 X 10
`_2022-05-17 20:30:35_
--------
