【登录信息】
*5be1eb651b6f675892f00b0952b3cadb*
`登陆天数: 560天 / 1366天
等级: 154
石头: 5
呼符: 11
友情点: 30700 / 18025075`
*連続ログイン7日間到達おめでとうございます！
明日は1日目からリスタートされます。*
`獣の足跡 X 1
呼符 X 1
5月交換券(2022) X 1
`_2022-05-18 20:30:21_
--------
*9cfc24f569d65a92010a7c9549af2192*
`登陆天数: 560天 / 850天
等级: 102
石头: 268
呼符: 30
友情点: 0 / 1459120`
*連続ログイン7日間到達おめでとうございます！
明日は1日目からリスタートされます。*
`獣の足跡 X 1
呼符 X 1
5月交換券(2022) X 1
`_2022-05-18 20:30:29_
--------
*dfc9a9f4b3655841a6372642c60bb90d*
`登陆天数: 560天 / 907天
等级: 106
石头: 295
呼符: 68
友情点: 0 / 1859855`
*連続ログイン7日間到達おめでとうございます！
明日は1日目からリスタートされます。*
`獣の足跡 X 1
呼符 X 1
5月交換券(2022) X 1
`_2022-05-18 20:30:37_
--------
*489b9caeed7f023e28fa9d1e9b69c384*
`登陆天数: 559天 / 645天
等级: 102
石头: 266
呼符: 83
友情点: 50 / 1451000`
*連続ログイン6日目
※ログインが途切れるか、7日到達すると
1日目から再開されます*
`聖晶石 X 2
5月交換券(2022) X 1
`_2022-05-18 20:30:45_
--------
