【登录信息】
*5be1eb651b6f675892f00b0952b3cadb*
`登陆天数: 561天 / 1367天
等级: 154
石头: 7
呼符: 12
友情点: 31235 / 18087885`
*連続ログイン1日目
※ログインが途切れるか、7日到達すると
1日目から再開されます*
`フレンドポイント X 2000
5月交換券(2022) X 1
`_2022-05-19 20:30:15_
--------
*9cfc24f569d65a92010a7c9549af2192*
`登陆天数: 561天 / 851天
等级: 102
石头: 298
呼符: 31
友情点: 0 / 1461520`
*連続ログイン1日目
※ログインが途切れるか、7日到達すると
1日目から再開されます*
`フレンドポイント X 2000
5月交換券(2022) X 1
`_2022-05-19 20:30:24_
--------
*dfc9a9f4b3655841a6372642c60bb90d*
`登陆天数: 561天 / 908天
等级: 106
石头: 295
呼符: 69
友情点: 0 / 1862255`
*連続ログイン1日目
※ログインが途切れるか、7日到達すると
1日目から再開されます*
`フレンドポイント X 2000
5月交換券(2022) X 1
`_2022-05-19 20:30:32_
--------
*489b9caeed7f023e28fa9d1e9b69c384*
`登陆天数: 560天 / 646天
等级: 102
石头: 268
呼符: 83
友情点: 0 / 1453435`
*連続ログイン7日間到達おめでとうございます！
明日は1日目からリスタートされます。*
`獣の足跡 X 1
呼符 X 1
5月交換券(2022) X 1
`_2022-05-19 20:30:39_
--------
