【登录信息】
*5be1eb651b6f675892f00b0952b3cadb*
`登陆天数: 562天 / 1368天
等级: 154
石头: 7
呼符: 12
友情点: 31075 / 18152810`
*連続ログイン2日目
※ログインが途切れるか、7日到達すると
1日目から再開されます*
`聖晶石 X 1
5月交換券(2022) X 1
`_2022-05-20 20:30:43_
--------
*9cfc24f569d65a92010a7c9549af2192*
`登陆天数: 562天 / 852天
等级: 102
石头: 298
呼符: 31
友情点: 0 / 1465945`
*連続ログイン2日目
※ログインが途切れるか、7日到達すると
1日目から再開されます*
`聖晶石 X 1
5月交換券(2022) X 1
`_2022-05-20 20:30:51_
--------
*dfc9a9f4b3655841a6372642c60bb90d*
`登陆天数: 562天 / 909天
等级: 106
石头: 295
呼符: 69
友情点: 0 / 1866690`
*連続ログイン2日目
※ログインが途切れるか、7日到達すると
1日目から再開されます*
`聖晶石 X 1
5月交換券(2022) X 1
`_2022-05-20 20:30:59_
--------
*489b9caeed7f023e28fa9d1e9b69c384*
`登陆天数: 561天 / 647天
等级: 102
石头: 268
呼符: 84
友情点: 25 / 1455910`
*連続ログイン1日目
※ログインが途切れるか、7日到達すると
1日目から再開されます*
`フレンドポイント X 2000
5月交換券(2022) X 1
`_2022-05-20 20:31:07_
--------
