【登录信息】
*5be1eb651b6f675892f00b0952b3cadb*
`登陆天数: 564天 / 1370天
等级: 154
石头: 8
呼符: 12
友情点: 31225 / 18246810`
*連続ログイン4日目
※ログインが途切れるか、7日到達すると
1日目から再開されます*
`聖晶石 X 1
5月交換券(2022) X 1
`_2022-05-22 20:29:26_
--------
*9cfc24f569d65a92010a7c9549af2192*
`登陆天数: 564天 / 854天
等级: 102
石头: 299
呼符: 31
友情点: 0 / 1469605`
*連続ログイン4日目
※ログインが途切れるか、7日到達すると
1日目から再開されます*
`聖晶石 X 1
5月交換券(2022) X 1
`_2022-05-22 20:29:36_
--------
*dfc9a9f4b3655841a6372642c60bb90d*
`登陆天数: 564天 / 911天
等级: 106
石头: 296
呼符: 69
友情点: 0 / 1870340`
*連続ログイン4日目
※ログインが途切れるか、7日到達すると
1日目から再開されます*
`聖晶石 X 1
5月交換券(2022) X 1
`_2022-05-22 20:29:44_
--------
*489b9caeed7f023e28fa9d1e9b69c384*
`登陆天数: 563天 / 649天
等级: 102
石头: 269
呼符: 84
友情点: 0 / 1461510`
*連続ログイン3日目
※ログインが途切れるか、7日到達すると
1日目から再開されます*
`叡智の猛火 X 1
5月交換券(2022) X 1
`_2022-05-22 20:29:52_
--------
