【登录信息】
*5be1eb651b6f675892f00b0952b3cadb*
`登陆天数: 565天 / 1371天
等级: 154
石头: 9
呼符: 12
友情点: 30950 / 18278235`
*連続ログイン5日目
※ログインが途切れるか、7日到達すると
1日目から再開されます*
`叡智の猛火 X 2
5月交換券(2022) X 1
`_2022-05-23 20:30:41_
--------
*9cfc24f569d65a92010a7c9549af2192*
`登陆天数: 565天 / 855天
等级: 102
石头: 300
呼符: 31
友情点: 50 / 1470855`
*連続ログイン5日目
※ログインが途切れるか、7日到達すると
1日目から再開されます*
`叡智の猛火 X 2
5月交換券(2022) X 1
`_2022-05-23 20:30:50_
--------
*dfc9a9f4b3655841a6372642c60bb90d*
`登陆天数: 565天 / 912天
等级: 106
石头: 297
呼符: 69
友情点: 0 / 1871540`
*連続ログイン5日目
※ログインが途切れるか、7日到達すると
1日目から再開されます*
`叡智の猛火 X 2
5月交換券(2022) X 1
`_2022-05-23 20:30:58_
--------
*489b9caeed7f023e28fa9d1e9b69c384*
`登陆天数: 564天 / 650天
等级: 102
石头: 269
呼符: 84
友情点: 25 / 1462735`
*連続ログイン4日目
※ログインが途切れるか、7日到達すると
1日目から再開されます*
`聖晶石 X 1
5月交換券(2022) X 1
`_2022-05-23 20:31:06_
--------
