【登录信息】
*5be1eb651b6f675892f00b0952b3cadb*
`登陆天数: 566天 / 1372天
等级: 154
石头: 9
呼符: 12
友情点: 30700 / 18341255`
*連続ログイン6日目
※ログインが途切れるか、7日到達すると
1日目から再開されます*
`聖晶石 X 2
5月交換券(2022) X 1
`_2022-05-24 20:32:00_
--------
*9cfc24f569d65a92010a7c9549af2192*
`登陆天数: 566天 / 856天
等级: 102
石头: 300
呼符: 31
友情点: 25 / 1473340`
*連続ログイン6日目
※ログインが途切れるか、7日到達すると
1日目から再開されます*
`聖晶石 X 2
5月交換券(2022) X 1
`_2022-05-24 20:32:08_
--------
*dfc9a9f4b3655841a6372642c60bb90d*
`登陆天数: 566天 / 913天
等级: 106
石头: 297
呼符: 69
友情点: 0 / 1873970`
*連続ログイン6日目
※ログインが途切れるか、7日到達すると
1日目から再開されます*
`聖晶石 X 2
5月交換券(2022) X 1
`_2022-05-24 20:32:16_
--------
*489b9caeed7f023e28fa9d1e9b69c384*
`登陆天数: 565天 / 651天
等级: 102
石头: 300
呼符: 84
友情点: 0 / 1465195`
*連続ログイン5日目
※ログインが途切れるか、7日到達すると
1日目から再開されます*
`叡智の猛火 X 2
5月交換券(2022) X 1
`_2022-05-24 20:32:23_
--------
