【登录信息】
*5be1eb651b6f675892f00b0952b3cadb*
`登陆天数: 567天 / 1373天
等级: 154
石头: 28
呼符: 12
友情点: 255 / 18373320`
*連続ログイン7日間到達おめでとうございます！
明日は1日目からリスタートされます。*
`獣の足跡 X 1
呼符 X 1
5月交換券(2022) X 1
`*死想顕現界域 トラオム 或る幻想の生と死 開幕直前ログインボーナス*
*開催期間中、1日1回 最大7回 ログインボーナスをプレゼント！*
`聖晶石 X 1
黄金の果実 X 1
`_2022-05-25 20:30:31_
--------
*9cfc24f569d65a92010a7c9549af2192*
`登陆天数: 567天 / 857天
等级: 102
石头: 302
呼符: 31
友情点: 0 / 1474540`
*連続ログイン7日間到達おめでとうございます！
明日は1日目からリスタートされます。*
`獣の足跡 X 1
呼符 X 1
5月交換券(2022) X 1
`*死想顕現界域 トラオム 或る幻想の生と死 開幕直前ログインボーナス*
*開催期間中、1日1回 最大7回 ログインボーナスをプレゼント！*
`聖晶石 X 1
黄金の果実 X 1
`_2022-05-25 20:30:39_
--------
*dfc9a9f4b3655841a6372642c60bb90d*
`登陆天数: 567天 / 914天
等级: 106
石头: 299
呼符: 69
友情点: 0 / 1875170`
*連続ログイン7日間到達おめでとうございます！
明日は1日目からリスタートされます。*
`獣の足跡 X 1
呼符 X 1
5月交換券(2022) X 1
`*死想顕現界域 トラオム 或る幻想の生と死 開幕直前ログインボーナス*
*開催期間中、1日1回 最大7回 ログインボーナスをプレゼント！*
`聖晶石 X 1
黄金の果実 X 1
`_2022-05-25 20:30:47_
--------
*489b9caeed7f023e28fa9d1e9b69c384*
`登陆天数: 566天 / 652天
等级: 102
石头: 300
呼符: 84
友情点: 25 / 1466420`
*連続ログイン6日目
※ログインが途切れるか、7日到達すると
1日目から再開されます*
`聖晶石 X 2
5月交換券(2022) X 1
`*死想顕現界域 トラオム 或る幻想の生と死 開幕直前ログインボーナス*
*開催期間中、1日1回 最大7回 ログインボーナスをプレゼント！*
`聖晶石 X 1
黄金の果実 X 1
`_2022-05-25 20:30:55_
--------
