【登录信息】
*5be1eb651b6f675892f00b0952b3cadb*
`登陆天数: 568天 / 1374天
等级: 154
石头: 35
呼符: 13
友情点: 225 / 18406340`
*連続ログイン1日目
※ログインが途切れるか、7日到達すると
1日目から再開されます*
`フレンドポイント X 2000
5月交換券(2022) X 1
`*死想顕現界域 トラオム 或る幻想の生と死 開幕直前ログインボーナス*
*開催期間中、1日1回 最大7回 ログインボーナスをプレゼント！*
`聖晶石 X 1
黄金の果実 X 1
`_2022-05-26 20:31:18_
--------
*9cfc24f569d65a92010a7c9549af2192*
`登陆天数: 568天 / 858天
等级: 102
石头: 308
呼符: 32
友情点: 45 / 1475805`
*連続ログイン1日目
※ログインが途切れるか、7日到達すると
1日目から再開されます*
`フレンドポイント X 2000
5月交換券(2022) X 1
`*死想顕現界域 トラオム 或る幻想の生と死 開幕直前ログインボーナス*
*開催期間中、1日1回 最大7回 ログインボーナスをプレゼント！*
`聖晶石 X 1
黄金の果実 X 1
`_2022-05-26 20:31:27_
--------
*dfc9a9f4b3655841a6372642c60bb90d*
`登陆天数: 568天 / 915天
等级: 106
石头: 305
呼符: 70
友情点: 10 / 1876380`
*連続ログイン1日目
※ログインが途切れるか、7日到達すると
1日目から再開されます*
`フレンドポイント X 2000
5月交換券(2022) X 1
`*死想顕現界域 トラオム 或る幻想の生と死 開幕直前ログインボーナス*
*開催期間中、1日1回 最大7回 ログインボーナスをプレゼント！*
`聖晶石 X 1
黄金の果実 X 1
`_2022-05-26 20:31:35_
--------
*489b9caeed7f023e28fa9d1e9b69c384*
`登陆天数: 567天 / 653天
等级: 102
石头: 308
呼符: 84
友情点: 25 / 1467655`
*連続ログイン7日間到達おめでとうございます！
明日は1日目からリスタートされます。*
`獣の足跡 X 1
呼符 X 1
5月交換券(2022) X 1
`*死想顕現界域 トラオム 或る幻想の生と死 開幕直前ログインボーナス*
*開催期間中、1日1回 最大7回 ログインボーナスをプレゼント！*
`聖晶石 X 1
黄金の果実 X 1
`_2022-05-26 20:31:43_
--------
