【登录信息】
*5be1eb651b6f675892f00b0952b3cadb*
`登陆天数: 569天 / 1375天
等级: 154
石头: 36
呼符: 13
友情点: 31325 / 18440525`
*連続ログイン2日目
※ログインが途切れるか、7日到達すると
1日目から再開されます*
`聖晶石 X 1
5月交換券(2022) X 1
`*死想顕現界域 トラオム 或る幻想の生と死 開幕直前ログインボーナス*
*開催期間中、1日1回 最大7回 ログインボーナスをプレゼント！*
`聖晶石 X 1
黄金の果実 X 1
`_2022-05-27 20:30:37_
--------
*9cfc24f569d65a92010a7c9549af2192*
`登陆天数: 569天 / 859天
等级: 102
石头: 309
呼符: 32
友情点: 25 / 1479030`
*連続ログイン2日目
※ログインが途切れるか、7日到達すると
1日目から再開されます*
`聖晶石 X 1
5月交換券(2022) X 1
`*死想顕現界域 トラオム 或る幻想の生と死 開幕直前ログインボーナス*
*開催期間中、1日1回 最大7回 ログインボーナスをプレゼント！*
`聖晶石 X 1
黄金の果実 X 1
`_2022-05-27 20:30:46_
--------
*dfc9a9f4b3655841a6372642c60bb90d*
`登陆天数: 569天 / 916天
等级: 106
石头: 306
呼符: 70
友情点: 0 / 1879580`
*連続ログイン2日目
※ログインが途切れるか、7日到達すると
1日目から再開されます*
`聖晶石 X 1
5月交換券(2022) X 1
`*死想顕現界域 トラオム 或る幻想の生と死 開幕直前ログインボーナス*
*開催期間中、1日1回 最大7回 ログインボーナスをプレゼント！*
`聖晶石 X 1
黄金の果実 X 1
`_2022-05-27 20:30:54_
--------
*489b9caeed7f023e28fa9d1e9b69c384*
`登陆天数: 568天 / 654天
等级: 102
石头: 309
呼符: 85
友情点: 0 / 1468855`
*連続ログイン1日目
※ログインが途切れるか、7日到達すると
1日目から再開されます*
`フレンドポイント X 2000
5月交換券(2022) X 1
`*死想顕現界域 トラオム 或る幻想の生と死 開幕直前ログインボーナス*
*開催期間中、1日1回 最大7回 ログインボーナスをプレゼント！*
`聖晶石 X 1
黄金の果実 X 1
`_2022-05-27 20:31:02_
--------
