【登录信息】
*5be1eb651b6f675892f00b0952b3cadb*
`登陆天数: 570天 / 1376天
等级: 154
石头: 38
呼符: 13
友情点: 31275 / 18503285`
*連続ログイン3日目
※ログインが途切れるか、7日到達すると
1日目から再開されます*
`叡智の猛火 X 1
5月交換券(2022) X 1
`*死想顕現界域 トラオム 或る幻想の生と死 開幕直前ログインボーナス*
*開催期間中、1日1回 最大7回 ログインボーナスをプレゼント！*
`聖晶石 X 1
黄金の果実 X 1
`_2022-05-28 20:30:10_
--------
*9cfc24f569d65a92010a7c9549af2192*
`登陆天数: 570天 / 860天
等级: 102
石头: 311
呼符: 32
友情点: 0 / 1481480`
*連続ログイン3日目
※ログインが途切れるか、7日到達すると
1日目から再開されます*
`叡智の猛火 X 1
5月交換券(2022) X 1
`*死想顕現界域 トラオム 或る幻想の生と死 開幕直前ログインボーナス*
*開催期間中、1日1回 最大7回 ログインボーナスをプレゼント！*
`聖晶石 X 1
黄金の果実 X 1
`_2022-05-28 20:30:19_
--------
*dfc9a9f4b3655841a6372642c60bb90d*
`登陆天数: 570天 / 917天
等级: 106
石头: 308
呼符: 70
友情点: 0 / 1881980`
*連続ログイン3日目
※ログインが途切れるか、7日到達すると
1日目から再開されます*
`叡智の猛火 X 1
5月交換券(2022) X 1
`*死想顕現界域 トラオム 或る幻想の生と死 開幕直前ログインボーナス*
*開催期間中、1日1回 最大7回 ログインボーナスをプレゼント！*
`聖晶石 X 1
黄金の果実 X 1
`_2022-05-28 20:30:26_
--------
*489b9caeed7f023e28fa9d1e9b69c384*
`登陆天数: 569天 / 655天
等级: 102
石头: 310
呼符: 85
友情点: 0 / 1473280`
*連続ログイン2日目
※ログインが途切れるか、7日到達すると
1日目から再開されます*
`聖晶石 X 1
5月交換券(2022) X 1
`*死想顕現界域 トラオム 或る幻想の生と死 開幕直前ログインボーナス*
*開催期間中、1日1回 最大7回 ログインボーナスをプレゼント！*
`聖晶石 X 1
黄金の果実 X 1
`_2022-05-28 20:30:34_
--------
