【登录信息】
*5be1eb651b6f675892f00b0952b3cadb*
`登陆天数: 571天 / 1377天
等级: 154
石头: 39
呼符: 13
友情点: 30850 / 18534685`
*連続ログイン4日目
※ログインが途切れるか、7日到達すると
1日目から再開されます*
`聖晶石 X 1
5月交換券(2022) X 1
`*死想顕現界域 トラオム 或る幻想の生と死 開幕直前ログインボーナス*
*開催期間中、1日1回 最大7回 ログインボーナスをプレゼント！*
`聖晶石 X 1
黄金の果実 X 1
`_2022-05-29 20:30:14_
--------
*9cfc24f569d65a92010a7c9549af2192*
`登陆天数: 571天 / 861天
等级: 102
石头: 312
呼符: 32
友情点: 0 / 1482680`
*連続ログイン4日目
※ログインが途切れるか、7日到達すると
1日目から再開されます*
`聖晶石 X 1
5月交換券(2022) X 1
`*死想顕現界域 トラオム 或る幻想の生と死 開幕直前ログインボーナス*
*開催期間中、1日1回 最大7回 ログインボーナスをプレゼント！*
`聖晶石 X 1
黄金の果実 X 1
`_2022-05-29 20:30:23_
--------
*dfc9a9f4b3655841a6372642c60bb90d*
`登陆天数: 571天 / 918天
等级: 106
石头: 309
呼符: 70
友情点: 0 / 1883180`
*連続ログイン4日目
※ログインが途切れるか、7日到達すると
1日目から再開されます*
`聖晶石 X 1
5月交換券(2022) X 1
`*死想顕現界域 トラオム 或る幻想の生と死 開幕直前ログインボーナス*
*開催期間中、1日1回 最大7回 ログインボーナスをプレゼント！*
`聖晶石 X 1
黄金の果実 X 1
`_2022-05-29 20:30:31_
--------
*489b9caeed7f023e28fa9d1e9b69c384*
`登陆天数: 570天 / 656天
等级: 102
石头: 312
呼符: 85
友情点: 50 / 1474530`
*連続ログイン3日目
※ログインが途切れるか、7日到達すると
1日目から再開されます*
`叡智の猛火 X 1
5月交換券(2022) X 1
`*死想顕現界域 トラオム 或る幻想の生と死 開幕直前ログインボーナス*
*開催期間中、1日1回 最大7回 ログインボーナスをプレゼント！*
`聖晶石 X 1
黄金の果実 X 1
`_2022-05-29 20:30:39_
--------
