【登录信息】
*5be1eb651b6f675892f00b0952b3cadb*
`登陆天数: 572天 / 1378天
等级: 154
石头: 43
呼符: 13
友情点: 0 / 18566515`
*連続ログイン5日目
※ログインが途切れるか、7日到達すると
1日目から再開されます*
`叡智の猛火 X 2
5月交換券(2022) X 1
`*死想顕現界域 トラオム 或る幻想の生と死 開幕直前ログインボーナス*
*開催期間中、1日1回 最大7回 ログインボーナスをプレゼント！*
`聖晶石 X 1
黄金の果実 X 1
`_2022-05-30 20:30:34_
--------
*9cfc24f569d65a92010a7c9549af2192*
`登陆天数: 572天 / 862天
等级: 102
石头: 314
呼符: 32
友情点: 0 / 1483920`
*連続ログイン5日目
※ログインが途切れるか、7日到達すると
1日目から再開されます*
`叡智の猛火 X 2
5月交換券(2022) X 1
`*死想顕現界域 トラオム 或る幻想の生と死 開幕直前ログインボーナス*
*開催期間中、1日1回 最大7回 ログインボーナスをプレゼント！*
`聖晶石 X 1
黄金の果実 X 1
`_2022-05-30 20:30:43_
--------
*dfc9a9f4b3655841a6372642c60bb90d*
`登陆天数: 572天 / 919天
等级: 106
石头: 311
呼符: 70
友情点: 0 / 1884430`
*連続ログイン5日目
※ログインが途切れるか、7日到達すると
1日目から再開されます*
`叡智の猛火 X 2
5月交換券(2022) X 1
`*死想顕現界域 トラオム 或る幻想の生と死 開幕直前ログインボーナス*
*開催期間中、1日1回 最大7回 ログインボーナスをプレゼント！*
`聖晶石 X 1
黄金の果実 X 1
`_2022-05-30 20:30:51_
--------
*489b9caeed7f023e28fa9d1e9b69c384*
`登陆天数: 571天 / 657天
等级: 102
石头: 313
呼符: 85
友情点: 25 / 1475775`
*連続ログイン4日目
※ログインが途切れるか、7日到達すると
1日目から再開されます*
`聖晶石 X 1
5月交換券(2022) X 1
`*死想顕現界域 トラオム 或る幻想の生と死 開幕直前ログインボーナス*
*開催期間中、1日1回 最大7回 ログインボーナスをプレゼント！*
`聖晶石 X 1
黄金の果実 X 1
`_2022-05-30 20:30:59_
--------
