【登录信息】
[cb59608fced567a14b13a6e5c5c8a1d2]
`连续登陆: 86天
总登陆: 180天
等级: 1
石头: 169
友情点增加: 0
持有友情点: 22010`
*連続ログイン2日目
※ログインが途切れるか、7日到達すると
1日目から再開されます*
`聖晶石 X 1
6月交換券(2020) X 1
`_2020-06-26 19:34:46_
--------
[f303f9a15cddbe8ee0296511a8b04b30]
`连续登陆: 86天
总登陆: 237天
等级: 31
石头: 444
友情点增加: 0
持有友情点: 239640`
*連続ログイン2日目
※ログインが途切れるか、7日到達すると
1日目から再開されます*
`聖晶石 X 1
6月交換券(2020) X 1
`*「復刻:見参！ ラスベガス御前試合～水着剣豪七色勝負！ ライト版」フィーバーチケットプレゼント*
*イベント開催期間中、毎日「フィーバーチケット」をプレゼント！*
`フィーバーチケット X 1
`_2020-06-26 19:34:54_
--------
[5be1eb651b6f675892f00b0952b3cadb]
`连续登陆: 86天
总登陆: 696天
等级: 142
石头: 123
友情点增加: 95
持有友情点: 17730`
*連続ログイン2日目
※ログインが途切れるか、7日到達すると
1日目から再開されます*
`聖晶石 X 1
6月交換券(2020) X 1
`*「復刻:見参！ ラスベガス御前試合～水着剣豪七色勝負！ ライト版」フィーバーチケットプレゼント*
*イベント開催期間中、毎日「フィーバーチケット」をプレゼント！*
`フィーバーチケット X 1
`_2020-06-26 19:35:02_
--------
