【登录信息】
[5be1eb651b6f675892f00b0952b3cadb]
`登陆天数: 238天 / 1044天
等级: 148
石头: 30
呼符: 0
友情点: 33025 / 9942405`
*連続ログイン7日間到達おめでとうございます！
明日は1日目からリスタートされます。*
`獣の足跡 X 1
呼符 X 1
7月交換券(2021) X 1
`_2021-06-30 19:37:50_
--------
[9cfc24f569d65a92010a7c9549af2192]
`登陆天数: 238天 / 528天
等级: 97
石头: 5
呼符: 0
友情点: 0 / 747545`
*連続ログイン7日間到達おめでとうございます！
明日は1日目からリスタートされます。*
`獣の足跡 X 1
呼符 X 1
7月交換券(2021) X 1
`_2021-06-30 19:37:59_
--------
[dfc9a9f4b3655841a6372642c60bb90d]
`登陆天数: 238天 / 585天
等级: 105
石头: 9
呼符: 0
友情点: 0 / 1113260`
*連続ログイン7日間到達おめでとうございます！
明日は1日目からリスタートされます。*
`獣の足跡 X 1
呼符 X 1
7月交換券(2021) X 1
`_2021-06-30 19:38:07_
--------
[489b9caeed7f023e28fa9d1e9b69c384]
`登陆天数: 237天 / 323天
等级: 97
石头: 1
呼符: 0
友情点: 50 / 689940`
*連続ログイン6日目
※ログインが途切れるか、7日到達すると
1日目から再開されます*
`聖晶石 X 2
7月交換券(2021) X 1
`_2021-06-30 19:38:15_
--------
