【登录信息】
[5be1eb651b6f675892f00b0952b3cadb]
`登陆天数: 239天 / 1045天
等级: 148
石头: 37
呼符: 1
友情点: 30500 / 10004505`
*連続ログイン1日目
※ログインが途切れるか、7日到達すると
1日目から再開されます*
`フレンドポイント X 2000
7月交換券(2021) X 1
`_2021-07-01 19:37:40_
--------
[9cfc24f569d65a92010a7c9549af2192]
`登陆天数: 239天 / 529天
等级: 97
石头: 10
呼符: 1
友情点: 25 / 749995`
*連続ログイン1日目
※ログインが途切れるか、7日到達すると
1日目から再開されます*
`フレンドポイント X 2000
7月交換券(2021) X 1
`_2021-07-01 19:37:49_
--------
[dfc9a9f4b3655841a6372642c60bb90d]
`登陆天数: 239天 / 586天
等级: 105
石头: 14
呼符: 1
友情点: 0 / 1115660`
*連続ログイン1日目
※ログインが途切れるか、7日到達すると
1日目から再開されます*
`フレンドポイント X 2000
7月交換券(2021) X 1
`_2021-07-01 19:37:57_
--------
[489b9caeed7f023e28fa9d1e9b69c384]
`登陆天数: 238天 / 324天
等级: 97
石头: 8
呼符: 0
友情点: 50 / 692440`
*連続ログイン7日間到達おめでとうございます！
明日は1日目からリスタートされます。*
`獣の足跡 X 1
呼符 X 1
7月交換券(2021) X 1
`_2021-07-01 19:38:06_
--------
