【登录信息】
[5be1eb651b6f675892f00b0952b3cadb]
`登陆天数: 240天 / 1046天
等级: 148
石头: 37
呼符: 1
友情点: 30550 / 10037715`
*連続ログイン2日目
※ログインが途切れるか、7日到達すると
1日目から再開されます*
`聖晶石 X 1
7月交換券(2021) X 1
`_2021-07-02 19:38:09_
--------
[9cfc24f569d65a92010a7c9549af2192]
`登陆天数: 240天 / 530天
等级: 97
石头: 10
呼符: 1
友情点: 0 / 753195`
*連続ログイン2日目
※ログインが途切れるか、7日到達すると
1日目から再開されます*
`聖晶石 X 1
7月交換券(2021) X 1
`_2021-07-02 19:38:18_
--------
[dfc9a9f4b3655841a6372642c60bb90d]
`登陆天数: 240天 / 587天
等级: 105
石头: 14
呼符: 1
友情点: 0 / 1118860`
*連続ログイン2日目
※ログインが途切れるか、7日到達すると
1日目から再開されます*
`聖晶石 X 1
7月交換券(2021) X 1
`_2021-07-02 19:38:25_
--------
[489b9caeed7f023e28fa9d1e9b69c384]
`登陆天数: 239天 / 325天
等级: 97
石头: 8
呼符: 1
友情点: 75 / 693715`
*連続ログイン1日目
※ログインが途切れるか、7日到達すると
1日目から再開されます*
`フレンドポイント X 2000
7月交換券(2021) X 1
`_2021-07-02 19:38:33_
--------
