【登录信息】
[5be1eb651b6f675892f00b0952b3cadb]
`登陆天数: 241天 / 1047天
等级: 148
石头: 40
呼符: 0
友情点: 0 / 10068765`
*連続ログイン3日目
※ログインが途切れるか、7日到達すると
1日目から再開されます*
`叡智の猛火 X 1
7月交換券(2021) X 1
`_2021-07-03 19:37:46_
--------
[9cfc24f569d65a92010a7c9549af2192]
`登陆天数: 241天 / 531天
等级: 97
石头: 11
呼符: 1
友情点: 0 / 754395`
*連続ログイン3日目
※ログインが途切れるか、7日到達すると
1日目から再開されます*
`叡智の猛火 X 1
7月交換券(2021) X 1
`_2021-07-03 19:37:56_
--------
[dfc9a9f4b3655841a6372642c60bb90d]
`登陆天数: 241天 / 588天
等级: 105
石头: 15
呼符: 1
友情点: 0 / 1120060`
*連続ログイン3日目
※ログインが途切れるか、7日到達すると
1日目から再開されます*
`叡智の猛火 X 1
7月交換券(2021) X 1
`_2021-07-03 19:38:04_
--------
[489b9caeed7f023e28fa9d1e9b69c384]
`登陆天数: 240天 / 326天
等级: 97
石头: 8
呼符: 1
友情点: 50 / 696965`
*連続ログイン2日目
※ログインが途切れるか、7日到達すると
1日目から再開されます*
`聖晶石 X 1
7月交換券(2021) X 1
`_2021-07-03 19:38:12_
--------
