【登录信息】
[5be1eb651b6f675892f00b0952b3cadb]
`登陆天数: 243天 / 1049天
等级: 148
石头: 41
呼符: 0
友情点: 30800 / 10196465`
*連続ログイン5日目
※ログインが途切れるか、7日到達すると
1日目から再開されます*
`叡智の猛火 X 2
7月交換券(2021) X 1
`_2021-07-05 19:37:46_
--------
[9cfc24f569d65a92010a7c9549af2192]
`登陆天数: 243天 / 533天
等级: 97
石头: 12
呼符: 1
友情点: 0 / 759295`
*連続ログイン5日目
※ログインが途切れるか、7日到達すると
1日目から再開されます*
`叡智の猛火 X 2
7月交換券(2021) X 1
`_2021-07-05 19:37:55_
--------
[dfc9a9f4b3655841a6372642c60bb90d]
`登陆天数: 243天 / 590天
等级: 105
石头: 16
呼符: 1
友情点: 0 / 1124860`
*連続ログイン5日目
※ログインが途切れるか、7日到達すると
1日目から再開されます*
`叡智の猛火 X 2
7月交換券(2021) X 1
`_2021-07-05 19:38:03_
--------
[489b9caeed7f023e28fa9d1e9b69c384]
`登陆天数: 242天 / 328天
等级: 97
石头: 9
呼符: 1
友情点: 0 / 701865`
*連続ログイン4日目
※ログインが途切れるか、7日到達すると
1日目から再開されます*
`聖晶石 X 1
7月交換券(2021) X 1
`_2021-07-05 19:38:11_
--------
