【登录信息】
[5be1eb651b6f675892f00b0952b3cadb]
`登陆天数: 246天 / 1052天
等级: 148
石头: 78
呼符: 0
友情点: 0 / 10322675`
*連続ログイン1日目
※ログインが途切れるか、7日到達すると
1日目から再開されます*
`フレンドポイント X 2000
7月交換券(2021) X 1
`_2021-07-08 19:37:43_
--------
[9cfc24f569d65a92010a7c9549af2192]
`登陆天数: 246天 / 536天
等级: 97
石头: 19
呼符: 2
友情点: 0 / 764145`
*連続ログイン1日目
※ログインが途切れるか、7日到達すると
1日目から再開されます*
`フレンドポイント X 2000
7月交換券(2021) X 1
`_2021-07-08 19:37:53_
--------
[dfc9a9f4b3655841a6372642c60bb90d]
`登陆天数: 246天 / 593天
等级: 105
石头: 23
呼符: 2
友情点: 0 / 1129760`
*連続ログイン1日目
※ログインが途切れるか、7日到達すると
1日目から再開されます*
`フレンドポイント X 2000
7月交換券(2021) X 1
`_2021-07-08 19:38:02_
--------
[489b9caeed7f023e28fa9d1e9b69c384]
`登陆天数: 245天 / 331天
等级: 97
石头: 17
呼符: 1
友情点: 25 / 706840`
*連続ログイン7日間到達おめでとうございます！
明日は1日目からリスタートされます。*
`獣の足跡 X 1
呼符 X 1
7月交換券(2021) X 1
`_2021-07-08 19:38:10_
--------
