【登录信息】
[5be1eb651b6f675892f00b0952b3cadb]
`登陆天数: 248天 / 1054天
等级: 148
石头: 79
呼符: 0
友情点: 0 / 10245475`
*連続ログイン3日目
※ログインが途切れるか、7日到達すると
1日目から再開されます*
`叡智の猛火 X 1
7月交換券(2021) X 1
`_2021-07-10 19:37:44_
--------
[9cfc24f569d65a92010a7c9549af2192]
`登陆天数: 248天 / 538天
等级: 97
石头: 20
呼符: 2
友情点: 0 / 769770`
*連続ログイン3日目
※ログインが途切れるか、7日到達すると
1日目から再開されます*
`叡智の猛火 X 1
7月交換券(2021) X 1
`_2021-07-10 19:37:54_
--------
[dfc9a9f4b3655841a6372642c60bb90d]
`登陆天数: 248天 / 595天
等级: 105
石头: 24
呼符: 2
友情点: 0 / 1134660`
*連続ログイン3日目
※ログインが途切れるか、7日到達すると
1日目から再開されます*
`叡智の猛火 X 1
7月交換券(2021) X 1
`_2021-07-10 19:38:02_
--------
[489b9caeed7f023e28fa9d1e9b69c384]
`登陆天数: 247天 / 333天
等级: 97
石头: 17
呼符: 2
友情点: 0 / 712490`
*連続ログイン2日目
※ログインが途切れるか、7日到達すると
1日目から再開されます*
`聖晶石 X 1
7月交換券(2021) X 1
`_2021-07-10 19:38:10_
--------
