【登录信息】
[5be1eb651b6f675892f00b0952b3cadb]
`登陆天数: 250天 / 1056天
等级: 148
石头: 82
呼符: 0
友情点: 700 / 10339325`
*連続ログイン5日目
※ログインが途切れるか、7日到達すると
1日目から再開されます*
`叡智の猛火 X 2
7月交換券(2021) X 1
`_2021-07-12 19:37:39_
--------
[9cfc24f569d65a92010a7c9549af2192]
`登陆天数: 250天 / 540天
等级: 97
石头: 21
呼符: 2
友情点: 0 / 773520`
*連続ログイン5日目
※ログインが途切れるか、7日到達すると
1日目から再開されます*
`叡智の猛火 X 2
7月交換券(2021) X 1
`_2021-07-12 19:37:48_
--------
[dfc9a9f4b3655841a6372642c60bb90d]
`登陆天数: 250天 / 597天
等级: 105
石头: 25
呼符: 2
友情点: 0 / 1138360`
*連続ログイン5日目
※ログインが途切れるか、7日到達すると
1日目から再開されます*
`叡智の猛火 X 2
7月交換券(2021) X 1
`_2021-07-12 19:37:56_
--------
[489b9caeed7f023e28fa9d1e9b69c384]
`登陆天数: 249天 / 335天
等级: 97
石头: 18
呼符: 2
友情点: 0 / 716115`
*連続ログイン4日目
※ログインが途切れるか、7日到達すると
1日目から再開されます*
`聖晶石 X 1
7月交換券(2021) X 1
`_2021-07-12 19:38:04_
--------
