【登录信息】
[5be1eb651b6f675892f00b0952b3cadb]
`登陆天数: 252天 / 1058天
等级: 148
石头: 84
呼符: 0
友情点: 1200 / 10460385`
*連続ログイン7日間到達おめでとうございます！
明日は1日目からリスタートされます。*
`獣の足跡 X 1
呼符 X 1
7月交換券(2021) X 1
`*FGO カルデア放送局 Vol.17 第2部 第6章 アヴァロン･ル･フェ(後編) 配信直前SP 放送記念 初回ログインボーナス*
*開催期間中、初回ログインで「聖晶石×12」をプレゼント！*
`聖晶石 X 12
`_2021-07-14 19:37:57_
--------
[9cfc24f569d65a92010a7c9549af2192]
`登陆天数: 252天 / 542天
等级: 97
石头: 23
呼符: 2
友情点: 50 / 777520`
*連続ログイン7日間到達おめでとうございます！
明日は1日目からリスタートされます。*
`獣の足跡 X 1
呼符 X 1
7月交換券(2021) X 1
`*FGO カルデア放送局 Vol.17 第2部 第6章 アヴァロン･ル･フェ(後編) 配信直前SP 放送記念 初回ログインボーナス*
*開催期間中、初回ログインで「聖晶石×12」をプレゼント！*
`聖晶石 X 12
`_2021-07-14 19:38:05_
--------
[dfc9a9f4b3655841a6372642c60bb90d]
`登陆天数: 252天 / 599天
等级: 105
石头: 27
呼符: 2
友情点: 0 / 1142260`
*連続ログイン7日間到達おめでとうございます！
明日は1日目からリスタートされます。*
`獣の足跡 X 1
呼符 X 1
7月交換券(2021) X 1
`*FGO カルデア放送局 Vol.17 第2部 第6章 アヴァロン･ル･フェ(後編) 配信直前SP 放送記念 初回ログインボーナス*
*開催期間中、初回ログインで「聖晶石×12」をプレゼント！*
`聖晶石 X 12
`_2021-07-14 19:38:13_
--------
[489b9caeed7f023e28fa9d1e9b69c384]
`登陆天数: 251天 / 337天
等级: 97
石头: 19
呼符: 2
友情点: 25 / 720165`
*連続ログイン6日目
※ログインが途切れるか、7日到達すると
1日目から再開されます*
`聖晶石 X 2
7月交換券(2021) X 1
`*FGO カルデア放送局 Vol.17 第2部 第6章 アヴァロン･ル･フェ(後編) 配信直前SP 放送記念 初回ログインボーナス*
*開催期間中、初回ログインで「聖晶石×12」をプレゼント！*
`聖晶石 X 12
`_2021-07-14 19:38:21_
--------
