【登录信息】
[5be1eb651b6f675892f00b0952b3cadb]
`登陆天数: 256天 / 1062天
等级: 149
石头: 4
呼符: 0
友情点: 32000 / 10631475`
*連続ログイン4日目
※ログインが途切れるか、7日到達すると
1日目から再開されます*
`聖晶石 X 1
7月交換券(2021) X 1
`_2021-07-18 19:37:54_
--------
[9cfc24f569d65a92010a7c9549af2192]
`登陆天数: 256天 / 546天
等级: 97
石头: 32
呼符: 1
友情点: 50 / 785720`
*連続ログイン4日目
※ログインが途切れるか、7日到達すると
1日目から再開されます*
`聖晶石 X 1
7月交換券(2021) X 1
`_2021-07-18 19:38:03_
--------
[dfc9a9f4b3655841a6372642c60bb90d]
`登陆天数: 256天 / 603天
等级: 105
石头: 75
呼符: 3
友情点: 0 / 1150485`
*連続ログイン4日目
※ログインが途切れるか、7日到達すると
1日目から再開されます*
`聖晶石 X 1
7月交換券(2021) X 1
`_2021-07-18 19:38:11_
--------
[489b9caeed7f023e28fa9d1e9b69c384]
`登陆天数: 255天 / 341天
等级: 97
石头: 39
呼符: 3
友情点: 70 / 728385`
*連続ログイン3日目
※ログインが途切れるか、7日到達すると
1日目から再開されます*
`叡智の猛火 X 1
7月交換券(2021) X 1
`_2021-07-18 19:38:20_
--------
