【登录信息】
[5be1eb651b6f675892f00b0952b3cadb]
`登陆天数: 257天 / 1063天
等级: 149
石头: 2
呼符: 0
友情点: 6000 / 10687920`
*連続ログイン5日目
※ログインが途切れるか、7日到達すると
1日目から再開されます*
`叡智の猛火 X 2
7月交換券(2021) X 1
`_2021-07-19 19:37:43_
--------
[9cfc24f569d65a92010a7c9549af2192]
`登陆天数: 257天 / 547天
等级: 97
石头: 33
呼符: 1
友情点: 25 / 786995`
*連続ログイン5日目
※ログインが途切れるか、7日到達すると
1日目から再開されます*
`叡智の猛火 X 2
7月交換券(2021) X 1
`_2021-07-19 19:37:52_
--------
[dfc9a9f4b3655841a6372642c60bb90d]
`登陆天数: 257天 / 604天
等级: 105
石头: 76
呼符: 3
友情点: 0 / 1151685`
*連続ログイン5日目
※ログインが途切れるか、7日到達すると
1日目から再開されます*
`叡智の猛火 X 2
7月交換券(2021) X 1
`_2021-07-19 19:38:00_
--------
[489b9caeed7f023e28fa9d1e9b69c384]
`登陆天数: 256天 / 342天
等级: 97
石头: 39
呼符: 3
友情点: 25 / 729685`
*連続ログイン4日目
※ログインが途切れるか、7日到達すると
1日目から再開されます*
`聖晶石 X 1
7月交換券(2021) X 1
`_2021-07-19 19:38:08_
--------
