【登录信息】
[5be1eb651b6f675892f00b0952b3cadb]
`登陆天数: 258天 / 1064天
等级: 149
石头: 5
呼符: 0
友情点: 525 / 10713445`
*連続ログイン6日目
※ログインが途切れるか、7日到達すると
1日目から再開されます*
`聖晶石 X 2
7月交換券(2021) X 1
`_2021-07-20 19:37:50_
--------
[9cfc24f569d65a92010a7c9549af2192]
`登陆天数: 258天 / 548天
等级: 97
石头: 33
呼符: 1
友情点: 10 / 788205`
*連続ログイン6日目
※ログインが途切れるか、7日到達すると
1日目から再開されます*
`聖晶石 X 2
7月交換券(2021) X 1
`_2021-07-20 19:37:59_
--------
[dfc9a9f4b3655841a6372642c60bb90d]
`登陆天数: 258天 / 605天
等级: 105
石头: 76
呼符: 3
友情点: 0 / 1152885`
*連続ログイン6日目
※ログインが途切れるか、7日到達すると
1日目から再開されます*
`聖晶石 X 2
7月交換券(2021) X 1
`_2021-07-20 19:38:08_
--------
[489b9caeed7f023e28fa9d1e9b69c384]
`登陆天数: 257天 / 343天
等级: 97
石头: 40
呼符: 3
友情点: 25 / 730910`
*連続ログイン5日目
※ログインが途切れるか、7日到達すると
1日目から再開されます*
`叡智の猛火 X 2
7月交換券(2021) X 1
`_2021-07-20 19:38:17_
--------
