【登录信息】
[5be1eb651b6f675892f00b0952b3cadb]
`登陆天数: 260天 / 1066天
等级: 149
石头: 7
呼符: 1
友情点: 75 / 10774820`
*連続ログイン1日目
※ログインが途切れるか、7日到達すると
1日目から再開されます*
`フレンドポイント X 2000
7月交換券(2021) X 1
`_2021-07-22 19:37:55_
--------
[9cfc24f569d65a92010a7c9549af2192]
`登陆天数: 260天 / 550天
等级: 97
石头: 35
呼符: 2
友情点: 50 / 790755`
*連続ログイン1日目
※ログインが途切れるか、7日到達すると
1日目から再開されます*
`フレンドポイント X 2000
7月交換券(2021) X 1
`_2021-07-22 19:38:04_
--------
[dfc9a9f4b3655841a6372642c60bb90d]
`登陆天数: 260天 / 607天
等级: 105
石头: 78
呼符: 4
友情点: 0 / 1155285`
*連続ログイン1日目
※ログインが途切れるか、7日到達すると
1日目から再開されます*
`フレンドポイント X 2000
7月交換券(2021) X 1
`_2021-07-22 19:38:12_
--------
[489b9caeed7f023e28fa9d1e9b69c384]
`登陆天数: 259天 / 345天
等级: 97
石头: 42
呼符: 3
友情点: 25 / 733360`
*連続ログイン7日間到達おめでとうございます！
明日は1日目からリスタートされます。*
`獣の足跡 X 1
呼符 X 1
7月交換券(2021) X 1
`_2021-07-22 19:38:21_
--------
