【登录信息】
[5be1eb651b6f675892f00b0952b3cadb]
`登陆天数: 261天 / 1067天
等级: 149
石头: 7
呼符: 1
友情点: 30500 / 10807905`
*連続ログイン2日目
※ログインが途切れるか、7日到達すると
1日目から再開されます*
`聖晶石 X 1
7月交換券(2021) X 1
`_2021-07-23 19:37:37_
--------
[9cfc24f569d65a92010a7c9549af2192]
`登陆天数: 261天 / 551天
等级: 97
石头: 65
呼符: 2
友情点: 25 / 793980`
*連続ログイン2日目
※ログインが途切れるか、7日到達すると
1日目から再開されます*
`聖晶石 X 1
7月交換券(2021) X 1
`_2021-07-23 19:37:46_
--------
[dfc9a9f4b3655841a6372642c60bb90d]
`登陆天数: 261天 / 608天
等级: 105
石头: 78
呼符: 4
友情点: 0 / 1158485`
*連続ログイン2日目
※ログインが途切れるか、7日到達すると
1日目から再開されます*
`聖晶石 X 1
7月交換券(2021) X 1
`_2021-07-23 19:37:54_
--------
[489b9caeed7f023e28fa9d1e9b69c384]
`登陆天数: 260天 / 346天
等级: 97
石头: 42
呼符: 4
友情点: 0 / 734560`
*連続ログイン1日目
※ログインが途切れるか、7日到達すると
1日目から再開されます*
`フレンドポイント X 2000
7月交換券(2021) X 1
`_2021-07-23 19:38:03_
--------
