【登录信息】
[5be1eb651b6f675892f00b0952b3cadb]
`登陆天数: 262天 / 1068天
等级: 149
石头: 8
呼符: 1
友情点: 31700 / 10871355`
*連続ログイン3日目
※ログインが途切れるか、7日到達すると
1日目から再開されます*
`叡智の猛火 X 1
7月交換券(2021) X 1
`_2021-07-24 19:37:39_
--------
[9cfc24f569d65a92010a7c9549af2192]
`登陆天数: 262天 / 552天
等级: 97
石头: 66
呼符: 2
友情点: 0 / 796405`
*連続ログイン3日目
※ログインが途切れるか、7日到達すると
1日目から再開されます*
`叡智の猛火 X 1
7月交換券(2021) X 1
`_2021-07-24 19:37:48_
--------
[dfc9a9f4b3655841a6372642c60bb90d]
`登陆天数: 262天 / 609天
等级: 105
石头: 79
呼符: 4
友情点: 0 / 1160885`
*連続ログイン3日目
※ログインが途切れるか、7日到達すると
1日目から再開されます*
`叡智の猛火 X 1
7月交換券(2021) X 1
`_2021-07-24 19:37:57_
--------
[489b9caeed7f023e28fa9d1e9b69c384]
`登陆天数: 261天 / 347天
等级: 97
石头: 42
呼符: 4
友情点: 25 / 739010`
*連続ログイン2日目
※ログインが途切れるか、7日到達すると
1日目から再開されます*
`聖晶石 X 1
7月交換券(2021) X 1
`_2021-07-24 19:38:05_
--------
