【登录信息】
[5be1eb651b6f675892f00b0952b3cadb]
`登陆天数: 263天 / 1069天
等级: 149
石头: 8
呼符: 1
友情点: 29900 / 10934480`
*連続ログイン4日目
※ログインが途切れるか、7日到達すると
1日目から再開されます*
`聖晶石 X 1
7月交換券(2021) X 1
`_2021-07-25 19:37:49_
--------
[9cfc24f569d65a92010a7c9549af2192]
`登陆天数: 263天 / 553天
等级: 97
石头: 66
呼符: 2
友情点: 0 / 798880`
*連続ログイン4日目
※ログインが途切れるか、7日到達すると
1日目から再開されます*
`聖晶石 X 1
7月交換券(2021) X 1
`_2021-07-25 19:37:57_
--------
[dfc9a9f4b3655841a6372642c60bb90d]
`登陆天数: 263天 / 610天
等级: 105
石头: 79
呼符: 4
友情点: 10 / 1163295`
*連続ログイン4日目
※ログインが途切れるか、7日到達すると
1日目から再開されます*
`聖晶石 X 1
7月交換券(2021) X 1
`_2021-07-25 19:38:06_
--------
[489b9caeed7f023e28fa9d1e9b69c384]
`登陆天数: 262天 / 348天
等级: 97
石头: 43
呼符: 4
友情点: 25 / 741460`
*連続ログイン3日目
※ログインが途切れるか、7日到達すると
1日目から再開されます*
`叡智の猛火 X 1
7月交換券(2021) X 1
`_2021-07-25 19:38:14_
--------
