【登录信息】
[5be1eb651b6f675892f00b0952b3cadb]
`登陆天数: 264天 / 1070天
等级: 149
石头: 8
呼符: 1
友情点: 4500 / 10938980`
*連続ログイン5日目
※ログインが途切れるか、7日到達すると
1日目から再開されます*
`叡智の猛火 X 2
7月交換券(2021) X 1
`_2021-07-26 19:37:35_
--------
[9cfc24f569d65a92010a7c9549af2192]
`登陆天数: 264天 / 554天
等级: 97
石头: 66
呼符: 2
友情点: 0 / 798880`
*連続ログイン5日目
※ログインが途切れるか、7日到達すると
1日目から再開されます*
`叡智の猛火 X 2
7月交換券(2021) X 1
`_2021-07-26 19:37:44_
--------
[dfc9a9f4b3655841a6372642c60bb90d]
`登陆天数: 264天 / 611天
等级: 105
石头: 79
呼符: 4
友情点: 0 / 1163295`
*連続ログイン5日目
※ログインが途切れるか、7日到達すると
1日目から再開されます*
`叡智の猛火 X 2
7月交換券(2021) X 1
`_2021-07-26 19:37:53_
--------
[489b9caeed7f023e28fa9d1e9b69c384]
`登陆天数: 263天 / 349天
等级: 97
石头: 43
呼符: 4
友情点: 0 / 741460`
*連続ログイン4日目
※ログインが途切れるか、7日到達すると
1日目から再開されます*
`聖晶石 X 1
7月交換券(2021) X 1
`_2021-07-26 19:38:01_
--------
