【登录信息】
[5be1eb651b6f675892f00b0952b3cadb]
`登陆天数: 265天 / 1071天
等级: 149
石头: 9
呼符: 1
友情点: 30875 / 10970105`
*連続ログイン6日目
※ログインが途切れるか、7日到達すると
1日目から再開されます*
`聖晶石 X 2
7月交換券(2021) X 1
`_2021-07-27 19:37:43_
--------
[9cfc24f569d65a92010a7c9549af2192]
`登陆天数: 265天 / 555天
等级: 97
石头: 67
呼符: 2
友情点: 0 / 800090`
*連続ログイン6日目
※ログインが途切れるか、7日到達すると
1日目から再開されます*
`聖晶石 X 2
7月交換券(2021) X 1
`_2021-07-27 19:37:52_
--------
[dfc9a9f4b3655841a6372642c60bb90d]
`登陆天数: 265天 / 612天
等级: 105
石头: 80
呼符: 4
友情点: 0 / 1164495`
*連続ログイン6日目
※ログインが途切れるか、7日到達すると
1日目から再開されます*
`聖晶石 X 2
7月交換券(2021) X 1
`_2021-07-27 19:38:00_
--------
[489b9caeed7f023e28fa9d1e9b69c384]
`登陆天数: 264天 / 350天
等级: 97
石头: 44
呼符: 4
友情点: 50 / 742710`
*連続ログイン5日目
※ログインが途切れるか、7日到達すると
1日目から再開されます*
`叡智の猛火 X 2
7月交換券(2021) X 1
`_2021-07-27 19:38:08_
--------
