【登录信息】
[5be1eb651b6f675892f00b0952b3cadb]
`登陆天数: 267天 / 1073天
等级: 149
石头: 13
呼符: 8
友情点: 25 / 11063775`
*連続ログイン1日目
※ログインが途切れるか、7日到達すると
1日目から再開されます*
`フレンドポイント X 2000
7月交換券(2021) X 1
`_2021-07-29 19:37:40_
--------
[9cfc24f569d65a92010a7c9549af2192]
`登陆天数: 267天 / 557天
等级: 97
石头: 69
呼符: 3
友情点: 25 / 803765`
*連続ログイン1日目
※ログインが途切れるか、7日到達すると
1日目から再開されます*
`フレンドポイント X 2000
7月交換券(2021) X 1
`_2021-07-29 19:37:49_
--------
[dfc9a9f4b3655841a6372642c60bb90d]
`登陆天数: 267天 / 614天
等级: 105
石头: 82
呼符: 5
友情点: 0 / 1168095`
*連続ログイン1日目
※ログインが途切れるか、7日到達すると
1日目から再開されます*
`フレンドポイント X 2000
7月交換券(2021) X 1
`_2021-07-29 19:37:57_
--------
[489b9caeed7f023e28fa9d1e9b69c384]
`登陆天数: 266天 / 352天
等级: 97
石头: 76
呼符: 4
友情点: 50 / 746385`
*連続ログイン7日間到達おめでとうございます！
明日は1日目からリスタートされます。*
`獣の足跡 X 1
呼符 X 1
7月交換券(2021) X 1
`_2021-07-29 19:38:05_
--------
