【登录信息】
[5be1eb651b6f675892f00b0952b3cadb]
`登陆天数: 268天 / 1074天
等级: 149
石头: 18
呼符: 9
友情点: 0 / 11127295`
*連続ログイン2日目
※ログインが途切れるか、7日到達すると
1日目から再開されます*
`聖晶石 X 1
7月交換券(2021) X 1
`_2021-07-30 19:37:49_
--------
[9cfc24f569d65a92010a7c9549af2192]
`登陆天数: 268天 / 558天
等级: 98
石头: 69
呼符: 3
友情点: 0 / 809365`
*連続ログイン2日目
※ログインが途切れるか、7日到達すると
1日目から再開されます*
`聖晶石 X 1
7月交換券(2021) X 1
`_2021-07-30 19:37:58_
--------
[dfc9a9f4b3655841a6372642c60bb90d]
`登陆天数: 268天 / 615天
等级: 105
石头: 82
呼符: 5
友情点: 0 / 1172495`
*連続ログイン2日目
※ログインが途切れるか、7日到達すると
1日目から再開されます*
`聖晶石 X 1
7月交換券(2021) X 1
`_2021-07-30 19:38:06_
--------
[489b9caeed7f023e28fa9d1e9b69c384]
`登陆天数: 267天 / 353天
等级: 97
石头: 76
呼符: 5
友情点: 0 / 748860`
*連続ログイン1日目
※ログインが途切れるか、7日到達すると
1日目から再開されます*
`フレンドポイント X 2000
7月交換券(2021) X 1
`_2021-07-30 19:38:14_
--------
