【登录信息】
[5be1eb651b6f675892f00b0952b3cadb]
`登陆天数: 453天 / 1259天
等级: 152
石头: 19
呼符: 1
友情点: 0 / 14045955`
*連続ログイン5日目
※ログインが途切れるか、7日到達すると
1日目から再開されます*
`叡智の猛火 X 2
2月交換券(2022) X 1
`_2022-01-31 20:26:46_
--------
[9cfc24f569d65a92010a7c9549af2192]
`登陆天数: 453天 / 743天
等级: 101
石头: 4
呼符: 16
友情点: 25 / 1219900`
*連続ログイン5日目
※ログインが途切れるか、7日到達すると
1日目から再開されます*
`叡智の猛火 X 2
2月交換券(2022) X 1
`_2022-01-31 20:26:56_
--------
[dfc9a9f4b3655841a6372642c60bb90d]
`登陆天数: 453天 / 800天
等级: 106
石头: 121
呼符: 26
友情点: 0 / 1622345`
*連続ログイン5日目
※ログインが途切れるか、7日到達すると
1日目から再開されます*
`叡智の猛火 X 2
2月交換券(2022) X 1
`_2022-01-31 20:27:06_
--------
[489b9caeed7f023e28fa9d1e9b69c384]
`登陆天数: 452天 / 538天
等级: 101
石头: 157
呼符: 36
友情点: 0 / 1210730`
*連続ログイン4日目
※ログインが途切れるか、7日到達すると
1日目から再開されます*
`聖晶石 X 1
2月交換券(2022) X 1
`_2022-01-31 20:27:16_
--------
