【登录信息】
[5be1eb651b6f675892f00b0952b3cadb]
`登陆天数: 454天 / 1260天
等级: 152
石头: 29
呼符: 1
友情点: 30700 / 14108130`
*連続ログイン6日目
※ログインが途切れるか、7日到達すると
1日目から再開されます*
`聖晶石 X 2
2月交換券(2022) X 1
`_2022-02-01 20:26:31_
--------
[9cfc24f569d65a92010a7c9549af2192]
`登陆天数: 454天 / 744天
等级: 101
石头: 14
呼符: 16
友情点: 50 / 1222375`
*連続ログイン6日目
※ログインが途切れるか、7日到達すると
1日目から再開されます*
`聖晶石 X 2
2月交換券(2022) X 1
`_2022-02-01 20:26:42_
--------
[dfc9a9f4b3655841a6372642c60bb90d]
`登陆天数: 454天 / 801天
等级: 106
石头: 161
呼符: 26
友情点: 0 / 1624745`
*連続ログイン6日目
※ログインが途切れるか、7日到達すると
1日目から再開されます*
`聖晶石 X 2
2月交換券(2022) X 1
`_2022-02-01 20:26:53_
--------
[489b9caeed7f023e28fa9d1e9b69c384]
`登陆天数: 453天 / 539天
等级: 101
石头: 168
呼符: 36
友情点: 0 / 1213130`
*連続ログイン5日目
※ログインが途切れるか、7日到達すると
1日目から再開されます*
`叡智の猛火 X 2
2月交換券(2022) X 1
`_2022-02-01 20:27:03_
--------
