【登录信息】
[5be1eb651b6f675892f00b0952b3cadb]
`登陆天数: 455天 / 1261天
等级: 152
石头: 31
呼符: 0
友情点: 10 / 14139835`
*連続ログイン7日間到達おめでとうございます！
明日は1日目からリスタートされます。*
`獣の足跡 X 1
呼符 X 1
2月交換券(2022) X 1
`*バレンタイン2022
開催直前特別ログインボーナス！*
*開催期間中、1日1回 最大7回 ログインボーナスをプレゼント！*
`黄金の果実 X 1
`_2022-02-02 20:27:07_
--------
[9cfc24f569d65a92010a7c9549af2192]
`登陆天数: 455天 / 745天
等级: 101
石头: 16
呼符: 16
友情点: 50 / 1223625`
*連続ログイン7日間到達おめでとうございます！
明日は1日目からリスタートされます。*
`獣の足跡 X 1
呼符 X 1
2月交換券(2022) X 1
`*バレンタイン2022
開催直前特別ログインボーナス！*
*開催期間中、1日1回 最大7回 ログインボーナスをプレゼント！*
`白銀の果実 X 1
`_2022-02-02 20:27:18_
--------
[dfc9a9f4b3655841a6372642c60bb90d]
`登陆天数: 455天 / 802天
等级: 106
石头: 163
呼符: 26
友情点: 0 / 1625945`
*連続ログイン7日間到達おめでとうございます！
明日は1日目からリスタートされます。*
`獣の足跡 X 1
呼符 X 1
2月交換券(2022) X 1
`*バレンタイン2022
開催直前特別ログインボーナス！*
*開催期間中、1日1回 最大7回 ログインボーナスをプレゼント！*
`白銀の果実 X 1
`_2022-02-02 20:27:28_
--------
[489b9caeed7f023e28fa9d1e9b69c384]
`登陆天数: 454天 / 540天
等级: 101
石头: 168
呼符: 36
友情点: 25 / 1214355`
*連続ログイン6日目
※ログインが途切れるか、7日到達すると
1日目から再開されます*
`聖晶石 X 2
2月交換券(2022) X 1
`*バレンタイン2022
開催直前特別ログインボーナス！*
*開催期間中、1日1回 最大7回 ログインボーナスをプレゼント！*
`白銀の果実 X 1
`_2022-02-02 20:27:39_
--------
