【登录信息】
[5be1eb651b6f675892f00b0952b3cadb]
`登陆天数: 456天 / 1262天
等级: 152
石头: 35
呼符: 0
友情点: 3310 / 14174725`
*連続ログイン1日目
※ログインが途切れるか、7日到達すると
1日目から再開されます*
`フレンドポイント X 2000
2月交換券(2022) X 1
`*「FGO カルデア・サテライトステーション 2021-2022」高知会場代替開催直前ログインボーナス*
*開催期間中、1日1回 最大3回 ログインボーナスをプレゼント！*
`黄金の果実 X 1
`_2022-02-03 20:26:28_
--------
[9cfc24f569d65a92010a7c9549af2192]
`登陆天数: 456天 / 746天
等级: 101
石头: 16
呼符: 17
友情点: 50 / 1224875`
*連続ログイン1日目
※ログインが途切れるか、7日到達すると
1日目から再開されます*
`フレンドポイント X 2000
2月交換券(2022) X 1
`*「FGO カルデア・サテライトステーション 2021-2022」高知会場代替開催直前ログインボーナス*
*開催期間中、1日1回 最大3回 ログインボーナスをプレゼント！*
`黄金の果実 X 1
`_2022-02-03 20:26:38_
--------
[dfc9a9f4b3655841a6372642c60bb90d]
`登陆天数: 456天 / 803天
等级: 106
石头: 163
呼符: 27
友情点: 0 / 1627145`
*連続ログイン1日目
※ログインが途切れるか、7日到達すると
1日目から再開されます*
`フレンドポイント X 2000
2月交換券(2022) X 1
`*「FGO カルデア・サテライトステーション 2021-2022」高知会場代替開催直前ログインボーナス*
*開催期間中、1日1回 最大3回 ログインボーナスをプレゼント！*
`黄金の果実 X 1
`_2022-02-03 20:26:48_
--------
[489b9caeed7f023e28fa9d1e9b69c384]
`登陆天数: 455天 / 541天
等级: 101
石头: 170
呼符: 36
友情点: 0 / 1215555`
*連続ログイン7日間到達おめでとうございます！
明日は1日目からリスタートされます。*
`獣の足跡 X 1
呼符 X 1
2月交換券(2022) X 1
`*「FGO カルデア・サテライトステーション 2021-2022」高知会場代替開催直前ログインボーナス*
*開催期間中、1日1回 最大3回 ログインボーナスをプレゼント！*
`黄金の果実 X 1
`_2022-02-03 20:26:58_
--------
