【登录信息】
[5be1eb651b6f675892f00b0952b3cadb]
`登陆天数: 457天 / 1263天
等级: 152
石头: 46
呼符: 0
友情点: 27175 / 14243385`
*連続ログイン2日目
※ログインが途切れるか、7日到達すると
1日目から再開されます*
`聖晶石 X 1
2月交換券(2022) X 1
`*「FGO カルデア・サテライトステーション 2021-2022」高知会場代替開催直前ログインボーナス*
*開催期間中、1日1回 最大3回 ログインボーナスをプレゼント！*
`黄金の果実 X 1
`_2022-02-04 20:22:03_
--------
[9cfc24f569d65a92010a7c9549af2192]
`登陆天数: 457天 / 747天
等级: 101
石头: 16
呼符: 17
友情点: 50 / 1230650`
*連続ログイン2日目
※ログインが途切れるか、7日到達すると
1日目から再開されます*
`聖晶石 X 1
2月交換券(2022) X 1
`*「FGO カルデア・サテライトステーション 2021-2022」高知会場代替開催直前ログインボーナス*
*開催期間中、1日1回 最大3回 ログインボーナスをプレゼント！*
`黄金の果実 X 1
`_2022-02-04 20:22:14_
--------
[dfc9a9f4b3655841a6372642c60bb90d]
`登陆天数: 457天 / 804天
等级: 106
石头: 163
呼符: 27
友情点: 0 / 1632955`
*連続ログイン2日目
※ログインが途切れるか、7日到達すると
1日目から再開されます*
`聖晶石 X 1
2月交換券(2022) X 1
`*「FGO カルデア・サテライトステーション 2021-2022」高知会場代替開催直前ログインボーナス*
*開催期間中、1日1回 最大3回 ログインボーナスをプレゼント！*
`黄金の果実 X 1
`_2022-02-04 20:22:24_
--------
[489b9caeed7f023e28fa9d1e9b69c384]
`登陆天数: 456天 / 542天
等级: 101
石头: 170
呼符: 37
友情点: 25 / 1219280`
*連続ログイン1日目
※ログインが途切れるか、7日到達すると
1日目から再開されます*
`フレンドポイント X 2000
2月交換券(2022) X 1
`*「FGO カルデア・サテライトステーション 2021-2022」高知会場代替開催直前ログインボーナス*
*開催期間中、1日1回 最大3回 ログインボーナスをプレゼント！*
`黄金の果実 X 1
`_2022-02-04 20:22:35_
--------
