【登录信息】
[5be1eb651b6f675892f00b0952b3cadb]
`登陆天数: 458天 / 1264天
等级: 152
石头: 47
呼符: 0
友情点: 31835 / 14271830`
*連続ログイン3日目
※ログインが途切れるか、7日到達すると
1日目から再開されます*
`叡智の猛火 X 1
2月交換券(2022) X 1
`*「FGO カルデア・サテライトステーション 2021-2022」高知会場代替開催直前ログインボーナス*
*開催期間中、1日1回 最大3回 ログインボーナスをプレゼント！*
`黄金の果実 X 1
`_2022-02-05 20:21:29_
--------
[9cfc24f569d65a92010a7c9549af2192]
`登陆天数: 458天 / 748天
等级: 101
石头: 18
呼符: 17
友情点: 25 / 1231875`
*連続ログイン3日目
※ログインが途切れるか、7日到達すると
1日目から再開されます*
`叡智の猛火 X 1
2月交換券(2022) X 1
`*「FGO カルデア・サテライトステーション 2021-2022」高知会場代替開催直前ログインボーナス*
*開催期間中、1日1回 最大3回 ログインボーナスをプレゼント！*
`黄金の果実 X 1
`_2022-02-05 20:21:40_
--------
[dfc9a9f4b3655841a6372642c60bb90d]
`登陆天数: 458天 / 805天
等级: 106
石头: 165
呼符: 27
友情点: 10 / 1634165`
*連続ログイン3日目
※ログインが途切れるか、7日到達すると
1日目から再開されます*
`叡智の猛火 X 1
2月交換券(2022) X 1
`*「FGO カルデア・サテライトステーション 2021-2022」高知会場代替開催直前ログインボーナス*
*開催期間中、1日1回 最大3回 ログインボーナスをプレゼント！*
`黄金の果実 X 1
`_2022-02-05 20:21:50_
--------
[489b9caeed7f023e28fa9d1e9b69c384]
`登陆天数: 457天 / 543天
等级: 101
石头: 171
呼符: 37
友情点: 0 / 1222480`
*連続ログイン2日目
※ログインが途切れるか、7日到達すると
1日目から再開されます*
`聖晶石 X 1
2月交換券(2022) X 1
`*「FGO カルデア・サテライトステーション 2021-2022」高知会場代替開催直前ログインボーナス*
*開催期間中、1日1回 最大3回 ログインボーナスをプレゼント！*
`黄金の果実 X 1
`_2022-02-05 20:22:01_
--------
