【登录信息】
[5be1eb651b6f675892f00b0952b3cadb]
`登陆天数: 459天 / 1265天
等级: 152
石头: 47
呼符: 0
友情点: 75 / 14334030`
*連続ログイン4日目
※ログインが途切れるか、7日到達すると
1日目から再開されます*
`聖晶石 X 1
2月交換券(2022) X 1
`*バレンタイン2022
開催直前特別ログインボーナス！*
*開催期間中、1日1回 最大7回 ログインボーナスをプレゼント！*
`聖晶石 X 1
`_2022-02-06 20:25:25_
--------
[9cfc24f569d65a92010a7c9549af2192]
`登陆天数: 459天 / 749天
等级: 101
石头: 18
呼符: 17
友情点: 50 / 1234375`
*連続ログイン4日目
※ログインが途切れるか、7日到達すると
1日目から再開されます*
`聖晶石 X 1
2月交換券(2022) X 1
`*バレンタイン2022
開催直前特別ログインボーナス！*
*開催期間中、1日1回 最大7回 ログインボーナスをプレゼント！*
`黄金の果実 X 1
`_2022-02-06 20:25:36_
--------
[dfc9a9f4b3655841a6372642c60bb90d]
`登陆天数: 459天 / 806天
等级: 106
石头: 165
呼符: 27
友情点: 0 / 1636565`
*連続ログイン4日目
※ログインが途切れるか、7日到達すると
1日目から再開されます*
`聖晶石 X 1
2月交換券(2022) X 1
`*バレンタイン2022
開催直前特別ログインボーナス！*
*開催期間中、1日1回 最大7回 ログインボーナスをプレゼント！*
`黄金の果実 X 1
`_2022-02-06 20:25:46_
--------
[489b9caeed7f023e28fa9d1e9b69c384]
`登陆天数: 458天 / 544天
等级: 101
石头: 172
呼符: 37
友情点: 25 / 1224955`
*連続ログイン3日目
※ログインが途切れるか、7日到達すると
1日目から再開されます*
`叡智の猛火 X 1
2月交換券(2022) X 1
`*バレンタイン2022
開催直前特別ログインボーナス！*
*開催期間中、1日1回 最大7回 ログインボーナスをプレゼント！*
`黄金の果実 X 1
`_2022-02-06 20:25:56_
--------
