【登录信息】
[5be1eb651b6f675892f00b0952b3cadb]
`登陆天数: 460天 / 1266天
等级: 152
石头: 65
呼符: 0
友情点: 30925 / 14396015`
*連続ログイン5日目
※ログインが途切れるか、7日到達すると
1日目から再開されます*
`叡智の猛火 X 2
2月交換券(2022) X 1
`*バレンタイン2022
開催直前特別ログインボーナス！*
*開催期間中、1日1回 最大7回 ログインボーナスをプレゼント！*
`聖晶石 X 1
`_2022-02-07 20:22:02_
--------
[9cfc24f569d65a92010a7c9549af2192]
`登陆天数: 460天 / 750天
等级: 101
石头: 38
呼符: 17
友情点: 0 / 1236825`
*連続ログイン5日目
※ログインが途切れるか、7日到達すると
1日目から再開されます*
`叡智の猛火 X 2
2月交換券(2022) X 1
`*バレンタイン2022
開催直前特別ログインボーナス！*
*開催期間中、1日1回 最大7回 ログインボーナスをプレゼント！*
`聖晶石 X 1
`_2022-02-07 20:22:14_
--------
[dfc9a9f4b3655841a6372642c60bb90d]
`登陆天数: 460天 / 807天
等级: 106
石头: 182
呼符: 27
友情点: 0 / 1638975`
*連続ログイン5日目
※ログインが途切れるか、7日到達すると
1日目から再開されます*
`叡智の猛火 X 2
2月交換券(2022) X 1
`*バレンタイン2022
開催直前特別ログインボーナス！*
*開催期間中、1日1回 最大7回 ログインボーナスをプレゼント！*
`聖晶石 X 1
`_2022-02-07 20:22:24_
--------
[489b9caeed7f023e28fa9d1e9b69c384]
`登陆天数: 459天 / 545天
等级: 101
石头: 188
呼符: 37
友情点: 0 / 1227355`
*連続ログイン4日目
※ログインが途切れるか、7日到達すると
1日目から再開されます*
`聖晶石 X 1
2月交換券(2022) X 1
`*バレンタイン2022
開催直前特別ログインボーナス！*
*開催期間中、1日1回 最大7回 ログインボーナスをプレゼント！*
`聖晶石 X 1
`_2022-02-07 20:22:34_
--------
