【登录信息】
[5be1eb651b6f675892f00b0952b3cadb]
`登陆天数: 461天 / 1267天
等级: 152
石头: 66
呼符: 0
友情点: 30625 / 14427240`
*連続ログイン6日目
※ログインが途切れるか、7日到達すると
1日目から再開されます*
`聖晶石 X 2
2月交換券(2022) X 1
`_2022-02-08 20:26:12_
--------
[9cfc24f569d65a92010a7c9549af2192]
`登陆天数: 461天 / 751天
等级: 101
石头: 69
呼符: 17
友情点: 75 / 1238100`
*連続ログイン6日目
※ログインが途切れるか、7日到達すると
1日目から再開されます*
`聖晶石 X 2
2月交換券(2022) X 1
`*バレンタイン2022
開催直前特別ログインボーナス！*
*開催期間中、1日1回 最大7回 ログインボーナスをプレゼント！*
`聖晶石 X 1
`_2022-02-08 20:26:24_
--------
[dfc9a9f4b3655841a6372642c60bb90d]
`登陆天数: 461天 / 808天
等级: 106
石头: 183
呼符: 27
友情点: 0 / 1640175`
*連続ログイン6日目
※ログインが途切れるか、7日到達すると
1日目から再開されます*
`聖晶石 X 2
2月交換券(2022) X 1
`*バレンタイン2022
開催直前特別ログインボーナス！*
*開催期間中、1日1回 最大7回 ログインボーナスをプレゼント！*
`聖晶石 X 1
`_2022-02-08 20:26:34_
--------
[489b9caeed7f023e28fa9d1e9b69c384]
`登陆天数: 460天 / 546天
等级: 101
石头: 193
呼符: 37
友情点: 0 / 1228555`
*連続ログイン5日目
※ログインが途切れるか、7日到達すると
1日目から再開されます*
`叡智の猛火 X 2
2月交換券(2022) X 1
`*バレンタイン2022
開催直前特別ログインボーナス！*
*開催期間中、1日1回 最大7回 ログインボーナスをプレゼント！*
`聖晶石 X 1
`_2022-02-08 20:26:45_
--------
