【登录信息】
[5be1eb651b6f675892f00b0952b3cadb]
`登陆天数: 462天 / 1268天
等级: 152
石头: 69
呼符: 0
友情点: 50 / 14458820`
*連続ログイン7日間到達おめでとうございます！
明日は1日目からリスタートされます。*
`獣の足跡 X 1
呼符 X 1
2月交換券(2022) X 1
`_2022-02-09 20:26:49_
--------
[9cfc24f569d65a92010a7c9549af2192]
`登陆天数: 462天 / 752天
等级: 101
石头: 72
呼符: 17
友情点: 0 / 1239300`
*連続ログイン7日間到達おめでとうございます！
明日は1日目からリスタートされます。*
`獣の足跡 X 1
呼符 X 1
2月交換券(2022) X 1
`_2022-02-09 20:27:01_
--------
[dfc9a9f4b3655841a6372642c60bb90d]
`登陆天数: 462天 / 809天
等级: 106
石头: 186
呼符: 27
友情点: 0 / 1641375`
*連続ログイン7日間到達おめでとうございます！
明日は1日目からリスタートされます。*
`獣の足跡 X 1
呼符 X 1
2月交換券(2022) X 1
`_2022-02-09 20:27:11_
--------
[489b9caeed7f023e28fa9d1e9b69c384]
`登陆天数: 461天 / 547天
等级: 101
石头: 194
呼符: 37
友情点: 0 / 1229755`
*連続ログイン6日目
※ログインが途切れるか、7日到達すると
1日目から再開されます*
`聖晶石 X 2
2月交換券(2022) X 1
`_2022-02-09 20:27:22_
--------
