【登录信息】
[5be1eb651b6f675892f00b0952b3cadb]
`登陆天数: 463天 / 1269天
等级: 152
石头: 76
呼符: 1
友情点: 31600 / 14522295`
*連続ログイン1日目
※ログインが途切れるか、7日到達すると
1日目から再開されます*
`フレンドポイント X 2000
2月交換券(2022) X 1
`_2022-02-10 20:26:12_
--------
[9cfc24f569d65a92010a7c9549af2192]
`登陆天数: 463天 / 753天
等级: 101
石头: 77
呼符: 18
友情点: 50 / 1241750`
*連続ログイン1日目
※ログインが途切れるか、7日到達すると
1日目から再開されます*
`フレンドポイント X 2000
2月交換券(2022) X 1
`_2022-02-10 20:26:22_
--------
[dfc9a9f4b3655841a6372642c60bb90d]
`登陆天数: 463天 / 810天
等级: 106
石头: 194
呼符: 28
友情点: 0 / 1643775`
*連続ログイン1日目
※ログインが途切れるか、7日到達すると
1日目から再開されます*
`フレンドポイント X 2000
2月交換券(2022) X 1
`_2022-02-10 20:26:33_
--------
[489b9caeed7f023e28fa9d1e9b69c384]
`登陆天数: 462天 / 548天
等级: 101
石头: 201
呼符: 37
友情点: 50 / 1232280`
*連続ログイン7日間到達おめでとうございます！
明日は1日目からリスタートされます。*
`獣の足跡 X 1
呼符 X 1
2月交換券(2022) X 1
`_2022-02-10 20:26:43_
--------
