【登录信息】
[5be1eb651b6f675892f00b0952b3cadb]
`登陆天数: 464天 / 1270天
等级: 152
石头: 18
呼符: 0
友情点: 0 / 14558205`
*連続ログイン2日目
※ログインが途切れるか、7日到達すると
1日目から再開されます*
`聖晶石 X 1
2月交換券(2022) X 1
`_2022-02-11 20:26:17_
--------
[9cfc24f569d65a92010a7c9549af2192]
`登陆天数: 464天 / 754天
等级: 101
石头: 77
呼符: 18
友情点: 0 / 1244950`
*連続ログイン2日目
※ログインが途切れるか、7日到達すると
1日目から再開されます*
`聖晶石 X 1
2月交換券(2022) X 1
`_2022-02-11 20:26:28_
--------
[dfc9a9f4b3655841a6372642c60bb90d]
`登陆天数: 464天 / 811天
等级: 106
石头: 194
呼符: 28
友情点: 0 / 1646975`
*連続ログイン2日目
※ログインが途切れるか、7日到達すると
1日目から再開されます*
`聖晶石 X 1
2月交換券(2022) X 1
`_2022-02-11 20:26:38_
--------
[489b9caeed7f023e28fa9d1e9b69c384]
`登陆天数: 463天 / 549天
等级: 101
石头: 201
呼符: 38
友情点: 25 / 1233505`
*連続ログイン1日目
※ログインが途切れるか、7日到達すると
1日目から再開されます*
`フレンドポイント X 2000
2月交換券(2022) X 1
`_2022-02-11 20:26:48_
--------
