【登录信息】
[5be1eb651b6f675892f00b0952b3cadb]
`登陆天数: 465天 / 1271天
等级: 153
石头: 21
呼符: 0
友情点: 10 / 14620665`
*連続ログイン3日目
※ログインが途切れるか、7日到達すると
1日目から再開されます*
`叡智の猛火 X 1
2月交換券(2022) X 1
`_2022-02-12 20:25:56_
--------
[9cfc24f569d65a92010a7c9549af2192]
`登陆天数: 465天 / 755天
等级: 101
石头: 78
呼符: 18
友情点: 25 / 1247375`
*連続ログイン3日目
※ログインが途切れるか、7日到達すると
1日目から再開されます*
`叡智の猛火 X 1
2月交換券(2022) X 1
`_2022-02-12 20:26:07_
--------
[dfc9a9f4b3655841a6372642c60bb90d]
`登陆天数: 465天 / 812天
等级: 106
石头: 195
呼符: 28
友情点: 0 / 1649375`
*連続ログイン3日目
※ログインが途切れるか、7日到達すると
1日目から再開されます*
`叡智の猛火 X 1
2月交換券(2022) X 1
`_2022-02-12 20:26:17_
--------
[489b9caeed7f023e28fa9d1e9b69c384]
`登陆天数: 464天 / 550天
等级: 101
石头: 201
呼符: 38
友情点: 0 / 1237980`
*連続ログイン2日目
※ログインが途切れるか、7日到達すると
1日目から再開されます*
`聖晶石 X 1
2月交換券(2022) X 1
`_2022-02-12 20:26:27_
--------
