【登录信息】
[5be1eb651b6f675892f00b0952b3cadb]
`登陆天数: 466天 / 1272天
等级: 153
石头: 25
呼符: 1
友情点: 25 / 14653545`
*連続ログイン4日目
※ログインが途切れるか、7日到達すると
1日目から再開されます*
`聖晶石 X 1
2月交換券(2022) X 1
`_2022-02-13 20:27:11_
--------
[9cfc24f569d65a92010a7c9549af2192]
`登陆天数: 466天 / 756天
等级: 101
石头: 78
呼符: 18
友情点: 25 / 1248600`
*連続ログイン4日目
※ログインが途切れるか、7日到達すると
1日目から再開されます*
`聖晶石 X 1
2月交換券(2022) X 1
`_2022-02-13 20:27:23_
--------
[dfc9a9f4b3655841a6372642c60bb90d]
`登陆天数: 466天 / 813天
等级: 106
石头: 195
呼符: 28
友情点: 0 / 1650575`
*連続ログイン4日目
※ログインが途切れるか、7日到達すると
1日目から再開されます*
`聖晶石 X 1
2月交換券(2022) X 1
`_2022-02-13 20:27:33_
--------
[489b9caeed7f023e28fa9d1e9b69c384]
`登陆天数: 465天 / 551天
等级: 101
石头: 232
呼符: 38
友情点: 50 / 1239230`
*連続ログイン3日目
※ログインが途切れるか、7日到達すると
1日目から再開されます*
`叡智の猛火 X 1
2月交換券(2022) X 1
`_2022-02-13 20:27:43_
--------
