【登录信息】
[5be1eb651b6f675892f00b0952b3cadb]
`登陆天数: 467天 / 1273天
等级: 153
石头: 27
呼符: 0
友情点: 10 / 14688605`
*連続ログイン5日目
※ログインが途切れるか、7日到達すると
1日目から再開されます*
`叡智の猛火 X 2
2月交換券(2022) X 1
`_2022-02-14 20:26:14_
--------
[9cfc24f569d65a92010a7c9549af2192]
`登陆天数: 467天 / 757天
等级: 101
石头: 79
呼符: 18
友情点: 0 / 1249900`
*連続ログイン5日目
※ログインが途切れるか、7日到達すると
1日目から再開されます*
`叡智の猛火 X 2
2月交換券(2022) X 1
`_2022-02-14 20:26:25_
--------
[dfc9a9f4b3655841a6372642c60bb90d]
`登陆天数: 467天 / 814天
等级: 106
石头: 196
呼符: 28
友情点: 0 / 1651875`
*連続ログイン5日目
※ログインが途切れるか、7日到達すると
1日目から再開されます*
`叡智の猛火 X 2
2月交換券(2022) X 1
`_2022-02-14 20:26:36_
--------
[489b9caeed7f023e28fa9d1e9b69c384]
`登陆天数: 466天 / 552天
等级: 101
石头: 232
呼符: 38
友情点: 0 / 1240530`
*連続ログイン4日目
※ログインが途切れるか、7日到達すると
1日目から再開されます*
`聖晶石 X 1
2月交換券(2022) X 1
`_2022-02-14 20:26:47_
--------
