【登录信息】
[5be1eb651b6f675892f00b0952b3cadb]
`登陆天数: 468天 / 1274天
等级: 153
石头: 28
呼符: 1
友情点: 0 / 14721715`
*連続ログイン6日目
※ログインが途切れるか、7日到達すると
1日目から再開されます*
`聖晶石 X 2
2月交換券(2022) X 1
`_2022-02-15 20:26:27_
--------
[9cfc24f569d65a92010a7c9549af2192]
`登陆天数: 468天 / 758天
等级: 101
石头: 79
呼符: 18
友情点: 0 / 1251100`
*連続ログイン6日目
※ログインが途切れるか、7日到達すると
1日目から再開されます*
`聖晶石 X 2
2月交換券(2022) X 1
`_2022-02-15 20:26:39_
--------
[dfc9a9f4b3655841a6372642c60bb90d]
`登陆天数: 468天 / 815天
等级: 106
石头: 196
呼符: 28
友情点: 0 / 1653075`
*連続ログイン6日目
※ログインが途切れるか、7日到達すると
1日目から再開されます*
`聖晶石 X 2
2月交換券(2022) X 1
`_2022-02-15 20:26:49_
--------
[489b9caeed7f023e28fa9d1e9b69c384]
`登陆天数: 467天 / 553天
等级: 101
石头: 233
呼符: 38
友情点: 25 / 1241755`
*連続ログイン5日目
※ログインが途切れるか、7日到達すると
1日目から再開されます*
`叡智の猛火 X 2
2月交換券(2022) X 1
`_2022-02-15 20:26:59_
--------
