【登录信息】
[5be1eb651b6f675892f00b0952b3cadb]
`登陆天数: 469天 / 1275天
等级: 153
石头: 0
呼符: 1
友情点: 33375 / 14755625`
*連続ログイン7日間到達おめでとうございます！
明日は1日目からリスタートされます。*
`獣の足跡 X 1
呼符 X 1
2月交換券(2022) X 1
`_2022-02-16 20:26:14_
--------
[9cfc24f569d65a92010a7c9549af2192]
`登陆天数: 469天 / 759天
等级: 101
石头: 81
呼符: 18
友情点: 25 / 1252425`
*連続ログイン7日間到達おめでとうございます！
明日は1日目からリスタートされます。*
`獣の足跡 X 1
呼符 X 1
2月交換券(2022) X 1
`_2022-02-16 20:26:26_
--------
[dfc9a9f4b3655841a6372642c60bb90d]
`登陆天数: 469天 / 816天
等级: 106
石头: 198
呼符: 28
友情点: 10 / 1654385`
*連続ログイン7日間到達おめでとうございます！
明日は1日目からリスタートされます。*
`獣の足跡 X 1
呼符 X 1
2月交換券(2022) X 1
`_2022-02-16 20:26:36_
--------
[489b9caeed7f023e28fa9d1e9b69c384]
`登陆天数: 468天 / 554天
等级: 101
石头: 233
呼符: 38
友情点: 0 / 1243055`
*連続ログイン6日目
※ログインが途切れるか、7日到達すると
1日目から再開されます*
`聖晶石 X 2
2月交換券(2022) X 1
`_2022-02-16 20:26:46_
--------
