【登录信息】
[5be1eb651b6f675892f00b0952b3cadb]
`登陆天数: 470天 / 1276天
等级: 153
石头: 0
呼符: 0
友情点: 31700 / 14819195`
*連続ログイン1日目
※ログインが途切れるか、7日到達すると
1日目から再開されます*
`フレンドポイント X 2000
2月交換券(2022) X 1
`_2022-02-17 20:25:21_
--------
[9cfc24f569d65a92010a7c9549af2192]
`登陆天数: 470天 / 760天
等级: 101
石头: 81
呼符: 19
友情点: 25 / 1254900`
*連続ログイン1日目
※ログインが途切れるか、7日到達すると
1日目から再開されます*
`フレンドポイント X 2000
2月交換券(2022) X 1
`_2022-02-17 20:25:32_
--------
[dfc9a9f4b3655841a6372642c60bb90d]
`登陆天数: 470天 / 817天
等级: 106
石头: 198
呼符: 29
友情点: 0 / 1656785`
*連続ログイン1日目
※ログインが途切れるか、7日到達すると
1日目から再開されます*
`フレンドポイント X 2000
2月交換券(2022) X 1
`_2022-02-17 20:25:43_
--------
[489b9caeed7f023e28fa9d1e9b69c384]
`登陆天数: 469天 / 555天
等级: 101
石头: 235
呼符: 38
友情点: 0 / 1245505`
*連続ログイン7日間到達おめでとうございます！
明日は1日目からリスタートされます。*
`獣の足跡 X 1
呼符 X 1
2月交換券(2022) X 1
`_2022-02-17 20:25:53_
--------
