【登录信息】
[5be1eb651b6f675892f00b0952b3cadb]
`登陆天数: 471天 / 1277天
等级: 153
石头: 4
呼符: 0
友情点: 31995 / 14854250`
*連続ログイン2日目
※ログインが途切れるか、7日到達すると
1日目から再開されます*
`聖晶石 X 1
2月交換券(2022) X 1
`_2022-02-18 20:26:33_
--------
[9cfc24f569d65a92010a7c9549af2192]
`登陆天数: 471天 / 761天
等级: 101
石头: 21
呼符: 24
友情点: 0 / 1258100`
*連続ログイン2日目
※ログインが途切れるか、7日到達すると
1日目から再開されます*
`聖晶石 X 1
2月交換券(2022) X 1
`_2022-02-18 20:26:45_
--------
[dfc9a9f4b3655841a6372642c60bb90d]
`登陆天数: 471天 / 818天
等级: 106
石头: 18
呼符: 34
友情点: 0 / 1660005`
*連続ログイン2日目
※ログインが途切れるか、7日到達すると
1日目から再開されます*
`聖晶石 X 1
2月交換券(2022) X 1
`_2022-02-18 20:26:55_
--------
[489b9caeed7f023e28fa9d1e9b69c384]
`登陆天数: 470天 / 556天
等级: 101
石头: 27
呼符: 44
友情点: 0 / 1246705`
*連続ログイン1日目
※ログインが途切れるか、7日到達すると
1日目から再開されます*
`フレンドポイント X 2000
2月交換券(2022) X 1
`_2022-02-18 20:27:05_
--------
