【登录信息】
[5be1eb651b6f675892f00b0952b3cadb]
`登陆天数: 472天 / 1278天
等级: 153
石头: 5
呼符: 1
友情点: 45 / 14885720`
*連続ログイン3日目
※ログインが途切れるか、7日到達すると
1日目から再開されます*
`叡智の猛火 X 1
2月交換券(2022) X 1
`_2022-02-19 20:26:29_
--------
[9cfc24f569d65a92010a7c9549af2192]
`登陆天数: 472天 / 762天
等级: 101
石头: 23
呼符: 24
友情点: 0 / 1259300`
*連続ログイン3日目
※ログインが途切れるか、7日到達すると
1日目から再開されます*
`叡智の猛火 X 1
2月交換券(2022) X 1
`_2022-02-19 20:26:40_
--------
[dfc9a9f4b3655841a6372642c60bb90d]
`登陆天数: 472天 / 819天
等级: 106
石头: 19
呼符: 34
友情点: 0 / 1661205`
*連続ログイン3日目
※ログインが途切れるか、7日到達すると
1日目から再開されます*
`叡智の猛火 X 1
2月交換券(2022) X 1
`_2022-02-19 20:26:51_
--------
[489b9caeed7f023e28fa9d1e9b69c384]
`登陆天数: 471天 / 557天
等级: 101
石头: 27
呼符: 44
友情点: 25 / 1249930`
*連続ログイン2日目
※ログインが途切れるか、7日到達すると
1日目から再開されます*
`聖晶石 X 1
2月交換券(2022) X 1
`_2022-02-19 20:27:01_
--------
