【登录信息】
[5be1eb651b6f675892f00b0952b3cadb]
`登陆天数: 473天 / 1279天
等级: 153
石头: 5
呼符: 0
友情点: 105 / 14949375`
*連続ログイン4日目
※ログインが途切れるか、7日到達すると
1日目から再開されます*
`聖晶石 X 1
2月交換券(2022) X 1
`_2022-02-20 20:26:21_
--------
[9cfc24f569d65a92010a7c9549af2192]
`登陆天数: 473天 / 763天
等级: 101
石头: 23
呼符: 24
友情点: 0 / 1261725`
*連続ログイン4日目
※ログインが途切れるか、7日到達すると
1日目から再開されます*
`聖晶石 X 1
2月交換券(2022) X 1
`_2022-02-20 20:26:32_
--------
[dfc9a9f4b3655841a6372642c60bb90d]
`登陆天数: 473天 / 820天
等级: 106
石头: 19
呼符: 34
友情点: 0 / 1663605`
*連続ログイン4日目
※ログインが途切れるか、7日到達すると
1日目から再開されます*
`聖晶石 X 1
2月交換券(2022) X 1
`_2022-02-20 20:26:42_
--------
[489b9caeed7f023e28fa9d1e9b69c384]
`登陆天数: 472天 / 558天
等级: 101
石头: 28
呼符: 44
友情点: 0 / 1252355`
*連続ログイン3日目
※ログインが途切れるか、7日到達すると
1日目から再開されます*
`叡智の猛火 X 1
2月交換券(2022) X 1
`_2022-02-20 20:26:53_
--------
