【登录信息】
[5be1eb651b6f675892f00b0952b3cadb]
`登陆天数: 474天 / 1280天
等级: 153
石头: 46
呼符: 0
友情点: 30920 / 15012395`
*連続ログイン5日目
※ログインが途切れるか、7日到達すると
1日目から再開されます*
`叡智の猛火 X 2
2月交換券(2022) X 1
`_2022-02-21 20:27:04_
--------
[9cfc24f569d65a92010a7c9549af2192]
`登陆天数: 474天 / 764天
等级: 101
石头: 34
呼符: 24
友情点: 0 / 1264150`
*連続ログイン5日目
※ログインが途切れるか、7日到達すると
1日目から再開されます*
`叡智の猛火 X 2
2月交換券(2022) X 1
`_2022-02-21 20:27:14_
--------
[dfc9a9f4b3655841a6372642c60bb90d]
`登陆天数: 474天 / 821天
等级: 106
石头: 30
呼符: 34
友情点: 0 / 1666015`
*連続ログイン5日目
※ログインが途切れるか、7日到達すると
1日目から再開されます*
`叡智の猛火 X 2
2月交換券(2022) X 1
`_2022-02-21 20:27:25_
--------
[489b9caeed7f023e28fa9d1e9b69c384]
`登陆天数: 473天 / 559天
等级: 101
石头: 38
呼符: 44
友情点: 0 / 1254755`
*連続ログイン4日目
※ログインが途切れるか、7日到達すると
1日目から再開されます*
`聖晶石 X 1
2月交換券(2022) X 1
`_2022-02-21 20:27:35_
--------
