【登录信息】
[5be1eb651b6f675892f00b0952b3cadb]
`登陆天数: 475天 / 1281天
等级: 153
石头: 52
呼符: 0
友情点: 70 / 15038515`
*連続ログイン6日目
※ログインが途切れるか、7日到達すると
1日目から再開されます*
`聖晶石 X 2
2月交換券(2022) X 1
`_2022-02-22 20:26:49_
--------
[9cfc24f569d65a92010a7c9549af2192]
`登陆天数: 475天 / 765天
等级: 101
石头: 34
呼符: 24
友情点: 0 / 1265350`
*連続ログイン6日目
※ログインが途切れるか、7日到達すると
1日目から再開されます*
`聖晶石 X 2
2月交換券(2022) X 1
`_2022-02-22 20:27:00_
--------
[dfc9a9f4b3655841a6372642c60bb90d]
`登陆天数: 475天 / 822天
等级: 106
石头: 30
呼符: 34
友情点: 0 / 1667215`
*連続ログイン6日目
※ログインが途切れるか、7日到達すると
1日目から再開されます*
`聖晶石 X 2
2月交換券(2022) X 1
`_2022-02-22 20:27:11_
--------
[489b9caeed7f023e28fa9d1e9b69c384]
`登陆天数: 474天 / 560天
等级: 101
石头: 39
呼符: 44
友情点: 25 / 1255980`
*連続ログイン5日目
※ログインが途切れるか、7日到達すると
1日目から再開されます*
`叡智の猛火 X 2
2月交換券(2022) X 1
`_2022-02-22 20:27:21_
--------
