【登录信息】
[5be1eb651b6f675892f00b0952b3cadb]
`登陆天数: 476天 / 1282天
等级: 153
石头: 54
呼符: 0
友情点: 65100 / 15104800`
*連続ログイン7日間到達おめでとうございます！
明日は1日目からリスタートされます。*
`獣の足跡 X 1
呼符 X 1
2月交換券(2022) X 1
`*ホワイトデー2022開催直前特別ログインボーナス*
*開催期間中、1日1回 最大7回 ログインボーナスをプレゼント！*
`白銀の果実 X 1
`_2022-02-23 20:27:10_
--------
[9cfc24f569d65a92010a7c9549af2192]
`登陆天数: 476天 / 766天
等级: 101
石头: 38
呼符: 24
友情点: 50 / 1267900`
*連続ログイン7日間到達おめでとうございます！
明日は1日目からリスタートされます。*
`獣の足跡 X 1
呼符 X 1
2月交換券(2022) X 1
`*ホワイトデー2022開催直前特別ログインボーナス*
*開催期間中、1日1回 最大7回 ログインボーナスをプレゼント！*
`白銀の果実 X 1
`_2022-02-23 20:27:20_
--------
[dfc9a9f4b3655841a6372642c60bb90d]
`登陆天数: 476天 / 823天
等级: 106
石头: 32
呼符: 34
友情点: 20 / 1669835`
*連続ログイン7日間到達おめでとうございます！
明日は1日目からリスタートされます。*
`獣の足跡 X 1
呼符 X 1
2月交換券(2022) X 1
`*ホワイトデー2022開催直前特別ログインボーナス*
*開催期間中、1日1回 最大7回 ログインボーナスをプレゼント！*
`白銀の果実 X 1
`_2022-02-23 20:27:30_
--------
[489b9caeed7f023e28fa9d1e9b69c384]
`登陆天数: 475天 / 561天
等级: 101
石头: 39
呼符: 44
友情点: 25 / 1258505`
*連続ログイン6日目
※ログインが途切れるか、7日到達すると
1日目から再開されます*
`聖晶石 X 2
2月交換券(2022) X 1
`*ホワイトデー2022開催直前特別ログインボーナス*
*開催期間中、1日1回 最大7回 ログインボーナスをプレゼント！*
`白銀の果実 X 1
`_2022-02-23 20:27:40_
--------
