【登录信息】
[5be1eb651b6f675892f00b0952b3cadb]
`登陆天数: 477天 / 1283天
等级: 153
石头: 55
呼符: 1
友情点: 67610 / 15240345`
*連続ログイン1日目
※ログインが途切れるか、7日到達すると
1日目から再開されます*
`フレンドポイント X 2000
2月交換券(2022) X 1
`*「FGO カルデア・サテライトステーション 2021-2022」北海道会場代替開催直前ログインボーナス*
*開催期間中、1日1回 最大3回 ログインボーナスをプレゼント！*
`黄金の果実 X 1
`_2022-02-24 20:27:00_
--------
[9cfc24f569d65a92010a7c9549af2192]
`登陆天数: 477天 / 767天
等级: 101
石头: 39
呼符: 25
友情点: 0 / 1273050`
*連続ログイン1日目
※ログインが途切れるか、7日到達すると
1日目から再開されます*
`フレンドポイント X 2000
2月交換券(2022) X 1
`*「FGO カルデア・サテライトステーション 2021-2022」北海道会場代替開催直前ログインボーナス*
*開催期間中、1日1回 最大3回 ログインボーナスをプレゼント！*
`黄金の果実 X 1
`_2022-02-24 20:27:11_
--------
[dfc9a9f4b3655841a6372642c60bb90d]
`登陆天数: 477天 / 824天
等级: 106
石头: 33
呼符: 35
友情点: 0 / 1675035`
*連続ログイン1日目
※ログインが途切れるか、7日到達すると
1日目から再開されます*
`フレンドポイント X 2000
2月交換券(2022) X 1
`*「FGO カルデア・サテライトステーション 2021-2022」北海道会場代替開催直前ログインボーナス*
*開催期間中、1日1回 最大3回 ログインボーナスをプレゼント！*
`黄金の果実 X 1
`_2022-02-24 20:27:21_
--------
[489b9caeed7f023e28fa9d1e9b69c384]
`登陆天数: 476天 / 562天
等级: 101
石头: 42
呼符: 44
友情点: 125 / 1263755`
*連続ログイン7日間到達おめでとうございます！
明日は1日目からリスタートされます。*
`獣の足跡 X 1
呼符 X 1
2月交換券(2022) X 1
`*「FGO カルデア・サテライトステーション 2021-2022」北海道会場代替開催直前ログインボーナス*
*開催期間中、1日1回 最大3回 ログインボーナスをプレゼント！*
`黄金の果実 X 1
`_2022-02-24 20:27:31_
--------
