【登录信息】
[5be1eb651b6f675892f00b0952b3cadb]
`登陆天数: 478天 / 1284天
等级: 153
石头: 56
呼符: 0
友情点: 70410 / 15381800`
*連続ログイン2日目
※ログインが途切れるか、7日到達すると
1日目から再開されます*
`聖晶石 X 1
2月交換券(2022) X 1
`*「FGO カルデア・サテライトステーション 2021-2022」北海道会場代替開催直前ログインボーナス*
*開催期間中、1日1回 最大3回 ログインボーナスをプレゼント！*
`黄金の果実 X 1
`_2022-02-25 20:26:52_
--------
[9cfc24f569d65a92010a7c9549af2192]
`登陆天数: 478天 / 768天
等级: 101
石头: 40
呼符: 25
友情点: 50 / 1280150`
*連続ログイン2日目
※ログインが途切れるか、7日到達すると
1日目から再開されます*
`聖晶石 X 1
2月交換券(2022) X 1
`*「FGO カルデア・サテライトステーション 2021-2022」北海道会場代替開催直前ログインボーナス*
*開催期間中、1日1回 最大3回 ログインボーナスをプレゼント！*
`黄金の果実 X 1
`_2022-02-25 20:27:02_
--------
[dfc9a9f4b3655841a6372642c60bb90d]
`登陆天数: 478天 / 825天
等级: 106
石头: 34
呼符: 35
友情点: 0 / 1682235`
*連続ログイン2日目
※ログインが途切れるか、7日到達すると
1日目から再開されます*
`聖晶石 X 1
2月交換券(2022) X 1
`*「FGO カルデア・サテライトステーション 2021-2022」北海道会場代替開催直前ログインボーナス*
*開催期間中、1日1回 最大3回 ログインボーナスをプレゼント！*
`黄金の果実 X 1
`_2022-02-25 20:27:13_
--------
[489b9caeed7f023e28fa9d1e9b69c384]
`登陆天数: 477天 / 563天
等级: 101
石头: 43
呼符: 45
友情点: 50 / 1268805`
*連続ログイン1日目
※ログインが途切れるか、7日到達すると
1日目から再開されます*
`フレンドポイント X 2000
2月交換券(2022) X 1
`*「FGO カルデア・サテライトステーション 2021-2022」北海道会場代替開催直前ログインボーナス*
*開催期間中、1日1回 最大3回 ログインボーナスをプレゼント！*
`黄金の果実 X 1
`_2022-02-25 20:27:23_
--------
