【登录信息】
[5be1eb651b6f675892f00b0952b3cadb]
`登陆天数: 479天 / 1285天
等级: 153
石头: 57
呼符: 0
友情点: 2475 / 15450410`
*連続ログイン3日目
※ログインが途切れるか、7日到達すると
1日目から再開されます*
`叡智の猛火 X 1
2月交換券(2022) X 1
`*ホワイトデー2022開催直前特別ログインボーナス*
*開催期間中、1日1回 最大7回 ログインボーナスをプレゼント！*
`白銀の果実 X 1
`_2022-02-26 20:26:00_
--------
[9cfc24f569d65a92010a7c9549af2192]
`登陆天数: 479天 / 769天
等级: 101
石头: 41
呼符: 25
友情点: 75 / 1282725`
*連続ログイン3日目
※ログインが途切れるか、7日到達すると
1日目から再開されます*
`叡智の猛火 X 1
2月交換券(2022) X 1
`*ホワイトデー2022開催直前特別ログインボーナス*
*開催期間中、1日1回 最大7回 ログインボーナスをプレゼント！*
`白銀の果実 X 1
`_2022-02-26 20:26:11_
--------
[dfc9a9f4b3655841a6372642c60bb90d]
`登陆天数: 479天 / 826天
等级: 106
石头: 35
呼符: 35
友情点: 0 / 1684835`
*連続ログイン3日目
※ログインが途切れるか、7日到達すると
1日目から再開されます*
`叡智の猛火 X 1
2月交換券(2022) X 1
`*ホワイトデー2022開催直前特別ログインボーナス*
*開催期間中、1日1回 最大7回 ログインボーナスをプレゼント！*
`白銀の果実 X 1
`_2022-02-26 20:26:21_
--------
[489b9caeed7f023e28fa9d1e9b69c384]
`登陆天数: 478天 / 564天
等级: 101
石头: 43
呼符: 45
友情点: 0 / 1273305`
*連続ログイン2日目
※ログインが途切れるか、7日到達すると
1日目から再開されます*
`聖晶石 X 1
2月交換券(2022) X 1
`*ホワイトデー2022開催直前特別ログインボーナス*
*開催期間中、1日1回 最大7回 ログインボーナスをプレゼント！*
`白銀の果実 X 1
`_2022-02-26 20:26:32_
--------
