【登录信息】
[5be1eb651b6f675892f00b0952b3cadb]
`登陆天数: 480天 / 1286天
等级: 153
石头: 74
呼符: 0
友情点: 65550 / 15585445`
_2022-02-28 05:25:18_
--------
[9cfc24f569d65a92010a7c9549af2192]
`登陆天数: 480天 / 770天
等级: 101
石头: 58
呼符: 25
友情点: 0 / 1287800`
_2022-02-28 05:25:29_
--------
[dfc9a9f4b3655841a6372642c60bb90d]
`登陆天数: 480天 / 827天
等级: 106
石头: 52
呼符: 35
友情点: 0 / 1690035`
_2022-02-28 05:25:39_
--------
[489b9caeed7f023e28fa9d1e9b69c384]
`登陆天数: 479天 / 565天
等级: 102
石头: 60
呼符: 45
友情点: 25 / 1280930`
_2022-02-28 05:25:50_
--------
