【登录信息】
[cb59608fced567a14b13a6e5c5c8a1d2]
`连续登陆: 90天
总登陆: 184天
等级: 1
石头: 169
友情点增加: 0
持有友情点: 22010`
*連続ログイン6日目
※ログインが途切れるか、7日到達すると
1日目から再開されます*
`聖晶石 X 2
7月交換券(2020) X 1
`_2020-06-30 19:34:22_
--------
[f303f9a15cddbe8ee0296511a8b04b30]
`连续登陆: 90天
总登陆: 241天
等级: 31
石头: 444
友情点增加: 0
持有友情点: 239640`
*連続ログイン6日目
※ログインが途切れるか、7日到達すると
1日目から再開されます*
`聖晶石 X 2
7月交換券(2020) X 1
`*幕間の物語キャンペーン 第13弾 特別ログインボーナス
*
*開催期間中、1日1回 最大7回 ログインボーナスをプレゼント！*
`黄金の果実 X 1
`_2020-06-30 19:34:29_
--------
[5be1eb651b6f675892f00b0952b3cadb]
`连续登陆: 90天
总登陆: 700天
等级: 142
石头: 125
友情点增加: 0
持有友情点: 18410`
*連続ログイン6日目
※ログインが途切れるか、7日到達すると
1日目から再開されます*
`聖晶石 X 2
7月交換券(2020) X 1
`*幕間の物語キャンペーン 第13弾 特別ログインボーナス
*
*開催期間中、1日1回 最大7回 ログインボーナスをプレゼント！*
`黄金の果実 X 1
`_2020-06-30 19:34:37_
--------
