【登录信息】
[cb59608fced567a14b13a6e5c5c8a1d2]
`连续登陆: 91天
总登陆: 185天
等级: 1
石头: 169
友情点增加: 0
持有友情点: 22010`
*連続ログイン7日間到達おめでとうございます！
明日は1日目からリスタートされます。*
`獣の足跡 X 1
呼符 X 1
7月交換券(2020) X 1
`_2020-07-01 19:34:44_
--------
[f303f9a15cddbe8ee0296511a8b04b30]
`连续登陆: 91天
总登陆: 242天
等级: 31
石头: 444
友情点增加: 0
持有友情点: 239640`
*連続ログイン7日間到達おめでとうございます！
明日は1日目からリスタートされます。*
`獣の足跡 X 1
呼符 X 1
7月交換券(2020) X 1
`*「リリース1800日突破キャンペーン」初回ログインボーナス*
*開催期間中、初回ログインで「聖晶石×10」をプレゼント！*
`聖晶石 X 10
`_2020-07-01 19:34:52_
--------
[5be1eb651b6f675892f00b0952b3cadb]
`连续登陆: 91天
总登陆: 701天
等级: 142
石头: 162
友情点增加: 10
持有友情点: 18470`
*連続ログイン7日間到達おめでとうございます！
明日は1日目からリスタートされます。*
`獣の足跡 X 1
呼符 X 1
7月交換券(2020) X 1
`*「リリース1800日突破キャンペーン」初回ログインボーナス*
*開催期間中、初回ログインで「聖晶石×10」をプレゼント！*
`聖晶石 X 10
`_2020-07-01 19:35:00_
--------
