【登录信息】
[cb59608fced567a14b13a6e5c5c8a1d2]
`连续登陆: 95天
总登陆: 189天
等级: 1
石头: 169
友情点增加: 0
持有友情点: 22010`
*連続ログイン4日目
※ログインが途切れるか、7日到達すると
1日目から再開されます*
`聖晶石 X 1
7月交換券(2020) X 1
`_2020-07-05 19:35:37_
--------
[f303f9a15cddbe8ee0296511a8b04b30]
`连续登陆: 95天
总登陆: 246天
等级: 31
石头: 444
友情点增加: 0
持有友情点: 239640`
*連続ログイン4日目
※ログインが途切れるか、7日到達すると
1日目から再開されます*
`聖晶石 X 1
7月交換券(2020) X 1
`*幕間の物語キャンペーン 第13弾 特別ログインボーナス
*
*開催期間中、1日1回 最大7回 ログインボーナスをプレゼント！*
`聖晶石 X 1
`_2020-07-05 19:35:45_
--------
[5be1eb651b6f675892f00b0952b3cadb]
`连续登陆: 95天
总登陆: 705天
等级: 142
石头: 175
友情点增加: 50
持有友情点: 20680`
*連続ログイン4日目
※ログインが途切れるか、7日到達すると
1日目から再開されます*
`聖晶石 X 1
7月交換券(2020) X 1
`*幕間の物語キャンペーン 第13弾 特別ログインボーナス
*
*開催期間中、1日1回 最大7回 ログインボーナスをプレゼント！*
`聖晶石 X 1
`_2020-07-05 19:35:54_
--------
