【登录信息】
[cb59608fced567a14b13a6e5c5c8a1d2]
`连续登陆: 105天
总登陆: 199天
等级: 1
石头: 169
友情点增加: 0
持有友情点: 22010`
*連続ログイン7日間到達おめでとうございます！
明日は1日目からリスタートされます。*
`獣の足跡 X 1
呼符 X 1
7月交換券(2020) X 1
`_2020-07-15 19:34:34_
--------
[f303f9a15cddbe8ee0296511a8b04b30]
`连续登陆: 105天
总登陆: 256天
等级: 31
石头: 444
友情点增加: 0
持有友情点: 239640`
*連続ログイン7日間到達おめでとうございます！
明日は1日目からリスタートされます。*
`獣の足跡 X 1
呼符 X 1
7月交換券(2020) X 1
`_2020-07-15 19:34:42_
--------
[5be1eb651b6f675892f00b0952b3cadb]
`连续登陆: 105天
总登陆: 715天
等级: 142
石头: 3
友情点增加: 225
持有友情点: 23160`
*連続ログイン7日間到達おめでとうございます！
明日は1日目からリスタートされます。*
`獣の足跡 X 1
呼符 X 1
7月交換券(2020) X 1
`_2020-07-15 19:34:50_
--------
