【登录信息】
[cb59608fced567a14b13a6e5c5c8a1d2]
`连续登陆: 106天
总登陆: 200天
等级: 1
石头: 169
友情点增加: 0
持有友情点: 22010`
*連続ログイン1日目
※ログインが途切れるか、7日到達すると
1日目から再開されます*
`フレンドポイント X 2000
7月交換券(2020) X 1
`_2020-07-16 19:34:31_
--------
[f303f9a15cddbe8ee0296511a8b04b30]
`连续登陆: 106天
总登陆: 257天
等级: 31
石头: 444
友情点增加: 0
持有友情点: 239640`
*連続ログイン1日目
※ログインが途切れるか、7日到達すると
1日目から再開されます*
`フレンドポイント X 2000
7月交換券(2020) X 1
`_2020-07-16 19:34:39_
--------
[5be1eb651b6f675892f00b0952b3cadb]
`连续登陆: 106天
总登陆: 716天
等级: 142
石头: 3
友情点增加: 85
持有友情点: 23245`
*連続ログイン1日目
※ログインが途切れるか、7日到達すると
1日目から再開されます*
`フレンドポイント X 2000
7月交換券(2020) X 1
`_2020-07-16 19:34:47_
--------
