【登录信息】
[5be1eb651b6f675892f00b0952b3cadb]
`连续登陆: 112天
总登陆: 722天
等级: 142
石头: 7
友情点增加: 50
持有友情点: 28540`
_2020-07-23 01:59:48_
--------
[cb59608fced567a14b13a6e5c5c8a1d2]
`连续登陆: 112天
总登陆: 206天
等级: 1
石头: 169
友情点增加: 0
持有友情点: 22010`
_2020-07-23 01:59:57_
--------
[f303f9a15cddbe8ee0296511a8b04b30]
`连续登陆: 112天
总登陆: 263天
等级: 31
石头: 444
友情点增加: 0
持有友情点: 239640`
_2020-07-23 02:00:06_
--------
[29bfe372865737fe2bfcfd3618b1da7d]
`连续登陆: 2天
总登陆: 2天
等级: 4
石头: 12
友情点增加: 0
持有友情点: 6230`
_2020-07-23 02:00:15_
--------
