【登录信息】
[5be1eb651b6f675892f00b0952b3cadb]
`登陆天数: 113天 / 723天
等级: 142
石头: 4
友情点: 60 / 25165`
*連続ログイン1日目
※ログインが途切れるか、7日到達すると
1日目から再開されます*
`フレンドポイント X 2000
7月交換券(2020) X 1
`_2020-07-23 19:34:53_
--------
[cb59608fced567a14b13a6e5c5c8a1d2]
`登陆天数: 113天 / 207天
等级: 1
石头: 169
友情点: 0 / 22010`
*連続ログイン1日目
※ログインが途切れるか、7日到達すると
1日目から再開されます*
`フレンドポイント X 2000
7月交換券(2020) X 1
`_2020-07-23 19:35:01_
--------
[f303f9a15cddbe8ee0296511a8b04b30]
`登陆天数: 113天 / 264天
等级: 31
石头: 444
友情点: 0 / 239640`
*連続ログイン1日目
※ログインが途切れるか、7日到達すると
1日目から再開されます*
`フレンドポイント X 2000
7月交換券(2020) X 1
`_2020-07-23 19:35:09_
--------
[29bfe372865737fe2bfcfd3618b1da7d]
`登陆天数: 3天 / 3天
等级: 4
石头: 12
友情点: 0 / 6230`
*連続ログイン3日目
※ログインが途切れるか、7日到達すると
1日目から再開されます*
`叡智の猛火 X 1
7月交換券(2020) X 1
`_2020-07-23 19:35:17_
--------
