【登录信息】
[5be1eb651b6f675892f00b0952b3cadb]
`登陆天数: 114天 / 724天
等级: 142
石头: 10
友情点: 30 / 27780`
*連続ログイン2日目
※ログインが途切れるか、7日到達すると
1日目から再開されます*
`聖晶石 X 1
7月交換券(2020) X 1
`_2020-07-24 19:34:57_
--------
[cb59608fced567a14b13a6e5c5c8a1d2]
`登陆天数: 114天 / 208天
等级: 2
石头: 487
友情点: 0 / 76085`
*連続ログイン2日目
※ログインが途切れるか、7日到達すると
1日目から再開されます*
`聖晶石 X 1
7月交換券(2020) X 1
`_2020-07-24 19:35:05_
--------
[f303f9a15cddbe8ee0296511a8b04b30]
`登陆天数: 114天 / 265天
等级: 31
石头: 526
友情点: 0 / 251715`
*連続ログイン2日目
※ログインが途切れるか、7日到達すると
1日目から再開されます*
`聖晶石 X 1
7月交換券(2020) X 1
`_2020-07-24 19:35:13_
--------
[29bfe372865737fe2bfcfd3618b1da7d]
`登陆天数: 4天 / 4天
等级: 4
石头: 12
友情点: 0 / 6230`
*連続ログイン4日目
※ログインが途切れるか、7日到達すると
1日目から再開されます*
`聖晶石 X 1
7月交換券(2020) X 1
`_2020-07-24 19:35:22_
--------
