【登录信息】
[5be1eb651b6f675892f00b0952b3cadb]
`登陆天数: 115天 / 725天
等级: 142
石头: 10
友情点: 40 / 28255`
*連続ログイン3日目
※ログインが途切れるか、7日到達すると
1日目から再開されます*
`叡智の猛火 X 1
7月交換券(2020) X 1
`_2020-07-25 19:34:58_
--------
[cb59608fced567a14b13a6e5c5c8a1d2]
`登陆天数: 115天 / 209天
等级: 9
石头: 446
友情点: 0 / 76285`
*連続ログイン3日目
※ログインが途切れるか、7日到達すると
1日目から再開されます*
`叡智の猛火 X 1
7月交換券(2020) X 1
`_2020-07-25 19:35:07_
--------
[f303f9a15cddbe8ee0296511a8b04b30]
`登陆天数: 115天 / 266天
等级: 31
石头: 458
友情点: 0 / 251765`
*連続ログイン3日目
※ログインが途切れるか、7日到達すると
1日目から再開されます*
`叡智の猛火 X 1
7月交換券(2020) X 1
`_2020-07-25 19:35:15_
--------
[29bfe372865737fe2bfcfd3618b1da7d]
`登陆天数: 5天 / 5天
等级: 9
石头: 26
友情点: 0 / 8355`
*連続ログイン5日目
※ログインが途切れるか、7日到達すると
1日目から再開されます*
`叡智の猛火 X 2
7月交換券(2020) X 1
`_2020-07-25 19:35:23_
--------
