【登录信息】
[5be1eb651b6f675892f00b0952b3cadb]
`登陆天数: 116天 / 726天
等级: 142
石头: 1
友情点: 1550 / 31015`
*連続ログイン4日目
※ログインが途切れるか、7日到達すると
1日目から再開されます*
`聖晶石 X 1
7月交換券(2020) X 1
`_2020-07-26 19:34:32_
--------
[cb59608fced567a14b13a6e5c5c8a1d2]
`登陆天数: 116天 / 210天
等级: 9
石头: 446
友情点: 0 / 77035`
*連続ログイン4日目
※ログインが途切れるか、7日到達すると
1日目から再開されます*
`聖晶石 X 1
7月交換券(2020) X 1
`_2020-07-26 19:34:41_
--------
[f303f9a15cddbe8ee0296511a8b04b30]
`登陆天数: 116天 / 267天
等级: 31
石头: 458
友情点: 0 / 252565`
*連続ログイン4日目
※ログインが途切れるか、7日到達すると
1日目から再開されます*
`聖晶石 X 1
7月交換券(2020) X 1
`_2020-07-26 19:34:49_
--------
[29bfe372865737fe2bfcfd3618b1da7d]
`登陆天数: 6天 / 6天
等级: 9
石头: 26
友情点: 0 / 9405`
*連続ログイン6日目
※ログインが途切れるか、7日到達すると
1日目から再開されます*
`聖晶石 X 2
7月交換券(2020) X 1
`_2020-07-26 19:34:56_
--------
