【登录信息】
[5be1eb651b6f675892f00b0952b3cadb]
`登陆天数: 117天 / 727天
等级: 142
石头: 1
友情点: 8435 / 39450`
*連続ログイン5日目
※ログインが途切れるか、7日到達すると
1日目から再開されます*
`叡智の猛火 X 2
7月交換券(2020) X 1
`_2020-07-27 19:34:29_
--------
[cb59608fced567a14b13a6e5c5c8a1d2]
`登陆天数: 117天 / 211天
等级: 25
石头: 447
友情点: 0 / 80335`
*連続ログイン5日目
※ログインが途切れるか、7日到達すると
1日目から再開されます*
`叡智の猛火 X 2
7月交換券(2020) X 1
`_2020-07-27 19:34:38_
--------
[0585d1bb28be7e2b38a183db9e016491]
`登陆天数: 117天 / 268天
等级: 32
石头: 459
友情点: 60 / 254700`
*連続ログイン5日目
※ログインが途切れるか、7日到達すると
1日目から再開されます*
`叡智の猛火 X 2
7月交換券(2020) X 1
`_2020-07-27 19:34:46_
--------
[489b9caeed7f023e28fa9d1e9b69c384]
`登陆天数: 7天 / 7天
等级: 26
石头: 54
友情点: 0 / 16855`
*連続ログイン7日間到達おめでとうございます！
明日は1日目からリスタートされます。*
`獣の足跡 X 1
呼符 X 1
7月交換券(2020) X 1
`_2020-07-27 19:34:54_
--------
