【登录信息】
[5be1eb651b6f675892f00b0952b3cadb]
`登陆天数: 118天 / 728天
等级: 142
石头: 7
友情点: 1400 / 44695`
*連続ログイン6日目
※ログインが途切れるか、7日到達すると
1日目から再開されます*
`聖晶石 X 2
7月交換券(2020) X 1
`_2020-07-28 19:38:32_
--------
[cb59608fced567a14b13a6e5c5c8a1d2]
`登陆天数: 118天 / 212天
等级: 25
石头: 447
友情点: 0 / 81535`
*連続ログイン6日目
※ログインが途切れるか、7日到達すると
1日目から再開されます*
`聖晶石 X 2
7月交換券(2020) X 1
`_2020-07-28 19:38:41_
--------
[0585d1bb28be7e2b38a183db9e016491]
`登陆天数: 118天 / 269天
等级: 32
石头: 460
友情点: 10 / 256110`
*連続ログイン6日目
※ログインが途切れるか、7日到達すると
1日目から再開されます*
`聖晶石 X 2
7月交換券(2020) X 1
`_2020-07-28 19:38:49_
--------
[489b9caeed7f023e28fa9d1e9b69c384]
`登陆天数: 8天 / 8天
等级: 30
石头: 86
友情点: 0 / 21105`
*連続ログイン1日目
※ログインが途切れるか、7日到達すると
1日目から再開されます*
`フレンドポイント X 2000
7月交換券(2020) X 1
`_2020-07-28 19:38:57_
--------
