【登录信息】
[5be1eb651b6f675892f00b0952b3cadb]
`登陆天数: 119天 / 729天
等级: 142
石头: 7
友情点: 2625 / 47320`
*連続ログイン7日間到達おめでとうございます！
明日は1日目からリスタートされます。*
`獣の足跡 X 1
呼符 X 1
7月交換券(2020) X 1
`_2020-07-29 19:35:21_
--------
[cb59608fced567a14b13a6e5c5c8a1d2]
`登陆天数: 119天 / 213天
等级: 25
石头: 447
友情点: 0 / 82360`
*連続ログイン7日間到達おめでとうございます！
明日は1日目からリスタートされます。*
`獣の足跡 X 1
呼符 X 1
7月交換券(2020) X 1
`_2020-07-29 19:35:29_
--------
[0585d1bb28be7e2b38a183db9e016491]
`登陆天数: 119天 / 270天
等级: 32
石头: 462
友情点: 80 / 257300`
*連続ログイン7日間到達おめでとうございます！
明日は1日目からリスタートされます。*
`獣の足跡 X 1
呼符 X 1
7月交換券(2020) X 1
`_2020-07-29 19:35:37_
--------
[489b9caeed7f023e28fa9d1e9b69c384]
`登陆天数: 9天 / 9天
等级: 30
石头: 86
友情点: 0 / 22005`
*連続ログイン2日目
※ログインが途切れるか、7日到達すると
1日目から再開されます*
`聖晶石 X 1
7月交換券(2020) X 1
`_2020-07-29 19:35:47_
--------
