【登录信息】
[5be1eb651b6f675892f00b0952b3cadb]
`登陆天数: 120天 / 730天
等级: 142
石头: 7
友情点: 3035 / 50355`
*連続ログイン1日目
※ログインが途切れるか、7日到達すると
1日目から再開されます*
`フレンドポイント X 2000
7月交換券(2020) X 1
`_2020-07-30 19:36:00_
--------
[cb59608fced567a14b13a6e5c5c8a1d2]
`登陆天数: 120天 / 214天
等级: 25
石头: 447
友情点: 0 / 83210`
*連続ログイン1日目
※ログインが途切れるか、7日到達すると
1日目から再開されます*
`フレンドポイント X 2000
7月交換券(2020) X 1
`_2020-07-30 19:36:09_
--------
[0585d1bb28be7e2b38a183db9e016491]
`登陆天数: 120天 / 271天
等级: 32
石头: 462
友情点: 30 / 258460`
*連続ログイン1日目
※ログインが途切れるか、7日到達すると
1日目から再開されます*
`フレンドポイント X 2000
7月交換券(2020) X 1
`_2020-07-30 19:36:17_
--------
[489b9caeed7f023e28fa9d1e9b69c384]
`登陆天数: 10天 / 10天
等级: 32
石头: 100
友情点: 0 / 29230`
*連続ログイン3日目
※ログインが途切れるか、7日到達すると
1日目から再開されます*
`叡智の猛火 X 1
7月交換券(2020) X 1
`_2020-07-30 19:36:25_
--------
