【登录信息】
[cb59608fced567a14b13a6e5c5c8a1d2]
`连续登陆: 83天
总登陆: 177天
等级: 1
石头: 169
友情点增加: 0
持有友情点: 22010`
*連続ログイン6日目
※ログインが途切れるか、7日到達すると
1日目から再開されます*
`聖晶石 X 2
6月交換券(2020) X 1
`_2020-06-23 19:34:47_
--------
[f303f9a15cddbe8ee0296511a8b04b30]
`连续登陆: 83天
总登陆: 234天
等级: 31
石头: 444
友情点增加: 0
持有友情点: 239640`
*連続ログイン6日目
※ログインが途切れるか、7日到達すると
1日目から再開されます*
`聖晶石 X 2
6月交換券(2020) X 1
`*「復刻:見参！ ラスベガス御前試合～水着剣豪七色勝負！ ライト版」フィーバーチケットプレゼント*
*イベント開催期間中、毎日「フィーバーチケット」をプレゼント！*
`フィーバーチケット X 1
`_2020-06-23 19:34:55_
--------
[5be1eb651b6f675892f00b0952b3cadb]
`连续登陆: 83天
总登陆: 693天
等级: 142
石头: 97
友情点增加: 0
持有友情点: 13440`
*連続ログイン6日目
※ログインが途切れるか、7日到達すると
1日目から再開されます*
`聖晶石 X 2
6月交換券(2020) X 1
`*「復刻:見参！ ラスベガス御前試合～水着剣豪七色勝負！ ライト版」フィーバーチケットプレゼント*
*イベント開催期間中、毎日「フィーバーチケット」をプレゼント！*
`フィーバーチケット X 1
`_2020-06-23 19:35:03_
--------
