【登录信息】
[5be1eb651b6f675892f00b0952b3cadb]
`登陆天数: 57天 / 863天
等级: 145
石头: 110
友情点: 8275 / 2645855`
*連続ログイン1日目
※ログインが途切れるか、7日到達すると
1日目から再開されます*
`フレンドポイント X 2000
1月交換券(2021) X 1
`*「2021年お正月キャンペーン」お年玉ログインボーナス*
*開催期間中、初回ログインで「聖晶石×30」をプレゼント！*
`聖晶石 X 30
`_2020-12-31 19:57:35_
--------
[9cfc24f569d65a92010a7c9549af2192]
`登陆天数: 57天 / 347天
等级: 92
石头: 17
友情点: 0 / 373265`
*連続ログイン1日目
※ログインが途切れるか、7日到達すると
1日目から再開されます*
`フレンドポイント X 2000
1月交換券(2021) X 1
`*「2021年お正月キャンペーン」お年玉ログインボーナス*
*開催期間中、初回ログインで「聖晶石×30」をプレゼント！*
`聖晶石 X 30
`_2020-12-31 19:57:44_
--------
[dfc9a9f4b3655841a6372642c60bb90d]
`登陆天数: 57天 / 404天
等级: 102
石头: 97
友情点: 0 / 751095`
*連続ログイン1日目
※ログインが途切れるか、7日到達すると
1日目から再開されます*
`フレンドポイント X 2000
1月交換券(2021) X 1
`*「2021年お正月キャンペーン」お年玉ログインボーナス*
*開催期間中、初回ログインで「聖晶石×30」をプレゼント！*
`聖晶石 X 30
`_2020-12-31 19:57:52_
--------
[489b9caeed7f023e28fa9d1e9b69c384]
`登陆天数: 56天 / 142天
等级: 92
石头: 12
友情点: 0 / 322830`
*連続ログイン7日間到達おめでとうございます！
明日は1日目からリスタートされます。*
`獣の足跡 X 1
呼符 X 1
1月交換券(2021) X 1
`*「2021年お正月キャンペーン」お年玉ログインボーナス*
*開催期間中、初回ログインで「聖晶石×30」をプレゼント！*
`聖晶石 X 30
`_2020-12-31 19:58:01_
--------
