【登录信息】
[5be1eb651b6f675892f00b0952b3cadb]
`登陆天数: 58天 / 864天
等级: 145
石头: 170
友情点: 15510 / 2697340`
*連続ログイン2日目
※ログインが途切れるか、7日到達すると
1日目から再開されます*
`聖晶石 X 1
1月交換券(2021) X 1
`*「2021年お正月キャンペーン」三が日限定ログインボーナス*
*開催期間中、三が日限定のログインボーナスをプレゼント！*
`英霊結晶・流星のフォウくん X 1
英霊結晶・日輪のフォウくん X 1
`_2021-01-01 19:57:52_
--------
[9cfc24f569d65a92010a7c9549af2192]
`登陆天数: 58天 / 348天
等级: 92
石头: 10
友情点: 0 / 390440`
*連続ログイン2日目
※ログインが途切れるか、7日到達すると
1日目から再開されます*
`聖晶石 X 1
1月交換券(2021) X 1
`*「2021年お正月キャンペーン」三が日限定ログインボーナス*
*開催期間中、三が日限定のログインボーナスをプレゼント！*
`英霊結晶・流星のフォウくん X 1
英霊結晶・日輪のフォウくん X 1
`_2021-01-01 19:58:01_
--------
[dfc9a9f4b3655841a6372642c60bb90d]
`登陆天数: 58天 / 405天
等级: 102
石头: 28
友情点: 0 / 764520`
*連続ログイン2日目
※ログインが途切れるか、7日到達すると
1日目から再開されます*
`聖晶石 X 1
1月交換券(2021) X 1
`*「2021年お正月キャンペーン」三が日限定ログインボーナス*
*開催期間中、三が日限定のログインボーナスをプレゼント！*
`英霊結晶・流星のフォウくん X 1
英霊結晶・日輪のフォウくん X 1
`_2021-01-01 19:58:09_
--------
[489b9caeed7f023e28fa9d1e9b69c384]
`登陆天数: 57天 / 143天
等级: 92
石头: 6
友情点: 0 / 342030`
*連続ログイン1日目
※ログインが途切れるか、7日到達すると
1日目から再開されます*
`フレンドポイント X 2000
1月交換券(2021) X 1
`*「2021年お正月キャンペーン」三が日限定ログインボーナス*
*開催期間中、三が日限定のログインボーナスをプレゼント！*
`英霊結晶・流星のフォウくん X 1
英霊結晶・日輪のフォウくん X 1
`_2021-01-01 19:58:18_
--------
