【登录信息】
[5be1eb651b6f675892f00b0952b3cadb]
`登陆天数: 59天 / 865天
等级: 145
石头: 173
友情点: 2600 / 2711515`
*連続ログイン3日目
※ログインが途切れるか、7日到達すると
1日目から再開されます*
`叡智の猛火 X 1
1月交換券(2021) X 1
`*「2021年お正月キャンペーン」三が日限定ログインボーナス*
*開催期間中、三が日限定のログインボーナスをプレゼント！*
`聖杯 X 1
`_2021-01-02 19:56:35_
--------
[9cfc24f569d65a92010a7c9549af2192]
`登陆天数: 59天 / 349天
等级: 92
石头: 10
友情点: 0 / 391365`
*連続ログイン3日目
※ログインが途切れるか、7日到達すると
1日目から再開されます*
`叡智の猛火 X 1
1月交換券(2021) X 1
`*「2021年お正月キャンペーン」三が日限定ログインボーナス*
*開催期間中、三が日限定のログインボーナスをプレゼント！*
`聖杯 X 1
`_2021-01-02 19:56:43_
--------
[dfc9a9f4b3655841a6372642c60bb90d]
`登陆天数: 59天 / 406天
等级: 102
石头: 28
友情点: 0 / 765020`
*連続ログイン3日目
※ログインが途切れるか、7日到達すると
1日目から再開されます*
`叡智の猛火 X 1
1月交換券(2021) X 1
`*「2021年お正月キャンペーン」三が日限定ログインボーナス*
*開催期間中、三が日限定のログインボーナスをプレゼント！*
`聖杯 X 1
`_2021-01-02 19:56:52_
--------
[489b9caeed7f023e28fa9d1e9b69c384]
`登陆天数: 58天 / 144天
等级: 92
石头: 6
友情点: 0 / 342505`
*連続ログイン2日目
※ログインが途切れるか、7日到達すると
1日目から再開されます*
`聖晶石 X 1
1月交換券(2021) X 1
`*「2021年お正月キャンペーン」三が日限定ログインボーナス*
*開催期間中、三が日限定のログインボーナスをプレゼント！*
`聖杯 X 1
`_2021-01-02 19:57:00_
--------
