【登录信息】
[5be1eb651b6f675892f00b0952b3cadb]
`登陆天数: 61天 / 867天
等级: 145
石头: 179
友情点: 13925 / 2737265`
*連続ログイン5日目
※ログインが途切れるか、7日到達すると
1日目から再開されます*
`叡智の猛火 X 2
1月交換券(2021) X 1
`_2021-01-04 19:57:47_
--------
[9cfc24f569d65a92010a7c9549af2192]
`登陆天数: 61天 / 351天
等级: 92
石头: 10
友情点: 0 / 392240`
*連続ログイン5日目
※ログインが途切れるか、7日到達すると
1日目から再開されます*
`叡智の猛火 X 2
1月交換券(2021) X 1
`_2021-01-04 19:57:56_
--------
[dfc9a9f4b3655841a6372642c60bb90d]
`登陆天数: 61天 / 408天
等级: 102
石头: 28
友情点: 0 / 766145`
*連続ログイン5日目
※ログインが途切れるか、7日到達すると
1日目から再開されます*
`叡智の猛火 X 2
1月交換券(2021) X 1
`_2021-01-04 19:58:05_
--------
[489b9caeed7f023e28fa9d1e9b69c384]
`登陆天数: 60天 / 146天
等级: 92
石头: 6
友情点: 0 / 343655`
*連続ログイン4日目
※ログインが途切れるか、7日到達すると
1日目から再開されます*
`聖晶石 X 1
1月交換券(2021) X 1
`_2021-01-04 19:58:13_
--------
