【登录信息】
[5be1eb651b6f675892f00b0952b3cadb]
`登陆天数: 62天 / 868天
等级: 145
石头: 183
友情点: 5075 / 2743265`
*連続ログイン6日目
※ログインが途切れるか、7日到達すると
1日目から再開されます*
`聖晶石 X 2
1月交換券(2021) X 1
`_2021-01-05 19:58:51_
--------
[9cfc24f569d65a92010a7c9549af2192]
`登陆天数: 62天 / 352天
等级: 92
石头: 10
友情点: 0 / 392490`
*連続ログイン6日目
※ログインが途切れるか、7日到達すると
1日目から再開されます*
`聖晶石 X 2
1月交換券(2021) X 1
`_2021-01-05 19:59:01_
--------
[dfc9a9f4b3655841a6372642c60bb90d]
`登陆天数: 62天 / 409天
等级: 102
石头: 28
友情点: 0 / 766345`
*連続ログイン6日目
※ログインが途切れるか、7日到達すると
1日目から再開されます*
`聖晶石 X 2
1月交換券(2021) X 1
`_2021-01-05 19:59:10_
--------
[489b9caeed7f023e28fa9d1e9b69c384]
`登陆天数: 61天 / 147天
等级: 92
石头: 6
友情点: 0 / 343855`
*連続ログイン5日目
※ログインが途切れるか、7日到達すると
1日目から再開されます*
`叡智の猛火 X 2
1月交換券(2021) X 1
`_2021-01-05 19:59:18_
--------
