【登录信息】
[5be1eb651b6f675892f00b0952b3cadb]
`登陆天数: 63天 / 869天
等级: 145
石头: 6
友情点: 160 / 2758650`
*連続ログイン7日間到達おめでとうございます！
明日は1日目からリスタートされます。*
`獣の足跡 X 1
呼符 X 1
1月交換券(2021) X 1
`_2021-01-06 19:59:29_
--------
[9cfc24f569d65a92010a7c9549af2192]
`登陆天数: 63天 / 353天
等级: 92
石头: 10
友情点: 0 / 393065`
*連続ログイン7日間到達おめでとうございます！
明日は1日目からリスタートされます。*
`獣の足跡 X 1
呼符 X 1
1月交換券(2021) X 1
`_2021-01-06 19:59:38_
--------
[dfc9a9f4b3655841a6372642c60bb90d]
`登陆天数: 63天 / 410天
等级: 102
石头: 28
友情点: 0 / 766970`
*連続ログイン7日間到達おめでとうございます！
明日は1日目からリスタートされます。*
`獣の足跡 X 1
呼符 X 1
1月交換券(2021) X 1
`_2021-01-06 19:59:46_
--------
[489b9caeed7f023e28fa9d1e9b69c384]
`登陆天数: 62天 / 148天
等级: 92
石头: 6
友情点: 0 / 344430`
*連続ログイン6日目
※ログインが途切れるか、7日到達すると
1日目から再開されます*
`聖晶石 X 2
1月交換券(2021) X 1
`_2021-01-06 19:59:54_
--------
