【登录信息】
[5be1eb651b6f675892f00b0952b3cadb]
`登陆天数: 64天 / 870天
等级: 145
石头: 14
友情点: 27070 / 2786045`
*連続ログイン1日目
※ログインが途切れるか、7日到達すると
1日目から再開されます*
`フレンドポイント X 2000
1月交換券(2021) X 1
`_2021-01-07 19:57:17_
--------
[9cfc24f569d65a92010a7c9549af2192]
`登陆天数: 64天 / 354天
等级: 92
石头: 10
友情点: 0 / 394215`
*連続ログイン1日目
※ログインが途切れるか、7日到達すると
1日目から再開されます*
`フレンドポイント X 2000
1月交換券(2021) X 1
`_2021-01-07 19:57:27_
--------
[dfc9a9f4b3655841a6372642c60bb90d]
`登陆天数: 64天 / 411天
等级: 102
石头: 28
友情点: 0 / 768220`
*連続ログイン1日目
※ログインが途切れるか、7日到達すると
1日目から再開されます*
`フレンドポイント X 2000
1月交換券(2021) X 1
`_2021-01-07 19:57:35_
--------
[489b9caeed7f023e28fa9d1e9b69c384]
`登陆天数: 63天 / 149天
等级: 92
石头: 6
友情点: 0 / 345580`
*連続ログイン7日間到達おめでとうございます！
明日は1日目からリスタートされます。*
`獣の足跡 X 1
呼符 X 1
1月交換券(2021) X 1
`_2021-01-07 19:57:43_
--------
