【登录信息】
[5be1eb651b6f675892f00b0952b3cadb]
`登陆天数: 65天 / 871天
等级: 145
石头: 19
友情点: 2675 / 2807780`
*連続ログイン2日目
※ログインが途切れるか、7日到達すると
1日目から再開されます*
`聖晶石 X 1
1月交換券(2021) X 1
`_2021-01-08 19:57:33_
--------
[9cfc24f569d65a92010a7c9549af2192]
`登陆天数: 65天 / 355天
等级: 92
石头: 12
友情点: 0 / 394840`
*連続ログイン2日目
※ログインが途切れるか、7日到達すると
1日目から再開されます*
`聖晶石 X 1
1月交換券(2021) X 1
`_2021-01-08 19:57:42_
--------
[dfc9a9f4b3655841a6372642c60bb90d]
`登陆天数: 65天 / 412天
等级: 102
石头: 28
友情点: 0 / 768945`
*連続ログイン2日目
※ログインが途切れるか、7日到達すると
1日目から再開されます*
`聖晶石 X 1
1月交換券(2021) X 1
`_2021-01-08 19:57:51_
--------
[489b9caeed7f023e28fa9d1e9b69c384]
`登陆天数: 64天 / 150天
等级: 92
石头: 8
友情点: 25 / 346255`
*連続ログイン1日目
※ログインが途切れるか、7日到達すると
1日目から再開されます*
`フレンドポイント X 2000
1月交換券(2021) X 1
`_2021-01-08 19:57:59_
--------
