【登录信息】
[5be1eb651b6f675892f00b0952b3cadb]
`登陆天数: 66天 / 872天
等级: 145
石头: 25
友情点: 70 / 2446175`
*連続ログイン3日目
※ログインが途切れるか、7日到達すると
1日目から再開されます*
`叡智の猛火 X 1
1月交換券(2021) X 1
`_2021-01-09 20:01:40_
--------
[9cfc24f569d65a92010a7c9549af2192]
`登陆天数: 66天 / 356天
等级: 92
石头: 12
友情点: 0 / 395865`
*連続ログイン3日目
※ログインが途切れるか、7日到達すると
1日目から再開されます*
`叡智の猛火 X 1
1月交換券(2021) X 1
`_2021-01-09 20:01:49_
--------
[dfc9a9f4b3655841a6372642c60bb90d]
`登陆天数: 66天 / 413天
等级: 102
石头: 28
友情点: 25 / 770045`
*連続ログイン3日目
※ログインが途切れるか、7日到達すると
1日目から再開されます*
`叡智の猛火 X 1
1月交換券(2021) X 1
`_2021-01-09 20:01:57_
--------
[489b9caeed7f023e28fa9d1e9b69c384]
`登陆天数: 65天 / 151天
等级: 92
石头: 12
友情点: 0 / 347280`
*連続ログイン2日目
※ログインが途切れるか、7日到達すると
1日目から再開されます*
`聖晶石 X 1
1月交換券(2021) X 1
`_2021-01-09 20:02:06_
--------
