【登录信息】
[5be1eb651b6f675892f00b0952b3cadb]
`登陆天数: 67天 / 873天
等级: 146
石头: 5
友情点: 7935 / 2460785`
*連続ログイン4日目
※ログインが途切れるか、7日到達すると
1日目から再開されます*
`聖晶石 X 1
1月交換券(2021) X 1
`_2021-01-10 20:01:59_
--------
[9cfc24f569d65a92010a7c9549af2192]
`登陆天数: 67天 / 357天
等级: 92
石头: 12
友情点: 0 / 396140`
*連続ログイン4日目
※ログインが途切れるか、7日到達すると
1日目から再開されます*
`聖晶石 X 1
1月交換券(2021) X 1
`_2021-01-10 20:02:09_
--------
[dfc9a9f4b3655841a6372642c60bb90d]
`登陆天数: 67天 / 414天
等级: 102
石头: 31
友情点: 0 / 770345`
*連続ログイン4日目
※ログインが途切れるか、7日到達すると
1日目から再開されます*
`聖晶石 X 1
1月交換券(2021) X 1
`_2021-01-10 20:02:17_
--------
[489b9caeed7f023e28fa9d1e9b69c384]
`登陆天数: 66天 / 152天
等级: 92
石头: 12
友情点: 0 / 347905`
*連続ログイン3日目
※ログインが途切れるか、7日到達すると
1日目から再開されます*
`叡智の猛火 X 1
1月交換券(2021) X 1
`_2021-01-10 20:02:26_
--------
