【登录信息】
[5be1eb651b6f675892f00b0952b3cadb]
`登陆天数: 69天 / 875天
等级: 146
石头: 8
友情点: 125 / 2490245`
*連続ログイン6日目
※ログインが途切れるか、7日到達すると
1日目から再開されます*
`聖晶石 X 2
1月交換券(2021) X 1
`_2021-01-12 20:09:06_
--------
[9cfc24f569d65a92010a7c9549af2192]
`登陆天数: 69天 / 359天
等级: 92
石头: 15
友情点: 0 / 397215`
*連続ログイン6日目
※ログインが途切れるか、7日到達すると
1日目から再開されます*
`聖晶石 X 2
1月交換券(2021) X 1
`_2021-01-12 20:09:15_
--------
[dfc9a9f4b3655841a6372642c60bb90d]
`登陆天数: 69天 / 416天
等级: 102
石头: 31
友情点: 0 / 771495`
*連続ログイン6日目
※ログインが途切れるか、7日到達すると
1日目から再開されます*
`聖晶石 X 2
1月交換券(2021) X 1
`_2021-01-12 20:09:23_
--------
[489b9caeed7f023e28fa9d1e9b69c384]
`登陆天数: 68天 / 154天
等级: 92
石头: 12
友情点: 0 / 349080`
*連続ログイン5日目
※ログインが途切れるか、7日到達すると
1日目から再開されます*
`叡智の猛火 X 2
1月交換券(2021) X 1
`_2021-01-12 20:09:32_
--------
