【登录信息】
[5be1eb651b6f675892f00b0952b3cadb]
`登陆天数: 70天 / 876天
等级: 146
石头: 1
友情点: 185 / 2505265`
*連続ログイン7日間到達おめでとうございます！
明日は1日目からリスタートされます。*
`獣の足跡 X 1
呼符 X 1
1月交換券(2021) X 1
`_2021-01-13 20:14:23_
--------
[9cfc24f569d65a92010a7c9549af2192]
`登陆天数: 70天 / 360天
等级: 92
石头: 15
友情点: 0 / 397765`
*連続ログイン7日間到達おめでとうございます！
明日は1日目からリスタートされます。*
`獣の足跡 X 1
呼符 X 1
1月交換券(2021) X 1
`_2021-01-13 20:14:31_
--------
[dfc9a9f4b3655841a6372642c60bb90d]
`登陆天数: 70天 / 417天
等级: 102
石头: 31
友情点: 0 / 772080`
*連続ログイン7日間到達おめでとうございます！
明日は1日目からリスタートされます。*
`獣の足跡 X 1
呼符 X 1
1月交換券(2021) X 1
`_2021-01-13 20:14:39_
--------
[489b9caeed7f023e28fa9d1e9b69c384]
`登陆天数: 69天 / 155天
等级: 92
石头: 12
友情点: 0 / 349705`
*連続ログイン6日目
※ログインが途切れるか、7日到達すると
1日目から再開されます*
`聖晶石 X 2
1月交換券(2021) X 1
`_2021-01-13 20:14:47_
--------
