【登录信息】
[5be1eb651b6f675892f00b0952b3cadb]
`登陆天数: 71天 / 877天
等级: 146
石头: 1
友情点: 50 / 2517760`
*連続ログイン1日目
※ログインが途切れるか、7日到達すると
1日目から再開されます*
`フレンドポイント X 2000
1月交換券(2021) X 1
`_2021-01-14 20:13:52_
--------
[9cfc24f569d65a92010a7c9549af2192]
`登陆天数: 71天 / 361天
等级: 92
石头: 15
友情点: 0 / 398190`
*連続ログイン1日目
※ログインが途切れるか、7日到達すると
1日目から再開されます*
`フレンドポイント X 2000
1月交換券(2021) X 1
`_2021-01-14 20:14:01_
--------
[dfc9a9f4b3655841a6372642c60bb90d]
`登陆天数: 71天 / 418天
等级: 102
石头: 31
友情点: 0 / 772580`
*連続ログイン1日目
※ログインが途切れるか、7日到達すると
1日目から再開されます*
`フレンドポイント X 2000
1月交換券(2021) X 1
`_2021-01-14 20:14:09_
--------
[489b9caeed7f023e28fa9d1e9b69c384]
`登陆天数: 70天 / 156天
等级: 92
石头: 12
友情点: 0 / 350180`
*連続ログイン7日間到達おめでとうございます！
明日は1日目からリスタートされます。*
`獣の足跡 X 1
呼符 X 1
1月交換券(2021) X 1
`_2021-01-14 20:14:18_
--------
