【登录信息】
[5be1eb651b6f675892f00b0952b3cadb]
`登陆天数: 72天 / 878天
等级: 146
石头: 2
友情点: 0 / 2527890`
*連続ログイン2日目
※ログインが途切れるか、7日到達すると
1日目から再開されます*
`聖晶石 X 1
1月交換券(2021) X 1
`_2021-01-15 20:15:20_
--------
[9cfc24f569d65a92010a7c9549af2192]
`登陆天数: 72天 / 362天
等级: 92
石头: 15
友情点: 0 / 398485`
*連続ログイン2日目
※ログインが途切れるか、7日到達すると
1日目から再開されます*
`聖晶石 X 1
1月交換券(2021) X 1
`_2021-01-15 20:15:29_
--------
[dfc9a9f4b3655841a6372642c60bb90d]
`登陆天数: 72天 / 419天
等级: 102
石头: 31
友情点: 0 / 772880`
*連続ログイン2日目
※ログインが途切れるか、7日到達すると
1日目から再開されます*
`聖晶石 X 1
1月交換券(2021) X 1
`_2021-01-15 20:15:38_
--------
[489b9caeed7f023e28fa9d1e9b69c384]
`登陆天数: 71天 / 157天
等级: 92
石头: 12
友情点: 25 / 350480`
*連続ログイン1日目
※ログインが途切れるか、7日到達すると
1日目から再開されます*
`フレンドポイント X 2000
1月交換券(2021) X 1
`_2021-01-15 20:15:47_
--------
