【登录信息】
[5be1eb651b6f675892f00b0952b3cadb]
`登陆天数: 73天 / 879天
等级: 146
石头: 3
友情点: 25 / 2535625`
*連続ログイン3日目
※ログインが途切れるか、7日到達すると
1日目から再開されます*
`叡智の猛火 X 1
1月交換券(2021) X 1
`_2021-01-16 20:12:16_
--------
[9cfc24f569d65a92010a7c9549af2192]
`登陆天数: 73天 / 363天
等级: 92
石头: 15
友情点: 0 / 398960`
*連続ログイン3日目
※ログインが途切れるか、7日到達すると
1日目から再開されます*
`叡智の猛火 X 1
1月交換券(2021) X 1
`_2021-01-16 20:12:25_
--------
[dfc9a9f4b3655841a6372642c60bb90d]
`登陆天数: 73天 / 420天
等级: 102
石头: 31
友情点: 0 / 773180`
*連続ログイン3日目
※ログインが途切れるか、7日到達すると
1日目から再開されます*
`叡智の猛火 X 1
1月交換券(2021) X 1
`_2021-01-16 20:12:33_
--------
[489b9caeed7f023e28fa9d1e9b69c384]
`登陆天数: 72天 / 158天
等级: 92
石头: 12
友情点: 0 / 350755`
*連続ログイン2日目
※ログインが途切れるか、7日到達すると
1日目から再開されます*
`聖晶石 X 1
1月交換券(2021) X 1
`_2021-01-16 20:12:42_
--------
