【登录信息】
[5be1eb651b6f675892f00b0952b3cadb]
`登陆天数: 74天 / 880天
等级: 146
石头: 5
友情点: 285 / 2544020`
*連続ログイン4日目
※ログインが途切れるか、7日到達すると
1日目から再開されます*
`聖晶石 X 1
1月交換券(2021) X 1
`*「FGO ウィンターキャラバン オンライン 2021」Vol.1配信記念 3万リツイート達成プレゼント*
*開催期間中、初回ログインで「聖晶石×6」をプレゼント！*
`聖晶石 X 6
`_2021-01-17 20:12:00_
--------
[9cfc24f569d65a92010a7c9549af2192]
`登陆天数: 74天 / 364天
等级: 92
石头: 15
友情点: 0 / 399255`
*連続ログイン4日目
※ログインが途切れるか、7日到達すると
1日目から再開されます*
`聖晶石 X 1
1月交換券(2021) X 1
`*「FGO ウィンターキャラバン オンライン 2021」Vol.1配信記念 3万リツイート達成プレゼント*
*開催期間中、初回ログインで「聖晶石×6」をプレゼント！*
`聖晶石 X 6
`_2021-01-17 20:12:10_
--------
[dfc9a9f4b3655841a6372642c60bb90d]
`登陆天数: 74天 / 421天
等级: 102
石头: 31
友情点: 0 / 773480`
*連続ログイン4日目
※ログインが途切れるか、7日到達すると
1日目から再開されます*
`聖晶石 X 1
1月交換券(2021) X 1
`*「FGO ウィンターキャラバン オンライン 2021」Vol.1配信記念 3万リツイート達成プレゼント*
*開催期間中、初回ログインで「聖晶石×6」をプレゼント！*
`聖晶石 X 6
`_2021-01-17 20:12:18_
--------
[489b9caeed7f023e28fa9d1e9b69c384]
`登陆天数: 73天 / 159天
等级: 92
石头: 15
友情点: 0 / 351080`
*連続ログイン3日目
※ログインが途切れるか、7日到達すると
1日目から再開されます*
`叡智の猛火 X 1
1月交換券(2021) X 1
`*「FGO ウィンターキャラバン オンライン 2021」Vol.1配信記念 3万リツイート達成プレゼント*
*開催期間中、初回ログインで「聖晶石×6」をプレゼント！*
`聖晶石 X 6
`_2021-01-17 20:12:27_
--------
