【登录信息】
[5be1eb651b6f675892f00b0952b3cadb]
`登陆天数: 76天 / 882天
等级: 146
石头: 7
友情点: 85 / 2565915`
*連続ログイン6日目
※ログインが途切れるか、7日到達すると
1日目から再開されます*
`聖晶石 X 2
1月交換券(2021) X 1
`_2021-01-19 20:16:43_
--------
[9cfc24f569d65a92010a7c9549af2192]
`登陆天数: 76天 / 366天
等级: 92
石头: 15
友情点: 0 / 400075`
*連続ログイン6日目
※ログインが途切れるか、7日到達すると
1日目から再開されます*
`聖晶石 X 2
1月交換券(2021) X 1
`_2021-01-19 20:16:52_
--------
[dfc9a9f4b3655841a6372642c60bb90d]
`登陆天数: 76天 / 423天
等级: 102
石头: 31
友情点: 0 / 774455`
*連続ログイン6日目
※ログインが途切れるか、7日到達すると
1日目から再開されます*
`聖晶石 X 2
1月交換券(2021) X 1
`_2021-01-19 20:17:01_
--------
[489b9caeed7f023e28fa9d1e9b69c384]
`登陆天数: 75天 / 161天
等级: 92
石头: 15
友情点: 0 / 351930`
*連続ログイン5日目
※ログインが途切れるか、7日到達すると
1日目から再開されます*
`叡智の猛火 X 2
1月交換券(2021) X 1
`_2021-01-19 20:17:09_
--------
