【登录信息】
[5be1eb651b6f675892f00b0952b3cadb]
`登陆天数: 77天 / 883天
等级: 146
石头: 37
友情点: 7725 / 2581665`
*連続ログイン7日間到達おめでとうございます！
明日は1日目からリスタートされます。*
`獣の足跡 X 1
呼符 X 1
1月交換券(2021) X 1
`_2021-01-20 20:15:31_
--------
[9cfc24f569d65a92010a7c9549af2192]
`登陆天数: 77天 / 367天
等级: 92
石头: 15
友情点: 0 / 400645`
*連続ログイン7日間到達おめでとうございます！
明日は1日目からリスタートされます。*
`獣の足跡 X 1
呼符 X 1
1月交換券(2021) X 1
`_2021-01-20 20:15:40_
--------
[dfc9a9f4b3655841a6372642c60bb90d]
`登陆天数: 77天 / 424天
等级: 103
石头: 31
友情点: 0 / 775380`
*連続ログイン7日間到達おめでとうございます！
明日は1日目からリスタートされます。*
`獣の足跡 X 1
呼符 X 1
1月交換券(2021) X 1
`_2021-01-20 20:15:48_
--------
[489b9caeed7f023e28fa9d1e9b69c384]
`登陆天数: 76天 / 162天
等级: 92
石头: 15
友情点: 0 / 352505`
*連続ログイン6日目
※ログインが途切れるか、7日到達すると
1日目から再開されます*
`聖晶石 X 2
1月交換券(2021) X 1
`_2021-01-20 20:15:57_
--------
