【登录信息】
[5be1eb651b6f675892f00b0952b3cadb]
`登陆天数: 78天 / 884天
等级: 146
石头: 43
友情点: 25 / 2597475`
*連続ログイン1日目
※ログインが途切れるか、7日到達すると
1日目から再開されます*
`フレンドポイント X 2000
1月交換券(2021) X 1
`_2021-01-21 20:13:38_
--------
[9cfc24f569d65a92010a7c9549af2192]
`登陆天数: 78天 / 368天
等级: 92
石头: 15
友情点: 0 / 401205`
*連続ログイン1日目
※ログインが途切れるか、7日到達すると
1日目から再開されます*
`フレンドポイント X 2000
1月交換券(2021) X 1
`_2021-01-21 20:13:47_
--------
[dfc9a9f4b3655841a6372642c60bb90d]
`登陆天数: 78天 / 425天
等级: 103
石头: 31
友情点: 0 / 775980`
*連続ログイン1日目
※ログインが途切れるか、7日到達すると
1日目から再開されます*
`フレンドポイント X 2000
1月交換券(2021) X 1
`_2021-01-21 20:13:56_
--------
[489b9caeed7f023e28fa9d1e9b69c384]
`登陆天数: 77天 / 163天
等级: 92
石头: 15
友情点: 75 / 353130`
*連続ログイン7日間到達おめでとうございます！
明日は1日目からリスタートされます。*
`獣の足跡 X 1
呼符 X 1
1月交換券(2021) X 1
`_2021-01-21 20:14:04_
--------
