【登录信息】
[5be1eb651b6f675892f00b0952b3cadb]
`登陆天数: 79天 / 885天
等级: 146
石头: 45
友情点: 6325 / 2614630`
*連続ログイン2日目
※ログインが途切れるか、7日到達すると
1日目から再開されます*
`聖晶石 X 1
1月交換券(2021) X 1
`_2021-01-22 20:16:00_
--------
[9cfc24f569d65a92010a7c9549af2192]
`登陆天数: 79天 / 369天
等级: 92
石头: 15
友情点: 0 / 401730`
*連続ログイン2日目
※ログインが途切れるか、7日到達すると
1日目から再開されます*
`聖晶石 X 1
1月交換券(2021) X 1
`_2021-01-22 20:16:11_
--------
[dfc9a9f4b3655841a6372642c60bb90d]
`登陆天数: 79天 / 426天
等级: 103
石头: 33
友情点: 0 / 776555`
*連続ログイン2日目
※ログインが途切れるか、7日到達すると
1日目から再開されます*
`聖晶石 X 1
1月交換券(2021) X 1
`_2021-01-22 20:16:19_
--------
[489b9caeed7f023e28fa9d1e9b69c384]
`登陆天数: 78天 / 164天
等级: 92
石头: 15
友情点: 0 / 353755`
*連続ログイン1日目
※ログインが途切れるか、7日到達すると
1日目から再開されます*
`フレンドポイント X 2000
1月交換券(2021) X 1
`_2021-01-22 20:16:27_
--------
