【登录信息】
[5be1eb651b6f675892f00b0952b3cadb]
`登陆天数: 80天 / 886天
等级: 146
石头: 51
友情点: 10 / 2611070`
*連続ログイン3日目
※ログインが途切れるか、7日到達すると
1日目から再開されます*
`叡智の猛火 X 1
1月交換券(2021) X 1
`_2021-01-23 20:13:09_
--------
[9cfc24f569d65a92010a7c9549af2192]
`登陆天数: 80天 / 370天
等级: 92
石头: 15
友情点: 0 / 402025`
*連続ログイン3日目
※ログインが途切れるか、7日到達すると
1日目から再開されます*
`叡智の猛火 X 1
1月交換券(2021) X 1
`_2021-01-23 20:13:20_
--------
[dfc9a9f4b3655841a6372642c60bb90d]
`登陆天数: 80天 / 427天
等级: 103
石头: 33
友情点: 10 / 776565`
*連続ログイン3日目
※ログインが途切れるか、7日到達すると
1日目から再開されます*
`叡智の猛火 X 1
1月交換券(2021) X 1
`_2021-01-23 20:13:28_
--------
[489b9caeed7f023e28fa9d1e9b69c384]
`登陆天数: 79天 / 165天
等级: 92
石头: 15
友情点: 0 / 354030`
*連続ログイン2日目
※ログインが途切れるか、7日到達すると
1日目から再開されます*
`聖晶石 X 1
1月交換券(2021) X 1
`_2021-01-23 20:13:37_
--------
