【登录信息】
[5be1eb651b6f675892f00b0952b3cadb]
`登陆天数: 81天 / 887天
等级: 146
石头: 54
友情点: 5405 / 2626715`
*連続ログイン4日目
※ログインが途切れるか、7日到達すると
1日目から再開されます*
`聖晶石 X 1
1月交換券(2021) X 1
`_2021-01-24 20:13:58_
--------
[9cfc24f569d65a92010a7c9549af2192]
`登陆天数: 81天 / 371天
等级: 92
石头: 15
友情点: 0 / 402585`
*連続ログイン4日目
※ログインが途切れるか、7日到達すると
1日目から再開されます*
`聖晶石 X 1
1月交換券(2021) X 1
`_2021-01-24 20:14:08_
--------
[dfc9a9f4b3655841a6372642c60bb90d]
`登陆天数: 81天 / 428天
等级: 103
石头: 33
友情点: 25 / 777190`
*連続ログイン4日目
※ログインが途切れるか、7日到達すると
1日目から再開されます*
`聖晶石 X 1
1月交換券(2021) X 1
`_2021-01-24 20:14:17_
--------
[489b9caeed7f023e28fa9d1e9b69c384]
`登陆天数: 80天 / 166天
等级: 92
石头: 15
友情点: 0 / 354580`
*連続ログイン3日目
※ログインが途切れるか、7日到達すると
1日目から再開されます*
`叡智の猛火 X 1
1月交換券(2021) X 1
`_2021-01-24 20:14:25_
--------
