【登录信息】
[5be1eb651b6f675892f00b0952b3cadb]
`登陆天数: 83天 / 889天
等级: 146
石头: 59
友情点: 4560 / 2647600`
*連続ログイン6日目
※ログインが途切れるか、7日到達すると
1日目から再開されます*
`聖晶石 X 2
1月交換券(2021) X 1
`_2021-01-26 19:46:54_
--------
[9cfc24f569d65a92010a7c9549af2192]
`登陆天数: 83天 / 373天
等级: 93
石头: 15
友情点: 0 / 403645`
*連続ログイン6日目
※ログインが途切れるか、7日到達すると
1日目から再開されます*
`聖晶石 X 2
1月交換券(2021) X 1
`_2021-01-26 19:47:03_
--------
[dfc9a9f4b3655841a6372642c60bb90d]
`登陆天数: 83天 / 430天
等级: 103
石头: 33
友情点: 0 / 778050`
*連続ログイン6日目
※ログインが途切れるか、7日到達すると
1日目から再開されます*
`聖晶石 X 2
1月交換券(2021) X 1
`_2021-01-26 19:47:12_
--------
[489b9caeed7f023e28fa9d1e9b69c384]
`登陆天数: 82天 / 168天
等级: 92
石头: 15
友情点: 0 / 355305`
*連続ログイン5日目
※ログインが途切れるか、7日到達すると
1日目から再開されます*
`叡智の猛火 X 2
1月交換券(2021) X 1
`_2021-01-26 19:47:20_
--------
