【登录信息】
[5be1eb651b6f675892f00b0952b3cadb]
`登陆天数: 85天 / 891天
等级: 146
石头: 61
友情点: 7520 / 2677010`
*連続ログイン1日目
※ログインが途切れるか、7日到達すると
1日目から再開されます*
`フレンドポイント X 2000
1月交換券(2021) X 1
`_2021-01-28 19:49:31_
--------
[9cfc24f569d65a92010a7c9549af2192]
`登陆天数: 85天 / 375天
等级: 93
石头: 15
友情点: 0 / 404770`
*連続ログイン1日目
※ログインが途切れるか、7日到達すると
1日目から再開されます*
`フレンドポイント X 2000
1月交換券(2021) X 1
`_2021-01-28 19:49:40_
--------
[dfc9a9f4b3655841a6372642c60bb90d]
`登陆天数: 85天 / 432天
等级: 103
石头: 33
友情点: 0 / 779175`
*連続ログイン1日目
※ログインが途切れるか、7日到達すると
1日目から再開されます*
`フレンドポイント X 2000
1月交換券(2021) X 1
`_2021-01-28 19:49:48_
--------
[489b9caeed7f023e28fa9d1e9b69c384]
`登陆天数: 84天 / 170天
等级: 92
石头: 15
友情点: 0 / 356405`
*連続ログイン7日間到達おめでとうございます！
明日は1日目からリスタートされます。*
`獣の足跡 X 1
呼符 X 1
1月交換券(2021) X 1
`_2021-01-28 19:49:56_
--------
