【登录信息】
[5be1eb651b6f675892f00b0952b3cadb]
`登陆天数: 86天 / 892天
等级: 146
石头: 61
友情点: 1035 / 2687750`
*連続ログイン2日目
※ログインが途切れるか、7日到達すると
1日目から再開されます*
`聖晶石 X 1
1月交換券(2021) X 1
`_2021-01-29 19:49:51_
--------
[9cfc24f569d65a92010a7c9549af2192]
`登陆天数: 86天 / 376天
等级: 93
石头: 15
友情点: 0 / 405070`
*連続ログイン2日目
※ログインが途切れるか、7日到達すると
1日目から再開されます*
`聖晶石 X 1
1月交換券(2021) X 1
`_2021-01-29 19:50:00_
--------
[dfc9a9f4b3655841a6372642c60bb90d]
`登陆天数: 86天 / 433天
等级: 103
石头: 33
友情点: 0 / 779500`
*連続ログイン2日目
※ログインが途切れるか、7日到達すると
1日目から再開されます*
`聖晶石 X 1
1月交換券(2021) X 1
`_2021-01-29 19:50:09_
--------
[489b9caeed7f023e28fa9d1e9b69c384]
`登陆天数: 85天 / 171天
等级: 92
石头: 15
友情点: 0 / 356705`
*連続ログイン1日目
※ログインが途切れるか、7日到達すると
1日目から再開されます*
`フレンドポイント X 2000
1月交換券(2021) X 1
`_2021-01-29 19:50:17_
--------
