【登录信息】
[5be1eb651b6f675892f00b0952b3cadb]
`登陆天数: 270天 / 1076天
等级: 149
石头: 11
呼符: 0
友情点: 480 / 11199460`
*連続ログイン4日目
※ログインが途切れるか、7日到達すると
1日目から再開されます*
`聖晶石 X 1
8月交換券(2021) X 1
`*「Fate/Grand Order Fes. 2021 ～6th Anniversary～」配信番組連動キャンペーン報酬プレゼント*
*開催期間中、初回ログインで「聖晶石×156」をプレゼント！*
`聖晶石 X 156
`_2021-08-01 19:37:52_
--------
[9cfc24f569d65a92010a7c9549af2192]
`登陆天数: 270天 / 560天
等级: 98
石头: 20
呼符: 8
友情点: 0 / 812115`
*連続ログイン4日目
※ログインが途切れるか、7日到達すると
1日目から再開されます*
`聖晶石 X 1
8月交換券(2021) X 1
`*「Fate/Grand Order Fes. 2021 ～6th Anniversary～」配信番組連動キャンペーン報酬プレゼント*
*開催期間中、初回ログインで「聖晶石×156」をプレゼント！*
`聖晶石 X 156
`_2021-08-01 19:38:01_
--------
[dfc9a9f4b3655841a6372642c60bb90d]
`登陆天数: 270天 / 617天
等级: 105
石头: 5
呼符: 0
友情点: 0 / 1175195`
*連続ログイン4日目
※ログインが途切れるか、7日到達すると
1日目から再開されます*
`聖晶石 X 1
8月交換券(2021) X 1
`*「Fate/Grand Order Fes. 2021 ～6th Anniversary～」配信番組連動キャンペーン報酬プレゼント*
*開催期間中、初回ログインで「聖晶石×156」をプレゼント！*
`聖晶石 X 156
`_2021-08-01 19:38:09_
--------
[489b9caeed7f023e28fa9d1e9b69c384]
`登陆天数: 269天 / 355天
等级: 97
石头: 82
呼符: 5
友情点: 0 / 753660`
*連続ログイン3日目
※ログインが途切れるか、7日到達すると
1日目から再開されます*
`叡智の猛火 X 1
8月交換券(2021) X 1
`*「Fate/Grand Order Fes. 2021 ～6th Anniversary～」配信番組連動キャンペーン報酬プレゼント*
*開催期間中、初回ログインで「聖晶石×156」をプレゼント！*
`聖晶石 X 156
`_2021-08-01 19:38:18_
--------
