【登录信息】
[5be1eb651b6f675892f00b0952b3cadb]
`登陆天数: 271天 / 1077天
等级: 149
石头: 175
呼符: 0
友情点: 56025 / 11322390`
*連続ログイン5日目
※ログインが途切れるか、7日到達すると
1日目から再開されます*
`叡智の猛火 X 2
8月交換券(2021) X 1
`*6周年記念 特別連続ログインボーナス*
*開催期間中、1日1回 最大7回 連続ログインボーナスをプレゼント！*
`フレンドポイント X 100000
黄金の果実 X 1
`_2021-08-02 19:37:48_
--------
[9cfc24f569d65a92010a7c9549af2192]
`登陆天数: 271天 / 561天
等级: 98
石头: 27
呼符: 8
友情点: 0 / 817525`
*連続ログイン5日目
※ログインが途切れるか、7日到達すると
1日目から再開されます*
`叡智の猛火 X 2
8月交換券(2021) X 1
`*6周年記念 特別連続ログインボーナス*
*開催期間中、1日1回 最大7回 連続ログインボーナスをプレゼント！*
`フレンドポイント X 100000
黄金の果実 X 1
`_2021-08-02 19:37:56_
--------
[dfc9a9f4b3655841a6372642c60bb90d]
`登陆天数: 271天 / 618天
等级: 105
石头: 162
呼符: 0
友情点: 0 / 1180405`
*連続ログイン5日目
※ログインが途切れるか、7日到達すると
1日目から再開されます*
`叡智の猛火 X 2
8月交換券(2021) X 1
`*6周年記念 特別連続ログインボーナス*
*開催期間中、1日1回 最大7回 連続ログインボーナスをプレゼント！*
`フレンドポイント X 100000
黄金の果実 X 1
`_2021-08-02 19:38:05_
--------
[489b9caeed7f023e28fa9d1e9b69c384]
`登陆天数: 270天 / 356天
等级: 97
石头: 28
呼符: 20
友情点: 0 / 756785`
*連続ログイン4日目
※ログインが途切れるか、7日到達すると
1日目から再開されます*
`聖晶石 X 1
8月交換券(2021) X 1
`*6周年記念 特別連続ログインボーナス*
*開催期間中、1日1回 最大7回 連続ログインボーナスをプレゼント！*
`フレンドポイント X 100000
黄金の果実 X 1
`_2021-08-02 19:38:13_
--------
