【登录信息】
[5be1eb651b6f675892f00b0952b3cadb]
`登陆天数: 272天 / 1078天
等级: 149
石头: 175
呼符: 0
友情点: 100 / 11470420`
*連続ログイン6日目
※ログインが途切れるか、7日到達すると
1日目から再開されます*
`聖晶石 X 2
8月交換券(2021) X 1
`*6周年記念 特別連続ログインボーナス*
*開催期間中、1日1回 最大7回 連続ログインボーナスをプレゼント！*
`叡智の業火 X 10
黄金の果実 X 1
`_2021-08-03 19:38:12_
--------
[9cfc24f569d65a92010a7c9549af2192]
`登陆天数: 272天 / 562天
等级: 98
石头: 27
呼符: 8
友情点: 25 / 920050`
*連続ログイン6日目
※ログインが途切れるか、7日到達すると
1日目から再開されます*
`聖晶石 X 2
8月交換券(2021) X 1
`*6周年記念 特別連続ログインボーナス*
*開催期間中、1日1回 最大7回 連続ログインボーナスをプレゼント！*
`叡智の業火 X 10
黄金の果実 X 1
`_2021-08-03 19:38:21_
--------
[dfc9a9f4b3655841a6372642c60bb90d]
`登陆天数: 272天 / 619天
等级: 105
石头: 162
呼符: 0
友情点: 0 / 1283005`
*連続ログイン6日目
※ログインが途切れるか、7日到達すると
1日目から再開されます*
`聖晶石 X 2
8月交換券(2021) X 1
`*6周年記念 特別連続ログインボーナス*
*開催期間中、1日1回 最大7回 連続ログインボーナスをプレゼント！*
`叡智の業火 X 10
黄金の果実 X 1
`_2021-08-03 19:38:29_
--------
[489b9caeed7f023e28fa9d1e9b69c384]
`登陆天数: 271天 / 357天
等级: 97
石头: 30
呼符: 20
友情点: 25 / 859310`
*連続ログイン5日目
※ログインが途切れるか、7日到達すると
1日目から再開されます*
`叡智の猛火 X 2
8月交換券(2021) X 1
`*6周年記念 特別連続ログインボーナス*
*開催期間中、1日1回 最大7回 連続ログインボーナスをプレゼント！*
`叡智の業火 X 10
黄金の果実 X 1
`_2021-08-03 19:38:38_
--------
