【登录信息】
[5be1eb651b6f675892f00b0952b3cadb]
`登陆天数: 273天 / 1079天
等级: 149
石头: 184
呼符: 0
友情点: 40175 / 11598750`
*連続ログイン7日間到達おめでとうございます！
明日は1日目からリスタートされます。*
`獣の足跡 X 1
呼符 X 1
8月交換券(2021) X 1
`*6周年記念 特別連続ログインボーナス*
*開催期間中、1日1回 最大7回 連続ログインボーナスをプレゼント！*
`マナプリズム X 100
黄金の果実 X 1
`_2021-08-04 19:39:11_
--------
[9cfc24f569d65a92010a7c9549af2192]
`登陆天数: 273天 / 563天
等级: 98
石头: 29
呼符: 8
友情点: 0 / 925125`
*連続ログイン7日間到達おめでとうございます！
明日は1日目からリスタートされます。*
`獣の足跡 X 1
呼符 X 1
8月交換券(2021) X 1
`*6周年記念 特別連続ログインボーナス*
*開催期間中、1日1回 最大7回 連続ログインボーナスをプレゼント！*
`マナプリズム X 100
黄金の果実 X 1
`_2021-08-04 19:39:20_
--------
[dfc9a9f4b3655841a6372642c60bb90d]
`登陆天数: 273天 / 620天
等级: 105
石头: 167
呼符: 0
友情点: 0 / 1287280`
*連続ログイン7日間到達おめでとうございます！
明日は1日目からリスタートされます。*
`獣の足跡 X 1
呼符 X 1
8月交換券(2021) X 1
`*6周年記念 特別連続ログインボーナス*
*開催期間中、1日1回 最大7回 連続ログインボーナスをプレゼント！*
`マナプリズム X 100
黄金の果実 X 1
`_2021-08-04 19:39:29_
--------
[489b9caeed7f023e28fa9d1e9b69c384]
`登陆天数: 272天 / 358天
等级: 97
石头: 30
呼符: 20
友情点: 0 / 864360`
*連続ログイン6日目
※ログインが途切れるか、7日到達すると
1日目から再開されます*
`聖晶石 X 2
8月交換券(2021) X 1
`*6周年記念 特別連続ログインボーナス*
*開催期間中、1日1回 最大7回 連続ログインボーナスをプレゼント！*
`マナプリズム X 100
黄金の果実 X 1
`_2021-08-04 19:39:37_
--------
