【登录信息】
[5be1eb651b6f675892f00b0952b3cadb]
`登陆天数: 275天 / 1081天
等级: 149
石头: 205
呼符: 0
友情点: 125 / 11669145`
*連続ログイン2日目
※ログインが途切れるか、7日到達すると
1日目から再開されます*
`聖晶石 X 1
8月交換券(2021) X 1
`*6周年記念 特別連続ログインボーナス*
*開催期間中、1日1回 最大7回 連続ログインボーナスをプレゼント！*
`英霊結晶・星のフォウくん X 10
黄金の果実 X 1
`_2021-08-06 19:38:04_
--------
[9cfc24f569d65a92010a7c9549af2192]
`登陆天数: 275天 / 565天
等级: 98
石头: 34
呼符: 9
友情点: 0 / 927625`
*連続ログイン2日目
※ログインが途切れるか、7日到達すると
1日目から再開されます*
`聖晶石 X 1
8月交換券(2021) X 1
`*6周年記念 特別連続ログインボーナス*
*開催期間中、1日1回 最大7回 連続ログインボーナスをプレゼント！*
`英霊結晶・星のフォウくん X 10
黄金の果実 X 1
`_2021-08-06 19:38:13_
--------
[dfc9a9f4b3655841a6372642c60bb90d]
`登陆天数: 275天 / 622天
等级: 105
石头: 174
呼符: 1
友情点: 0 / 1290230`
*連続ログイン2日目
※ログインが途切れるか、7日到達すると
1日目から再開されます*
`聖晶石 X 1
8月交換券(2021) X 1
`*6周年記念 特別連続ログインボーナス*
*開催期間中、1日1回 最大7回 連続ログインボーナスをプレゼント！*
`英霊結晶・星のフォウくん X 10
黄金の果実 X 1
`_2021-08-06 19:38:22_
--------
[489b9caeed7f023e28fa9d1e9b69c384]
`登陆天数: 274天 / 360天
等级: 98
石头: 37
呼符: 20
友情点: 0 / 869360`
*連続ログイン1日目
※ログインが途切れるか、7日到達すると
1日目から再開されます*
`フレンドポイント X 2000
8月交換券(2021) X 1
`*6周年記念 特別連続ログインボーナス*
*開催期間中、1日1回 最大7回 連続ログインボーナスをプレゼント！*
`英霊結晶・星のフォウくん X 10
黄金の果実 X 1
`_2021-08-06 19:38:30_
--------
