【登录信息】
[5be1eb651b6f675892f00b0952b3cadb]
`登陆天数: 276天 / 1082天
等级: 149
石头: 211
呼符: 0
友情点: 50 / 11718935`
*連続ログイン3日目
※ログインが途切れるか、7日到達すると
1日目から再開されます*
`叡智の猛火 X 1
8月交換券(2021) X 1
`*6周年記念 特別連続ログインボーナス*
*開催期間中、1日1回 最大7回 連続ログインボーナスをプレゼント！*
`黄金の果実 X 1
呼符 X 10
`_2021-08-07 19:37:39_
--------
[9cfc24f569d65a92010a7c9549af2192]
`登陆天数: 276天 / 566天
等级: 98
石头: 45
呼符: 9
友情点: 0 / 930225`
*連続ログイン3日目
※ログインが途切れるか、7日到達すると
1日目から再開されます*
`叡智の猛火 X 1
8月交換券(2021) X 1
`*6周年記念 特別連続ログインボーナス*
*開催期間中、1日1回 最大7回 連続ログインボーナスをプレゼント！*
`黄金の果実 X 1
呼符 X 10
`_2021-08-07 19:37:48_
--------
[dfc9a9f4b3655841a6372642c60bb90d]
`登陆天数: 276天 / 623天
等级: 105
石头: 185
呼符: 1
友情点: 0 / 1292830`
*連続ログイン3日目
※ログインが途切れるか、7日到達すると
1日目から再開されます*
`叡智の猛火 X 1
8月交換券(2021) X 1
`*6周年記念 特別連続ログインボーナス*
*開催期間中、1日1回 最大7回 連続ログインボーナスをプレゼント！*
`黄金の果実 X 1
呼符 X 10
`_2021-08-07 19:37:56_
--------
[489b9caeed7f023e28fa9d1e9b69c384]
`登陆天数: 275天 / 361天
等级: 98
石头: 47
呼符: 21
友情点: 25 / 873885`
*連続ログイン2日目
※ログインが途切れるか、7日到達すると
1日目から再開されます*
`聖晶石 X 1
8月交換券(2021) X 1
`*6周年記念 特別連続ログインボーナス*
*開催期間中、1日1回 最大7回 連続ログインボーナスをプレゼント！*
`黄金の果実 X 1
呼符 X 10
`_2021-08-07 19:38:04_
--------
