【登录信息】
[5be1eb651b6f675892f00b0952b3cadb]
`登陆天数: 277天 / 1083天
等级: 149
石头: 212
呼符: 10
友情点: 10 / 11790055`
*連続ログイン4日目
※ログインが途切れるか、7日到達すると
1日目から再開されます*
`聖晶石 X 1
8月交換券(2021) X 1
`_2021-08-08 19:37:42_
--------
[9cfc24f569d65a92010a7c9549af2192]
`登陆天数: 277天 / 567天
等级: 98
石头: 45
呼符: 19
友情点: 0 / 932725`
*連続ログイン4日目
※ログインが途切れるか、7日到達すると
1日目から再開されます*
`聖晶石 X 1
8月交換券(2021) X 1
`_2021-08-08 19:37:52_
--------
[dfc9a9f4b3655841a6372642c60bb90d]
`登陆天数: 277天 / 624天
等级: 105
石头: 185
呼符: 11
友情点: 0 / 1295430`
*連続ログイン4日目
※ログインが途切れるか、7日到達すると
1日目から再開されます*
`聖晶石 X 1
8月交換券(2021) X 1
`_2021-08-08 19:38:00_
--------
[489b9caeed7f023e28fa9d1e9b69c384]
`登陆天数: 276天 / 362天
等级: 98
石头: 48
呼符: 31
友情点: 25 / 876310`
*連続ログイン3日目
※ログインが途切れるか、7日到達すると
1日目から再開されます*
`叡智の猛火 X 1
8月交換券(2021) X 1
`_2021-08-08 19:38:08_
--------
