【登录信息】
[5be1eb651b6f675892f00b0952b3cadb]
`登陆天数: 278天 / 1084天
等级: 149
石头: 217
呼符: 10
友情点: 100 / 11854815`
*連続ログイン5日目
※ログインが途切れるか、7日到達すると
1日目から再開されます*
`叡智の猛火 X 2
8月交換券(2021) X 1
`_2021-08-09 19:37:40_
--------
[9cfc24f569d65a92010a7c9549af2192]
`登陆天数: 278天 / 568天
等级: 98
石头: 46
呼符: 19
友情点: 25 / 935250`
*連続ログイン5日目
※ログインが途切れるか、7日到達すると
1日目から再開されます*
`叡智の猛火 X 2
8月交換券(2021) X 1
`_2021-08-09 19:37:52_
--------
[dfc9a9f4b3655841a6372642c60bb90d]
`登陆天数: 278天 / 625天
等级: 105
石头: 186
呼符: 11
友情点: 0 / 1298030`
*連続ログイン5日目
※ログインが途切れるか、7日到達すると
1日目から再開されます*
`叡智の猛火 X 2
8月交換券(2021) X 1
`_2021-08-09 19:38:00_
--------
[489b9caeed7f023e28fa9d1e9b69c384]
`登陆天数: 277天 / 363天
等级: 98
石头: 48
呼符: 31
友情点: 25 / 878835`
*連続ログイン4日目
※ログインが途切れるか、7日到達すると
1日目から再開されます*
`聖晶石 X 1
8月交換券(2021) X 1
`_2021-08-09 19:38:09_
--------
