【登录信息】
[5be1eb651b6f675892f00b0952b3cadb]
`登陆天数: 279天 / 1085天
等级: 149
石头: 217
呼符: 10
友情点: 435 / 11925250`
*連続ログイン6日目
※ログインが途切れるか、7日到達すると
1日目から再開されます*
`聖晶石 X 2
8月交換券(2021) X 1
`_2021-08-10 19:37:47_
--------
[9cfc24f569d65a92010a7c9549af2192]
`登陆天数: 279天 / 569天
等级: 98
石头: 46
呼符: 19
友情点: 10 / 937760`
*連続ログイン6日目
※ログインが途切れるか、7日到達すると
1日目から再開されます*
`聖晶石 X 2
8月交換券(2021) X 1
`_2021-08-10 19:37:56_
--------
[dfc9a9f4b3655841a6372642c60bb90d]
`登陆天数: 279天 / 626天
等级: 105
石头: 186
呼符: 11
友情点: 0 / 1300630`
*連続ログイン6日目
※ログインが途切れるか、7日到達すると
1日目から再開されます*
`聖晶石 X 2
8月交換券(2021) X 1
`_2021-08-10 19:38:04_
--------
[489b9caeed7f023e28fa9d1e9b69c384]
`登陆天数: 278天 / 364天
等级: 98
石头: 49
呼符: 31
友情点: 25 / 881360`
*連続ログイン5日目
※ログインが途切れるか、7日到達すると
1日目から再開されます*
`叡智の猛火 X 2
8月交換券(2021) X 1
`_2021-08-10 19:38:14_
--------
