【登录信息】
[5be1eb651b6f675892f00b0952b3cadb]
`登陆天数: 280天 / 1086天
等级: 149
石头: 231
呼符: 10
友情点: 35 / 11926065`
*連続ログイン7日間到達おめでとうございます！
明日は1日目からリスタートされます。*
`獣の足跡 X 1
呼符 X 1
8月交換券(2021) X 1
`*Lostbelt No.6 妖精円卓領域 アヴァロン・ル・フェ 星の生まれる刻 完結記念ログインボーナス*
*開催期間中、1日1回 最大7回 ログインボーナスをプレゼント！*
`黄金の果実 X 1
`_2021-08-11 19:37:40_
--------
[9cfc24f569d65a92010a7c9549af2192]
`登陆天数: 280天 / 570天
等级: 98
石头: 46
呼符: 19
友情点: 0 / 937760`
*連続ログイン7日間到達おめでとうございます！
明日は1日目からリスタートされます。*
`獣の足跡 X 1
呼符 X 1
8月交換券(2021) X 1
`*Lostbelt No.6 妖精円卓領域 アヴァロン・ル・フェ 星の生まれる刻 完結記念ログインボーナス*
*開催期間中、1日1回 最大7回 ログインボーナスをプレゼント！*
`黄金の果実 X 1
`_2021-08-11 19:37:49_
--------
[dfc9a9f4b3655841a6372642c60bb90d]
`登陆天数: 280天 / 627天
等级: 105
石头: 186
呼符: 11
友情点: 0 / 1300630`
*連続ログイン7日間到達おめでとうございます！
明日は1日目からリスタートされます。*
`獣の足跡 X 1
呼符 X 1
8月交換券(2021) X 1
`*Lostbelt No.6 妖精円卓領域 アヴァロン・ル・フェ 星の生まれる刻 完結記念ログインボーナス*
*開催期間中、1日1回 最大7回 ログインボーナスをプレゼント！*
`黄金の果実 X 1
`_2021-08-11 19:37:57_
--------
[489b9caeed7f023e28fa9d1e9b69c384]
`登陆天数: 279天 / 365天
等级: 98
石头: 49
呼符: 31
友情点: 0 / 881360`
*連続ログイン6日目
※ログインが途切れるか、7日到達すると
1日目から再開されます*
`聖晶石 X 2
8月交換券(2021) X 1
`*Lostbelt No.6 妖精円卓領域 アヴァロン・ル・フェ 星の生まれる刻 完結記念ログインボーナス*
*開催期間中、1日1回 最大7回 ログインボーナスをプレゼント！*
`黄金の果実 X 1
`_2021-08-11 19:38:06_
--------
