【登录信息】
[5be1eb651b6f675892f00b0952b3cadb]
`登陆天数: 281天 / 1087天
等级: 149
石头: 251
呼符: 11
友情点: 100 / 11991165`
*連続ログイン1日目
※ログインが途切れるか、7日到達すると
1日目から再開されます*
`フレンドポイント X 2000
8月交換券(2021) X 1
`*Lostbelt No.6 妖精円卓領域 アヴァロン・ル・フェ 星の生まれる刻 完結記念ログインボーナス*
*開催期間中、1日1回 最大7回 ログインボーナスをプレゼント！*
`黄金の果実 X 1
`_2021-08-12 19:37:44_
--------
[9cfc24f569d65a92010a7c9549af2192]
`登陆天数: 281天 / 571天
等级: 98
石头: 53
呼符: 20
友情点: 50 / 940310`
*連続ログイン1日目
※ログインが途切れるか、7日到達すると
1日目から再開されます*
`フレンドポイント X 2000
8月交換券(2021) X 1
`*Lostbelt No.6 妖精円卓領域 アヴァロン・ル・フェ 星の生まれる刻 完結記念ログインボーナス*
*開催期間中、1日1回 最大7回 ログインボーナスをプレゼント！*
`黄金の果実 X 1
`_2021-08-12 19:37:53_
--------
[dfc9a9f4b3655841a6372642c60bb90d]
`登陆天数: 281天 / 628天
等级: 105
石头: 193
呼符: 12
友情点: 0 / 1303230`
*連続ログイン1日目
※ログインが途切れるか、7日到達すると
1日目から再開されます*
`フレンドポイント X 2000
8月交換券(2021) X 1
`*Lostbelt No.6 妖精円卓領域 アヴァロン・ル・フェ 星の生まれる刻 完結記念ログインボーナス*
*開催期間中、1日1回 最大7回 ログインボーナスをプレゼント！*
`黄金の果実 X 1
`_2021-08-12 19:38:02_
--------
[489b9caeed7f023e28fa9d1e9b69c384]
`登陆天数: 280天 / 366天
等级: 98
石头: 56
呼符: 31
友情点: 50 / 883910`
*連続ログイン7日間到達おめでとうございます！
明日は1日目からリスタートされます。*
`獣の足跡 X 1
呼符 X 1
8月交換券(2021) X 1
`*Lostbelt No.6 妖精円卓領域 アヴァロン・ル・フェ 星の生まれる刻 完結記念ログインボーナス*
*開催期間中、1日1回 最大7回 ログインボーナスをプレゼント！*
`黄金の果実 X 1
`_2021-08-12 19:38:10_
--------
