【登录信息】
[5be1eb651b6f675892f00b0952b3cadb]
`登陆天数: 282天 / 1088天
等级: 149
石头: 251
呼符: 11
友情点: 66300 / 12134740`
*連続ログイン2日目
※ログインが途切れるか、7日到達すると
1日目から再開されます*
`聖晶石 X 1
8月交換券(2021) X 1
`*Lostbelt No.6 妖精円卓領域 アヴァロン・ル・フェ 星の生まれる刻 完結記念ログインボーナス*
*開催期間中、1日1回 最大7回 ログインボーナスをプレゼント！*
`黄金の果実 X 1
`_2021-08-13 19:37:47_
--------
[9cfc24f569d65a92010a7c9549af2192]
`登陆天数: 282天 / 572天
等级: 98
石头: 55
呼符: 20
友情点: 0 / 947335`
*連続ログイン2日目
※ログインが途切れるか、7日到達すると
1日目から再開されます*
`聖晶石 X 1
8月交換券(2021) X 1
`*Lostbelt No.6 妖精円卓領域 アヴァロン・ル・フェ 星の生まれる刻 完結記念ログインボーナス*
*開催期間中、1日1回 最大7回 ログインボーナスをプレゼント！*
`黄金の果実 X 1
`_2021-08-13 19:37:57_
--------
[dfc9a9f4b3655841a6372642c60bb90d]
`登陆天数: 282天 / 629天
等级: 105
石头: 195
呼符: 12
友情点: 0 / 1310430`
*連続ログイン2日目
※ログインが途切れるか、7日到達すると
1日目から再開されます*
`聖晶石 X 1
8月交換券(2021) X 1
`*Lostbelt No.6 妖精円卓領域 アヴァロン・ル・フェ 星の生まれる刻 完結記念ログインボーナス*
*開催期間中、1日1回 最大7回 ログインボーナスをプレゼント！*
`黄金の果実 X 1
`_2021-08-13 19:38:05_
--------
[489b9caeed7f023e28fa9d1e9b69c384]
`登陆天数: 281天 / 367天
等级: 98
石头: 56
呼符: 32
友情点: 0 / 888910`
*連続ログイン1日目
※ログインが途切れるか、7日到達すると
1日目から再開されます*
`フレンドポイント X 2000
8月交換券(2021) X 1
`*Lostbelt No.6 妖精円卓領域 アヴァロン・ル・フェ 星の生まれる刻 完結記念ログインボーナス*
*開催期間中、1日1回 最大7回 ログインボーナスをプレゼント！*
`黄金の果実 X 1
`_2021-08-13 19:38:14_
--------
