【登录信息】
[5be1eb651b6f675892f00b0952b3cadb]
`登陆天数: 283天 / 1089天
等级: 149
石头: 256
呼符: 0
友情点: 100 / 12135445`
*連続ログイン3日目
※ログインが途切れるか、7日到達すると
1日目から再開されます*
`叡智の猛火 X 1
8月交換券(2021) X 1
`*Lostbelt No.6 妖精円卓領域 アヴァロン・ル・フェ 星の生まれる刻 完結記念ログインボーナス*
*開催期間中、1日1回 最大7回 ログインボーナスをプレゼント！*
`黄金の果実 X 1
`_2021-08-14 19:37:37_
--------
[9cfc24f569d65a92010a7c9549af2192]
`登陆天数: 283天 / 573天
等级: 98
石头: 55
呼符: 20
友情点: 0 / 947335`
*連続ログイン3日目
※ログインが途切れるか、7日到達すると
1日目から再開されます*
`叡智の猛火 X 1
8月交換券(2021) X 1
`*Lostbelt No.6 妖精円卓領域 アヴァロン・ル・フェ 星の生まれる刻 完結記念ログインボーナス*
*開催期間中、1日1回 最大7回 ログインボーナスをプレゼント！*
`黄金の果実 X 1
`_2021-08-14 19:37:46_
--------
[dfc9a9f4b3655841a6372642c60bb90d]
`登陆天数: 283天 / 630天
等级: 105
石头: 195
呼符: 12
友情点: 0 / 1310430`
*連続ログイン3日目
※ログインが途切れるか、7日到達すると
1日目から再開されます*
`叡智の猛火 X 1
8月交換券(2021) X 1
`*Lostbelt No.6 妖精円卓領域 アヴァロン・ル・フェ 星の生まれる刻 完結記念ログインボーナス*
*開催期間中、1日1回 最大7回 ログインボーナスをプレゼント！*
`黄金の果実 X 1
`_2021-08-14 19:37:54_
--------
[489b9caeed7f023e28fa9d1e9b69c384]
`登陆天数: 282天 / 368天
等级: 98
石头: 56
呼符: 32
友情点: 10 / 888920`
*連続ログイン2日目
※ログインが途切れるか、7日到達すると
1日目から再開されます*
`聖晶石 X 1
8月交換券(2021) X 1
`*Lostbelt No.6 妖精円卓領域 アヴァロン・ル・フェ 星の生まれる刻 完結記念ログインボーナス*
*開催期間中、1日1回 最大7回 ログインボーナスをプレゼント！*
`黄金の果実 X 1
`_2021-08-14 19:38:03_
--------
