【登录信息】
[5be1eb651b6f675892f00b0952b3cadb]
`登陆天数: 285天 / 1091天
等级: 149
石头: 262
呼符: 1
友情点: 150 / 12194950`
*連続ログイン5日目
※ログインが途切れるか、7日到達すると
1日目から再開されます*
`叡智の猛火 X 2
8月交換券(2021) X 1
`*Lostbelt No.6 妖精円卓領域 アヴァロン・ル・フェ 星の生まれる刻 完結記念ログインボーナス*
*開催期間中、1日1回 最大7回 ログインボーナスをプレゼント！*
`黄金の果実 X 1
`_2021-08-16 19:37:53_
--------
[9cfc24f569d65a92010a7c9549af2192]
`登陆天数: 285天 / 575天
等级: 98
石头: 57
呼符: 20
友情点: 25 / 949785`
*連続ログイン5日目
※ログインが途切れるか、7日到達すると
1日目から再開されます*
`叡智の猛火 X 2
8月交換券(2021) X 1
`*Lostbelt No.6 妖精円卓領域 アヴァロン・ル・フェ 星の生まれる刻 完結記念ログインボーナス*
*開催期間中、1日1回 最大7回 ログインボーナスをプレゼント！*
`黄金の果実 X 1
`_2021-08-16 19:38:02_
--------
[dfc9a9f4b3655841a6372642c60bb90d]
`登陆天数: 285天 / 632天
等级: 105
石头: 197
呼符: 12
友情点: 210 / 1313040`
*連続ログイン5日目
※ログインが途切れるか、7日到達すると
1日目から再開されます*
`叡智の猛火 X 2
8月交換券(2021) X 1
`*Lostbelt No.6 妖精円卓領域 アヴァロン・ル・フェ 星の生まれる刻 完結記念ログインボーナス*
*開催期間中、1日1回 最大7回 ログインボーナスをプレゼント！*
`黄金の果実 X 1
`_2021-08-16 19:38:11_
--------
[489b9caeed7f023e28fa9d1e9b69c384]
`登陆天数: 284天 / 370天
等级: 98
石头: 57
呼符: 32
友情点: 25 / 893370`
*連続ログイン4日目
※ログインが途切れるか、7日到達すると
1日目から再開されます*
`聖晶石 X 1
8月交換券(2021) X 1
`*Lostbelt No.6 妖精円卓領域 アヴァロン・ル・フェ 星の生まれる刻 完結記念ログインボーナス*
*開催期間中、1日1回 最大7回 ログインボーナスをプレゼント！*
`黄金の果実 X 1
`_2021-08-16 19:38:19_
--------
