【登录信息】
[5be1eb651b6f675892f00b0952b3cadb]
`登陆天数: 287天 / 1093天
等级: 149
石头: 269
呼符: 0
友情点: 300 / 12594210`
*連続ログイン7日間到達おめでとうございます！
明日は1日目からリスタートされます。*
`獣の足跡 X 1
呼符 X 1
8月交換券(2021) X 1
`_2021-08-18 19:37:38_
--------
[9cfc24f569d65a92010a7c9549af2192]
`登陆天数: 287天 / 577天
等级: 98
石头: 59
呼符: 20
友情点: 0 / 964885`
*連続ログイン7日間到達おめでとうございます！
明日は1日目からリスタートされます。*
`獣の足跡 X 1
呼符 X 1
8月交換券(2021) X 1
`_2021-08-18 19:37:47_
--------
[dfc9a9f4b3655841a6372642c60bb90d]
`登陆天数: 287天 / 634天
等级: 105
石头: 199
呼符: 12
友情点: 0 / 1328640`
*連続ログイン7日間到達おめでとうございます！
明日は1日目からリスタートされます。*
`獣の足跡 X 1
呼符 X 1
8月交換券(2021) X 1
`_2021-08-18 19:37:55_
--------
[489b9caeed7f023e28fa9d1e9b69c384]
`登陆天数: 286天 / 372天
等级: 98
石头: 62
呼符: 32
友情点: 100 / 908570`
*連続ログイン6日目
※ログインが途切れるか、7日到達すると
1日目から再開されます*
`聖晶石 X 2
8月交換券(2021) X 1
`_2021-08-18 19:38:04_
--------
