【登录信息】
[5be1eb651b6f675892f00b0952b3cadb]
`登陆天数: 288天 / 1094天
等级: 149
石头: 245
呼符: 0
友情点: 700 / 12721030`
*連続ログイン1日目
※ログインが途切れるか、7日到達すると
1日目から再開されます*
`フレンドポイント X 2000
8月交換券(2021) X 1
`_2021-08-19 19:37:53_
--------
[9cfc24f569d65a92010a7c9549af2192]
`登陆天数: 288天 / 578天
等级: 98
石头: 3
呼符: 0
友情点: 0 / 969935`
*連続ログイン1日目
※ログインが途切れるか、7日到達すると
1日目から再開されます*
`フレンドポイント X 2000
8月交換券(2021) X 1
`_2021-08-19 19:38:01_
--------
[dfc9a9f4b3655841a6372642c60bb90d]
`登陆天数: 288天 / 635天
等级: 105
石头: 199
呼符: 13
友情点: 0 / 1333840`
*連続ログイン1日目
※ログインが途切れるか、7日到達すると
1日目から再開されます*
`フレンドポイント X 2000
8月交換券(2021) X 1
`_2021-08-19 19:38:10_
--------
[489b9caeed7f023e28fa9d1e9b69c384]
`登陆天数: 287天 / 373天
等级: 98
石头: 4
呼符: 2
友情点: 0 / 913670`
*連続ログイン7日間到達おめでとうございます！
明日は1日目からリスタートされます。*
`獣の足跡 X 1
呼符 X 1
8月交換券(2021) X 1
`_2021-08-19 19:38:18_
--------
