【登录信息】
[5be1eb651b6f675892f00b0952b3cadb]
`登陆天数: 289天 / 1095天
等级: 149
石头: 246
呼符: 0
友情点: 0 / 13025260`
_2021-08-21 13:43:42_
--------
[9cfc24f569d65a92010a7c9549af2192]
`登陆天数: 289天 / 579天
等级: 98
石头: 4
呼符: 0
友情点: 0 / 980985`
_2021-08-21 13:43:51_
--------
[dfc9a9f4b3655841a6372642c60bb90d]
`登陆天数: 289天 / 636天
等级: 105
石头: 200
呼符: 13
友情点: 0 / 1344840`
_2021-08-21 13:43:59_
--------
[489b9caeed7f023e28fa9d1e9b69c384]
`登陆天数: 288天 / 374天
等级: 98
石头: 4
呼符: 3
友情点: 50 / 924620`
_2021-08-21 13:44:08_
--------
