【登录信息】
[5be1eb651b6f675892f00b0952b3cadb]
`登陆天数: 290天 / 1096天
等级: 149
石头: 246
呼符: 0
友情点: 68950 / 13094510`
*連続ログイン3日目
※ログインが途切れるか、7日到達すると
1日目から再開されます*
`叡智の猛火 X 1
8月交換券(2021) X 1
`_2021-08-21 19:37:59_
--------
[9cfc24f569d65a92010a7c9549af2192]
`登陆天数: 290天 / 580天
等级: 98
石头: 4
呼符: 0
友情点: 250 / 986235`
*連続ログイン3日目
※ログインが途切れるか、7日到達すると
1日目から再開されます*
`叡智の猛火 X 1
8月交換券(2021) X 1
`_2021-08-21 19:38:08_
--------
[dfc9a9f4b3655841a6372642c60bb90d]
`登陆天数: 290天 / 637天
等级: 105
石头: 200
呼符: 13
友情点: 0 / 1350040`
*連続ログイン3日目
※ログインが途切れるか、7日到達すると
1日目から再開されます*
`叡智の猛火 X 1
8月交換券(2021) X 1
`_2021-08-21 19:38:17_
--------
[489b9caeed7f023e28fa9d1e9b69c384]
`登陆天数: 289天 / 375天
等级: 98
石头: 4
呼符: 3
友情点: 0 / 929620`
*連続ログイン2日目
※ログインが途切れるか、7日到達すると
1日目から再開されます*
`聖晶石 X 1
8月交換券(2021) X 1
`_2021-08-21 19:38:25_
--------
