【登录信息】
[5be1eb651b6f675892f00b0952b3cadb]
`登陆天数: 291天 / 1097天
等级: 149
石头: 258
呼符: 0
友情点: 118000 / 13348480`
*連続ログイン4日目
※ログインが途切れるか、7日到達すると
1日目から再開されます*
`聖晶石 X 1
8月交換券(2021) X 1
`_2021-08-22 19:37:47_
--------
[9cfc24f569d65a92010a7c9549af2192]
`登陆天数: 291天 / 581天
等级: 98
石头: 4
呼符: 0
友情点: 50 / 996305`
*連続ログイン4日目
※ログインが途切れるか、7日到達すると
1日目から再開されます*
`聖晶石 X 1
8月交換券(2021) X 1
`_2021-08-22 19:37:56_
--------
[dfc9a9f4b3655841a6372642c60bb90d]
`登陆天数: 291天 / 638天
等级: 105
石头: 200
呼符: 13
友情点: 0 / 1355240`
*連続ログイン4日目
※ログインが途切れるか、7日到達すると
1日目から再開されます*
`聖晶石 X 1
8月交換券(2021) X 1
`_2021-08-22 19:38:04_
--------
[489b9caeed7f023e28fa9d1e9b69c384]
`登陆天数: 290天 / 376天
等级: 98
石头: 5
呼符: 3
友情点: 150 / 939770`
*連続ログイン3日目
※ログインが途切れるか、7日到達すると
1日目から再開されます*
`叡智の猛火 X 1
8月交換券(2021) X 1
`_2021-08-22 19:38:12_
--------
