【登录信息】
[5be1eb651b6f675892f00b0952b3cadb]
`登陆天数: 292天 / 1098天
等级: 149
石头: 261
呼符: 0
友情点: 61000 / 13544930`
*連続ログイン5日目
※ログインが途切れるか、7日到達すると
1日目から再開されます*
`叡智の猛火 X 2
8月交換券(2021) X 1
`_2021-08-23 19:37:52_
--------
[9cfc24f569d65a92010a7c9549af2192]
`登陆天数: 292天 / 582天
等级: 98
石头: 5
呼符: 0
友情点: 150 / 1003855`
*連続ログイン5日目
※ログインが途切れるか、7日到達すると
1日目から再開されます*
`叡智の猛火 X 2
8月交換券(2021) X 1
`_2021-08-23 19:38:01_
--------
[dfc9a9f4b3655841a6372642c60bb90d]
`登陆天数: 292天 / 639天
等级: 105
石头: 201
呼符: 13
友情点: 0 / 1362840`
*連続ログイン5日目
※ログインが途切れるか、7日到達すると
1日目から再開されます*
`叡智の猛火 X 2
8月交換券(2021) X 1
`_2021-08-23 19:38:09_
--------
[489b9caeed7f023e28fa9d1e9b69c384]
`登陆天数: 291天 / 377天
等级: 98
石头: 5
呼符: 3
友情点: 0 / 947170`
*連続ログイン4日目
※ログインが途切れるか、7日到達すると
1日目から再開されます*
`聖晶石 X 1
8月交換券(2021) X 1
`_2021-08-23 19:38:17_
--------
