【登录信息】
[5be1eb651b6f675892f00b0952b3cadb]
`登陆天数: 293天 / 1099天
等级: 149
石头: 261
呼符: 0
友情点: 70 / 13669220`
*連続ログイン6日目
※ログインが途切れるか、7日到達すると
1日目から再開されます*
`聖晶石 X 2
8月交換券(2021) X 1
`_2021-08-24 19:37:47_
--------
[9cfc24f569d65a92010a7c9549af2192]
`登陆天数: 293天 / 583天
等级: 98
石头: 5
呼符: 0
友情点: 50 / 1008705`
*連続ログイン6日目
※ログインが途切れるか、7日到達すると
1日目から再開されます*
`聖晶石 X 2
8月交換券(2021) X 1
`_2021-08-24 19:37:56_
--------
[dfc9a9f4b3655841a6372642c60bb90d]
`登陆天数: 293天 / 640天
等级: 105
石头: 201
呼符: 13
友情点: 0 / 1367640`
*連続ログイン6日目
※ログインが途切れるか、7日到達すると
1日目から再開されます*
`聖晶石 X 2
8月交換券(2021) X 1
`_2021-08-24 19:38:05_
--------
[489b9caeed7f023e28fa9d1e9b69c384]
`登陆天数: 292天 / 378天
等级: 98
石头: 6
呼符: 3
友情点: 100 / 952170`
*連続ログイン5日目
※ログインが途切れるか、7日到達すると
1日目から再開されます*
`叡智の猛火 X 2
8月交換券(2021) X 1
`_2021-08-24 19:38:13_
--------
