【登录信息】
[5be1eb651b6f675892f00b0952b3cadb]
`登陆天数: 294天 / 1100天
等级: 149
石头: 263
呼符: 0
友情点: 56220 / 13789520`
*連続ログイン7日間到達おめでとうございます！
明日は1日目からリスタートされます。*
`獣の足跡 X 1
呼符 X 1
8月交換券(2021) X 1
`_2021-08-25 19:37:51_
--------
[9cfc24f569d65a92010a7c9549af2192]
`登陆天数: 294天 / 584天
等级: 98
石头: 7
呼符: 0
友情点: 0 / 1013355`
*連続ログイン7日間到達おめでとうございます！
明日は1日目からリスタートされます。*
`獣の足跡 X 1
呼符 X 1
8月交換券(2021) X 1
`_2021-08-25 19:38:00_
--------
[dfc9a9f4b3655841a6372642c60bb90d]
`登陆天数: 294天 / 641天
等级: 105
石头: 203
呼符: 13
友情点: 0 / 1372240`
*連続ログイン7日間到達おめでとうございます！
明日は1日目からリスタートされます。*
`獣の足跡 X 1
呼符 X 1
8月交換券(2021) X 1
`_2021-08-25 19:38:08_
--------
[489b9caeed7f023e28fa9d1e9b69c384]
`登陆天数: 293天 / 379天
等级: 98
石头: 6
呼符: 3
友情点: 150 / 956920`
*連続ログイン6日目
※ログインが途切れるか、7日到達すると
1日目から再開されます*
`聖晶石 X 2
8月交換券(2021) X 1
`_2021-08-25 19:38:16_
--------
