【登录信息】
[5be1eb651b6f675892f00b0952b3cadb]
`登陆天数: 295天 / 1101天
等级: 149
石头: 299
呼符: 0
友情点: 63000 / 13914720`
*連続ログイン1日目
※ログインが途切れるか、7日到達すると
1日目から再開されます*
`フレンドポイント X 2000
8月交換券(2021) X 1
`_2021-08-26 19:37:34_
--------
[9cfc24f569d65a92010a7c9549af2192]
`登陆天数: 295天 / 585天
等级: 98
石头: 7
呼符: 1
友情点: 0 / 1018155`
*連続ログイン1日目
※ログインが途切れるか、7日到達すると
1日目から再開されます*
`フレンドポイント X 2000
8月交換券(2021) X 1
`_2021-08-26 19:37:43_
--------
[dfc9a9f4b3655841a6372642c60bb90d]
`登陆天数: 295天 / 642天
等级: 105
石头: 203
呼符: 14
友情点: 0 / 1377040`
*連続ログイン1日目
※ログインが途切れるか、7日到達すると
1日目から再開されます*
`フレンドポイント X 2000
8月交換券(2021) X 1
`_2021-08-26 19:37:52_
--------
[489b9caeed7f023e28fa9d1e9b69c384]
`登陆天数: 294天 / 380天
等级: 98
石头: 8
呼符: 3
友情点: 0 / 961020`
*連続ログイン7日間到達おめでとうございます！
明日は1日目からリスタートされます。*
`獣の足跡 X 1
呼符 X 1
8月交換券(2021) X 1
`_2021-08-26 19:38:00_
--------
