【登录信息】
[5be1eb651b6f675892f00b0952b3cadb]
`登陆天数: 297天 / 1103天
等级: 149
石头: 5
呼符: 0
友情点: 60550 / 14166940`
*連続ログイン3日目
※ログインが途切れるか、7日到達すると
1日目から再開されます*
`叡智の猛火 X 1
8月交換券(2021) X 1
`*「劇場版 Fate/kaleid liner プリズマ☆イリヤ Licht 名前の無い少女」公開記念連続ログインボーナス！*
*開催期間中、1日1回 最大5回 連続ログインボーナスをプレゼント！*
`概念礼装EXPカード：マジカルルビー X 5
`_2021-08-28 19:37:37_
--------
[9cfc24f569d65a92010a7c9549af2192]
`登陆天数: 297天 / 587天
等级: 98
石头: 16
呼符: 1
友情点: 100 / 1030055`
*連続ログイン3日目
※ログインが途切れるか、7日到達すると
1日目から再開されます*
`叡智の猛火 X 1
8月交換券(2021) X 1
`*「劇場版 Fate/kaleid liner プリズマ☆イリヤ Licht 名前の無い少女」公開記念連続ログインボーナス！*
*開催期間中、1日1回 最大5回 連続ログインボーナスをプレゼント！*
`概念礼装EXPカード：マジカルルビー X 5
`_2021-08-28 19:37:45_
--------
[dfc9a9f4b3655841a6372642c60bb90d]
`登陆天数: 297天 / 644天
等级: 105
石头: 8
呼符: 4
友情点: 0 / 1388680`
*連続ログイン3日目
※ログインが途切れるか、7日到達すると
1日目から再開されます*
`叡智の猛火 X 1
8月交換券(2021) X 1
`*「劇場版 Fate/kaleid liner プリズマ☆イリヤ Licht 名前の無い少女」公開記念連続ログインボーナス！*
*開催期間中、1日1回 最大5回 連続ログインボーナスをプレゼント！*
`概念礼装EXPカード：マジカルルビー X 5
`_2021-08-28 19:37:53_
--------
[489b9caeed7f023e28fa9d1e9b69c384]
`登陆天数: 296天 / 382天
等级: 98
石头: 15
呼符: 4
友情点: 50 / 972870`
*連続ログイン2日目
※ログインが途切れるか、7日到達すると
1日目から再開されます*
`聖晶石 X 1
8月交換券(2021) X 1
`*「劇場版 Fate/kaleid liner プリズマ☆イリヤ Licht 名前の無い少女」公開記念連続ログインボーナス！*
*開催期間中、1日1回 最大5回 連続ログインボーナスをプレゼント！*
`概念礼装EXPカード：マジカルルビー X 5
`_2021-08-28 19:38:01_
--------
