【登录信息】
[5be1eb651b6f675892f00b0952b3cadb]
`登陆天数: 298天 / 1104天
等级: 149
石头: 8
呼符: 0
友情点: 63250 / 14287040`
*連続ログイン4日目
※ログインが途切れるか、7日到達すると
1日目から再開されます*
`聖晶石 X 1
8月交換券(2021) X 1
`*「劇場版 Fate/kaleid liner プリズマ☆イリヤ Licht 名前の無い少女」公開記念連続ログインボーナス！*
*開催期間中、1日1回 最大5回 連続ログインボーナスをプレゼント！*
`黄金の果実 X 1
`_2021-08-29 19:37:56_
--------
[9cfc24f569d65a92010a7c9549af2192]
`登陆天数: 298天 / 588天
等级: 99
石头: 16
呼符: 1
友情点: 70 / 1037375`
*連続ログイン4日目
※ログインが途切れるか、7日到達すると
1日目から再開されます*
`聖晶石 X 1
8月交換券(2021) X 1
`*「劇場版 Fate/kaleid liner プリズマ☆イリヤ Licht 名前の無い少女」公開記念連続ログインボーナス！*
*開催期間中、1日1回 最大5回 連続ログインボーナスをプレゼント！*
`黄金の果実 X 1
`_2021-08-29 19:38:05_
--------
[dfc9a9f4b3655841a6372642c60bb90d]
`登陆天数: 298天 / 645天
等级: 105
石头: 8
呼符: 4
友情点: 0 / 1393680`
*連続ログイン4日目
※ログインが途切れるか、7日到達すると
1日目から再開されます*
`聖晶石 X 1
8月交換券(2021) X 1
`*「劇場版 Fate/kaleid liner プリズマ☆イリヤ Licht 名前の無い少女」公開記念連続ログインボーナス！*
*開催期間中、1日1回 最大5回 連続ログインボーナスをプレゼント！*
`黄金の果実 X 1
`_2021-08-29 19:38:13_
--------
[489b9caeed7f023e28fa9d1e9b69c384]
`登陆天数: 297天 / 383天
等级: 98
石头: 16
呼符: 4
友情点: 100 / 977820`
*連続ログイン3日目
※ログインが途切れるか、7日到達すると
1日目から再開されます*
`叡智の猛火 X 1
8月交換券(2021) X 1
`*「劇場版 Fate/kaleid liner プリズマ☆イリヤ Licht 名前の無い少女」公開記念連続ログインボーナス！*
*開催期間中、1日1回 最大5回 連続ログインボーナスをプレゼント！*
`黄金の果実 X 1
`_2021-08-29 19:38:21_
--------
