【登录信息】
*5be1eb651b6f675892f00b0952b3cadb*
`登陆天数: 482天 / 1288天
等级: 153
石头: 78
呼符: 0
友情点: 0 / 15434730`
_2022-03-02 03:33:15_
--------
*9cfc24f569d65a92010a7c9549af2192*
`登陆天数: 482天 / 772天
等级: 101
石头: 60
呼符: 25
友情点: 0 / 1290325`
_2022-03-02 03:33:26_
--------
*dfc9a9f4b3655841a6372642c60bb90d*
`登陆天数: 482天 / 829天
等级: 106
石头: 54
呼符: 35
友情点: 0 / 1692665`
_2022-03-02 03:33:37_
--------
*489b9caeed7f023e28fa9d1e9b69c384*
`登陆天数: 481天 / 567天
等级: 102
石头: 63
呼符: 50
友情点: 0 / 1283455`
_2022-03-02 03:33:48_
--------
