【登录信息】
*9cfc24f569d65a92010a7c9549af2192*
`登陆天数: 483天 / 773天
等级: 101
石头: 62
呼符: 25
友情点: 0 / 1291925`
*連続ログイン7日間到達おめでとうございます！
明日は1日目からリスタートされます。*
`獣の足跡 X 1
呼符 X 1
3月交換券(2022) X 1
`_2022-03-03 01:31:41_
--------
*dfc9a9f4b3655841a6372642c60bb90d*
`登陆天数: 483天 / 830天
等级: 106
石头: 56
呼符: 35
友情点: 0 / 1694265`
*連続ログイン7日間到達おめでとうございます！
明日は1日目からリスタートされます。*
`獣の足跡 X 1
呼符 X 1
3月交換券(2022) X 1
`_2022-03-03 01:31:52_
--------
*489b9caeed7f023e28fa9d1e9b69c384*
`登陆天数: 482天 / 568天
等级: 102
石头: 63
呼符: 50
友情点: 0 / 1285055`
*連続ログイン6日目
※ログインが途切れるか、7日到達すると
1日目から再開されます*
`聖晶石 X 2
3月交換券(2022) X 1
`_2022-03-03 01:32:02_
--------
