【登录信息】
*5be1eb651b6f675892f00b0952b3cadb*
`登陆天数: 484天 / 1290天
等级: 153
石头: 87
呼符: 2
友情点: 30610 / 15411605`
*連続ログイン1日目
※ログインが途切れるか、7日到達すると
1日目から再開されます*
`フレンドポイント X 2000
3月交換券(2022) X 1
`_2022-03-03 20:27:18_
--------
*9cfc24f569d65a92010a7c9549af2192*
`登陆天数: 484天 / 774天
等级: 101
石头: 67
呼符: 26
友情点: 25 / 1293150`
*連続ログイン1日目
※ログインが途切れるか、7日到達すると
1日目から再開されます*
`フレンドポイント X 2000
3月交換券(2022) X 1
`_2022-03-03 20:27:30_
--------
*dfc9a9f4b3655841a6372642c60bb90d*
`登陆天数: 484天 / 831天
等级: 106
石头: 61
呼符: 36
友情点: 0 / 1695485`
*連続ログイン1日目
※ログインが途切れるか、7日到達すると
1日目から再開されます*
`フレンドポイント X 2000
3月交換券(2022) X 1
`_2022-03-03 20:27:41_
--------
*489b9caeed7f023e28fa9d1e9b69c384*
`登陆天数: 483天 / 569天
等级: 102
石头: 70
呼符: 50
友情点: 50 / 1286335`
*連続ログイン7日間到達おめでとうございます！
明日は1日目からリスタートされます。*
`獣の足跡 X 1
呼符 X 1
3月交換券(2022) X 1
`_2022-03-03 20:27:52_
--------
