【登录信息】
*5be1eb651b6f675892f00b0952b3cadb*
`登陆天数: 485天 / 1291天
等级: 153
石头: 87
呼符: 0
友情点: 0 / 15444755`
*連続ログイン2日目
※ログインが途切れるか、7日到達すると
1日目から再開されます*
`聖晶石 X 1
3月交換券(2022) X 1
`_2022-03-04 20:27:34_
--------
*9cfc24f569d65a92010a7c9549af2192*
`登陆天数: 485天 / 775天
等级: 101
石头: 67
呼符: 26
友情点: 50 / 1296400`
*連続ログイン2日目
※ログインが途切れるか、7日到達すると
1日目から再開されます*
`聖晶石 X 1
3月交換券(2022) X 1
`_2022-03-04 20:27:45_
--------
*dfc9a9f4b3655841a6372642c60bb90d*
`登陆天数: 485天 / 832天
等级: 106
石头: 61
呼符: 36
友情点: 0 / 1698685`
*連続ログイン2日目
※ログインが途切れるか、7日到達すると
1日目から再開されます*
`聖晶石 X 1
3月交換券(2022) X 1
`_2022-03-04 20:27:56_
--------
*489b9caeed7f023e28fa9d1e9b69c384*
`登陆天数: 484天 / 570天
等级: 102
石头: 70
呼符: 51
友情点: 25 / 1287560`
*連続ログイン1日目
※ログインが途切れるか、7日到達すると
1日目から再開されます*
`フレンドポイント X 2000
3月交換券(2022) X 1
`_2022-03-04 20:28:07_
--------
