【登录信息】
*5be1eb651b6f675892f00b0952b3cadb*
`登陆天数: 486天 / 1292天
等级: 153
石头: 90
呼符: 0
友情点: 30425 / 15476040`
*連続ログイン3日目
※ログインが途切れるか、7日到達すると
1日目から再開されます*
`叡智の猛火 X 1
3月交換券(2022) X 1
`_2022-03-05 20:26:08_
--------
*9cfc24f569d65a92010a7c9549af2192*
`登陆天数: 486天 / 776天
等级: 101
石头: 68
呼符: 11
友情点: 35 / 1297635`
*連続ログイン3日目
※ログインが途切れるか、7日到達すると
1日目から再開されます*
`叡智の猛火 X 1
3月交換券(2022) X 1
`_2022-03-05 20:26:20_
--------
*dfc9a9f4b3655841a6372642c60bb90d*
`登陆天数: 486天 / 833天
等级: 106
石头: 62
呼符: 36
友情点: 0 / 1699885`
*連続ログイン3日目
※ログインが途切れるか、7日到達すると
1日目から再開されます*
`叡智の猛火 X 1
3月交換券(2022) X 1
`_2022-03-05 20:26:31_
--------
*489b9caeed7f023e28fa9d1e9b69c384*
`登陆天数: 485天 / 571天
等级: 102
石头: 70
呼符: 51
友情点: 0 / 1290760`
*連続ログイン2日目
※ログインが途切れるか、7日到達すると
1日目から再開されます*
`聖晶石 X 1
3月交換券(2022) X 1
`_2022-03-05 20:26:42_
--------
