【登录信息】
*5be1eb651b6f675892f00b0952b3cadb*
`登陆天数: 487天 / 1293天
等级: 153
石头: 90
呼符: 0
友情点: 30400 / 15538260`
*連続ログイン4日目
※ログインが途切れるか、7日到達すると
1日目から再開されます*
`聖晶石 X 1
3月交換券(2022) X 1
`_2022-03-06 20:27:15_
--------
*9cfc24f569d65a92010a7c9549af2192*
`登陆天数: 487天 / 777天
等级: 101
石头: 68
呼符: 0
友情点: 25 / 1300095`
*連続ログイン4日目
※ログインが途切れるか、7日到達すると
1日目から再開されます*
`聖晶石 X 1
3月交換券(2022) X 1
`_2022-03-06 20:27:27_
--------
*dfc9a9f4b3655841a6372642c60bb90d*
`登陆天数: 487天 / 834天
等级: 106
石头: 62
呼符: 36
友情点: 0 / 1702285`
*連続ログイン4日目
※ログインが途切れるか、7日到達すると
1日目から再開されます*
`聖晶石 X 1
3月交換券(2022) X 1
`_2022-03-06 20:27:38_
--------
*489b9caeed7f023e28fa9d1e9b69c384*
`登陆天数: 486天 / 572天
等级: 102
石头: 71
呼符: 51
友情点: 0 / 1293185`
*連続ログイン3日目
※ログインが途切れるか、7日到達すると
1日目から再開されます*
`叡智の猛火 X 1
3月交換券(2022) X 1
`_2022-03-06 20:27:49_
--------
