【登录信息】
*5be1eb651b6f675892f00b0952b3cadb*
`登陆天数: 489天 / 1295天
等级: 153
石头: 91
呼符: 0
友情点: 30500 / 15600530`
*連続ログイン6日目
※ログインが途切れるか、7日到達すると
1日目から再開されます*
`聖晶石 X 2
3月交換券(2022) X 1
`_2022-03-08 20:27:47_
--------
*9cfc24f569d65a92010a7c9549af2192*
`登陆天数: 489天 / 779天
等级: 101
石头: 69
呼符: 0
友情点: 25 / 1302570`
*連続ログイン6日目
※ログインが途切れるか、7日到達すると
1日目から再開されます*
`聖晶石 X 2
3月交換券(2022) X 1
`_2022-03-08 20:27:59_
--------
*dfc9a9f4b3655841a6372642c60bb90d*
`登陆天数: 489天 / 836天
等级: 106
石头: 63
呼符: 36
友情点: 0 / 1704725`
*連続ログイン6日目
※ログインが途切れるか、7日到達すると
1日目から再開されます*
`聖晶石 X 2
3月交換券(2022) X 1
`_2022-03-08 20:28:10_
--------
*489b9caeed7f023e28fa9d1e9b69c384*
`登陆天数: 488天 / 574天
等级: 102
石头: 72
呼符: 51
友情点: 50 / 1295780`
*連続ログイン5日目
※ログインが途切れるか、7日到達すると
1日目から再開されます*
`叡智の猛火 X 2
3月交換券(2022) X 1
`_2022-03-08 20:28:22_
--------
