【登录信息】
*5be1eb651b6f675892f00b0952b3cadb*
`登陆天数: 490天 / 1296天
等级: 153
石头: 98
呼符: 0
友情点: 0 / 15662775`
*連続ログイン7日間到達おめでとうございます！
明日は1日目からリスタートされます。*
`獣の足跡 X 1
呼符 X 1
3月交換券(2022) X 1
`_2022-03-09 20:27:23_
--------
*9cfc24f569d65a92010a7c9549af2192*
`登陆天数: 490天 / 780天
等级: 101
石头: 71
呼符: 0
友情点: 35 / 1305005`
*連続ログイン7日間到達おめでとうございます！
明日は1日目からリスタートされます。*
`獣の足跡 X 1
呼符 X 1
3月交換券(2022) X 1
`_2022-03-09 20:27:34_
--------
*dfc9a9f4b3655841a6372642c60bb90d*
`登陆天数: 490天 / 837天
等级: 106
石头: 65
呼符: 36
友情点: 0 / 1707125`
*連続ログイン7日間到達おめでとうございます！
明日は1日目からリスタートされます。*
`獣の足跡 X 1
呼符 X 1
3月交換券(2022) X 1
`_2022-03-09 20:27:45_
--------
*489b9caeed7f023e28fa9d1e9b69c384*
`登陆天数: 489天 / 575天
等级: 102
石头: 72
呼符: 51
友情点: 0 / 1298205`
*連続ログイン6日目
※ログインが途切れるか、7日到達すると
1日目から再開されます*
`聖晶石 X 2
3月交換券(2022) X 1
`_2022-03-09 20:27:57_
--------
