【登录信息】
*5be1eb651b6f675892f00b0952b3cadb*
`登陆天数: 491天 / 1297天
等级: 153
石头: 99
呼符: 0
友情点: 30400 / 15284935`
*連続ログイン1日目
※ログインが途切れるか、7日到達すると
1日目から再開されます*
`フレンドポイント X 2000
3月交換券(2022) X 1
`_2022-03-10 20:27:54_
--------
*9cfc24f569d65a92010a7c9549af2192*
`登陆天数: 491天 / 781天
等级: 101
石头: 72
呼符: 1
友情点: 25 / 1307455`
*連続ログイン1日目
※ログインが途切れるか、7日到達すると
1日目から再開されます*
`フレンドポイント X 2000
3月交換券(2022) X 1
`_2022-03-10 20:28:03_
--------
*dfc9a9f4b3655841a6372642c60bb90d*
`登陆天数: 491天 / 838天
等级: 106
石头: 66
呼符: 37
友情点: 0 / 1709535`
*連続ログイン1日目
※ログインが途切れるか、7日到達すると
1日目から再開されます*
`フレンドポイント X 2000
3月交換券(2022) X 1
`_2022-03-10 20:28:11_
--------
*489b9caeed7f023e28fa9d1e9b69c384*
`登陆天数: 490天 / 576天
等级: 102
石头: 75
呼符: 51
友情点: 10 / 1300665`
*連続ログイン7日間到達おめでとうございます！
明日は1日目からリスタートされます。*
`獣の足跡 X 1
呼符 X 1
3月交換券(2022) X 1
`_2022-03-10 20:28:19_
--------
