【登录信息】
*5be1eb651b6f675892f00b0952b3cadb*
`登陆天数: 492天 / 1298天
等级: 153
石头: 101
呼符: 0
友情点: 30600 / 15318035`
*連続ログイン2日目
※ログインが途切れるか、7日到達すると
1日目から再開されます*
`聖晶石 X 1
3月交換券(2022) X 1
`_2022-03-11 20:27:22_
--------
*9cfc24f569d65a92010a7c9549af2192*
`登陆天数: 492天 / 782天
等级: 101
石头: 72
呼符: 1
友情点: 25 / 1310680`
*連続ログイン2日目
※ログインが途切れるか、7日到達すると
1日目から再開されます*
`聖晶石 X 1
3月交換券(2022) X 1
`_2022-03-11 20:27:31_
--------
*dfc9a9f4b3655841a6372642c60bb90d*
`登陆天数: 492天 / 839天
等级: 106
石头: 66
呼符: 37
友情点: 0 / 1712735`
*連続ログイン2日目
※ログインが途切れるか、7日到達すると
1日目から再開されます*
`聖晶石 X 1
3月交換券(2022) X 1
`_2022-03-11 20:27:39_
--------
*489b9caeed7f023e28fa9d1e9b69c384*
`登陆天数: 491天 / 577天
等级: 102
石头: 75
呼符: 52
友情点: 25 / 1301940`
*連続ログイン1日目
※ログインが途切れるか、7日到達すると
1日目から再開されます*
`フレンドポイント X 2000
3月交換券(2022) X 1
`_2022-03-11 20:27:47_
--------
