【登录信息】
*5be1eb651b6f675892f00b0952b3cadb*
`登陆天数: 493天 / 1299天
等级: 153
石头: 103
呼符: 0
友情点: 13400 / 15349035`
*連続ログイン3日目
※ログインが途切れるか、7日到達すると
1日目から再開されます*
`叡智の猛火 X 1
3月交換券(2022) X 1
`_2022-03-12 20:27:21_
--------
*9cfc24f569d65a92010a7c9549af2192*
`登陆天数: 493天 / 783天
等级: 101
石头: 73
呼符: 1
友情点: 0 / 1311880`
*連続ログイン3日目
※ログインが途切れるか、7日到達すると
1日目から再開されます*
`叡智の猛火 X 1
3月交換券(2022) X 1
`_2022-03-12 20:27:30_
--------
*dfc9a9f4b3655841a6372642c60bb90d*
`登陆天数: 493天 / 840天
等级: 106
石头: 70
呼符: 37
友情点: 0 / 1713935`
*連続ログイン3日目
※ログインが途切れるか、7日到達すると
1日目から再開されます*
`叡智の猛火 X 1
3月交換券(2022) X 1
`_2022-03-12 20:27:38_
--------
*489b9caeed7f023e28fa9d1e9b69c384*
`登陆天数: 492天 / 578天
等级: 102
石头: 75
呼符: 52
友情点: 25 / 1305165`
*連続ログイン2日目
※ログインが途切れるか、7日到達すると
1日目から再開されます*
`聖晶石 X 1
3月交換券(2022) X 1
`_2022-03-12 20:27:46_
--------
