【登录信息】
*5be1eb651b6f675892f00b0952b3cadb*
`登陆天数: 494天 / 1300天
等级: 153
石头: 107
呼符: 0
友情点: 3300 / 15384835`
*連続ログイン4日目
※ログインが途切れるか、7日到達すると
1日目から再開されます*
`聖晶石 X 1
3月交換券(2022) X 1
`_2022-03-13 20:26:50_
--------
*9cfc24f569d65a92010a7c9549af2192*
`登陆天数: 494天 / 784天
等级: 101
石头: 73
呼符: 1
友情点: 25 / 1313105`
*連続ログイン4日目
※ログインが途切れるか、7日到達すると
1日目から再開されます*
`聖晶石 X 1
3月交換券(2022) X 1
`_2022-03-13 20:26:59_
--------
*dfc9a9f4b3655841a6372642c60bb90d*
`登陆天数: 494天 / 841天
等级: 106
石头: 70
呼符: 37
友情点: 20 / 1715155`
*連続ログイン4日目
※ログインが途切れるか、7日到達すると
1日目から再開されます*
`聖晶石 X 1
3月交換券(2022) X 1
`_2022-03-13 20:27:07_
--------
*489b9caeed7f023e28fa9d1e9b69c384*
`登陆天数: 493天 / 579天
等级: 102
石头: 76
呼符: 52
友情点: 50 / 1306415`
*連続ログイン3日目
※ログインが途切れるか、7日到達すると
1日目から再開されます*
`叡智の猛火 X 1
3月交換券(2022) X 1
`_2022-03-13 20:27:16_
--------
