【登录信息】
*5be1eb651b6f675892f00b0952b3cadb*
`登陆天数: 496天 / 1302天
等级: 153
石头: 138
呼符: 0
友情点: 61700 / 14771320`
*連続ログイン6日目
※ログインが途切れるか、7日到達すると
1日目から再開されます*
`聖晶石 X 2
3月交換券(2022) X 1
`_2022-03-15 20:27:48_
--------
*9cfc24f569d65a92010a7c9549af2192*
`登陆天数: 496天 / 786天
等级: 101
石头: 74
呼符: 1
友情点: 0 / 1316830`
*連続ログイン6日目
※ログインが途切れるか、7日到達すると
1日目から再開されます*
`聖晶石 X 2
3月交換券(2022) X 1
`_2022-03-15 20:27:57_
--------
*dfc9a9f4b3655841a6372642c60bb90d*
`登陆天数: 496天 / 843天
等级: 106
石头: 71
呼符: 37
友情点: 0 / 1718785`
*連続ログイン6日目
※ログインが途切れるか、7日到達すると
1日目から再開されます*
`聖晶石 X 2
3月交換券(2022) X 1
`_2022-03-15 20:28:05_
--------
*489b9caeed7f023e28fa9d1e9b69c384*
`登陆天数: 495天 / 581天
等级: 102
石头: 77
呼符: 52
友情点: 0 / 1310065`
*連続ログイン5日目
※ログインが途切れるか、7日到達すると
1日目から再開されます*
`叡智の猛火 X 2
3月交換券(2022) X 1
`_2022-03-15 20:28:13_
--------
