【登录信息】
*5be1eb651b6f675892f00b0952b3cadb*
`登陆天数: 497天 / 1303天
等级: 153
石头: 141
呼符: 2
友情点: 0 / 14802380`
*連続ログイン7日間到達おめでとうございます！
明日は1日目からリスタートされます。*
`獣の足跡 X 1
呼符 X 1
3月交換券(2022) X 1
`_2022-03-16 20:27:50_
--------
*9cfc24f569d65a92010a7c9549af2192*
`登陆天数: 497天 / 787天
等级: 101
石头: 76
呼符: 6
友情点: 50 / 1318080`
*連続ログイン7日間到達おめでとうございます！
明日は1日目からリスタートされます。*
`獣の足跡 X 1
呼符 X 1
3月交換券(2022) X 1
`_2022-03-16 20:27:58_
--------
*dfc9a9f4b3655841a6372642c60bb90d*
`登陆天数: 497天 / 844天
等级: 106
石头: 73
呼符: 44
友情点: 0 / 1719985`
*連続ログイン7日間到達おめでとうございます！
明日は1日目からリスタートされます。*
`獣の足跡 X 1
呼符 X 1
3月交換券(2022) X 1
`_2022-03-16 20:28:06_
--------
*489b9caeed7f023e28fa9d1e9b69c384*
`登陆天数: 496天 / 582天
等级: 102
石头: 77
呼符: 59
友情点: 50 / 1311315`
*連続ログイン6日目
※ログインが途切れるか、7日到達すると
1日目から再開されます*
`聖晶石 X 2
3月交換券(2022) X 1
`_2022-03-16 20:28:14_
--------
