【登录信息】
*5be1eb651b6f675892f00b0952b3cadb*
`登陆天数: 498天 / 1304天
等级: 153
石头: 146
呼符: 3
友情点: 30680 / 14833710`
*連続ログイン1日目
※ログインが途切れるか、7日到達すると
1日目から再開されます*
`フレンドポイント X 2000
3月交換券(2022) X 1
`_2022-03-17 20:27:43_
--------
*9cfc24f569d65a92010a7c9549af2192*
`登陆天数: 498天 / 788天
等级: 101
石头: 81
呼符: 7
友情点: 30 / 1319310`
*連続ログイン1日目
※ログインが途切れるか、7日到達すると
1日目から再開されます*
`フレンドポイント X 2000
3月交換券(2022) X 1
`_2022-03-17 20:27:52_
--------
*dfc9a9f4b3655841a6372642c60bb90d*
`登陆天数: 498天 / 845天
等级: 106
石头: 78
呼符: 45
友情点: 10 / 1721195`
*連続ログイン1日目
※ログインが途切れるか、7日到達すると
1日目から再開されます*
`フレンドポイント X 2000
3月交換券(2022) X 1
`_2022-03-17 20:28:00_
--------
*489b9caeed7f023e28fa9d1e9b69c384*
`登陆天数: 497天 / 583天
等级: 102
石头: 84
呼符: 59
友情点: 0 / 1312515`
*連続ログイン7日間到達おめでとうございます！
明日は1日目からリスタートされます。*
`獣の足跡 X 1
呼符 X 1
3月交換券(2022) X 1
`_2022-03-17 20:28:08_
--------
