【登录信息】
*5be1eb651b6f675892f00b0952b3cadb*
`登陆天数: 499天 / 1305天
等级: 153
石头: 146
呼符: 3
友情点: 30400 / 14899285`
*連続ログイン2日目
※ログインが途切れるか、7日到達すると
1日目から再開されます*
`聖晶石 X 1
3月交換券(2022) X 1
`_2022-03-18 20:27:34_
--------
*9cfc24f569d65a92010a7c9549af2192*
`登陆天数: 499天 / 789天
等级: 102
石头: 81
呼符: 7
友情点: 0 / 1325070`
*連続ログイン2日目
※ログインが途切れるか、7日到達すると
1日目から再開されます*
`聖晶石 X 1
3月交換券(2022) X 1
`_2022-03-18 20:27:43_
--------
*dfc9a9f4b3655841a6372642c60bb90d*
`登陆天数: 499天 / 846天
等级: 106
石头: 78
呼符: 45
友情点: 0 / 1725595`
*連続ログイン2日目
※ログインが途切れるか、7日到達すると
1日目から再開されます*
`聖晶石 X 1
3月交換券(2022) X 1
`_2022-03-18 20:27:51_
--------
*489b9caeed7f023e28fa9d1e9b69c384*
`登陆天数: 498天 / 584天
等级: 102
石头: 84
呼符: 60
友情点: 70 / 1315010`
*連続ログイン1日目
※ログインが途切れるか、7日到達すると
1日目から再開されます*
`フレンドポイント X 2000
3月交換券(2022) X 1
`_2022-03-18 20:27:59_
--------
