【登录信息】
*5be1eb651b6f675892f00b0952b3cadb*
`登陆天数: 500天 / 1306天
等级: 153
石头: 148
呼符: 3
友情点: 30400 / 14930335`
*連続ログイン3日目
※ログインが途切れるか、7日到達すると
1日目から再開されます*
`叡智の猛火 X 1
3月交換券(2022) X 1
`_2022-03-19 20:26:20_
--------
*9cfc24f569d65a92010a7c9549af2192*
`登陆天数: 500天 / 790天
等级: 102
石头: 82
呼符: 7
友情点: 75 / 1326345`
*連続ログイン3日目
※ログインが途切れるか、7日到達すると
1日目から再開されます*
`叡智の猛火 X 1
3月交換券(2022) X 1
`_2022-03-19 20:26:29_
--------
*dfc9a9f4b3655841a6372642c60bb90d*
`登陆天数: 500天 / 847天
等级: 106
石头: 79
呼符: 45
友情点: 0 / 1726795`
*連続ログイン3日目
※ログインが途切れるか、7日到達すると
1日目から再開されます*
`叡智の猛火 X 1
3月交換券(2022) X 1
`_2022-03-19 20:26:37_
--------
*489b9caeed7f023e28fa9d1e9b69c384*
`登陆天数: 499天 / 585天
等级: 102
石头: 84
呼符: 60
友情点: 0 / 1318210`
*連続ログイン2日目
※ログインが途切れるか、7日到達すると
1日目から再開されます*
`聖晶石 X 1
3月交換券(2022) X 1
`_2022-03-19 20:26:45_
--------
