【登录信息】
*5be1eb651b6f675892f00b0952b3cadb*
`登陆天数: 501天 / 1307天
等级: 153
石头: 152
呼符: 11
友情点: 0 / 14962960`
*連続ログイン4日目
※ログインが途切れるか、7日到達すると
1日目から再開されます*
`聖晶石 X 1
3月交換券(2022) X 1
`_2022-03-20 20:26:38_
--------
*9cfc24f569d65a92010a7c9549af2192*
`登陆天数: 501天 / 791天
等级: 102
石头: 82
呼符: 7
友情点: 0 / 1327545`
*連続ログイン4日目
※ログインが途切れるか、7日到達すると
1日目から再開されます*
`聖晶石 X 1
3月交換券(2022) X 1
`_2022-03-20 20:26:47_
--------
*dfc9a9f4b3655841a6372642c60bb90d*
`登陆天数: 501天 / 848天
等级: 106
石头: 79
呼符: 45
友情点: 0 / 1727995`
*連続ログイン4日目
※ログインが途切れるか、7日到達すると
1日目から再開されます*
`聖晶石 X 1
3月交換券(2022) X 1
`_2022-03-20 20:26:55_
--------
*489b9caeed7f023e28fa9d1e9b69c384*
`登陆天数: 500天 / 586天
等级: 102
石头: 85
呼符: 60
友情点: 25 / 1319435`
*連続ログイン3日目
※ログインが途切れるか、7日到達すると
1日目から再開されます*
`叡智の猛火 X 1
3月交換券(2022) X 1
`_2022-03-20 20:27:03_
--------
