【登录信息】
*5be1eb651b6f675892f00b0952b3cadb*
`登陆天数: 502天 / 1308天
等级: 153
石头: 153
呼符: 13
友情点: 22000 / 15017030`
*連続ログイン5日目
※ログインが途切れるか、7日到達すると
1日目から再開されます*
`叡智の猛火 X 2
3月交換券(2022) X 1
`_2022-03-21 20:27:57_
--------
*9cfc24f569d65a92010a7c9549af2192*
`登陆天数: 502天 / 792天
等级: 102
石头: 83
呼符: 7
友情点: 0 / 1329595`
*連続ログイン5日目
※ログインが途切れるか、7日到達すると
1日目から再開されます*
`叡智の猛火 X 2
3月交換券(2022) X 1
`_2022-03-21 20:28:06_
--------
*dfc9a9f4b3655841a6372642c60bb90d*
`登陆天数: 502天 / 849天
等级: 106
石头: 80
呼符: 45
友情点: 0 / 1730095`
*連続ログイン5日目
※ログインが途切れるか、7日到達すると
1日目から再開されます*
`叡智の猛火 X 2
3月交換券(2022) X 1
`_2022-03-21 20:28:14_
--------
*489b9caeed7f023e28fa9d1e9b69c384*
`登陆天数: 501天 / 587天
等级: 102
石头: 85
呼符: 60
友情点: 0 / 1321470`
*連続ログイン4日目
※ログインが途切れるか、7日到達すると
1日目から再開されます*
`聖晶石 X 1
3月交換券(2022) X 1
`_2022-03-21 20:28:22_
--------
