【登录信息】
*5be1eb651b6f675892f00b0952b3cadb*
`登陆天数: 503天 / 1309天
等级: 153
石头: 153
呼符: 17
友情点: 0 / 15048795`
*連続ログイン6日目
※ログインが途切れるか、7日到達すると
1日目から再開されます*
`聖晶石 X 2
3月交換券(2022) X 1
`_2022-03-22 20:27:30_
--------
*9cfc24f569d65a92010a7c9549af2192*
`登陆天数: 503天 / 793天
等级: 102
石头: 83
呼符: 7
友情点: 75 / 1330920`
*連続ログイン6日目
※ログインが途切れるか、7日到達すると
1日目から再開されます*
`聖晶石 X 2
3月交換券(2022) X 1
`_2022-03-22 20:27:39_
--------
*dfc9a9f4b3655841a6372642c60bb90d*
`登陆天数: 503天 / 850天
等级: 106
石头: 80
呼符: 45
友情点: 10 / 1731345`
*連続ログイン6日目
※ログインが途切れるか、7日到達すると
1日目から再開されます*
`聖晶石 X 2
3月交換券(2022) X 1
`_2022-03-22 20:27:47_
--------
*489b9caeed7f023e28fa9d1e9b69c384*
`登陆天数: 502天 / 588天
等级: 102
石头: 86
呼符: 60
友情点: 0 / 1322700`
*連続ログイン5日目
※ログインが途切れるか、7日到達すると
1日目から再開されます*
`叡智の猛火 X 2
3月交換券(2022) X 1
`_2022-03-22 20:27:55_
--------
