【登录信息】
*5be1eb651b6f675892f00b0952b3cadb*
`登陆天数: 504天 / 1310天
等级: 153
石头: 155
呼符: 17
友情点: 50 / 15080070`
*連続ログイン7日間到達おめでとうございます！
明日は1日目からリスタートされます。*
`獣の足跡 X 1
呼符 X 1
3月交換券(2022) X 1
`_2022-03-23 20:27:35_
--------
*9cfc24f569d65a92010a7c9549af2192*
`登陆天数: 504天 / 794天
等级: 102
石头: 85
呼符: 7
友情点: 75 / 1332195`
*連続ログイン7日間到達おめでとうございます！
明日は1日目からリスタートされます。*
`獣の足跡 X 1
呼符 X 1
3月交換券(2022) X 1
`_2022-03-23 20:27:44_
--------
*dfc9a9f4b3655841a6372642c60bb90d*
`登陆天数: 504天 / 851天
等级: 106
石头: 112
呼符: 45
友情点: 10 / 1732565`
*連続ログイン7日間到達おめでとうございます！
明日は1日目からリスタートされます。*
`獣の足跡 X 1
呼符 X 1
3月交換券(2022) X 1
`_2022-03-23 20:27:52_
--------
*489b9caeed7f023e28fa9d1e9b69c384*
`登陆天数: 503天 / 589天
等级: 102
石头: 86
呼符: 60
友情点: 50 / 1323950`
*連続ログイン6日目
※ログインが途切れるか、7日到達すると
1日目から再開されます*
`聖晶石 X 2
3月交換券(2022) X 1
`_2022-03-23 20:28:00_
--------
