【登录信息】
*5be1eb651b6f675892f00b0952b3cadb*
`登陆天数: 505天 / 1311天
等级: 153
石头: 155
呼符: 18
友情点: 30400 / 15111145`
*連続ログイン1日目
※ログインが途切れるか、7日到達すると
1日目から再開されます*
`フレンドポイント X 2000
3月交換券(2022) X 1
`_2022-03-24 20:28:20_
--------
*9cfc24f569d65a92010a7c9549af2192*
`登陆天数: 505天 / 795天
等级: 102
石头: 85
呼符: 8
友情点: 50 / 1333445`
*連続ログイン1日目
※ログインが途切れるか、7日到達すると
1日目から再開されます*
`フレンドポイント X 2000
3月交換券(2022) X 1
`_2022-03-24 20:28:28_
--------
*dfc9a9f4b3655841a6372642c60bb90d*
`登陆天数: 505天 / 852天
等级: 106
石头: 112
呼符: 46
友情点: 0 / 1733775`
*連続ログイン1日目
※ログインが途切れるか、7日到達すると
1日目から再開されます*
`フレンドポイント X 2000
3月交換券(2022) X 1
`_2022-03-24 20:28:36_
--------
*489b9caeed7f023e28fa9d1e9b69c384*
`登陆天数: 504天 / 590天
等级: 102
石头: 88
呼符: 60
友情点: 75 / 1325225`
*連続ログイン7日間到達おめでとうございます！
明日は1日目からリスタートされます。*
`獣の足跡 X 1
呼符 X 1
3月交換券(2022) X 1
`_2022-03-24 20:28:43_
--------
