【登录信息】
*5be1eb651b6f675892f00b0952b3cadb*
`登陆天数: 506天 / 1312天
等级: 153
石头: 155
呼符: 20
友情点: 32125 / 15176540`
*連続ログイン2日目
※ログインが途切れるか、7日到達すると
1日目から再開されます*
`聖晶石 X 1
3月交換券(2022) X 1
`_2022-03-25 20:27:43_
--------
*9cfc24f569d65a92010a7c9549af2192*
`登陆天数: 506天 / 796天
等级: 102
石头: 85
呼符: 8
友情点: 0 / 1337865`
*連続ログイン2日目
※ログインが途切れるか、7日到達すると
1日目から再開されます*
`聖晶石 X 1
3月交換券(2022) X 1
`_2022-03-25 20:27:52_
--------
*dfc9a9f4b3655841a6372642c60bb90d*
`登陆天数: 506天 / 853天
等级: 106
石头: 112
呼符: 46
友情点: 0 / 1738255`
*連続ログイン2日目
※ログインが途切れるか、7日到達すると
1日目から再開されます*
`聖晶石 X 1
3月交換券(2022) X 1
`_2022-03-25 20:28:00_
--------
*489b9caeed7f023e28fa9d1e9b69c384*
`登陆天数: 505天 / 591天
等级: 102
石头: 88
呼符: 61
友情点: 0 / 1327675`
*連続ログイン1日目
※ログインが途切れるか、7日到達すると
1日目から再開されます*
`フレンドポイント X 2000
3月交換券(2022) X 1
`_2022-03-25 20:28:08_
--------
