【登录信息】
*5be1eb651b6f675892f00b0952b3cadb*
`登陆天数: 507天 / 1313天
等级: 153
石头: 156
呼符: 20
友情点: 33200 / 15210765`
*連続ログイン3日目
※ログインが途切れるか、7日到達すると
1日目から再開されます*
`叡智の猛火 X 1
3月交換券(2022) X 1
`_2022-03-26 20:27:14_
--------
*9cfc24f569d65a92010a7c9549af2192*
`登陆天数: 507天 / 797天
等级: 102
石头: 86
呼符: 8
友情点: 0 / 1339090`
*連続ログイン3日目
※ログインが途切れるか、7日到達すると
1日目から再開されます*
`叡智の猛火 X 1
3月交換券(2022) X 1
`_2022-03-26 20:27:23_
--------
*dfc9a9f4b3655841a6372642c60bb90d*
`登陆天数: 507天 / 854天
等级: 106
石头: 116
呼符: 46
友情点: 10 / 1739465`
*連続ログイン3日目
※ログインが途切れるか、7日到達すると
1日目から再開されます*
`叡智の猛火 X 1
3月交換券(2022) X 1
`_2022-03-26 20:27:31_
--------
*489b9caeed7f023e28fa9d1e9b69c384*
`登陆天数: 506天 / 592天
等级: 102
石头: 88
呼符: 61
友情点: 0 / 1330925`
*連続ログイン2日目
※ログインが途切れるか、7日到達すると
1日目から再開されます*
`聖晶石 X 1
3月交換券(2022) X 1
`_2022-03-26 20:27:40_
--------
