【登录信息】
*5be1eb651b6f675892f00b0952b3cadb*
`登陆天数: 508天 / 1314天
等级: 153
石头: 160
呼符: 20
友情点: 30500 / 15273545`
*連続ログイン4日目
※ログインが途切れるか、7日到達すると
1日目から再開されます*
`聖晶石 X 1
3月交換券(2022) X 1
`*「AnimeJapan 2022」出展記念 初回ログインボーナス*
*開催期間中、初回ログインで「聖晶石×10」をプレゼント！*
`聖晶石 X 10n`_2022-03-27 20:27:53_
--------
*9cfc24f569d65a92010a7c9549af2192*
`登陆天数: 508天 / 798天
等级: 102
石头: 86
呼符: 8
友情点: 0 / 1341545`
*連続ログイン4日目
※ログインが途切れるか、7日到達すると
1日目から再開されます*
`聖晶石 X 1
3月交換券(2022) X 1
`*「AnimeJapan 2022」出展記念 初回ログインボーナス*
*開催期間中、初回ログインで「聖晶石×10」をプレゼント！*
`聖晶石 X 10n`_2022-03-27 20:28:02_
--------
*dfc9a9f4b3655841a6372642c60bb90d*
`登陆天数: 508天 / 855天
等级: 106
石头: 116
呼符: 46
友情点: 0 / 1741875`
*連続ログイン4日目
※ログインが途切れるか、7日到達すると
1日目から再開されます*
`聖晶石 X 1
3月交換券(2022) X 1
`*「AnimeJapan 2022」出展記念 初回ログインボーナス*
*開催期間中、初回ログインで「聖晶石×10」をプレゼント！*
`聖晶石 X 10n`_2022-03-27 20:28:10_
--------
*489b9caeed7f023e28fa9d1e9b69c384*
`登陆天数: 507天 / 593天
等级: 102
石头: 89
呼符: 61
友情点: 25 / 1333395`
*連続ログイン3日目
※ログインが途切れるか、7日到達すると
1日目から再開されます*
`叡智の猛火 X 1
3月交換券(2022) X 1
`*「AnimeJapan 2022」出展記念 初回ログインボーナス*
*開催期間中、初回ログインで「聖晶石×10」をプレゼント！*
`聖晶石 X 10n`_2022-03-27 20:28:18_
--------
