【登录信息】
*5be1eb651b6f675892f00b0952b3cadb*
`登陆天数: 509天 / 1315天
等级: 153
石头: 188
呼符: 20
友情点: 50 / 15304880`
*連続ログイン5日目
※ログインが途切れるか、7日到達すると
1日目から再開されます*
`叡智の猛火 X 2
3月交換券(2022) X 1
`_2022-03-28 20:28:24_
--------
*9cfc24f569d65a92010a7c9549af2192*
`登陆天数: 509天 / 799天
等级: 102
石头: 103
呼符: 8
友情点: 25 / 1342800`
*連続ログイン5日目
※ログインが途切れるか、7日到達すると
1日目から再開されます*
`叡智の猛火 X 2
3月交換券(2022) X 1
`_2022-03-28 20:28:33_
--------
*dfc9a9f4b3655841a6372642c60bb90d*
`登陆天数: 509天 / 856天
等级: 106
石头: 133
呼符: 46
友情点: 0 / 1743075`
*連続ログイン5日目
※ログインが途切れるか、7日到達すると
1日目から再開されます*
`叡智の猛火 X 2
3月交換券(2022) X 1
`_2022-03-28 20:28:41_
--------
*489b9caeed7f023e28fa9d1e9b69c384*
`登陆天数: 508天 / 594天
等级: 102
石头: 105
呼符: 61
友情点: 0 / 1334625`
*連続ログイン4日目
※ログインが途切れるか、7日到達すると
1日目から再開されます*
`聖晶石 X 1
3月交換券(2022) X 1
`_2022-03-28 20:28:49_
--------
