【登录信息】
*5be1eb651b6f675892f00b0952b3cadb*
`登陆天数: 510天 / 1316天
等级: 153
石头: 191
呼符: 20
友情点: 30500 / 15368505`
*連続ログイン6日目
※ログインが途切れるか、7日到達すると
1日目から再開されます*
`聖晶石 X 2
3月交換券(2022) X 1
`_2022-03-29 20:28:09_
--------
*9cfc24f569d65a92010a7c9549af2192*
`登陆天数: 510天 / 800天
等级: 102
石头: 103
呼符: 8
友情点: 50 / 1345250`
*連続ログイン6日目
※ログインが途切れるか、7日到達すると
1日目から再開されます*
`聖晶石 X 2
3月交換券(2022) X 1
`_2022-03-29 20:28:17_
--------
*dfc9a9f4b3655841a6372642c60bb90d*
`登陆天数: 510天 / 857天
等级: 106
石头: 133
呼符: 46
友情点: 0 / 1745475`
*連続ログイン6日目
※ログインが途切れるか、7日到達すると
1日目から再開されます*
`聖晶石 X 2
3月交換券(2022) X 1
`_2022-03-29 20:28:25_
--------
*489b9caeed7f023e28fa9d1e9b69c384*
`登陆天数: 509天 / 595天
等级: 102
石头: 106
呼符: 61
友情点: 25 / 1337075`
*連続ログイン5日目
※ログインが途切れるか、7日到達すると
1日目から再開されます*
`叡智の猛火 X 2
3月交換券(2022) X 1
`_2022-03-29 20:28:33_
--------
