【登录信息】
*5be1eb651b6f675892f00b0952b3cadb*
`登陆天数: 511天 / 1317天
等级: 153
石头: 193
呼符: 20
友情点: 28600 / 15399875`
*連続ログイン7日間到達おめでとうございます！
明日は1日目からリスタートされます。*
`獣の足跡 X 1
呼符 X 1
3月交換券(2022) X 1
`_2022-03-31 00:44:49_
--------
*9cfc24f569d65a92010a7c9549af2192*
`登陆天数: 511天 / 801天
等级: 102
石头: 135
呼符: 8
友情点: 25 / 1346485`
*連続ログイン7日間到達おめでとうございます！
明日は1日目からリスタートされます。*
`獣の足跡 X 1
呼符 X 1
3月交換券(2022) X 1
`_2022-03-31 00:44:57_
--------
*dfc9a9f4b3655841a6372642c60bb90d*
`登陆天数: 511天 / 858天
等级: 106
石头: 135
呼符: 46
友情点: 0 / 1746695`
*連続ログイン7日間到達おめでとうございます！
明日は1日目からリスタートされます。*
`獣の足跡 X 1
呼符 X 1
3月交換券(2022) X 1
`_2022-03-31 00:45:05_
--------
*489b9caeed7f023e28fa9d1e9b69c384*
`登陆天数: 510天 / 596天
等级: 102
石头: 106
呼符: 61
友情点: 60 / 1338355`
*連続ログイン6日目
※ログインが途切れるか、7日到達すると
1日目から再開されます*
`聖晶石 X 2
3月交換券(2022) X 1
`_2022-03-31 00:45:13_
--------
