【登录信息】
[5be1eb651b6f675892f00b0952b3cadb]
`登陆天数: 152天 / 762天
等级: 143
石头: 1
友情点: 2825 / 1751025`
*連続ログイン5日目
※ログインが途切れるか、7日到達すると
1日目から再開されます*
`叡智の猛火 X 2
9月交換券(2020) X 1
`_2020-08-31 19:37:54_
--------
[9cfc24f569d65a92010a7c9549af2192]
`登陆天数: 152天 / 246天
等级: 85
石头: 78
友情点: 0 / 245105`
*連続ログイン5日目
※ログインが途切れるか、7日到達すると
1日目から再開されます*
`叡智の猛火 X 2
9月交換券(2020) X 1
`_2020-08-31 19:38:03_
--------
[dfc9a9f4b3655841a6372642c60bb90d]
`登陆天数: 152天 / 303天
等级: 84
石头: 49
友情点: 0 / 424170`
*連続ログイン5日目
※ログインが途切れるか、7日到達すると
1日目から再開されます*
`叡智の猛火 X 2
9月交換券(2020) X 1
`_2020-08-31 19:38:11_
--------
[489b9caeed7f023e28fa9d1e9b69c384]
`登陆天数: 42天 / 42天
等级: 84
石头: 24
友情点: 0 / 196505`
*連続ログイン7日間到達おめでとうございます！
明日は1日目からリスタートされます。*
`獣の足跡 X 1
呼符 X 1
9月交換券(2020) X 1
`_2020-08-31 19:38:19_
--------
