【登录信息】
[5be1eb651b6f675892f00b0952b3cadb]
`登陆天数: 153天 / 763天
等级: 143
石头: 1
友情点: 10 / 1778190`
*連続ログイン6日目
※ログインが途切れるか、7日到達すると
1日目から再開されます*
`聖晶石 X 2
9月交換券(2020) X 1
`_2020-09-01 19:36:32_
--------
[9cfc24f569d65a92010a7c9549af2192]
`登陆天数: 153天 / 247天
等级: 85
石头: 78
友情点: 0 / 246005`
*連続ログイン6日目
※ログインが途切れるか、7日到達すると
1日目から再開されます*
`聖晶石 X 2
9月交換券(2020) X 1
`_2020-09-01 19:36:41_
--------
[dfc9a9f4b3655841a6372642c60bb90d]
`登陆天数: 153天 / 304天
等级: 85
石头: 49
友情点: 0 / 425470`
*連続ログイン6日目
※ログインが途切れるか、7日到達すると
1日目から再開されます*
`聖晶石 X 2
9月交換券(2020) X 1
`_2020-09-01 19:36:49_
--------
[489b9caeed7f023e28fa9d1e9b69c384]
`登陆天数: 43天 / 43天
等级: 85
石头: 24
友情点: 0 / 197805`
*連続ログイン1日目
※ログインが途切れるか、7日到達すると
1日目から再開されます*
`フレンドポイント X 2000
9月交換券(2020) X 1
`_2020-09-01 19:36:57_
--------
