【登录信息】
[5be1eb651b6f675892f00b0952b3cadb]
`登陆天数: 154天 / 764天
等级: 143
石头: 0
友情点: 5200 / 1798140`
*連続ログイン7日間到達おめでとうございます！
明日は1日目からリスタートされます。*
`獣の足跡 X 1
呼符 X 1
9月交換券(2020) X 1
`_2020-09-02 19:37:13_
--------
[9cfc24f569d65a92010a7c9549af2192]
`登陆天数: 154天 / 248天
等级: 85
石头: 78
友情点: 0 / 246805`
*連続ログイン7日間到達おめでとうございます！
明日は1日目からリスタートされます。*
`獣の足跡 X 1
呼符 X 1
9月交換券(2020) X 1
`_2020-09-02 19:37:22_
--------
[dfc9a9f4b3655841a6372642c60bb90d]
`登陆天数: 154天 / 305天
等级: 85
石头: 49
友情点: 0 / 426270`
*連続ログイン7日間到達おめでとうございます！
明日は1日目からリスタートされます。*
`獣の足跡 X 1
呼符 X 1
9月交換券(2020) X 1
`_2020-09-02 19:37:30_
--------
[489b9caeed7f023e28fa9d1e9b69c384]
`登陆天数: 44天 / 44天
等级: 85
石头: 24
友情点: 0 / 198605`
*連続ログイン2日目
※ログインが途切れるか、7日到達すると
1日目から再開されます*
`聖晶石 X 1
9月交換券(2020) X 1
`_2020-09-02 19:37:38_
--------
