【登录信息】
[5be1eb651b6f675892f00b0952b3cadb]
`登陆天数: 155天 / 765天
等级: 143
石头: 0
友情点: 2960 / 1816940`
*連続ログイン1日目
※ログインが途切れるか、7日到達すると
1日目から再開されます*
`フレンドポイント X 2000
9月交換券(2020) X 1
`_2020-09-03 19:36:15_
--------
[9cfc24f569d65a92010a7c9549af2192]
`登陆天数: 155天 / 249天
等级: 86
石头: 95
友情点: 0 / 248105`
*連続ログイン1日目
※ログインが途切れるか、7日到達すると
1日目から再開されます*
`フレンドポイント X 2000
9月交換券(2020) X 1
`_2020-09-03 19:36:24_
--------
[dfc9a9f4b3655841a6372642c60bb90d]
`登陆天数: 155天 / 306天
等级: 85
石头: 110
友情点: 0 / 427170`
*連続ログイン1日目
※ログインが途切れるか、7日到達すると
1日目から再開されます*
`フレンドポイント X 2000
9月交換券(2020) X 1
`_2020-09-03 19:36:32_
--------
[489b9caeed7f023e28fa9d1e9b69c384]
`登陆天数: 45天 / 45天
等级: 85
石头: 40
友情点: 0 / 201505`
*連続ログイン3日目
※ログインが途切れるか、7日到達すると
1日目から再開されます*
`叡智の猛火 X 1
9月交換券(2020) X 1
`_2020-09-03 19:36:40_
--------
