【登录信息】
[5be1eb651b6f675892f00b0952b3cadb]
`登陆天数: 156天 / 766天
等级: 143
石头: 0
友情点: 5085 / 1847770`
*連続ログイン2日目
※ログインが途切れるか、7日到達すると
1日目から再開されます*
`聖晶石 X 1
9月交換券(2020) X 1
`*劇場版「Fate/stay night [Heaven‘s Feel]」Ⅲ.spring song公開記念週替りログインボーナス*
*開催期間中、週1回 4週週替りで 「限定概念礼装」をプレゼント！*
`天に挿頭す X 1
`_2020-09-04 19:36:36_
--------
[9cfc24f569d65a92010a7c9549af2192]
`登陆天数: 156天 / 250天
等级: 86
石头: 98
友情点: 0 / 249005`
*連続ログイン2日目
※ログインが途切れるか、7日到達すると
1日目から再開されます*
`聖晶石 X 1
9月交換券(2020) X 1
`*劇場版「Fate/stay night [Heaven‘s Feel]」Ⅲ.spring song公開記念週替りログインボーナス*
*開催期間中、週1回 4週週替りで 「限定概念礼装」をプレゼント！*
`天に挿頭す X 1
`_2020-09-04 19:36:45_
--------
[dfc9a9f4b3655841a6372642c60bb90d]
`登陆天数: 156天 / 307天
等级: 86
石头: 110
友情点: 0 / 428470`
*連続ログイン2日目
※ログインが途切れるか、7日到達すると
1日目から再開されます*
`聖晶石 X 1
9月交換券(2020) X 1
`*劇場版「Fate/stay night [Heaven‘s Feel]」Ⅲ.spring song公開記念週替りログインボーナス*
*開催期間中、週1回 4週週替りで 「限定概念礼装」をプレゼント！*
`天に挿頭す X 1
`_2020-09-04 19:36:54_
--------
[489b9caeed7f023e28fa9d1e9b69c384]
`登陆天数: 46天 / 46天
等级: 86
石头: 40
友情点: 0 / 202805`
*連続ログイン4日目
※ログインが途切れるか、7日到達すると
1日目から再開されます*
`聖晶石 X 1
9月交換券(2020) X 1
`*劇場版「Fate/stay night [Heaven‘s Feel]」Ⅲ.spring song公開記念週替りログインボーナス*
*開催期間中、週1回 4週週替りで 「限定概念礼装」をプレゼント！*
`天に挿頭す X 1
`_2020-09-04 19:37:02_
--------
