【登录信息】
[5be1eb651b6f675892f00b0952b3cadb]
`登陆天数: 157天 / 767天
等级: 143
石头: 1
友情点: 4410 / 1868410`
*連続ログイン3日目
※ログインが途切れるか、7日到達すると
1日目から再開されます*
`叡智の猛火 X 1
9月交換券(2020) X 1
`_2020-09-05 19:35:40_
--------
[9cfc24f569d65a92010a7c9549af2192]
`登陆天数: 157天 / 251天
等级: 86
石头: 98
友情点: 0 / 249605`
*連続ログイン3日目
※ログインが途切れるか、7日到達すると
1日目から再開されます*
`叡智の猛火 X 1
9月交換券(2020) X 1
`_2020-09-05 19:35:49_
--------
[dfc9a9f4b3655841a6372642c60bb90d]
`登陆天数: 157天 / 308天
等级: 86
石头: 110
友情点: 0 / 429170`
*連続ログイン3日目
※ログインが途切れるか、7日到達すると
1日目から再開されます*
`叡智の猛火 X 1
9月交換券(2020) X 1
`_2020-09-05 19:35:57_
--------
[489b9caeed7f023e28fa9d1e9b69c384]
`登陆天数: 47天 / 47天
等级: 86
石头: 40
友情点: 0 / 203505`
*連続ログイン5日目
※ログインが途切れるか、7日到達すると
1日目から再開されます*
`叡智の猛火 X 2
9月交換券(2020) X 1
`_2020-09-05 19:36:05_
--------
