【登录信息】
[5be1eb651b6f675892f00b0952b3cadb]
`登陆天数: 158天 / 768天
等级: 143
石头: 1
友情点: 175 / 1890445`
*連続ログイン4日目
※ログインが途切れるか、7日到達すると
1日目から再開されます*
`聖晶石 X 1
9月交換券(2020) X 1
`_2020-09-06 19:36:03_
--------
[9cfc24f569d65a92010a7c9549af2192]
`登陆天数: 158天 / 252天
等级: 87
石头: 129
友情点: 0 / 252705`
*連続ログイン4日目
※ログインが途切れるか、7日到達すると
1日目から再開されます*
`聖晶石 X 1
9月交換券(2020) X 1
`_2020-09-06 19:36:12_
--------
[dfc9a9f4b3655841a6372642c60bb90d]
`登陆天数: 158天 / 309天
等级: 86
石头: 113
友情点: 0 / 431970`
*連続ログイン4日目
※ログインが途切れるか、7日到達すると
1日目から再開されます*
`聖晶石 X 1
9月交換券(2020) X 1
`_2020-09-06 19:36:21_
--------
[489b9caeed7f023e28fa9d1e9b69c384]
`登陆天数: 48天 / 48天
等级: 86
石头: 40
友情点: 0 / 204305`
*連続ログイン6日目
※ログインが途切れるか、7日到達すると
1日目から再開されます*
`聖晶石 X 2
9月交換券(2020) X 1
`_2020-09-06 19:36:29_
--------
