【登录信息】
[5be1eb651b6f675892f00b0952b3cadb]
`登陆天数: 159天 / 769天
等级: 143
石头: 78
友情点: 24150 / 1923645`
*連続ログイン5日目
※ログインが途切れるか、7日到達すると
1日目から再開されます*
`叡智の猛火 X 2
9月交換券(2020) X 1
`*2100万DL突破記念 特別連続ログインボーナス*
*開催期間中、1日1回 最大7回 ログインボーナスをプレゼント！*
`白銀の果実 X 10
`_2020-09-07 19:36:18_
--------
[9cfc24f569d65a92010a7c9549af2192]
`登陆天数: 159天 / 253天
等级: 87
石头: 129
友情点: 25 / 253630`
*連続ログイン5日目
※ログインが途切れるか、7日到達すると
1日目から再開されます*
`叡智の猛火 X 2
9月交換券(2020) X 1
`*2100万DL突破記念 特別連続ログインボーナス*
*開催期間中、1日1回 最大7回 ログインボーナスをプレゼント！*
`白銀の果実 X 10
`_2020-09-07 19:36:27_
--------
[dfc9a9f4b3655841a6372642c60bb90d]
`登陆天数: 159天 / 310天
等级: 87
石头: 113
友情点: 0 / 433570`
*連続ログイン5日目
※ログインが途切れるか、7日到達すると
1日目から再開されます*
`叡智の猛火 X 2
9月交換券(2020) X 1
`*2100万DL突破記念 特別連続ログインボーナス*
*開催期間中、1日1回 最大7回 ログインボーナスをプレゼント！*
`白銀の果実 X 10
`_2020-09-07 19:36:35_
--------
[489b9caeed7f023e28fa9d1e9b69c384]
`登陆天数: 49天 / 49天
等级: 87
石头: 40
友情点: 0 / 205605`
*連続ログイン7日間到達おめでとうございます！
明日は1日目からリスタートされます。*
`獣の足跡 X 1
呼符 X 1
9月交換券(2020) X 1
`*2100万DL突破記念 特別連続ログインボーナス*
*開催期間中、1日1回 最大7回 ログインボーナスをプレゼント！*
`白銀の果実 X 10
`_2020-09-07 19:36:43_
--------
