【登录信息】
[5be1eb651b6f675892f00b0952b3cadb]
`登陆天数: 160天 / 770天
等级: 143
石头: 83
友情点: 9750 / 1977240`
*連続ログイン6日目
※ログインが途切れるか、7日到達すると
1日目から再開されます*
`聖晶石 X 2
9月交換券(2020) X 1
`*2100万DL突破記念 特別連続ログインボーナス*
*開催期間中、1日1回 最大7回 ログインボーナスをプレゼント！*
`叡智の猛火 X 10
`_2020-09-08 19:36:29_
--------
[9cfc24f569d65a92010a7c9549af2192]
`登陆天数: 160天 / 254天
等级: 88
石头: 129
友情点: 0 / 256030`
*連続ログイン6日目
※ログインが途切れるか、7日到達すると
1日目から再開されます*
`聖晶石 X 2
9月交換券(2020) X 1
`*2100万DL突破記念 特別連続ログインボーナス*
*開催期間中、1日1回 最大7回 ログインボーナスをプレゼント！*
`叡智の猛火 X 10
`_2020-09-08 19:36:37_
--------
[dfc9a9f4b3655841a6372642c60bb90d]
`登陆天数: 160天 / 311天
等级: 87
石头: 113
友情点: 0 / 435270`
*連続ログイン6日目
※ログインが途切れるか、7日到達すると
1日目から再開されます*
`聖晶石 X 2
9月交換券(2020) X 1
`*2100万DL突破記念 特別連続ログインボーナス*
*開催期間中、1日1回 最大7回 ログインボーナスをプレゼント！*
`叡智の猛火 X 10
`_2020-09-08 19:36:45_
--------
[489b9caeed7f023e28fa9d1e9b69c384]
`登陆天数: 50天 / 50天
等级: 87
石头: 40
友情点: 0 / 207305`
*連続ログイン1日目
※ログインが途切れるか、7日到達すると
1日目から再開されます*
`フレンドポイント X 2000
9月交換券(2020) X 1
`*2100万DL突破記念 特別連続ログインボーナス*
*開催期間中、1日1回 最大7回 ログインボーナスをプレゼント！*
`叡智の猛火 X 10
`_2020-09-08 19:36:53_
--------
