【登录信息】
[5be1eb651b6f675892f00b0952b3cadb]
`登陆天数: 161天 / 771天
等级: 143
石头: 85
友情点: 17300 / 2040535`
*連続ログイン7日間到達おめでとうございます！
明日は1日目からリスタートされます。*
`獣の足跡 X 1
呼符 X 1
9月交換券(2020) X 1
`*2100万DL突破記念 特別連続ログインボーナス*
*開催期間中、1日1回 最大7回 ログインボーナスをプレゼント！*
`黄金の果実 X 10
`_2020-09-09 19:36:07_
--------
[9cfc24f569d65a92010a7c9549af2192]
`登陆天数: 161天 / 255天
等级: 88
石头: 129
友情点: 0 / 257830`
*連続ログイン7日間到達おめでとうございます！
明日は1日目からリスタートされます。*
`獣の足跡 X 1
呼符 X 1
9月交換券(2020) X 1
`*2100万DL突破記念 特別連続ログインボーナス*
*開催期間中、1日1回 最大7回 ログインボーナスをプレゼント！*
`黄金の果実 X 10
`_2020-09-09 19:36:16_
--------
[dfc9a9f4b3655841a6372642c60bb90d]
`登陆天数: 161天 / 312天
等级: 88
石头: 113
友情点: 0 / 437770`
*連続ログイン7日間到達おめでとうございます！
明日は1日目からリスタートされます。*
`獣の足跡 X 1
呼符 X 1
9月交換券(2020) X 1
`*2100万DL突破記念 特別連続ログインボーナス*
*開催期間中、1日1回 最大7回 ログインボーナスをプレゼント！*
`黄金の果実 X 10
`_2020-09-09 19:36:24_
--------
[489b9caeed7f023e28fa9d1e9b69c384]
`登陆天数: 51天 / 51天
等级: 88
石头: 52
友情点: 0 / 211805`
*連続ログイン2日目
※ログインが途切れるか、7日到達すると
1日目から再開されます*
`聖晶石 X 1
9月交換券(2020) X 1
`*2100万DL突破記念 特別連続ログインボーナス*
*開催期間中、1日1回 最大7回 ログインボーナスをプレゼント！*
`黄金の果実 X 10
`_2020-09-09 19:36:33_
--------
