【登录信息】
[5be1eb651b6f675892f00b0952b3cadb]
`登陆天数: 162天 / 772天
等级: 143
石头: 86
友情点: 85 / 2106295`
*連続ログイン1日目
※ログインが途切れるか、7日到達すると
1日目から再開されます*
`フレンドポイント X 2000
9月交換券(2020) X 1
`*2100万DL突破記念 特別連続ログインボーナス*
*開催期間中、1日1回 最大7回 ログインボーナスをプレゼント！*
`QP X 10000000
`_2020-09-10 19:36:15_
--------
[9cfc24f569d65a92010a7c9549af2192]
`登陆天数: 162天 / 256天
等级: 89
石头: 129
友情点: 0 / 260430`
*連続ログイン1日目
※ログインが途切れるか、7日到達すると
1日目から再開されます*
`フレンドポイント X 2000
9月交換券(2020) X 1
`*2100万DL突破記念 特別連続ログインボーナス*
*開催期間中、1日1回 最大7回 ログインボーナスをプレゼント！*
`QP X 10000000
`_2020-09-10 19:36:25_
--------
[dfc9a9f4b3655841a6372642c60bb90d]
`登陆天数: 162天 / 313天
等级: 89
石头: 124
友情点: 0 / 440370`
*連続ログイン1日目
※ログインが途切れるか、7日到達すると
1日目から再開されます*
`フレンドポイント X 2000
9月交換券(2020) X 1
`*2100万DL突破記念 特別連続ログインボーナス*
*開催期間中、1日1回 最大7回 ログインボーナスをプレゼント！*
`QP X 10000000
`_2020-09-10 19:36:33_
--------
[489b9caeed7f023e28fa9d1e9b69c384]
`登陆天数: 52天 / 52天
等级: 89
石头: 52
友情点: 0 / 214405`
*連続ログイン3日目
※ログインが途切れるか、7日到達すると
1日目から再開されます*
`叡智の猛火 X 1
9月交換券(2020) X 1
`*2100万DL突破記念 特別連続ログインボーナス*
*開催期間中、1日1回 最大7回 ログインボーナスをプレゼント！*
`QP X 10000000
`_2020-09-10 19:36:41_
--------
