【登录信息】
[5be1eb651b6f675892f00b0952b3cadb]
`登陆天数: 163天 / 773天
等级: 143
石头: 89
友情点: 14800 / 2168920`
*連続ログイン2日目
※ログインが途切れるか、7日到達すると
1日目から再開されます*
`聖晶石 X 1
9月交換券(2020) X 1
`*2100万DL突破記念 特別連続ログインボーナス*
*開催期間中、1日1回 最大7回 ログインボーナスをプレゼント！*
`英霊結晶・星のフォウくん X 10
`_2020-09-11 19:38:11_
--------
[9cfc24f569d65a92010a7c9549af2192]
`登陆天数: 163天 / 257天
等级: 90
石头: 129
友情点: 0 / 262980`
*連続ログイン2日目
※ログインが途切れるか、7日到達すると
1日目から再開されます*
`聖晶石 X 1
9月交換券(2020) X 1
`*2100万DL突破記念 特別連続ログインボーナス*
*開催期間中、1日1回 最大7回 ログインボーナスをプレゼント！*
`英霊結晶・星のフォウくん X 10
`_2020-09-11 19:38:20_
--------
[dfc9a9f4b3655841a6372642c60bb90d]
`登陆天数: 163天 / 314天
等级: 90
石头: 124
友情点: 0 / 442870`
*連続ログイン2日目
※ログインが途切れるか、7日到達すると
1日目から再開されます*
`聖晶石 X 1
9月交換券(2020) X 1
`*2100万DL突破記念 特別連続ログインボーナス*
*開催期間中、1日1回 最大7回 ログインボーナスをプレゼント！*
`英霊結晶・星のフォウくん X 10
`_2020-09-11 19:38:28_
--------
[489b9caeed7f023e28fa9d1e9b69c384]
`登陆天数: 53天 / 53天
等级: 90
石头: 52
友情点: 0 / 216955`
*連続ログイン4日目
※ログインが途切れるか、7日到達すると
1日目から再開されます*
`聖晶石 X 1
9月交換券(2020) X 1
`*2100万DL突破記念 特別連続ログインボーナス*
*開催期間中、1日1回 最大7回 ログインボーナスをプレゼント！*
`英霊結晶・星のフォウくん X 10
`_2020-09-11 19:38:36_
--------
