【登录信息】
[5be1eb651b6f675892f00b0952b3cadb]
`登陆天数: 164天 / 774天
等级: 143
石头: 90
友情点: 58275 / 2255655`
*連続ログイン3日目
※ログインが途切れるか、7日到達すると
1日目から再開されます*
`叡智の猛火 X 1
9月交換券(2020) X 1
`*2100万DL突破記念 特別連続ログインボーナス*
*開催期間中、1日1回 最大7回 ログインボーナスをプレゼント！*
`英霊結晶・太陽のフォウくん X 10
`_2020-09-12 19:36:42_
--------
[9cfc24f569d65a92010a7c9549af2192]
`登陆天数: 164天 / 258天
等级: 90
石头: 129
友情点: 0 / 265880`
*連続ログイン3日目
※ログインが途切れるか、7日到達すると
1日目から再開されます*
`叡智の猛火 X 1
9月交換券(2020) X 1
`*2100万DL突破記念 特別連続ログインボーナス*
*開催期間中、1日1回 最大7回 ログインボーナスをプレゼント！*
`英霊結晶・太陽のフォウくん X 10
`_2020-09-12 19:36:51_
--------
[dfc9a9f4b3655841a6372642c60bb90d]
`登陆天数: 164天 / 315天
等级: 90
石头: 124
友情点: 0 / 445770`
*連続ログイン3日目
※ログインが途切れるか、7日到達すると
1日目から再開されます*
`叡智の猛火 X 1
9月交換券(2020) X 1
`*2100万DL突破記念 特別連続ログインボーナス*
*開催期間中、1日1回 最大7回 ログインボーナスをプレゼント！*
`英霊結晶・太陽のフォウくん X 10
`_2020-09-12 19:36:59_
--------
[489b9caeed7f023e28fa9d1e9b69c384]
`登陆天数: 54天 / 54天
等级: 90
石头: 52
友情点: 0 / 219855`
*連続ログイン5日目
※ログインが途切れるか、7日到達すると
1日目から再開されます*
`叡智の猛火 X 2
9月交換券(2020) X 1
`*2100万DL突破記念 特別連続ログインボーナス*
*開催期間中、1日1回 最大7回 ログインボーナスをプレゼント！*
`英霊結晶・太陽のフォウくん X 10
`_2020-09-12 19:37:07_
--------
