【登录信息】
[5be1eb651b6f675892f00b0952b3cadb]
`登陆天数: 165天 / 775天
等级: 143
石头: 90
友情点: 27355 / 2407190`
*連続ログイン4日目
※ログインが途切れるか、7日到達すると
1日目から再開されます*
`聖晶石 X 1
9月交換券(2020) X 1
`*2100万DL突破記念 特別連続ログインボーナス*
*開催期間中、1日1回 最大7回 ログインボーナスをプレゼント！*
`呼符 X 10
`_2020-09-13 19:36:03_
--------
[9cfc24f569d65a92010a7c9549af2192]
`登陆天数: 165天 / 259天
等级: 90
石头: 129
友情点: 0 / 271730`
*連続ログイン4日目
※ログインが途切れるか、7日到達すると
1日目から再開されます*
`聖晶石 X 1
9月交換券(2020) X 1
`*2100万DL突破記念 特別連続ログインボーナス*
*開催期間中、1日1回 最大7回 ログインボーナスをプレゼント！*
`呼符 X 10
`_2020-09-13 19:36:12_
--------
[dfc9a9f4b3655841a6372642c60bb90d]
`登陆天数: 165天 / 316天
等级: 90
石头: 124
友情点: 0 / 451570`
*連続ログイン4日目
※ログインが途切れるか、7日到達すると
1日目から再開されます*
`聖晶石 X 1
9月交換券(2020) X 1
`*2100万DL突破記念 特別連続ログインボーナス*
*開催期間中、1日1回 最大7回 ログインボーナスをプレゼント！*
`呼符 X 10
`_2020-09-13 19:36:20_
--------
[489b9caeed7f023e28fa9d1e9b69c384]
`登陆天数: 55天 / 55天
等级: 90
石头: 52
友情点: 0 / 225655`
*連続ログイン6日目
※ログインが途切れるか、7日到達すると
1日目から再開されます*
`聖晶石 X 2
9月交換券(2020) X 1
`*2100万DL突破記念 特別連続ログインボーナス*
*開催期間中、1日1回 最大7回 ログインボーナスをプレゼント！*
`呼符 X 10
`_2020-09-13 19:36:28_
--------
