【登录信息】
[5be1eb651b6f675892f00b0952b3cadb]
`登陆天数: 166天 / 776天
等级: 143
石头: 91
友情点: 22385 / 2508770`
*連続ログイン5日目
※ログインが途切れるか、7日到達すると
1日目から再開されます*
`叡智の猛火 X 2
9月交換券(2020) X 1
`_2020-09-14 19:36:30_
--------
[9cfc24f569d65a92010a7c9549af2192]
`登陆天数: 166天 / 260天
等级: 90
石头: 129
友情点: 0 / 275630`
*連続ログイン5日目
※ログインが途切れるか、7日到達すると
1日目から再開されます*
`叡智の猛火 X 2
9月交換券(2020) X 1
`_2020-09-14 19:36:39_
--------
[dfc9a9f4b3655841a6372642c60bb90d]
`登陆天数: 166天 / 317天
等级: 90
石头: 124
友情点: 0 / 455470`
*連続ログイン5日目
※ログインが途切れるか、7日到達すると
1日目から再開されます*
`叡智の猛火 X 2
9月交換券(2020) X 1
`_2020-09-14 19:36:46_
--------
[489b9caeed7f023e28fa9d1e9b69c384]
`登陆天数: 56天 / 56天
等级: 90
石头: 52
友情点: 0 / 229555`
*連続ログイン7日間到達おめでとうございます！
明日は1日目からリスタートされます。*
`獣の足跡 X 1
呼符 X 1
9月交換券(2020) X 1
`_2020-09-14 19:36:54_
--------
