【登录信息】
[5be1eb651b6f675892f00b0952b3cadb]
`登陆天数: 167天 / 777天
等级: 143
石头: 103
友情点: 10 / 2566365`
*連続ログイン6日目
※ログインが途切れるか、7日到達すると
1日目から再開されます*
`聖晶石 X 2
9月交換券(2020) X 1
`_2020-09-15 19:38:20_
--------
[9cfc24f569d65a92010a7c9549af2192]
`登陆天数: 167天 / 261天
等级: 90
石头: 129
友情点: 0 / 277830`
*連続ログイン6日目
※ログインが途切れるか、7日到達すると
1日目から再開されます*
`聖晶石 X 2
9月交換券(2020) X 1
`_2020-09-15 19:38:29_
--------
[dfc9a9f4b3655841a6372642c60bb90d]
`登陆天数: 167天 / 318天
等级: 90
石头: 124
友情点: 0 / 457670`
*連続ログイン6日目
※ログインが途切れるか、7日到達すると
1日目から再開されます*
`聖晶石 X 2
9月交換券(2020) X 1
`_2020-09-15 19:38:37_
--------
[489b9caeed7f023e28fa9d1e9b69c384]
`登陆天数: 57天 / 57天
等级: 90
石头: 52
友情点: 0 / 231755`
*連続ログイン1日目
※ログインが途切れるか、7日到達すると
1日目から再開されます*
`フレンドポイント X 2000
9月交換券(2020) X 1
`_2020-09-15 19:38:46_
--------
