【登录信息】
[5be1eb651b6f675892f00b0952b3cadb]
`登陆天数: 168天 / 778天
等级: 143
石头: 105
友情点: 50 / 2593275`
*連続ログイン7日間到達おめでとうございます！
明日は1日目からリスタートされます。*
`獣の足跡 X 1
呼符 X 1
9月交換券(2020) X 1
`_2020-09-16 19:36:16_
--------
[9cfc24f569d65a92010a7c9549af2192]
`登陆天数: 168天 / 262天
等级: 90
石头: 129
友情点: 0 / 278930`
*連続ログイン7日間到達おめでとうございます！
明日は1日目からリスタートされます。*
`獣の足跡 X 1
呼符 X 1
9月交換券(2020) X 1
`_2020-09-16 19:36:25_
--------
[dfc9a9f4b3655841a6372642c60bb90d]
`登陆天数: 168天 / 319天
等级: 90
石头: 124
友情点: 0 / 458770`
*連続ログイン7日間到達おめでとうございます！
明日は1日目からリスタートされます。*
`獣の足跡 X 1
呼符 X 1
9月交換券(2020) X 1
`_2020-09-16 19:36:34_
--------
[489b9caeed7f023e28fa9d1e9b69c384]
`登陆天数: 58天 / 58天
等级: 90
石头: 52
友情点: 0 / 232855`
*連続ログイン2日目
※ログインが途切れるか、7日到達すると
1日目から再開されます*
`聖晶石 X 1
9月交換券(2020) X 1
`_2020-09-16 19:36:42_
--------
