【登录信息】
[5be1eb651b6f675892f00b0952b3cadb]
`登陆天数: 169天 / 779天
等级: 143
石头: 107
友情点: 30825 / 2681550`
*連続ログイン1日目
※ログインが途切れるか、7日到達すると
1日目から再開されます*
`フレンドポイント X 2000
9月交換券(2020) X 1
`_2020-09-17 19:36:24_
--------
[9cfc24f569d65a92010a7c9549af2192]
`登陆天数: 169天 / 263天
等级: 90
石头: 129
友情点: 0 / 282130`
*連続ログイン1日目
※ログインが途切れるか、7日到達すると
1日目から再開されます*
`フレンドポイント X 2000
9月交換券(2020) X 1
`_2020-09-17 19:36:33_
--------
[dfc9a9f4b3655841a6372642c60bb90d]
`登陆天数: 169天 / 320天
等级: 90
石头: 124
友情点: 0 / 461970`
*連続ログイン1日目
※ログインが途切れるか、7日到達すると
1日目から再開されます*
`フレンドポイント X 2000
9月交換券(2020) X 1
`_2020-09-17 19:36:41_
--------
[489b9caeed7f023e28fa9d1e9b69c384]
`登陆天数: 59天 / 59天
等级: 90
石头: 52
友情点: 0 / 236055`
*連続ログイン3日目
※ログインが途切れるか、7日到達すると
1日目から再開されます*
`叡智の猛火 X 1
9月交換券(2020) X 1
`_2020-09-17 19:36:49_
--------
