【登录信息】
[5be1eb651b6f675892f00b0952b3cadb]
`登陆天数: 170天 / 780天
等级: 143
石头: 0
友情点: 17885 / 2834585`
*連続ログイン2日目
※ログインが途切れるか、7日到達すると
1日目から再開されます*
`聖晶石 X 1
9月交換券(2020) X 1
`_2020-09-18 19:38:45_
--------
[9cfc24f569d65a92010a7c9549af2192]
`登陆天数: 170天 / 264天
等级: 90
石头: 129
友情点: 0 / 284730`
*連続ログイン2日目
※ログインが途切れるか、7日到達すると
1日目から再開されます*
`聖晶石 X 1
9月交換券(2020) X 1
`_2020-09-18 19:38:54_
--------
[dfc9a9f4b3655841a6372642c60bb90d]
`登陆天数: 170天 / 321天
等级: 90
石头: 124
友情点: 0 / 464570`
*連続ログイン2日目
※ログインが途切れるか、7日到達すると
1日目から再開されます*
`聖晶石 X 1
9月交換券(2020) X 1
`_2020-09-18 19:39:03_
--------
[489b9caeed7f023e28fa9d1e9b69c384]
`登陆天数: 60天 / 60天
等级: 90
石头: 52
友情点: 0 / 238655`
*連続ログイン4日目
※ログインが途切れるか、7日到達すると
1日目から再開されます*
`聖晶石 X 1
9月交換券(2020) X 1
`_2020-09-18 19:39:11_
--------
