【登录信息】
[5be1eb651b6f675892f00b0952b3cadb]
`登陆天数: 171天 / 781天
等级: 144
石头: 4
友情点: 220 / 3450345`
*連続ログイン3日目
※ログインが途切れるか、7日到達すると
1日目から再開されます*
`叡智の猛火 X 1
9月交換券(2020) X 1
`_2020-09-19 19:36:08_
--------
[9cfc24f569d65a92010a7c9549af2192]
`登陆天数: 171天 / 265天
等级: 90
石头: 129
友情点: 0 / 286005`
*連続ログイン3日目
※ログインが途切れるか、7日到達すると
1日目から再開されます*
`叡智の猛火 X 1
9月交換券(2020) X 1
`_2020-09-19 19:36:17_
--------
[dfc9a9f4b3655841a6372642c60bb90d]
`登陆天数: 171天 / 322天
等级: 90
石头: 124
友情点: 0 / 465845`
*連続ログイン3日目
※ログインが途切れるか、7日到達すると
1日目から再開されます*
`叡智の猛火 X 1
9月交換券(2020) X 1
`_2020-09-19 19:36:25_
--------
[489b9caeed7f023e28fa9d1e9b69c384]
`登陆天数: 61天 / 61天
等级: 90
石头: 52
友情点: 0 / 239930`
*連続ログイン5日目
※ログインが途切れるか、7日到達すると
1日目から再開されます*
`叡智の猛火 X 2
9月交換券(2020) X 1
`_2020-09-19 19:36:33_
--------
