【登录信息】
[5be1eb651b6f675892f00b0952b3cadb]
`登陆天数: 172天 / 782天
等级: 144
石头: 0
友情点: 335 / 379825`
*連続ログイン4日目
※ログインが途切れるか、7日到達すると
1日目から再開されます*
`聖晶石 X 1
9月交換券(2020) X 1
`_2020-09-20 19:36:00_
--------
[9cfc24f569d65a92010a7c9549af2192]
`登陆天数: 172天 / 266天
等级: 91
石头: 129
友情点: 0 / 289805`
*連続ログイン4日目
※ログインが途切れるか、7日到達すると
1日目から再開されます*
`聖晶石 X 1
9月交換券(2020) X 1
`_2020-09-20 19:36:08_
--------
[dfc9a9f4b3655841a6372642c60bb90d]
`登陆天数: 172天 / 323天
等级: 90
石头: 124
友情点: 0 / 468545`
*連続ログイン4日目
※ログインが途切れるか、7日到達すると
1日目から再開されます*
`聖晶石 X 1
9月交換券(2020) X 1
`_2020-09-20 19:36:16_
--------
[489b9caeed7f023e28fa9d1e9b69c384]
`登陆天数: 62天 / 62天
等级: 90
石头: 52
友情点: 0 / 242630`
*連続ログイン6日目
※ログインが途切れるか、7日到達すると
1日目から再開されます*
`聖晶石 X 2
9月交換券(2020) X 1
`_2020-09-20 19:36:24_
--------
