【登录信息】
[5be1eb651b6f675892f00b0952b3cadb]
`登陆天数: 173天 / 783天
等级: 144
石头: 1
友情点: 110 / 842735`
*連続ログイン5日目
※ログインが途切れるか、7日到達すると
1日目から再開されます*
`叡智の猛火 X 2
9月交換券(2020) X 1
`_2020-09-21 19:36:34_
--------
[9cfc24f569d65a92010a7c9549af2192]
`登陆天数: 173天 / 267天
等级: 91
石头: 129
友情点: 0 / 292805`
*連続ログイン5日目
※ログインが途切れるか、7日到達すると
1日目から再開されます*
`叡智の猛火 X 2
9月交換券(2020) X 1
`_2020-09-21 19:36:43_
--------
[dfc9a9f4b3655841a6372642c60bb90d]
`登陆天数: 173天 / 324天
等级: 90
石头: 124
友情点: 0 / 471445`
*連続ログイン5日目
※ログインが途切れるか、7日到達すると
1日目から再開されます*
`叡智の猛火 X 2
9月交換券(2020) X 1
`_2020-09-21 19:36:51_
--------
[489b9caeed7f023e28fa9d1e9b69c384]
`登陆天数: 63天 / 63天
等级: 90
石头: 52
友情点: 0 / 245530`
*連続ログイン7日間到達おめでとうございます！
明日は1日目からリスタートされます。*
`獣の足跡 X 1
呼符 X 1
9月交換券(2020) X 1
`_2020-09-21 19:36:59_
--------
