【登录信息】
[5be1eb651b6f675892f00b0952b3cadb]
`登陆天数: 174天 / 784天
等级: 144
石头: 1
友情点: 8310 / 925495`
*連続ログイン6日目
※ログインが途切れるか、7日到達すると
1日目から再開されます*
`聖晶石 X 2
9月交換券(2020) X 1
`_2020-09-22 19:36:22_
--------
[9cfc24f569d65a92010a7c9549af2192]
`登陆天数: 174天 / 268天
等级: 91
石头: 1
友情点: 0 / 299305`
*連続ログイン6日目
※ログインが途切れるか、7日到達すると
1日目から再開されます*
`聖晶石 X 2
9月交換券(2020) X 1
`_2020-09-22 19:36:30_
--------
[dfc9a9f4b3655841a6372642c60bb90d]
`登陆天数: 174天 / 325天
等级: 91
石头: 34
友情点: 0 / 479145`
*連続ログイン6日目
※ログインが途切れるか、7日到達すると
1日目から再開されます*
`聖晶石 X 2
9月交換券(2020) X 1
`_2020-09-22 19:36:38_
--------
[489b9caeed7f023e28fa9d1e9b69c384]
`登陆天数: 64天 / 64天
等级: 90
石头: 5
友情点: 0 / 250030`
*連続ログイン1日目
※ログインが途切れるか、7日到達すると
1日目から再開されます*
`フレンドポイント X 2000
9月交換券(2020) X 1
`_2020-09-22 19:36:46_
--------
