【登录信息】
[5be1eb651b6f675892f00b0952b3cadb]
`登陆天数: 175天 / 785天
等级: 144
石头: 3
友情点: 25000 / 1034990`
*連続ログイン7日間到達おめでとうございます！
明日は1日目からリスタートされます。*
`獣の足跡 X 1
呼符 X 1
9月交換券(2020) X 1
`_2020-09-23 19:36:23_
--------
[9cfc24f569d65a92010a7c9549af2192]
`登陆天数: 175天 / 269天
等级: 91
石头: 1
友情点: 0 / 302205`
*連続ログイン7日間到達おめでとうございます！
明日は1日目からリスタートされます。*
`獣の足跡 X 1
呼符 X 1
9月交換券(2020) X 1
`_2020-09-23 19:36:32_
--------
[dfc9a9f4b3655841a6372642c60bb90d]
`登陆天数: 175天 / 326天
等级: 91
石头: 34
友情点: 0 / 482045`
*連続ログイン7日間到達おめでとうございます！
明日は1日目からリスタートされます。*
`獣の足跡 X 1
呼符 X 1
9月交換券(2020) X 1
`_2020-09-23 19:36:40_
--------
[489b9caeed7f023e28fa9d1e9b69c384]
`登陆天数: 65天 / 65天
等级: 91
石头: 5
友情点: 0 / 254130`
*連続ログイン2日目
※ログインが途切れるか、7日到達すると
1日目から再開されます*
`聖晶石 X 1
9月交換券(2020) X 1
`_2020-09-23 19:36:48_
--------
