【登录信息】
[5be1eb651b6f675892f00b0952b3cadb]
`登陆天数: 176天 / 786天
等级: 144
石头: 4
友情点: 75 / 1137740`
*連続ログイン1日目
※ログインが途切れるか、7日到達すると
1日目から再開されます*
`フレンドポイント X 2000
9月交換券(2020) X 1
`_2020-09-24 19:36:18_
--------
[9cfc24f569d65a92010a7c9549af2192]
`登陆天数: 176天 / 270天
等级: 91
石头: 1
友情点: 0 / 304605`
*連続ログイン1日目
※ログインが途切れるか、7日到達すると
1日目から再開されます*
`フレンドポイント X 2000
9月交換券(2020) X 1
`_2020-09-24 19:36:27_
--------
[dfc9a9f4b3655841a6372642c60bb90d]
`登陆天数: 176天 / 327天
等级: 91
石头: 34
友情点: 0 / 484445`
*連続ログイン1日目
※ログインが途切れるか、7日到達すると
1日目から再開されます*
`フレンドポイント X 2000
9月交換券(2020) X 1
`_2020-09-24 19:36:35_
--------
[489b9caeed7f023e28fa9d1e9b69c384]
`登陆天数: 66天 / 66天
等级: 91
石头: 5
友情点: 0 / 256530`
*連続ログイン3日目
※ログインが途切れるか、7日到達すると
1日目から再開されます*
`叡智の猛火 X 1
9月交換券(2020) X 1
`_2020-09-24 19:36:43_
--------
