【登录信息】
[5be1eb651b6f675892f00b0952b3cadb]
`登陆天数: 177天 / 787天
等级: 144
石头: 4
友情点: 18875 / 1252390`
*連続ログイン2日目
※ログインが途切れるか、7日到達すると
1日目から再開されます*
`聖晶石 X 1
9月交換券(2020) X 1
`_2020-09-25 19:36:15_
--------
[9cfc24f569d65a92010a7c9549af2192]
`登陆天数: 177天 / 271天
等级: 91
石头: 1
友情点: 0 / 307205`
*連続ログイン2日目
※ログインが途切れるか、7日到達すると
1日目から再開されます*
`聖晶石 X 1
9月交換券(2020) X 1
`_2020-09-25 19:36:24_
--------
[dfc9a9f4b3655841a6372642c60bb90d]
`登陆天数: 177天 / 328天
等级: 91
石头: 34
友情点: 0 / 487045`
*連続ログイン2日目
※ログインが途切れるか、7日到達すると
1日目から再開されます*
`聖晶石 X 1
9月交換券(2020) X 1
`_2020-09-25 19:36:33_
--------
[489b9caeed7f023e28fa9d1e9b69c384]
`登陆天数: 67天 / 67天
等级: 91
石头: 5
友情点: 0 / 259130`
*連続ログイン4日目
※ログインが途切れるか、7日到達すると
1日目から再開されます*
`聖晶石 X 1
9月交換券(2020) X 1
`_2020-09-25 19:36:41_
--------
