【登录信息】
[5be1eb651b6f675892f00b0952b3cadb]
`登陆天数: 178天 / 788天
等级: 145
石头: 0
友情点: 17575 / 1352600`
*連続ログイン3日目
※ログインが途切れるか、7日到達すると
1日目から再開されます*
`叡智の猛火 X 1
9月交換券(2020) X 1
`_2020-09-26 19:36:26_
--------
[9cfc24f569d65a92010a7c9549af2192]
`登陆天数: 178天 / 272天
等级: 91
石头: 1
友情点: 0 / 310005`
*連続ログイン3日目
※ログインが途切れるか、7日到達すると
1日目から再開されます*
`叡智の猛火 X 1
9月交換券(2020) X 1
`_2020-09-26 19:36:35_
--------
[dfc9a9f4b3655841a6372642c60bb90d]
`登陆天数: 178天 / 329天
等级: 91
石头: 34
友情点: 0 / 489845`
*連続ログイン3日目
※ログインが途切れるか、7日到達すると
1日目から再開されます*
`叡智の猛火 X 1
9月交換券(2020) X 1
`_2020-09-26 19:36:44_
--------
[489b9caeed7f023e28fa9d1e9b69c384]
`登陆天数: 68天 / 68天
等级: 91
石头: 5
友情点: 0 / 261930`
*連続ログイン5日目
※ログインが途切れるか、7日到達すると
1日目から再開されます*
`叡智の猛火 X 2
9月交換券(2020) X 1
`_2020-09-26 19:36:52_
--------
