【登录信息】
[5be1eb651b6f675892f00b0952b3cadb]
`登陆天数: 179天 / 789天
等级: 145
石头: 0
友情点: 19175 / 1489545`
*連続ログイン4日目
※ログインが途切れるか、7日到達すると
1日目から再開されます*
`聖晶石 X 1
9月交換券(2020) X 1
`_2020-09-27 19:36:12_
--------
[9cfc24f569d65a92010a7c9549af2192]
`登陆天数: 179天 / 273天
等级: 91
石头: 1
友情点: 0 / 312805`
*連続ログイン4日目
※ログインが途切れるか、7日到達すると
1日目から再開されます*
`聖晶石 X 1
9月交換券(2020) X 1
`_2020-09-27 19:36:21_
--------
[dfc9a9f4b3655841a6372642c60bb90d]
`登陆天数: 179天 / 330天
等级: 91
石头: 34
友情点: 0 / 492645`
*連続ログイン4日目
※ログインが途切れるか、7日到達すると
1日目から再開されます*
`聖晶石 X 1
9月交換券(2020) X 1
`_2020-09-27 19:36:29_
--------
[489b9caeed7f023e28fa9d1e9b69c384]
`登陆天数: 69天 / 69天
等级: 91
石头: 5
友情点: 0 / 264730`
*連続ログイン6日目
※ログインが途切れるか、7日到達すると
1日目から再開されます*
`聖晶石 X 2
9月交換券(2020) X 1
`_2020-09-27 19:36:37_
--------
