【登录信息】
[5be1eb651b6f675892f00b0952b3cadb]
`登陆天数: 180天 / 790天
等级: 145
石头: 1
友情点: 14475 / 1590865`
*連続ログイン5日目
※ログインが途切れるか、7日到達すると
1日目から再開されます*
`叡智の猛火 X 2
9月交換券(2020) X 1
`_2020-09-28 19:36:42_
--------
[9cfc24f569d65a92010a7c9549af2192]
`登陆天数: 180天 / 274天
等级: 91
石头: 1
友情点: 0 / 315505`
*連続ログイン5日目
※ログインが途切れるか、7日到達すると
1日目から再開されます*
`叡智の猛火 X 2
9月交換券(2020) X 1
`_2020-09-28 19:36:51_
--------
[dfc9a9f4b3655841a6372642c60bb90d]
`登陆天数: 180天 / 331天
等级: 91
石头: 34
友情点: 0 / 495345`
*連続ログイン5日目
※ログインが途切れるか、7日到達すると
1日目から再開されます*
`叡智の猛火 X 2
9月交換券(2020) X 1
`_2020-09-28 19:36:59_
--------
[489b9caeed7f023e28fa9d1e9b69c384]
`登陆天数: 70天 / 70天
等级: 91
石头: 5
友情点: 0 / 267430`
*連続ログイン7日間到達おめでとうございます！
明日は1日目からリスタートされます。*
`獣の足跡 X 1
呼符 X 1
9月交換券(2020) X 1
`_2020-09-28 19:37:07_
--------
