【登录信息】
[5be1eb651b6f675892f00b0952b3cadb]
`登陆天数: 181天 / 791天
等级: 145
石头: 1
友情点: 385 / 1648520`
*連続ログイン6日目
※ログインが途切れるか、7日到達すると
1日目から再開されます*
`聖晶石 X 2
9月交換券(2020) X 1
`_2020-09-29 19:36:26_
--------
[9cfc24f569d65a92010a7c9549af2192]
`登陆天数: 181天 / 275天
等级: 91
石头: 1
友情点: 0 / 317630`
*連続ログイン6日目
※ログインが途切れるか、7日到達すると
1日目から再開されます*
`聖晶石 X 2
9月交換券(2020) X 1
`_2020-09-29 19:36:34_
--------
[dfc9a9f4b3655841a6372642c60bb90d]
`登陆天数: 181天 / 332天
等级: 91
石头: 34
友情点: 0 / 497445`
*連続ログイン6日目
※ログインが途切れるか、7日到達すると
1日目から再開されます*
`聖晶石 X 2
9月交換券(2020) X 1
`_2020-09-29 19:36:42_
--------
[489b9caeed7f023e28fa9d1e9b69c384]
`登陆天数: 71天 / 71天
等级: 91
石头: 5
友情点: 0 / 269530`
*連続ログイン1日目
※ログインが途切れるか、7日到達すると
1日目から再開されます*
`フレンドポイント X 2000
9月交換券(2020) X 1
`_2020-09-29 19:36:50_
--------
