【登录信息】
[5be1eb651b6f675892f00b0952b3cadb]
`登陆天数: 147天 / 953天
等级: 147
石头: 15
呼符: 0
友情点: 16100 / 5093370`
*連続ログイン7日間到達おめでとうございます！
明日は1日目からリスタートされます。*
`獣の足跡 X 1
呼符 X 1
4月交換券(2021) X 1
`*「Fate/Freedom Order　～ボクとアナタのユナイト戦争～」
リリース記念 初回ログインボーナス*
*開催期間中、初回ログインで「聖晶石×10」をプレゼント！*
`聖晶石 X 10
`_2021-03-31 19:41:27_
--------
[9cfc24f569d65a92010a7c9549af2192]
`登陆天数: 147天 / 437天
等级: 94
石头: 23
呼符: 2
友情点: 0 / 521050`
*連続ログイン7日間到達おめでとうございます！
明日は1日目からリスタートされます。*
`獣の足跡 X 1
呼符 X 1
4月交換券(2021) X 1
`*「Fate/Freedom Order　～ボクとアナタのユナイト戦争～」
リリース記念 初回ログインボーナス*
*開催期間中、初回ログインで「聖晶石×10」をプレゼント！*
`聖晶石 X 10
`_2021-03-31 19:41:35_
--------
[dfc9a9f4b3655841a6372642c60bb90d]
`登陆天数: 147天 / 494天
等级: 103
石头: 10
呼符: 0
友情点: 0 / 896555`
*連続ログイン7日間到達おめでとうございます！
明日は1日目からリスタートされます。*
`獣の足跡 X 1
呼符 X 1
4月交換券(2021) X 1
`*「Fate/Freedom Order　～ボクとアナタのユナイト戦争～」
リリース記念 初回ログインボーナス*
*開催期間中、初回ログインで「聖晶石×10」をプレゼント！*
`聖晶石 X 10
`_2021-03-31 19:41:43_
--------
[489b9caeed7f023e28fa9d1e9b69c384]
`登陆天数: 146天 / 232天
等级: 94
石头: 19
呼符: 2
友情点: 25 / 467980`
*連続ログイン6日目
※ログインが途切れるか、7日到達すると
1日目から再開されます*
`聖晶石 X 2
4月交換券(2021) X 1
`*「Fate/Freedom Order　～ボクとアナタのユナイト戦争～」
リリース記念 初回ログインボーナス*
*開催期間中、初回ログインで「聖晶石×10」をプレゼント！*
`聖晶石 X 10
`_2021-03-31 19:41:51_
--------
