【登录信息】
[5be1eb651b6f675892f00b0952b3cadb]
`登陆天数: 150天 / 956天
等级: 147
石头: 17
呼符: 0
友情点: 25100 / 5221930`
*連続ログイン3日目
※ログインが途切れるか、7日到達すると
1日目から再開されます*
`叡智の猛火 X 1
4月交換券(2021) X 1
`_2021-04-03 19:41:47_
--------
[9cfc24f569d65a92010a7c9549af2192]
`登陆天数: 150天 / 440天
等级: 94
石头: 23
呼符: 2
友情点: 25 / 526325`
*連続ログイン3日目
※ログインが途切れるか、7日到達すると
1日目から再開されます*
`叡智の猛火 X 1
4月交換券(2021) X 1
`_2021-04-03 19:41:56_
--------
[dfc9a9f4b3655841a6372642c60bb90d]
`登陆天数: 150天 / 497天
等级: 103
石头: 10
呼符: 0
友情点: 0 / 901555`
*連続ログイン3日目
※ログインが途切れるか、7日到達すると
1日目から再開されます*
`叡智の猛火 X 1
4月交換券(2021) X 1
`_2021-04-03 19:42:04_
--------
[489b9caeed7f023e28fa9d1e9b69c384]
`登陆天数: 149天 / 235天
等级: 94
石头: 19
呼符: 2
友情点: 0 / 469305`
*連続ログイン2日目
※ログインが途切れるか、7日到達すると
1日目から再開されます*
`聖晶石 X 1
4月交換券(2021) X 1
`_2021-04-03 19:42:12_
--------
