【登录信息】
[5be1eb651b6f675892f00b0952b3cadb]
`登陆天数: 151天 / 957天
等级: 147
石头: 17
呼符: 0
友情点: 26600 / 5256980`
*連続ログイン4日目
※ログインが途切れるか、7日到達すると
1日目から再開されます*
`聖晶石 X 1
4月交換券(2021) X 1
`_2021-04-04 19:41:45_
--------
[9cfc24f569d65a92010a7c9549af2192]
`登陆天数: 151天 / 441天
等级: 94
石头: 23
呼符: 2
友情点: 25 / 527550`
*連続ログイン4日目
※ログインが途切れるか、7日到達すると
1日目から再開されます*
`聖晶石 X 1
4月交換券(2021) X 1
`_2021-04-04 19:41:54_
--------
[dfc9a9f4b3655841a6372642c60bb90d]
`登陆天数: 151天 / 498天
等级: 103
石头: 10
呼符: 0
友情点: 0 / 902355`
*連続ログイン4日目
※ログインが途切れるか、7日到達すると
1日目から再開されます*
`聖晶石 X 1
4月交換券(2021) X 1
`_2021-04-04 19:42:02_
--------
[489b9caeed7f023e28fa9d1e9b69c384]
`登陆天数: 150天 / 236天
等级: 94
石头: 19
呼符: 2
友情点: 0 / 471305`
*連続ログイン3日目
※ログインが途切れるか、7日到達すると
1日目から再開されます*
`叡智の猛火 X 1
4月交換券(2021) X 1
`_2021-04-04 19:42:11_
--------
