【登录信息】
[5be1eb651b6f675892f00b0952b3cadb]
`登陆天数: 152天 / 958天
等级: 147
石头: 1
呼符: 0
友情点: 31300 / 5322380`
*連続ログイン5日目
※ログインが途切れるか、7日到達すると
1日目から再開されます*
`叡智の猛火 X 2
4月交換券(2021) X 1
`_2021-04-05 19:42:53_
--------
[9cfc24f569d65a92010a7c9549af2192]
`登陆天数: 152天 / 442天
等级: 95
石头: 23
呼符: 2
友情点: 25 / 530775`
*連続ログイン5日目
※ログインが途切れるか、7日到達すると
1日目から再開されます*
`叡智の猛火 X 2
4月交換券(2021) X 1
`_2021-04-05 19:43:02_
--------
[dfc9a9f4b3655841a6372642c60bb90d]
`登陆天数: 152天 / 499天
等级: 103
石头: 10
呼符: 0
友情点: 0 / 904755`
*連続ログイン5日目
※ログインが途切れるか、7日到達すると
1日目から再開されます*
`叡智の猛火 X 2
4月交換券(2021) X 1
`_2021-04-05 19:43:11_
--------
[489b9caeed7f023e28fa9d1e9b69c384]
`登陆天数: 151天 / 237天
等级: 94
石头: 19
呼符: 2
友情点: 0 / 473705`
*連続ログイン4日目
※ログインが途切れるか、7日到達すると
1日目から再開されます*
`聖晶石 X 1
4月交換券(2021) X 1
`_2021-04-05 19:43:19_
--------
