【登录信息】
[5be1eb651b6f675892f00b0952b3cadb]
`登陆天数: 153天 / 959天
等级: 147
石头: 1
呼符: 0
友情点: 29800 / 5383230`
*連続ログイン6日目
※ログインが途切れるか、7日到達すると
1日目から再開されます*
`聖晶石 X 2
4月交換券(2021) X 1
`_2021-04-06 19:43:33_
--------
[9cfc24f569d65a92010a7c9549af2192]
`登陆天数: 153天 / 443天
等级: 95
石头: 23
呼符: 2
友情点: 25 / 533275`
*連続ログイン6日目
※ログインが途切れるか、7日到達すると
1日目から再開されます*
`聖晶石 X 2
4月交換券(2021) X 1
`_2021-04-06 19:43:41_
--------
[dfc9a9f4b3655841a6372642c60bb90d]
`登陆天数: 153天 / 500天
等级: 103
石头: 10
呼符: 0
友情点: 0 / 907155`
*連続ログイン6日目
※ログインが途切れるか、7日到達すると
1日目から再開されます*
`聖晶石 X 2
4月交換券(2021) X 1
`_2021-04-06 19:43:49_
--------
[489b9caeed7f023e28fa9d1e9b69c384]
`登陆天数: 152天 / 238天
等级: 94
石头: 19
呼符: 2
友情点: 0 / 476105`
*連続ログイン5日目
※ログインが途切れるか、7日到達すると
1日目から再開されます*
`叡智の猛火 X 2
4月交換券(2021) X 1
`_2021-04-06 19:43:57_
--------
