【登录信息】
[5be1eb651b6f675892f00b0952b3cadb]
`登陆天数: 154天 / 960天
等级: 147
石头: 3
呼符: 0
友情点: 25210 / 5444215`
*連続ログイン7日間到達おめでとうございます！
明日は1日目からリスタートされます。*
`獣の足跡 X 1
呼符 X 1
4月交換券(2021) X 1
`_2021-04-07 19:41:20_
--------
[9cfc24f569d65a92010a7c9549af2192]
`登陆天数: 154天 / 444天
等级: 95
石头: 23
呼符: 2
友情点: 25 / 535750`
*連続ログイン7日間到達おめでとうございます！
明日は1日目からリスタートされます。*
`獣の足跡 X 1
呼符 X 1
4月交換券(2021) X 1
`_2021-04-07 19:41:29_
--------
[dfc9a9f4b3655841a6372642c60bb90d]
`登陆天数: 154天 / 501天
等级: 103
石头: 10
呼符: 0
友情点: 0 / 909355`
*連続ログイン7日間到達おめでとうございます！
明日は1日目からリスタートされます。*
`獣の足跡 X 1
呼符 X 1
4月交換券(2021) X 1
`_2021-04-07 19:41:37_
--------
[489b9caeed7f023e28fa9d1e9b69c384]
`登陆天数: 153天 / 239天
等级: 94
石头: 19
呼符: 2
友情点: 25 / 478555`
*連続ログイン6日目
※ログインが途切れるか、7日到達すると
1日目から再開されます*
`聖晶石 X 2
4月交換券(2021) X 1
`_2021-04-07 19:41:45_
--------
