【登录信息】
[5be1eb651b6f675892f00b0952b3cadb]
`登陆天数: 155天 / 961天
等级: 147
石头: 3
呼符: 0
友情点: 24985 / 5508985`
*連続ログイン1日目
※ログインが途切れるか、7日到達すると
1日目から再開されます*
`フレンドポイント X 2000
4月交換券(2021) X 1
`_2021-04-08 19:42:37_
--------
[9cfc24f569d65a92010a7c9549af2192]
`登陆天数: 155天 / 445天
等级: 95
石头: 23
呼符: 2
友情点: 50 / 538125`
*連続ログイン1日目
※ログインが途切れるか、7日到達すると
1日目から再開されます*
`フレンドポイント X 2000
4月交換券(2021) X 1
`_2021-04-08 19:42:46_
--------
[dfc9a9f4b3655841a6372642c60bb90d]
`登陆天数: 155天 / 502天
等级: 103
石头: 10
呼符: 0
友情点: 0 / 912365`
*連続ログイン1日目
※ログインが途切れるか、7日到達すると
1日目から再開されます*
`フレンドポイント X 2000
4月交換券(2021) X 1
`_2021-04-08 19:42:54_
--------
[489b9caeed7f023e28fa9d1e9b69c384]
`登陆天数: 154天 / 240天
等级: 94
石头: 19
呼符: 2
友情点: 0 / 480805`
*連続ログイン7日間到達おめでとうございます！
明日は1日目からリスタートされます。*
`獣の足跡 X 1
呼符 X 1
4月交換券(2021) X 1
`_2021-04-08 19:43:02_
--------
