【登录信息】
[5be1eb651b6f675892f00b0952b3cadb]
`登陆天数: 156天 / 962天
等级: 147
石头: 0
呼符: 0
友情点: 23745 / 5568185`
*連続ログイン2日目
※ログインが途切れるか、7日到達すると
1日目から再開されます*
`聖晶石 X 1
4月交換券(2021) X 1
`_2021-04-09 19:39:59_
--------
[9cfc24f569d65a92010a7c9549af2192]
`登陆天数: 156天 / 446天
等级: 95
石头: 23
呼符: 2
友情点: 50 / 540625`
*連続ログイン2日目
※ログインが途切れるか、7日到達すると
1日目から再開されます*
`聖晶石 X 1
4月交換券(2021) X 1
`_2021-04-09 19:40:07_
--------
[dfc9a9f4b3655841a6372642c60bb90d]
`登陆天数: 156天 / 503天
等级: 104
石头: 10
呼符: 0
友情点: 0 / 916065`
*連続ログイン2日目
※ログインが途切れるか、7日到達すると
1日目から再開されます*
`聖晶石 X 1
4月交換券(2021) X 1
`_2021-04-09 19:40:15_
--------
[489b9caeed7f023e28fa9d1e9b69c384]
`登陆天数: 155天 / 241天
等级: 94
石头: 19
呼符: 2
友情点: 0 / 483205`
*連続ログイン1日目
※ログインが途切れるか、7日到達すると
1日目から再開されます*
`フレンドポイント X 2000
4月交換券(2021) X 1
`_2021-04-09 19:40:24_
--------
