【登录信息】
[5be1eb651b6f675892f00b0952b3cadb]
`登陆天数: 157天 / 963天
等级: 147
石头: 0
呼符: 0
友情点: 3325 / 5602480`
*連続ログイン3日目
※ログインが途切れるか、7日到達すると
1日目から再開されます*
`叡智の猛火 X 1
4月交換券(2021) X 1
`_2021-04-10 19:40:45_
--------
[9cfc24f569d65a92010a7c9549af2192]
`登陆天数: 157天 / 447天
等级: 95
石头: 23
呼符: 2
友情点: 0 / 541825`
*連続ログイン3日目
※ログインが途切れるか、7日到達すると
1日目から再開されます*
`叡智の猛火 X 1
4月交換券(2021) X 1
`_2021-04-10 19:40:55_
--------
[dfc9a9f4b3655841a6372642c60bb90d]
`登陆天数: 157天 / 504天
等级: 104
石头: 10
呼符: 0
友情点: 0 / 917265`
*連続ログイン3日目
※ログインが途切れるか、7日到達すると
1日目から再開されます*
`叡智の猛火 X 1
4月交換券(2021) X 1
`_2021-04-10 19:41:03_
--------
[489b9caeed7f023e28fa9d1e9b69c384]
`登陆天数: 156天 / 242天
等级: 94
石头: 19
呼符: 2
友情点: 50 / 484455`
*連続ログイン2日目
※ログインが途切れるか、7日到達すると
1日目から再開されます*
`聖晶石 X 1
4月交換券(2021) X 1
`_2021-04-10 19:41:11_
--------
