【登录信息】
[5be1eb651b6f675892f00b0952b3cadb]
`登陆天数: 159天 / 965天
等级: 147
石头: 2
呼符: 0
友情点: 15500 / 5699810`
*連続ログイン5日目
※ログインが途切れるか、7日到達すると
1日目から再開されます*
`叡智の猛火 X 2
4月交換券(2021) X 1
`_2021-04-12 19:43:14_
--------
[9cfc24f569d65a92010a7c9549af2192]
`登陆天数: 159天 / 449天
等级: 95
石头: 23
呼符: 2
友情点: 75 / 546250`
*連続ログイン5日目
※ログインが途切れるか、7日到達すると
1日目から再開されます*
`叡智の猛火 X 2
4月交換券(2021) X 1
`_2021-04-12 19:43:22_
--------
[dfc9a9f4b3655841a6372642c60bb90d]
`登陆天数: 159天 / 506天
等级: 104
石头: 10
呼符: 0
友情点: 0 / 921065`
*連続ログイン5日目
※ログインが途切れるか、7日到達すると
1日目から再開されます*
`叡智の猛火 X 2
4月交換券(2021) X 1
`_2021-04-12 19:43:30_
--------
[489b9caeed7f023e28fa9d1e9b69c384]
`登陆天数: 158天 / 244天
等级: 94
石头: 19
呼符: 2
友情点: 50 / 489405`
*連続ログイン4日目
※ログインが途切れるか、7日到達すると
1日目から再開されます*
`聖晶石 X 1
4月交換券(2021) X 1
`_2021-04-12 19:43:38_
--------
