【登录信息】
[5be1eb651b6f675892f00b0952b3cadb]
`登陆天数: 160天 / 966天
等级: 147
石头: 2
呼符: 0
友情点: 32885 / 5739920`
*連続ログイン6日目
※ログインが途切れるか、7日到達すると
1日目から再開されます*
`聖晶石 X 2
4月交換券(2021) X 1
`_2021-04-13 19:42:03_
--------
[9cfc24f569d65a92010a7c9549af2192]
`登陆天数: 160天 / 450天
等级: 95
石头: 23
呼符: 2
友情点: 50 / 547500`
*連続ログイン6日目
※ログインが途切れるか、7日到達すると
1日目から再開されます*
`聖晶石 X 2
4月交換券(2021) X 1
`_2021-04-13 19:42:12_
--------
[dfc9a9f4b3655841a6372642c60bb90d]
`登陆天数: 160天 / 507天
等级: 104
石头: 10
呼符: 0
友情点: 0 / 922765`
*連続ログイン6日目
※ログインが途切れるか、7日到達すると
1日目から再開されます*
`聖晶石 X 2
4月交換券(2021) X 1
`_2021-04-13 19:42:21_
--------
[489b9caeed7f023e28fa9d1e9b69c384]
`登陆天数: 159天 / 245天
等级: 95
石头: 19
呼符: 2
友情点: 0 / 491805`
*連続ログイン5日目
※ログインが途切れるか、7日到達すると
1日目から再開されます*
`叡智の猛火 X 2
4月交換券(2021) X 1
`_2021-04-13 19:42:29_
--------
