【登录信息】
[5be1eb651b6f675892f00b0952b3cadb]
`登陆天数: 162天 / 968天
等级: 147
石头: 2
呼符: 0
友情点: 30175 / 5806970`
*連続ログイン1日目
※ログインが途切れるか、7日到達すると
1日目から再開されます*
`フレンドポイント X 2000
4月交換券(2021) X 1
`_2021-04-15 19:42:07_
--------
[9cfc24f569d65a92010a7c9549af2192]
`登陆天数: 162天 / 452天
等级: 95
石头: 23
呼符: 2
友情点: 75 / 550150`
*連続ログイン1日目
※ログインが途切れるか、7日到達すると
1日目から再開されます*
`フレンドポイント X 2000
4月交換券(2021) X 1
`_2021-04-15 19:42:15_
--------
[dfc9a9f4b3655841a6372642c60bb90d]
`登陆天数: 162天 / 509天
等级: 104
石头: 10
呼符: 0
友情点: 0 / 926165`
*連続ログイン1日目
※ログインが途切れるか、7日到達すると
1日目から再開されます*
`フレンドポイント X 2000
4月交換券(2021) X 1
`_2021-04-15 19:42:23_
--------
[489b9caeed7f023e28fa9d1e9b69c384]
`登陆天数: 161天 / 247天
等级: 95
石头: 19
呼符: 2
友情点: 0 / 494430`
*連続ログイン7日間到達おめでとうございます！
明日は1日目からリスタートされます。*
`獣の足跡 X 1
呼符 X 1
4月交換券(2021) X 1
`_2021-04-15 19:42:31_
--------
