【登录信息】
[5be1eb651b6f675892f00b0952b3cadb]
`登陆天数: 163天 / 969天
等级: 147
石头: 2
呼符: 0
友情点: 30500 / 5869945`
*連続ログイン2日目
※ログインが途切れるか、7日到達すると
1日目から再開されます*
`聖晶石 X 1
4月交換券(2021) X 1
`_2021-04-16 19:41:46_
--------
[9cfc24f569d65a92010a7c9549af2192]
`登陆天数: 163天 / 453天
等级: 95
石头: 23
呼符: 2
友情点: 25 / 552575`
*連続ログイン2日目
※ログインが途切れるか、7日到達すると
1日目から再開されます*
`聖晶石 X 1
4月交換券(2021) X 1
`_2021-04-16 19:41:54_
--------
[dfc9a9f4b3655841a6372642c60bb90d]
`登陆天数: 163天 / 510天
等级: 104
石头: 10
呼符: 0
友情点: 0 / 928565`
*連続ログイン2日目
※ログインが途切れるか、7日到達すると
1日目から再開されます*
`聖晶石 X 1
4月交換券(2021) X 1
`_2021-04-16 19:42:03_
--------
[489b9caeed7f023e28fa9d1e9b69c384]
`登陆天数: 162天 / 248天
等级: 95
石头: 19
呼符: 2
友情点: 0 / 496830`
*連続ログイン1日目
※ログインが途切れるか、7日到達すると
1日目から再開されます*
`フレンドポイント X 2000
4月交換券(2021) X 1
`_2021-04-16 19:42:11_
--------
