【登录信息】
[5be1eb651b6f675892f00b0952b3cadb]
`登陆天数: 167天 / 973天
等级: 147
石头: 0
呼符: 0
友情点: 30400 / 6080655`
*連続ログイン6日目
※ログインが途切れるか、7日到達すると
1日目から再開されます*
`聖晶石 X 2
4月交換券(2021) X 1
`_2021-04-20 19:41:51_
--------
[9cfc24f569d65a92010a7c9549af2192]
`登陆天数: 167天 / 457天
等级: 95
石头: 5
呼符: 27
友情点: 0 / 576875`
*連続ログイン6日目
※ログインが途切れるか、7日到達すると
1日目から再開されます*
`聖晶石 X 2
4月交換券(2021) X 1
`_2021-04-20 19:42:00_
--------
[dfc9a9f4b3655841a6372642c60bb90d]
`登陆天数: 167天 / 514天
等级: 104
石头: 1
呼符: 0
友情点: 0 / 946765`
*連続ログイン6日目
※ログインが途切れるか、7日到達すると
1日目から再開されます*
`聖晶石 X 2
4月交換券(2021) X 1
`_2021-04-20 19:42:08_
--------
[489b9caeed7f023e28fa9d1e9b69c384]
`登陆天数: 166天 / 252天
等级: 95
石头: 4
呼符: 7
友情点: 25 / 521105`
*連続ログイン5日目
※ログインが途切れるか、7日到達すると
1日目から再開されます*
`叡智の猛火 X 2
4月交換券(2021) X 1
`_2021-04-20 19:42:17_
--------
