【登录信息】
[5be1eb651b6f675892f00b0952b3cadb]
`登陆天数: 168天 / 974天
等级: 147
石头: 0
呼符: 0
友情点: 59800 / 6172180`
*連続ログイン7日間到達おめでとうございます！
明日は1日目からリスタートされます。*
`獣の足跡 X 1
呼符 X 1
4月交換券(2021) X 1
`*FGO Waltz in the MOONLIGHT/LOSTROOM×FGOコラボレーションイベント
開幕直前特別ログインボーナス*
*開催期間中、1日1回 最大7回 ログインボーナスをプレゼント！*
`白銀の果実 X 1
`_2021-04-21 19:42:10_
--------
[9cfc24f569d65a92010a7c9549af2192]
`登陆天数: 168天 / 458天
等级: 95
石头: 5
呼符: 27
友情点: 25 / 580525`
*連続ログイン7日間到達おめでとうございます！
明日は1日目からリスタートされます。*
`獣の足跡 X 1
呼符 X 1
4月交換券(2021) X 1
`*FGO Waltz in the MOONLIGHT/LOSTROOM×FGOコラボレーションイベント
開幕直前特別ログインボーナス*
*開催期間中、1日1回 最大7回 ログインボーナスをプレゼント！*
`白銀の果実 X 1
`_2021-04-21 19:42:19_
--------
[dfc9a9f4b3655841a6372642c60bb90d]
`登陆天数: 168天 / 515天
等级: 104
石头: 1
呼符: 0
友情点: 0 / 950565`
*連続ログイン7日間到達おめでとうございます！
明日は1日目からリスタートされます。*
`獣の足跡 X 1
呼符 X 1
4月交換券(2021) X 1
`*FGO Waltz in the MOONLIGHT/LOSTROOM×FGOコラボレーションイベント
開幕直前特別ログインボーナス*
*開催期間中、1日1回 最大7回 ログインボーナスをプレゼント！*
`白銀の果実 X 1
`_2021-04-21 19:42:28_
--------
[489b9caeed7f023e28fa9d1e9b69c384]
`登陆天数: 167天 / 253天
等级: 95
石头: 4
呼符: 7
友情点: 25 / 524755`
*連続ログイン6日目
※ログインが途切れるか、7日到達すると
1日目から再開されます*
`聖晶石 X 2
4月交換券(2021) X 1
`*FGO Waltz in the MOONLIGHT/LOSTROOM×FGOコラボレーションイベント
開幕直前特別ログインボーナス*
*開催期間中、1日1回 最大7回 ログインボーナスをプレゼント！*
`白銀の果実 X 1
`_2021-04-21 19:42:36_
--------
