【登录信息】
[5be1eb651b6f675892f00b0952b3cadb]
`登陆天数: 170天 / 976天
等级: 147
石头: 0
呼符: 0
友情点: 66425 / 6273105`
*連続ログイン2日目
※ログインが途切れるか、7日到達すると
1日目から再開されます*
`聖晶石 X 1
4月交換券(2021) X 1
`*FGO Waltz in the MOONLIGHT/LOSTROOM×FGOコラボレーションイベント
開幕直前特別ログインボーナス*
*開催期間中、1日1回 最大7回 ログインボーナスをプレゼント！*
`聖晶石 X 1
`_2021-04-23 19:43:29_
--------
[9cfc24f569d65a92010a7c9549af2192]
`登陆天数: 170天 / 460天
等级: 95
石头: 5
呼符: 27
友情点: 0 / 584175`
*連続ログイン2日目
※ログインが途切れるか、7日到達すると
1日目から再開されます*
`聖晶石 X 1
4月交換券(2021) X 1
`*FGO Waltz in the MOONLIGHT/LOSTROOM×FGOコラボレーションイベント
開幕直前特別ログインボーナス*
*開催期間中、1日1回 最大7回 ログインボーナスをプレゼント！*
`聖晶石 X 1
`_2021-04-23 19:43:38_
--------
[dfc9a9f4b3655841a6372642c60bb90d]
`登陆天数: 170天 / 517天
等级: 104
石头: 1
呼符: 0
友情点: 0 / 954365`
*連続ログイン2日目
※ログインが途切れるか、7日到達すると
1日目から再開されます*
`聖晶石 X 1
4月交換券(2021) X 1
`*FGO Waltz in the MOONLIGHT/LOSTROOM×FGOコラボレーションイベント
開幕直前特別ログインボーナス*
*開催期間中、1日1回 最大7回 ログインボーナスをプレゼント！*
`聖晶石 X 1
`_2021-04-23 19:43:47_
--------
[489b9caeed7f023e28fa9d1e9b69c384]
`登陆天数: 169天 / 255天
等级: 95
石头: 6
呼符: 7
友情点: 25 / 528555`
*連続ログイン1日目
※ログインが途切れるか、7日到達すると
1日目から再開されます*
`フレンドポイント X 2000
4月交換券(2021) X 1
`*FGO Waltz in the MOONLIGHT/LOSTROOM×FGOコラボレーションイベント
開幕直前特別ログインボーナス*
*開催期間中、1日1回 最大7回 ログインボーナスをプレゼント！*
`聖晶石 X 1
`_2021-04-23 19:43:55_
--------
