【登录信息】
[5be1eb651b6f675892f00b0952b3cadb]
`登陆天数: 171天 / 977天
等级: 147
石头: 2
呼符: 0
友情点: 3850 / 6343930`
*連続ログイン3日目
※ログインが途切れるか、7日到達すると
1日目から再開されます*
`叡智の猛火 X 1
4月交換券(2021) X 1
`*FGO Waltz in the MOONLIGHT/LOSTROOM×FGOコラボレーションイベント
開幕直前特別ログインボーナス*
*開催期間中、1日1回 最大7回 ログインボーナスをプレゼント！*
`白銀の果実 X 1
`_2021-04-24 19:41:17_
--------
[9cfc24f569d65a92010a7c9549af2192]
`登陆天数: 171天 / 461天
等级: 95
石头: 5
呼符: 27
友情点: 0 / 586800`
*連続ログイン3日目
※ログインが途切れるか、7日到達すると
1日目から再開されます*
`叡智の猛火 X 1
4月交換券(2021) X 1
`*FGO Waltz in the MOONLIGHT/LOSTROOM×FGOコラボレーションイベント
開幕直前特別ログインボーナス*
*開催期間中、1日1回 最大7回 ログインボーナスをプレゼント！*
`白銀の果実 X 1
`_2021-04-24 19:41:26_
--------
[dfc9a9f4b3655841a6372642c60bb90d]
`登陆天数: 171天 / 518天
等级: 104
石头: 1
呼符: 0
友情点: 0 / 957165`
*連続ログイン3日目
※ログインが途切れるか、7日到達すると
1日目から再開されます*
`叡智の猛火 X 1
4月交換券(2021) X 1
`*FGO Waltz in the MOONLIGHT/LOSTROOM×FGOコラボレーションイベント
開幕直前特別ログインボーナス*
*開催期間中、1日1回 最大7回 ログインボーナスをプレゼント！*
`白銀の果実 X 1
`_2021-04-24 19:41:34_
--------
[489b9caeed7f023e28fa9d1e9b69c384]
`登陆天数: 170天 / 256天
等级: 95
石头: 6
呼符: 7
友情点: 0 / 531155`
*連続ログイン2日目
※ログインが途切れるか、7日到達すると
1日目から再開されます*
`聖晶石 X 1
4月交換券(2021) X 1
`*FGO Waltz in the MOONLIGHT/LOSTROOM×FGOコラボレーションイベント
開幕直前特別ログインボーナス*
*開催期間中、1日1回 最大7回 ログインボーナスをプレゼント！*
`白銀の果実 X 1
`_2021-04-24 19:41:43_
--------
