【登录信息】
[5be1eb651b6f675892f00b0952b3cadb]
`登陆天数: 172天 / 978天
等级: 147
石头: 14
呼符: 1
友情点: 39700 / 6405755`
*連続ログイン4日目
※ログインが途切れるか、7日到達すると
1日目から再開されます*
`聖晶石 X 1
4月交換券(2021) X 1
`*FGO Waltz in the MOONLIGHT/LOSTROOM×FGOコラボレーションイベント
開幕直前特別ログインボーナス*
*開催期間中、1日1回 最大7回 ログインボーナスをプレゼント！*
`黄金の果実 X 1
`_2021-04-25 19:42:07_
--------
[9cfc24f569d65a92010a7c9549af2192]
`登陆天数: 172天 / 462天
等级: 95
石头: 5
呼符: 27
友情点: 0 / 589200`
*連続ログイン4日目
※ログインが途切れるか、7日到達すると
1日目から再開されます*
`聖晶石 X 1
4月交換券(2021) X 1
`*FGO Waltz in the MOONLIGHT/LOSTROOM×FGOコラボレーションイベント
開幕直前特別ログインボーナス*
*開催期間中、1日1回 最大7回 ログインボーナスをプレゼント！*
`黄金の果実 X 1
`_2021-04-25 19:42:16_
--------
[dfc9a9f4b3655841a6372642c60bb90d]
`登陆天数: 172天 / 519天
等级: 104
石头: 1
呼符: 0
友情点: 0 / 959765`
*連続ログイン4日目
※ログインが途切れるか、7日到達すると
1日目から再開されます*
`聖晶石 X 1
4月交換券(2021) X 1
`*FGO Waltz in the MOONLIGHT/LOSTROOM×FGOコラボレーションイベント
開幕直前特別ログインボーナス*
*開催期間中、1日1回 最大7回 ログインボーナスをプレゼント！*
`黄金の果実 X 1
`_2021-04-25 19:42:24_
--------
[489b9caeed7f023e28fa9d1e9b69c384]
`登陆天数: 171天 / 257天
等级: 95
石头: 8
呼符: 7
友情点: 50 / 533605`
*連続ログイン3日目
※ログインが途切れるか、7日到達すると
1日目から再開されます*
`叡智の猛火 X 1
4月交換券(2021) X 1
`*FGO Waltz in the MOONLIGHT/LOSTROOM×FGOコラボレーションイベント
開幕直前特別ログインボーナス*
*開催期間中、1日1回 最大7回 ログインボーナスをプレゼント！*
`黄金の果実 X 1
`_2021-04-25 19:42:32_
--------
