【登录信息】
[5be1eb651b6f675892f00b0952b3cadb]
`登陆天数: 173天 / 979天
等级: 147
石头: 14
呼符: 1
友情点: 63450 / 6469505`
*連続ログイン5日目
※ログインが途切れるか、7日到達すると
1日目から再開されます*
`叡智の猛火 X 2
4月交換券(2021) X 1
`*「FGO Waltz in the MOONLIGHT/LOSTROOM」コラボレーションイベント開催記念放送
FGO カルデア放送局SP 放送記念 初回ログインボーナス*
*開催期間中、初回ログインで「聖晶石×12」をプレゼント！*
`聖晶石 X 12
`_2021-04-26 19:41:56_
--------
[9cfc24f569d65a92010a7c9549af2192]
`登陆天数: 173天 / 463天
等级: 95
石头: 5
呼符: 27
友情点: 0 / 591600`
*連続ログイン5日目
※ログインが途切れるか、7日到達すると
1日目から再開されます*
`叡智の猛火 X 2
4月交換券(2021) X 1
`*「FGO Waltz in the MOONLIGHT/LOSTROOM」コラボレーションイベント開催記念放送
FGO カルデア放送局SP 放送記念 初回ログインボーナス*
*開催期間中、初回ログインで「聖晶石×12」をプレゼント！*
`聖晶石 X 12
`_2021-04-26 19:42:05_
--------
[dfc9a9f4b3655841a6372642c60bb90d]
`登陆天数: 173天 / 520天
等级: 104
石头: 1
呼符: 0
友情点: 0 / 962365`
*連続ログイン5日目
※ログインが途切れるか、7日到達すると
1日目から再開されます*
`叡智の猛火 X 2
4月交換券(2021) X 1
`*「FGO Waltz in the MOONLIGHT/LOSTROOM」コラボレーションイベント開催記念放送
FGO カルデア放送局SP 放送記念 初回ログインボーナス*
*開催期間中、初回ログインで「聖晶石×12」をプレゼント！*
`聖晶石 X 12
`_2021-04-26 19:42:13_
--------
[489b9caeed7f023e28fa9d1e9b69c384]
`登陆天数: 172天 / 258天
等级: 95
石头: 8
呼符: 7
友情点: 0 / 536005`
*連続ログイン4日目
※ログインが途切れるか、7日到達すると
1日目から再開されます*
`聖晶石 X 1
4月交換券(2021) X 1
`*「FGO Waltz in the MOONLIGHT/LOSTROOM」コラボレーションイベント開催記念放送
FGO カルデア放送局SP 放送記念 初回ログインボーナス*
*開催期間中、初回ログインで「聖晶石×12」をプレゼント！*
`聖晶石 X 12
`_2021-04-26 19:42:21_
--------
