【登录信息】
[5be1eb651b6f675892f00b0952b3cadb]
`登陆天数: 174天 / 980天
等级: 147
石头: 31
呼符: 1
友情点: 61275 / 6599020`
*連続ログイン6日目
※ログインが途切れるか、7日到達すると
1日目から再開されます*
`聖晶石 X 2
4月交換券(2021) X 1
`*リリース2100日突破キャンペーン 初回ログインボーナス*
*開催期間中、初回ログインで「聖晶石×10」をプレゼント！*
`聖晶石 X 10
`_2021-04-27 19:42:25_
--------
[9cfc24f569d65a92010a7c9549af2192]
`登陆天数: 174天 / 464天
等级: 95
石头: 5
呼符: 27
友情点: 0 / 596400`
*連続ログイン6日目
※ログインが途切れるか、7日到達すると
1日目から再開されます*
`聖晶石 X 2
4月交換券(2021) X 1
`*FGO Waltz in the MOONLIGHT/LOSTROOM×FGOコラボレーションイベント
開幕直前特別ログインボーナス*
*開催期間中、1日1回 最大7回 ログインボーナスをプレゼント！*
`聖晶石 X 1
`_2021-04-27 19:42:34_
--------
[dfc9a9f4b3655841a6372642c60bb90d]
`登陆天数: 174天 / 521天
等级: 104
石头: 1
呼符: 0
友情点: 0 / 967565`
*連続ログイン6日目
※ログインが途切れるか、7日到達すると
1日目から再開されます*
`聖晶石 X 2
4月交換券(2021) X 1
`*FGO Waltz in the MOONLIGHT/LOSTROOM×FGOコラボレーションイベント
開幕直前特別ログインボーナス*
*開催期間中、1日1回 最大7回 ログインボーナスをプレゼント！*
`聖晶石 X 1
`_2021-04-27 19:42:42_
--------
[489b9caeed7f023e28fa9d1e9b69c384]
`登陆天数: 173天 / 259天
等级: 95
石头: 8
呼符: 7
友情点: 0 / 540805`
*連続ログイン5日目
※ログインが途切れるか、7日到達すると
1日目から再開されます*
`叡智の猛火 X 2
4月交換券(2021) X 1
`*FGO Waltz in the MOONLIGHT/LOSTROOM×FGOコラボレーションイベント
開幕直前特別ログインボーナス*
*開催期間中、1日1回 最大7回 ログインボーナスをプレゼント！*
`聖晶石 X 1
`_2021-04-27 19:42:50_
--------
