【登录信息】
[5be1eb651b6f675892f00b0952b3cadb]
`登陆天数: 175天 / 981天
等级: 147
石头: 0
呼符: 0
友情点: 11525 / 6675285`
*連続ログイン7日間到達おめでとうございます！
明日は1日目からリスタートされます。*
`獣の足跡 X 1
呼符 X 1
4月交換券(2021) X 1
`_2021-04-28 19:42:11_
--------
[9cfc24f569d65a92010a7c9549af2192]
`登陆天数: 175天 / 465天
等级: 95
石头: 5
呼符: 27
友情点: 0 / 600500`
*連続ログイン7日間到達おめでとうございます！
明日は1日目からリスタートされます。*
`獣の足跡 X 1
呼符 X 1
4月交換券(2021) X 1
`_2021-04-28 19:42:20_
--------
[dfc9a9f4b3655841a6372642c60bb90d]
`登陆天数: 175天 / 522天
等级: 104
石头: 1
呼符: 0
友情点: 0 / 970265`
*連続ログイン7日間到達おめでとうございます！
明日は1日目からリスタートされます。*
`獣の足跡 X 1
呼符 X 1
4月交換券(2021) X 1
`_2021-04-28 19:42:28_
--------
[489b9caeed7f023e28fa9d1e9b69c384]
`登陆天数: 174天 / 260天
等级: 95
石头: 8
呼符: 7
友情点: 0 / 545605`
*連続ログイン6日目
※ログインが途切れるか、7日到達すると
1日目から再開されます*
`聖晶石 X 2
4月交換券(2021) X 1
`_2021-04-28 19:42:37_
--------
