【登录信息】
[5be1eb651b6f675892f00b0952b3cadb]
`登陆天数: 88天 / 894天
等级: 146
石头: 65
友情点: 0 / 2720310`
*連続ログイン4日目
※ログインが途切れるか、7日到達すると
1日目から再開されます*
`聖晶石 X 1
2月交換券(2021) X 1
`_2021-01-31 19:46:54_
--------
[9cfc24f569d65a92010a7c9549af2192]
`登陆天数: 88天 / 378天
等级: 93
石头: 17
友情点: 80 / 406360`
*連続ログイン4日目
※ログインが途切れるか、7日到達すると
1日目から再開されます*
`聖晶石 X 1
2月交換券(2021) X 1
`_2021-01-31 19:47:03_
--------
[dfc9a9f4b3655841a6372642c60bb90d]
`登陆天数: 88天 / 435天
等级: 103
石头: 33
友情点: 0 / 780800`
*連続ログイン4日目
※ログインが途切れるか、7日到達すると
1日目から再開されます*
`聖晶石 X 1
2月交換券(2021) X 1
`_2021-01-31 19:47:12_
--------
[489b9caeed7f023e28fa9d1e9b69c384]
`登陆天数: 87天 / 173天
等级: 93
石头: 17
友情点: 0 / 358155`
*連続ログイン3日目
※ログインが途切れるか、7日到達すると
1日目から再開されます*
`叡智の猛火 X 1
2月交換券(2021) X 1
`_2021-01-31 19:47:20_
--------
