【登录信息】
[5be1eb651b6f675892f00b0952b3cadb]
`登陆天数: 89天 / 895天
等级: 146
石头: 70
友情点: 7470 / 2731865`
*連続ログイン5日目
※ログインが途切れるか、7日到達すると
1日目から再開されます*
`叡智の猛火 X 2
2月交換券(2021) X 1
`_2021-02-01 19:49:14_
--------
[9cfc24f569d65a92010a7c9549af2192]
`登陆天数: 89天 / 379天
等级: 93
石头: 17
友情点: 25 / 406960`
*連続ログイン5日目
※ログインが途切れるか、7日到達すると
1日目から再開されます*
`叡智の猛火 X 2
2月交換券(2021) X 1
`_2021-02-01 19:49:23_
--------
[dfc9a9f4b3655841a6372642c60bb90d]
`登陆天数: 89天 / 436天
等级: 103
石头: 33
友情点: 0 / 781400`
*連続ログイン5日目
※ログインが途切れるか、7日到達すると
1日目から再開されます*
`叡智の猛火 X 2
2月交換券(2021) X 1
`_2021-02-01 19:49:32_
--------
[489b9caeed7f023e28fa9d1e9b69c384]
`登陆天数: 88天 / 174天
等级: 93
石头: 17
友情点: 25 / 358730`
*連続ログイン4日目
※ログインが途切れるか、7日到達すると
1日目から再開されます*
`聖晶石 X 1
2月交換券(2021) X 1
`_2021-02-01 19:49:40_
--------
