【登录信息】
[5be1eb651b6f675892f00b0952b3cadb]
`登陆天数: 91天 / 897天
等级: 146
石头: 75
友情点: 50 / 2763995`
*連続ログイン7日間到達おめでとうございます！
明日は1日目からリスタートされます。*
`獣の足跡 X 1
呼符 X 1
2月交換券(2021) X 1
`_2021-02-03 19:42:47_
--------
[9cfc24f569d65a92010a7c9549af2192]
`登陆天数: 91天 / 381天
等级: 93
石头: 17
友情点: 25 / 408255`
*連続ログイン7日間到達おめでとうございます！
明日は1日目からリスタートされます。*
`獣の足跡 X 1
呼符 X 1
2月交換券(2021) X 1
`_2021-02-03 19:42:56_
--------
[dfc9a9f4b3655841a6372642c60bb90d]
`登陆天数: 91天 / 438天
等级: 103
石头: 35
友情点: 0 / 782600`
*連続ログイン7日間到達おめでとうございます！
明日は1日目からリスタートされます。*
`獣の足跡 X 1
呼符 X 1
2月交換券(2021) X 1
`_2021-02-03 19:43:05_
--------
[489b9caeed7f023e28fa9d1e9b69c384]
`登陆天数: 90天 / 176天
等级: 93
石头: 17
友情点: 0 / 359930`
*連続ログイン6日目
※ログインが途切れるか、7日到達すると
1日目から再開されます*
`聖晶石 X 2
2月交換券(2021) X 1
`_2021-02-03 19:43:13_
--------
