【登录信息】
[5be1eb651b6f675892f00b0952b3cadb]
`登陆天数: 92天 / 898天
等级: 146
石头: 75
友情点: 75 / 2780145`
*連続ログイン1日目
※ログインが途切れるか、7日到達すると
1日目から再開されます*
`フレンドポイント X 2000
2月交換券(2021) X 1
`_2021-02-04 19:37:16_
--------
[9cfc24f569d65a92010a7c9549af2192]
`登陆天数: 92天 / 382天
等级: 93
石头: 20
友情点: 0 / 408815`
*連続ログイン1日目
※ログインが途切れるか、7日到達すると
1日目から再開されます*
`フレンドポイント X 2000
2月交換券(2021) X 1
`_2021-02-04 19:37:25_
--------
[dfc9a9f4b3655841a6372642c60bb90d]
`登陆天数: 92天 / 439天
等级: 103
石头: 35
友情点: 0 / 783200`
*連続ログイン1日目
※ログインが途切れるか、7日到達すると
1日目から再開されます*
`フレンドポイント X 2000
2月交換券(2021) X 1
`_2021-02-04 19:37:33_
--------
[489b9caeed7f023e28fa9d1e9b69c384]
`登陆天数: 91天 / 177天
等级: 93
石头: 17
友情点: 0 / 360480`
*連続ログイン7日間到達おめでとうございます！
明日は1日目からリスタートされます。*
`獣の足跡 X 1
呼符 X 1
2月交換券(2021) X 1
`_2021-02-04 19:37:42_
--------
