【登录信息】
[5be1eb651b6f675892f00b0952b3cadb]
`登陆天数: 93天 / 899天
等级: 146
石头: 80
友情点: 5975 / 2798420`
*連続ログイン2日目
※ログインが途切れるか、7日到達すると
1日目から再開されます*
`聖晶石 X 1
2月交換券(2021) X 1
`_2021-02-05 19:36:55_
--------
[9cfc24f569d65a92010a7c9549af2192]
`登陆天数: 93天 / 383天
等级: 93
石头: 20
友情点: 0 / 409475`
*連続ログイン2日目
※ログインが途切れるか、7日到達すると
1日目から再開されます*
`聖晶石 X 1
2月交換券(2021) X 1
`_2021-02-05 19:37:04_
--------
[dfc9a9f4b3655841a6372642c60bb90d]
`登陆天数: 93天 / 440天
等级: 103
石头: 35
友情点: 0 / 783800`
*連続ログイン2日目
※ログインが途切れるか、7日到達すると
1日目から再開されます*
`聖晶石 X 1
2月交換券(2021) X 1
`_2021-02-05 19:37:12_
--------
[489b9caeed7f023e28fa9d1e9b69c384]
`登陆天数: 92天 / 178天
等级: 93
石头: 17
友情点: 0 / 361105`
*連続ログイン1日目
※ログインが途切れるか、7日到達すると
1日目から再開されます*
`フレンドポイント X 2000
2月交換券(2021) X 1
`_2021-02-05 19:37:20_
--------
