【登录信息】
[5be1eb651b6f675892f00b0952b3cadb]
`登陆天数: 94天 / 900天
等级: 146
石头: 80
友情点: 5675 / 2814320`
*連続ログイン3日目
※ログインが途切れるか、7日到達すると
1日目から再開されます*
`叡智の猛火 X 1
2月交換券(2021) X 1
`*「FGO ウィンターキャラバン オンライン 2021」Vol.2福島会場代替開催記念 初回ログインボーナス*
*開催期間中、初回ログインで「聖晶石×10」をプレゼント！*
`聖晶石 X 10
`_2021-02-06 19:36:44_
--------
[9cfc24f569d65a92010a7c9549af2192]
`登陆天数: 94天 / 384天
等级: 93
石头: 20
友情点: 50 / 410150`
*連続ログイン3日目
※ログインが途切れるか、7日到達すると
1日目から再開されます*
`叡智の猛火 X 1
2月交換券(2021) X 1
`*「FGO ウィンターキャラバン オンライン 2021」Vol.2福島会場代替開催記念 初回ログインボーナス*
*開催期間中、初回ログインで「聖晶石×10」をプレゼント！*
`聖晶石 X 10
`_2021-02-06 19:36:53_
--------
[dfc9a9f4b3655841a6372642c60bb90d]
`登陆天数: 94天 / 441天
等级: 103
石头: 35
友情点: 0 / 784400`
*連続ログイン3日目
※ログインが途切れるか、7日到達すると
1日目から再開されます*
`叡智の猛火 X 1
2月交換券(2021) X 1
`*「FGO ウィンターキャラバン オンライン 2021」Vol.2福島会場代替開催記念 初回ログインボーナス*
*開催期間中、初回ログインで「聖晶石×10」をプレゼント！*
`聖晶石 X 10
`_2021-02-06 19:37:01_
--------
[489b9caeed7f023e28fa9d1e9b69c384]
`登陆天数: 93天 / 179天
等级: 93
石头: 17
友情点: 50 / 361755`
*連続ログイン2日目
※ログインが途切れるか、7日到達すると
1日目から再開されます*
`聖晶石 X 1
2月交換券(2021) X 1
`*「FGO ウィンターキャラバン オンライン 2021」Vol.2福島会場代替開催記念 初回ログインボーナス*
*開催期間中、初回ログインで「聖晶石×10」をプレゼント！*
`聖晶石 X 10
`_2021-02-06 19:37:10_
--------
