【登录信息】
[5be1eb651b6f675892f00b0952b3cadb]
`登陆天数: 95天 / 901天
等级: 146
石头: 127
友情点: 6285 / 2828805`
*連続ログイン4日目
※ログインが途切れるか、7日到達すると
1日目から再開されます*
`聖晶石 X 1
2月交換券(2021) X 1
`_2021-02-07 19:36:56_
--------
[9cfc24f569d65a92010a7c9549af2192]
`登陆天数: 95天 / 385天
等级: 93
石头: 20
友情点: 0 / 410700`
*連続ログイン4日目
※ログインが途切れるか、7日到達すると
1日目から再開されます*
`聖晶石 X 1
2月交換券(2021) X 1
`_2021-02-07 19:37:05_
--------
[dfc9a9f4b3655841a6372642c60bb90d]
`登陆天数: 95天 / 442天
等级: 103
石头: 35
友情点: 0 / 785000`
*連続ログイン4日目
※ログインが途切れるか、7日到達すると
1日目から再開されます*
`聖晶石 X 1
2月交換券(2021) X 1
`_2021-02-07 19:37:13_
--------
[489b9caeed7f023e28fa9d1e9b69c384]
`登陆天数: 94天 / 180天
等级: 93
石头: 17
友情点: 0 / 362305`
*連続ログイン3日目
※ログインが途切れるか、7日到達すると
1日目から再開されます*
`叡智の猛火 X 1
2月交換券(2021) X 1
`_2021-02-07 19:37:22_
--------
