【登录信息】
[5be1eb651b6f675892f00b0952b3cadb]
`登陆天数: 97天 / 903天
等级: 146
石头: 128
友情点: 25 / 2860915`
*連続ログイン6日目
※ログインが途切れるか、7日到達すると
1日目から再開されます*
`聖晶石 X 2
2月交換券(2021) X 1
`_2021-02-09 19:36:55_
--------
[9cfc24f569d65a92010a7c9549af2192]
`登陆天数: 97天 / 387天
等级: 93
石头: 20
友情点: 25 / 411885`
*連続ログイン6日目
※ログインが途切れるか、7日到達すると
1日目から再開されます*
`聖晶石 X 2
2月交換券(2021) X 1
`_2021-02-09 19:37:04_
--------
[dfc9a9f4b3655841a6372642c60bb90d]
`登陆天数: 97天 / 444天
等级: 103
石头: 35
友情点: 0 / 786175`
*連続ログイン6日目
※ログインが途切れるか、7日到達すると
1日目から再開されます*
`聖晶石 X 2
2月交換券(2021) X 1
`_2021-02-09 19:37:13_
--------
[489b9caeed7f023e28fa9d1e9b69c384]
`登陆天数: 96天 / 182天
等级: 93
石头: 17
友情点: 25 / 363480`
*連続ログイン5日目
※ログインが途切れるか、7日到達すると
1日目から再開されます*
`叡智の猛火 X 2
2月交換券(2021) X 1
`_2021-02-09 19:37:21_
--------
