【登录信息】
[5be1eb651b6f675892f00b0952b3cadb]
`登陆天数: 98天 / 904天
等级: 146
石头: 11
友情点: 7550 / 2875265`
*連続ログイン7日間到達おめでとうございます！
明日は1日目からリスタートされます。*
`獣の足跡 X 1
呼符 X 1
2月交換券(2021) X 1
`_2021-02-10 19:37:03_
--------
[9cfc24f569d65a92010a7c9549af2192]
`登陆天数: 98天 / 388天
等级: 93
石头: 20
友情点: 0 / 412460`
*連続ログイン7日間到達おめでとうございます！
明日は1日目からリスタートされます。*
`獣の足跡 X 1
呼符 X 1
2月交換券(2021) X 1
`_2021-02-10 19:37:13_
--------
[dfc9a9f4b3655841a6372642c60bb90d]
`登陆天数: 98天 / 445天
等级: 103
石头: 35
友情点: 0 / 786775`
*連続ログイン7日間到達おめでとうございます！
明日は1日目からリスタートされます。*
`獣の足跡 X 1
呼符 X 1
2月交換券(2021) X 1
`_2021-02-10 19:37:21_
--------
[489b9caeed7f023e28fa9d1e9b69c384]
`登陆天数: 97天 / 183天
等级: 93
石头: 17
友情点: 25 / 364105`
*連続ログイン6日目
※ログインが途切れるか、7日到達すると
1日目から再開されます*
`聖晶石 X 2
2月交換券(2021) X 1
`_2021-02-10 19:37:29_
--------
