【登录信息】
[5be1eb651b6f675892f00b0952b3cadb]
`登陆天数: 100天 / 906天
等级: 146
石头: 13
友情点: 7400 / 2906050`
*連続ログイン2日目
※ログインが途切れるか、7日到達すると
1日目から再開されます*
`聖晶石 X 1
2月交換券(2021) X 1
`_2021-02-12 19:37:00_
--------
[9cfc24f569d65a92010a7c9549af2192]
`登陆天数: 100天 / 390天
等级: 93
石头: 20
友情点: 0 / 413705`
*連続ログイン2日目
※ログインが途切れるか、7日到達すると
1日目から再開されます*
`聖晶石 X 1
2月交換券(2021) X 1
`_2021-02-12 19:37:09_
--------
[dfc9a9f4b3655841a6372642c60bb90d]
`登陆天数: 100天 / 447天
等级: 103
石头: 35
友情点: 0 / 787975`
*連続ログイン2日目
※ログインが途切れるか、7日到達すると
1日目から再開されます*
`聖晶石 X 1
2月交換券(2021) X 1
`_2021-02-12 19:37:18_
--------
[489b9caeed7f023e28fa9d1e9b69c384]
`登陆天数: 99天 / 185天
等级: 93
石头: 17
友情点: 50 / 365280`
*連続ログイン1日目
※ログインが途切れるか、7日到達すると
1日目から再開されます*
`フレンドポイント X 2000
2月交換券(2021) X 1
`_2021-02-12 19:37:26_
--------
