【登录信息】
[5be1eb651b6f675892f00b0952b3cadb]
`登陆天数: 102天 / 908天
等级: 146
石头: 23
友情点: 7425 / 2939280`
*連続ログイン4日目
※ログインが途切れるか、7日到達すると
1日目から再開されます*
`聖晶石 X 1
2月交換券(2021) X 1
`_2021-02-14 19:36:50_
--------
[9cfc24f569d65a92010a7c9549af2192]
`登陆天数: 102天 / 392天
等级: 93
石头: 20
友情点: 10 / 414940`
*連続ログイン4日目
※ログインが途切れるか、7日到達すると
1日目から再開されます*
`聖晶石 X 1
2月交換券(2021) X 1
`_2021-02-14 19:36:59_
--------
[dfc9a9f4b3655841a6372642c60bb90d]
`登陆天数: 102天 / 449天
等级: 103
石头: 36
友情点: 0 / 789175`
*連続ログイン4日目
※ログインが途切れるか、7日到達すると
1日目から再開されます*
`聖晶石 X 1
2月交換券(2021) X 1
`_2021-02-14 19:37:08_
--------
[489b9caeed7f023e28fa9d1e9b69c384]
`登陆天数: 101天 / 187天
等级: 93
石头: 17
友情点: 0 / 366405`
*連続ログイン3日目
※ログインが途切れるか、7日到達すると
1日目から再開されます*
`叡智の猛火 X 1
2月交換券(2021) X 1
`_2021-02-14 19:37:16_
--------
