【登录信息】
[5be1eb651b6f675892f00b0952b3cadb]
`登陆天数: 104天 / 910天
等级: 146
石头: 4
友情点: 0 / 2970575`
*連続ログイン6日目
※ログインが途切れるか、7日到達すると
1日目から再開されます*
`聖晶石 X 2
2月交換券(2021) X 1
`_2021-02-16 19:37:07_
--------
[9cfc24f569d65a92010a7c9549af2192]
`登陆天数: 104天 / 394天
等级: 93
石头: 20
友情点: 0 / 416125`
*連続ログイン6日目
※ログインが途切れるか、7日到達すると
1日目から再開されます*
`聖晶石 X 2
2月交換券(2021) X 1
`_2021-02-16 19:37:16_
--------
[dfc9a9f4b3655841a6372642c60bb90d]
`登陆天数: 104天 / 451天
等级: 103
石头: 36
友情点: 0 / 790375`
*連続ログイン6日目
※ログインが途切れるか、7日到達すると
1日目から再開されます*
`聖晶石 X 2
2月交換券(2021) X 1
`_2021-02-16 19:37:24_
--------
[489b9caeed7f023e28fa9d1e9b69c384]
`登陆天数: 103天 / 189天
等级: 93
石头: 17
友情点: 0 / 367605`
*連続ログイン5日目
※ログインが途切れるか、7日到達すると
1日目から再開されます*
`叡智の猛火 X 2
2月交換券(2021) X 1
`_2021-02-16 19:37:32_
--------
