【登录信息】
[5be1eb651b6f675892f00b0952b3cadb]
`登陆天数: 105天 / 911天
等级: 146
石头: 0
友情点: 0 / 2986230`
*連続ログイン7日間到達おめでとうございます！
明日は1日目からリスタートされます。*
`獣の足跡 X 1
呼符 X 1
2月交換券(2021) X 1
`_2021-02-17 19:36:22_
--------
[9cfc24f569d65a92010a7c9549af2192]
`登陆天数: 105天 / 395天
等级: 93
石头: 20
友情点: 0 / 416725`
*連続ログイン7日間到達おめでとうございます！
明日は1日目からリスタートされます。*
`獣の足跡 X 1
呼符 X 1
2月交換券(2021) X 1
`_2021-02-17 19:36:31_
--------
[dfc9a9f4b3655841a6372642c60bb90d]
`登陆天数: 105天 / 452天
等级: 103
石头: 36
友情点: 0 / 790975`
*連続ログイン7日間到達おめでとうございます！
明日は1日目からリスタートされます。*
`獣の足跡 X 1
呼符 X 1
2月交換券(2021) X 1
`_2021-02-17 19:36:39_
--------
[489b9caeed7f023e28fa9d1e9b69c384]
`登陆天数: 104天 / 190天
等级: 93
石头: 17
友情点: 0 / 368205`
*連続ログイン6日目
※ログインが途切れるか、7日到達すると
1日目から再開されます*
`聖晶石 X 2
2月交換券(2021) X 1
`_2021-02-17 19:36:48_
--------
