【登录信息】
[5be1eb651b6f675892f00b0952b3cadb]
`登陆天数: 106天 / 912天
等级: 146
石头: 0
友情点: 100 / 2988595`
*連続ログイン1日目
※ログインが途切れるか、7日到達すると
1日目から再開されます*
`フレンドポイント X 2000
2月交換券(2021) X 1
`_2021-02-18 19:37:06_
--------
[9cfc24f569d65a92010a7c9549af2192]
`登陆天数: 106天 / 396天
等级: 93
石头: 20
友情点: 0 / 416825`
*連続ログイン1日目
※ログインが途切れるか、7日到達すると
1日目から再開されます*
`フレンドポイント X 2000
2月交換券(2021) X 1
`_2021-02-18 19:37:16_
--------
[dfc9a9f4b3655841a6372642c60bb90d]
`登陆天数: 106天 / 453天
等级: 103
石头: 36
友情点: 0 / 791050`
*連続ログイン1日目
※ログインが途切れるか、7日到達すると
1日目から再開されます*
`フレンドポイント X 2000
2月交換券(2021) X 1
`_2021-02-18 19:37:24_
--------
[489b9caeed7f023e28fa9d1e9b69c384]
`登陆天数: 105天 / 191天
等级: 93
石头: 17
友情点: 0 / 368280`
*連続ログイン7日間到達おめでとうございます！
明日は1日目からリスタートされます。*
`獣の足跡 X 1
呼符 X 1
2月交換券(2021) X 1
`_2021-02-18 19:37:33_
--------
