【登录信息】
[5be1eb651b6f675892f00b0952b3cadb]
`登陆天数: 107天 / 913天
等级: 146
石头: 0
友情点: 7425 / 3006270`
*連続ログイン2日目
※ログインが途切れるか、7日到達すると
1日目から再開されます*
`聖晶石 X 1
2月交換券(2021) X 1
`_2021-02-19 19:37:25_
--------
[9cfc24f569d65a92010a7c9549af2192]
`登陆天数: 107天 / 397天
等级: 93
石头: 20
友情点: 0 / 417375`
*連続ログイン2日目
※ログインが途切れるか、7日到達すると
1日目から再開されます*
`聖晶石 X 1
2月交換券(2021) X 1
`_2021-02-19 19:37:34_
--------
[dfc9a9f4b3655841a6372642c60bb90d]
`登陆天数: 107天 / 454天
等级: 103
石头: 36
友情点: 0 / 791650`
*連続ログイン2日目
※ログインが途切れるか、7日到達すると
1日目から再開されます*
`聖晶石 X 1
2月交換券(2021) X 1
`_2021-02-19 19:37:43_
--------
[489b9caeed7f023e28fa9d1e9b69c384]
`登陆天数: 106天 / 192天
等级: 93
石头: 17
友情点: 0 / 368830`
*連続ログイン1日目
※ログインが途切れるか、7日到達すると
1日目から再開されます*
`フレンドポイント X 2000
2月交換券(2021) X 1
`_2021-02-19 19:37:51_
--------
