【登录信息】
[5be1eb651b6f675892f00b0952b3cadb]
`登陆天数: 108天 / 914天
等级: 146
石头: 7
友情点: 5270 / 3021935`
*連続ログイン3日目
※ログインが途切れるか、7日到達すると
1日目から再開されます*
`叡智の猛火 X 1
2月交換券(2021) X 1
`_2021-02-20 19:36:59_
--------
[9cfc24f569d65a92010a7c9549af2192]
`登陆天数: 108天 / 398天
等级: 93
石头: 23
友情点: 0 / 431935`
*連続ログイン3日目
※ログインが途切れるか、7日到達すると
1日目から再開されます*
`叡智の猛火 X 1
2月交換券(2021) X 1
`_2021-02-20 19:37:09_
--------
[dfc9a9f4b3655841a6372642c60bb90d]
`登陆天数: 108天 / 455天
等级: 103
石头: 10
友情点: 0 / 806175`
*連続ログイン3日目
※ログインが途切れるか、7日到達すると
1日目から再開されます*
`叡智の猛火 X 1
2月交換券(2021) X 1
`_2021-02-20 19:37:17_
--------
[489b9caeed7f023e28fa9d1e9b69c384]
`登陆天数: 107天 / 193天
等级: 93
石头: 19
友情点: 25 / 385405`
*連続ログイン2日目
※ログインが途切れるか、7日到達すると
1日目から再開されます*
`聖晶石 X 1
2月交換券(2021) X 1
`_2021-02-20 19:37:26_
--------
