【登录信息】
[5be1eb651b6f675892f00b0952b3cadb]
`登陆天数: 110天 / 916天
等级: 146
石头: 8
友情点: 7560 / 3045555`
*連続ログイン5日目
※ログインが途切れるか、7日到達すると
1日目から再開されます*
`叡智の猛火 X 2
2月交換券(2021) X 1
`_2021-02-22 19:37:21_
--------
[9cfc24f569d65a92010a7c9549af2192]
`登陆天数: 110天 / 400天
等级: 93
石头: 23
友情点: 0 / 432685`
*連続ログイン5日目
※ログインが途切れるか、7日到達すると
1日目から再開されます*
`叡智の猛火 X 2
2月交換券(2021) X 1
`_2021-02-22 19:37:30_
--------
[dfc9a9f4b3655841a6372642c60bb90d]
`登陆天数: 110天 / 457天
等级: 103
石头: 10
友情点: 0 / 807075`
*連続ログイン5日目
※ログインが途切れるか、7日到達すると
1日目から再開されます*
`叡智の猛火 X 2
2月交換券(2021) X 1
`_2021-02-22 19:37:39_
--------
[489b9caeed7f023e28fa9d1e9b69c384]
`登陆天数: 109天 / 195天
等级: 93
石头: 19
友情点: 0 / 386230`
*連続ログイン4日目
※ログインが途切れるか、7日到達すると
1日目から再開されます*
`聖晶石 X 1
2月交換券(2021) X 1
`_2021-02-22 19:37:47_
--------
