【登录信息】
[5be1eb651b6f675892f00b0952b3cadb]
`登陆天数: 111天 / 917天
等级: 146
石头: 8
友情点: 7935 / 3061840`
*連続ログイン6日目
※ログインが途切れるか、7日到達すると
1日目から再開されます*
`聖晶石 X 2
2月交換券(2021) X 1
`_2021-02-23 19:37:37_
--------
[9cfc24f569d65a92010a7c9549af2192]
`登陆天数: 111天 / 401天
等级: 93
石头: 23
友情点: 0 / 433235`
*連続ログイン6日目
※ログインが途切れるか、7日到達すると
1日目から再開されます*
`聖晶石 X 2
2月交換券(2021) X 1
`_2021-02-23 19:37:46_
--------
[dfc9a9f4b3655841a6372642c60bb90d]
`登陆天数: 111天 / 458天
等级: 103
石头: 10
友情点: 0 / 807675`
*連続ログイン6日目
※ログインが途切れるか、7日到達すると
1日目から再開されます*
`聖晶石 X 2
2月交換券(2021) X 1
`_2021-02-23 19:37:55_
--------
[489b9caeed7f023e28fa9d1e9b69c384]
`登陆天数: 110天 / 196天
等级: 93
石头: 19
友情点: 0 / 386780`
*連続ログイン5日目
※ログインが途切れるか、7日到達すると
1日目から再開されます*
`叡智の猛火 X 2
2月交換券(2021) X 1
`_2021-02-23 19:38:03_
--------
