【登录信息】
[5be1eb651b6f675892f00b0952b3cadb]
`登陆天数: 112天 / 918天
等级: 146
石头: 42
友情点: 14850 / 3085195`
*連続ログイン7日間到達おめでとうございます！
明日は1日目からリスタートされます。*
`獣の足跡 X 1
呼符 X 1
2月交換券(2021) X 1
`*2300万DL突破記念 特別回数ログインボーナス*
*開催期間中、1日1回 最大4回 回数ログインボーナスをプレゼント！*
`マナプリズム X 200
`_2021-02-24 19:37:21_
--------
[9cfc24f569d65a92010a7c9549af2192]
`登陆天数: 112天 / 402天
等级: 93
石头: 23
友情点: 50 / 434130`
*連続ログイン7日間到達おめでとうございます！
明日は1日目からリスタートされます。*
`獣の足跡 X 1
呼符 X 1
2月交換券(2021) X 1
`*2300万DL突破記念 特別回数ログインボーナス*
*開催期間中、1日1回 最大4回 回数ログインボーナスをプレゼント！*
`マナプリズム X 200
`_2021-02-24 19:37:30_
--------
[dfc9a9f4b3655841a6372642c60bb90d]
`登陆天数: 112天 / 459天
等级: 103
石头: 10
友情点: 0 / 808585`
*連続ログイン7日間到達おめでとうございます！
明日は1日目からリスタートされます。*
`獣の足跡 X 1
呼符 X 1
2月交換券(2021) X 1
`*2300万DL突破記念 特別回数ログインボーナス*
*開催期間中、1日1回 最大4回 回数ログインボーナスをプレゼント！*
`マナプリズム X 200
`_2021-02-24 19:37:38_
--------
[489b9caeed7f023e28fa9d1e9b69c384]
`登陆天数: 111天 / 197天
等级: 93
石头: 19
友情点: 50 / 387655`
*連続ログイン6日目
※ログインが途切れるか、7日到達すると
1日目から再開されます*
`聖晶石 X 2
2月交換券(2021) X 1
`*2300万DL突破記念 特別回数ログインボーナス*
*開催期間中、1日1回 最大4回 回数ログインボーナスをプレゼント！*
`マナプリズム X 200
`_2021-02-24 19:37:46_
--------
