【登录信息】
[5be1eb651b6f675892f00b0952b3cadb]
`登陆天数: 114天 / 920天
等级: 146
石头: 42
友情点: 36350 / 3181965`
*連続ログイン2日目
※ログインが途切れるか、7日到達すると
1日目から再開されます*
`聖晶石 X 1
2月交換券(2021) X 1
`*2300万DL突破記念 特別回数ログインボーナス*
*開催期間中、1日1回 最大4回 回数ログインボーナスをプレゼント！*
`英霊結晶・日輪のフォウくん X 1
`_2021-02-26 19:37:34_
--------
[9cfc24f569d65a92010a7c9549af2192]
`登陆天数: 114天 / 404天
等级: 93
石头: 23
友情点: 0 / 438230`
*連続ログイン2日目
※ログインが途切れるか、7日到達すると
1日目から再開されます*
`聖晶石 X 1
2月交換券(2021) X 1
`*2300万DL突破記念 特別回数ログインボーナス*
*開催期間中、1日1回 最大4回 回数ログインボーナスをプレゼント！*
`英霊結晶・日輪のフォウくん X 1
`_2021-02-26 19:37:42_
--------
[dfc9a9f4b3655841a6372642c60bb90d]
`登陆天数: 114天 / 461天
等级: 103
石头: 10
友情点: 0 / 812005`
*連続ログイン2日目
※ログインが途切れるか、7日到達すると
1日目から再開されます*
`聖晶石 X 1
2月交換券(2021) X 1
`*2300万DL突破記念 特別回数ログインボーナス*
*開催期間中、1日1回 最大4回 回数ログインボーナスをプレゼント！*
`英霊結晶・日輪のフォウくん X 1
`_2021-02-26 19:37:51_
--------
[489b9caeed7f023e28fa9d1e9b69c384]
`登陆天数: 113天 / 199天
等级: 93
石头: 19
友情点: 0 / 391605`
*連続ログイン1日目
※ログインが途切れるか、7日到達すると
1日目から再開されます*
`フレンドポイント X 2000
2月交換券(2021) X 1
`*2300万DL突破記念 特別回数ログインボーナス*
*開催期間中、1日1回 最大4回 回数ログインボーナスをプレゼント！*
`英霊結晶・日輪のフォウくん X 1
`_2021-02-26 19:37:59_
--------
