【登录信息】
[5be1eb651b6f675892f00b0952b3cadb]
`登陆天数: 115天 / 921天
等级: 147
石头: 53
友情点: 50 / 3301885`
*連続ログイン3日目
※ログインが途切れるか、7日到達すると
1日目から再開されます*
`叡智の猛火 X 1
2月交換券(2021) X 1
`*2300万DL突破記念 特別回数ログインボーナス*
*開催期間中、1日1回 最大4回 回数ログインボーナスをプレゼント！*
`レアプリズム X 1
`_2021-02-27 19:37:25_
--------
[9cfc24f569d65a92010a7c9549af2192]
`登陆天数: 115天 / 405天
等级: 93
石头: 23
友情点: 0 / 443480`
*連続ログイン3日目
※ログインが途切れるか、7日到達すると
1日目から再開されます*
`叡智の猛火 X 1
2月交換券(2021) X 1
`*2300万DL突破記念 特別回数ログインボーナス*
*開催期間中、1日1回 最大4回 回数ログインボーナスをプレゼント！*
`レアプリズム X 1
`_2021-02-27 19:37:34_
--------
[dfc9a9f4b3655841a6372642c60bb90d]
`登陆天数: 115天 / 462天
等级: 103
石头: 10
友情点: 0 / 816005`
*連続ログイン3日目
※ログインが途切れるか、7日到達すると
1日目から再開されます*
`叡智の猛火 X 1
2月交換券(2021) X 1
`*2300万DL突破記念 特別回数ログインボーナス*
*開催期間中、1日1回 最大4回 回数ログインボーナスをプレゼント！*
`レアプリズム X 1
`_2021-02-27 19:37:42_
--------
[489b9caeed7f023e28fa9d1e9b69c384]
`登陆天数: 114天 / 200天
等级: 93
石头: 19
友情点: 0 / 396655`
*連続ログイン2日目
※ログインが途切れるか、7日到達すると
1日目から再開されます*
`聖晶石 X 1
2月交換券(2021) X 1
`*2300万DL突破記念 特別回数ログインボーナス*
*開催期間中、1日1回 最大4回 回数ログインボーナスをプレゼント！*
`レアプリズム X 1
`_2021-02-27 19:37:50_
--------
