【登录信息】
[5be1eb651b6f675892f00b0952b3cadb]
`登陆天数: 330天 / 1136天
等级: 150
石头: 4
呼符: 2
友情点: 30925 / 15278110`
*連続ログイン1日目
※ログインが途切れるか、7日到達すると
1日目から再開されます*
`フレンドポイント X 2000
10月交換券(2021) X 1
`*幕間の物語キャンペーン 第17弾 特別連続ログインボーナス*
*開催期間中、1日1回 最大5回 特別連続ログインボーナスをプレゼント！*
`叡智の業火 X 3
`_2021-09-30 20:26:44_
--------
[9cfc24f569d65a92010a7c9549af2192]
`登陆天数: 330天 / 620天
等级: 99
石头: 29
呼符: 4
友情点: 0 / 1091550`
*連続ログイン1日目
※ログインが途切れるか、7日到達すると
1日目から再開されます*
`フレンドポイント X 2000
10月交換券(2021) X 1
`*幕間の物語キャンペーン 第17弾 特別連続ログインボーナス*
*開催期間中、1日1回 最大5回 特別連続ログインボーナスをプレゼント！*
`叡智の業火 X 3
`_2021-09-30 20:26:55_
--------
[dfc9a9f4b3655841a6372642c60bb90d]
`登陆天数: 330天 / 677天
等级: 105
石头: 14
呼符: 4
友情点: 0 / 1448600`
*連続ログイン1日目
※ログインが途切れるか、7日到達すると
1日目から再開されます*
`フレンドポイント X 2000
10月交換券(2021) X 1
`*幕間の物語キャンペーン 第17弾 特別連続ログインボーナス*
*開催期間中、1日1回 最大5回 特別連続ログインボーナスをプレゼント！*
`叡智の業火 X 3
`_2021-09-30 20:27:05_
--------
[489b9caeed7f023e28fa9d1e9b69c384]
`登陆天数: 329天 / 415天
等级: 99
石头: 65
呼符: 3
友情点: 0 / 1034120`
*連続ログイン7日間到達おめでとうございます！
明日は1日目からリスタートされます。*
`獣の足跡 X 1
呼符 X 1
10月交換券(2021) X 1
`*幕間の物語キャンペーン 第17弾 特別連続ログインボーナス*
*開催期間中、1日1回 最大5回 特別連続ログインボーナスをプレゼント！*
`叡智の業火 X 3
`_2021-09-30 20:27:16_
--------
