【登录信息】
[5be1eb651b6f675892f00b0952b3cadb]
`登陆天数: 331天 / 1137天
等级: 150
石头: 4
呼符: 2
友情点: 30500 / 15311295`
*連続ログイン2日目
※ログインが途切れるか、7日到達すると
1日目から再開されます*
`聖晶石 X 1
10月交換券(2021) X 1
`*幕間の物語キャンペーン 第17弾 特別連続ログインボーナス*
*開催期間中、1日1回 最大5回 特別連続ログインボーナスをプレゼント！*
`叡智の業火 X 3
`_2021-10-01 20:26:42_
--------
[9cfc24f569d65a92010a7c9549af2192]
`登陆天数: 331天 / 621天
等级: 99
石头: 29
呼符: 4
友情点: 100 / 1094850`
*連続ログイン2日目
※ログインが途切れるか、7日到達すると
1日目から再開されます*
`聖晶石 X 1
10月交換券(2021) X 1
`*幕間の物語キャンペーン 第17弾 特別連続ログインボーナス*
*開催期間中、1日1回 最大5回 特別連続ログインボーナスをプレゼント！*
`叡智の業火 X 3
`_2021-10-01 20:26:53_
--------
[dfc9a9f4b3655841a6372642c60bb90d]
`登陆天数: 331天 / 678天
等级: 105
石头: 14
呼符: 4
友情点: 0 / 1451800`
*連続ログイン2日目
※ログインが途切れるか、7日到達すると
1日目から再開されます*
`聖晶石 X 1
10月交換券(2021) X 1
`*幕間の物語キャンペーン 第17弾 特別連続ログインボーナス*
*開催期間中、1日1回 最大5回 特別連続ログインボーナスをプレゼント！*
`叡智の業火 X 3
`_2021-10-01 20:27:03_
--------
[489b9caeed7f023e28fa9d1e9b69c384]
`登陆天数: 330天 / 416天
等级: 99
石头: 65
呼符: 4
友情点: 50 / 1035370`
*連続ログイン1日目
※ログインが途切れるか、7日到達すると
1日目から再開されます*
`フレンドポイント X 2000
10月交換券(2021) X 1
`*幕間の物語キャンペーン 第17弾 特別連続ログインボーナス*
*開催期間中、1日1回 最大5回 特別連続ログインボーナスをプレゼント！*
`叡智の業火 X 3
`_2021-10-01 20:27:14_
--------
