【登录信息】
[5be1eb651b6f675892f00b0952b3cadb]
`登陆天数: 332天 / 1138天
等级: 150
石头: 8
呼符: 7
友情点: 29650 / 15338295`
*連続ログイン3日目
※ログインが途切れるか、7日到達すると
1日目から再開されます*
`叡智の猛火 X 1
10月交換券(2021) X 1
`*幕間の物語キャンペーン 第17弾 特別連続ログインボーナス*
*開催期間中、1日1回 最大5回 特別連続ログインボーナスをプレゼント！*
`呼符 X 1
`_2021-10-02 20:25:46_
--------
[9cfc24f569d65a92010a7c9549af2192]
`登陆天数: 332天 / 622天
等级: 99
石头: 30
呼符: 4
友情点: 25 / 1096075`
*連続ログイン3日目
※ログインが途切れるか、7日到達すると
1日目から再開されます*
`叡智の猛火 X 1
10月交換券(2021) X 1
`*幕間の物語キャンペーン 第17弾 特別連続ログインボーナス*
*開催期間中、1日1回 最大5回 特別連続ログインボーナスをプレゼント！*
`呼符 X 1
`_2021-10-02 20:25:57_
--------
[dfc9a9f4b3655841a6372642c60bb90d]
`登陆天数: 332天 / 679天
等级: 105
石头: 15
呼符: 4
友情点: 0 / 1453000`
*連続ログイン3日目
※ログインが途切れるか、7日到達すると
1日目から再開されます*
`叡智の猛火 X 1
10月交換券(2021) X 1
`*幕間の物語キャンペーン 第17弾 特別連続ログインボーナス*
*開催期間中、1日1回 最大5回 特別連続ログインボーナスをプレゼント！*
`呼符 X 1
`_2021-10-02 20:26:07_
--------
[489b9caeed7f023e28fa9d1e9b69c384]
`登陆天数: 331天 / 417天
等级: 99
石头: 65
呼符: 4
友情点: 0 / 1038570`
*連続ログイン2日目
※ログインが途切れるか、7日到達すると
1日目から再開されます*
`聖晶石 X 1
10月交換券(2021) X 1
`*幕間の物語キャンペーン 第17弾 特別連続ログインボーナス*
*開催期間中、1日1回 最大5回 特別連続ログインボーナスをプレゼント！*
`呼符 X 1
`_2021-10-02 20:26:17_
--------
