【登录信息】
[5be1eb651b6f675892f00b0952b3cadb]
`登陆天数: 333天 / 1139天
等级: 150
石头: 10
呼符: 8
友情点: 30825 / 15378180`
*連続ログイン4日目
※ログインが途切れるか、7日到達すると
1日目から再開されます*
`聖晶石 X 1
10月交換券(2021) X 1
`_2021-10-03 20:25:45_
--------
[9cfc24f569d65a92010a7c9549af2192]
`登陆天数: 333天 / 623天
等级: 99
石头: 30
呼符: 5
友情点: 25 / 1097610`
*連続ログイン4日目
※ログインが途切れるか、7日到達すると
1日目から再開されます*
`聖晶石 X 1
10月交換券(2021) X 1
`_2021-10-03 20:25:56_
--------
[dfc9a9f4b3655841a6372642c60bb90d]
`登陆天数: 333天 / 680天
等级: 105
石头: 15
呼符: 5
友情点: 0 / 1454500`
*連続ログイン4日目
※ログインが途切れるか、7日到達すると
1日目から再開されます*
`聖晶石 X 1
10月交換券(2021) X 1
`_2021-10-03 20:26:06_
--------
[489b9caeed7f023e28fa9d1e9b69c384]
`登陆天数: 332天 / 418天
等级: 99
石头: 66
呼符: 5
友情点: 25 / 1040220`
*連続ログイン3日目
※ログインが途切れるか、7日到達すると
1日目から再開されます*
`叡智の猛火 X 1
10月交換券(2021) X 1
`_2021-10-03 20:26:16_
--------
