【登录信息】
[5be1eb651b6f675892f00b0952b3cadb]
`登陆天数: 334天 / 1140天
等级: 150
石头: 11
呼符: 8
友情点: 0 / 15385315`
*連続ログイン5日目
※ログインが途切れるか、7日到達すると
1日目から再開されます*
`叡智の猛火 X 2
10月交換券(2021) X 1
`_2021-10-04 20:27:13_
--------
[9cfc24f569d65a92010a7c9549af2192]
`登陆天数: 334天 / 624天
等级: 99
石头: 31
呼符: 5
友情点: 0 / 1098010`
*連続ログイン5日目
※ログインが途切れるか、7日到達すると
1日目から再開されます*
`叡智の猛火 X 2
10月交換券(2021) X 1
`_2021-10-04 20:27:24_
--------
[dfc9a9f4b3655841a6372642c60bb90d]
`登陆天数: 334天 / 681天
等级: 105
石头: 16
呼符: 5
友情点: 0 / 1454900`
*連続ログイン5日目
※ログインが途切れるか、7日到達すると
1日目から再開されます*
`叡智の猛火 X 2
10月交換券(2021) X 1
`_2021-10-04 20:27:34_
--------
[489b9caeed7f023e28fa9d1e9b69c384]
`登陆天数: 333天 / 419天
等级: 99
石头: 66
呼符: 5
友情点: 0 / 1040620`
*連続ログイン4日目
※ログインが途切れるか、7日到達すると
1日目から再開されます*
`聖晶石 X 1
10月交換券(2021) X 1
`_2021-10-04 20:27:44_
--------
