【登录信息】
[5be1eb651b6f675892f00b0952b3cadb]
`登陆天数: 336天 / 1142天
等级: 150
石头: 25
呼符: 8
友情点: 0 / 15512525`
*連続ログイン7日間到達おめでとうございます！
明日は1日目からリスタートされます。*
`獣の足跡 X 1
呼符 X 1
10月交換券(2021) X 1
`_2021-10-06 20:26:43_
--------
[9cfc24f569d65a92010a7c9549af2192]
`登陆天数: 336天 / 626天
等级: 99
石头: 33
呼符: 5
友情点: 25 / 1102985`
*連続ログイン7日間到達おめでとうございます！
明日は1日目からリスタートされます。*
`獣の足跡 X 1
呼符 X 1
10月交換券(2021) X 1
`_2021-10-06 20:26:54_
--------
[dfc9a9f4b3655841a6372642c60bb90d]
`登陆天数: 336天 / 683天
等级: 105
石头: 18
呼符: 5
友情点: 0 / 1459700`
*連続ログイン7日間到達おめでとうございます！
明日は1日目からリスタートされます。*
`獣の足跡 X 1
呼符 X 1
10月交換券(2021) X 1
`_2021-10-06 20:27:04_
--------
[489b9caeed7f023e28fa9d1e9b69c384]
`登陆天数: 335天 / 421天
等级: 99
石头: 67
呼符: 5
友情点: 0 / 1045520`
*連続ログイン6日目
※ログインが途切れるか、7日到達すると
1日目から再開されます*
`聖晶石 X 2
10月交換券(2021) X 1
`_2021-10-06 20:27:14_
--------
