【登录信息】
[5be1eb651b6f675892f00b0952b3cadb]
`登陆天数: 337天 / 1143天
等级: 150
石头: 30
呼符: 9
友情点: 30525 / 15574750`
*連続ログイン1日目
※ログインが途切れるか、7日到達すると
1日目から再開されます*
`フレンドポイント X 2000
10月交換券(2021) X 1
`_2021-10-07 20:25:12_
--------
[9cfc24f569d65a92010a7c9549af2192]
`登陆天数: 337天 / 627天
等级: 99
石头: 38
呼符: 6
友情点: 50 / 1105485`
*連続ログイン1日目
※ログインが途切れるか、7日到達すると
1日目から再開されます*
`フレンドポイント X 2000
10月交換券(2021) X 1
`_2021-10-07 20:25:23_
--------
[dfc9a9f4b3655841a6372642c60bb90d]
`登陆天数: 337天 / 684天
等级: 105
石头: 23
呼符: 6
友情点: 0 / 1462100`
*連続ログイン1日目
※ログインが途切れるか、7日到達すると
1日目から再開されます*
`フレンドポイント X 2000
10月交換券(2021) X 1
`_2021-10-07 20:25:33_
--------
[489b9caeed7f023e28fa9d1e9b69c384]
`登陆天数: 336天 / 422天
等级: 99
石头: 76
呼符: 5
友情点: 25 / 1047970`
*連続ログイン7日間到達おめでとうございます！
明日は1日目からリスタートされます。*
`獣の足跡 X 1
呼符 X 1
10月交換券(2021) X 1
`_2021-10-07 20:25:43_
--------
