【登录信息】
[5be1eb651b6f675892f00b0952b3cadb]
`登陆天数: 338天 / 1144天
等级: 150
石头: 30
呼符: 9
友情点: 30300 / 15607850`
*連続ログイン2日目
※ログインが途切れるか、7日到達すると
1日目から再開されます*
`聖晶石 X 1
10月交換券(2021) X 1
`_2021-10-08 20:26:49_
--------
[9cfc24f569d65a92010a7c9549af2192]
`登陆天数: 338天 / 628天
等级: 99
石头: 38
呼符: 6
友情点: 35 / 1108720`
*連続ログイン2日目
※ログインが途切れるか、7日到達すると
1日目から再開されます*
`聖晶石 X 1
10月交換券(2021) X 1
`_2021-10-08 20:27:00_
--------
[dfc9a9f4b3655841a6372642c60bb90d]
`登陆天数: 338天 / 685天
等级: 105
石头: 23
呼符: 6
友情点: 0 / 1465300`
*連続ログイン2日目
※ログインが途切れるか、7日到達すると
1日目から再開されます*
`聖晶石 X 1
10月交換券(2021) X 1
`_2021-10-08 20:27:10_
--------
[489b9caeed7f023e28fa9d1e9b69c384]
`登陆天数: 337天 / 423天
等级: 99
石头: 76
呼符: 6
友情点: 0 / 1049170`
*連続ログイン1日目
※ログインが途切れるか、7日到達すると
1日目から再開されます*
`フレンドポイント X 2000
10月交換券(2021) X 1
`_2021-10-08 20:27:20_
--------
