【登录信息】
[5be1eb651b6f675892f00b0952b3cadb]
`登陆天数: 340天 / 1146天
等级: 150
石头: 31
呼符: 9
友情点: 27560 / 15732340`
*連続ログイン4日目
※ログインが途切れるか、7日到達すると
1日目から再開されます*
`聖晶石 X 1
10月交換券(2021) X 1
`_2021-10-10 20:26:10_
--------
[9cfc24f569d65a92010a7c9549af2192]
`登陆天数: 340天 / 630天
等级: 99
石头: 39
呼符: 6
友情点: 50 / 1113670`
*連続ログイン4日目
※ログインが途切れるか、7日到達すると
1日目から再開されます*
`聖晶石 X 1
10月交換券(2021) X 1
`_2021-10-10 20:26:20_
--------
[dfc9a9f4b3655841a6372642c60bb90d]
`登陆天数: 340天 / 687天
等级: 105
石头: 24
呼符: 6
友情点: 0 / 1470150`
*連続ログイン4日目
※ログインが途切れるか、7日到達すると
1日目から再開されます*
`聖晶石 X 1
10月交換券(2021) X 1
`_2021-10-10 20:26:31_
--------
[489b9caeed7f023e28fa9d1e9b69c384]
`登陆天数: 339天 / 425天
等级: 99
石头: 77
呼符: 6
友情点: 0 / 1056045`
*連続ログイン3日目
※ログインが途切れるか、7日到達すると
1日目から再開されます*
`叡智の猛火 X 1
10月交換券(2021) X 1
`_2021-10-10 20:26:41_
--------
