【登录信息】
[5be1eb651b6f675892f00b0952b3cadb]
`登陆天数: 341天 / 1147天
等级: 150
石头: 34
呼符: 9
友情点: 30685 / 15795700`
*連続ログイン5日目
※ログインが途切れるか、7日到達すると
1日目から再開されます*
`叡智の猛火 X 2
10月交換券(2021) X 1
`_2021-10-11 20:26:41_
--------
[9cfc24f569d65a92010a7c9549af2192]
`登陆天数: 341天 / 631天
等级: 99
石头: 40
呼符: 6
友情点: 50 / 1116120`
*連続ログイン5日目
※ログインが途切れるか、7日到達すると
1日目から再開されます*
`叡智の猛火 X 2
10月交換券(2021) X 1
`_2021-10-11 20:26:51_
--------
[dfc9a9f4b3655841a6372642c60bb90d]
`登陆天数: 341天 / 688天
等级: 105
石头: 25
呼符: 6
友情点: 0 / 1472550`
*連続ログイン5日目
※ログインが途切れるか、7日到達すると
1日目から再開されます*
`叡智の猛火 X 2
10月交換券(2021) X 1
`_2021-10-11 20:27:01_
--------
[489b9caeed7f023e28fa9d1e9b69c384]
`登陆天数: 340天 / 426天
等级: 99
石头: 77
呼符: 6
友情点: 0 / 1058470`
*連続ログイン4日目
※ログインが途切れるか、7日到達すると
1日目から再開されます*
`聖晶石 X 1
10月交換券(2021) X 1
`_2021-10-11 20:27:11_
--------
