【登录信息】
[5be1eb651b6f675892f00b0952b3cadb]
`登陆天数: 342天 / 1148天
等级: 150
石头: 36
呼符: 9
友情点: 30210 / 15859185`
*連続ログイン6日目
※ログインが途切れるか、7日到達すると
1日目から再開されます*
`聖晶石 X 2
10月交換券(2021) X 1
`_2021-10-12 20:26:46_
--------
[9cfc24f569d65a92010a7c9549af2192]
`登陆天数: 342天 / 632天
等级: 99
石头: 40
呼符: 6
友情点: 25 / 1118570`
*連続ログイン6日目
※ログインが途切れるか、7日到達すると
1日目から再開されます*
`聖晶石 X 2
10月交換券(2021) X 1
`_2021-10-12 20:26:56_
--------
[dfc9a9f4b3655841a6372642c60bb90d]
`登陆天数: 342天 / 689天
等级: 105
石头: 25
呼符: 6
友情点: 0 / 1474950`
*連続ログイン6日目
※ログインが途切れるか、7日到達すると
1日目から再開されます*
`聖晶石 X 2
10月交換券(2021) X 1
`_2021-10-12 20:27:06_
--------
[489b9caeed7f023e28fa9d1e9b69c384]
`登陆天数: 341天 / 427天
等级: 99
石头: 78
呼符: 6
友情点: 0 / 1060895`
*連続ログイン5日目
※ログインが途切れるか、7日到達すると
1日目から再開されます*
`叡智の猛火 X 2
10月交換券(2021) X 1
`_2021-10-12 20:27:16_
--------
