【登录信息】
[5be1eb651b6f675892f00b0952b3cadb]
`登陆天数: 343天 / 1149天
等级: 150
石头: 11
呼符: 0
友情点: 100 / 15890560`
*連続ログイン7日間到達おめでとうございます！
明日は1日目からリスタートされます。*
`獣の足跡 X 1
呼符 X 1
10月交換券(2021) X 1
`*ハロウィン・ライジング！ ～砂塵の女王と暗黒の使徒～ 開催直前特別ログインボーナス*
*開催期間中、1日1回 最大7回 ログインボーナスをプレゼント！*
`白銀の果実 X 1
`_2021-10-13 20:26:49_
--------
[9cfc24f569d65a92010a7c9549af2192]
`登陆天数: 343天 / 633天
等级: 99
石头: 12
呼符: 1
友情点: 0 / 1119795`
*連続ログイン7日間到達おめでとうございます！
明日は1日目からリスタートされます。*
`獣の足跡 X 1
呼符 X 1
10月交換券(2021) X 1
`*ハロウィン・ライジング！ ～砂塵の女王と暗黒の使徒～ 開催直前特別ログインボーナス*
*開催期間中、1日1回 最大7回 ログインボーナスをプレゼント！*
`白銀の果実 X 1
`_2021-10-13 20:27:00_
--------
[dfc9a9f4b3655841a6372642c60bb90d]
`登陆天数: 343天 / 690天
等级: 105
石头: 27
呼符: 1
友情点: 0 / 1476160`
*連続ログイン7日間到達おめでとうございます！
明日は1日目からリスタートされます。*
`獣の足跡 X 1
呼符 X 1
10月交換券(2021) X 1
`*ハロウィン・ライジング！ ～砂塵の女王と暗黒の使徒～ 開催直前特別ログインボーナス*
*開催期間中、1日1回 最大7回 ログインボーナスをプレゼント！*
`白銀の果実 X 1
`_2021-10-13 20:27:11_
--------
[489b9caeed7f023e28fa9d1e9b69c384]
`登陆天数: 342天 / 428天
等级: 99
石头: 18
呼符: 1
友情点: 0 / 1062120`
*連続ログイン6日目
※ログインが途切れるか、7日到達すると
1日目から再開されます*
`聖晶石 X 2
10月交換券(2021) X 1
`*ハロウィン・ライジング！ ～砂塵の女王と暗黒の使徒～ 開催直前特別ログインボーナス*
*開催期間中、1日1回 最大7回 ログインボーナスをプレゼント！*
`白銀の果実 X 1
`_2021-10-13 20:27:22_
--------
