【登录信息】
[5be1eb651b6f675892f00b0952b3cadb]
`登陆天数: 345天 / 1151天
等级: 150
石头: 11
呼符: 0
友情点: 0 / 15985985`
*連続ログイン2日目
※ログインが途切れるか、7日到達すると
1日目から再開されます*
`聖晶石 X 1
10月交換券(2021) X 1
`*ハロウィン・ライジング！ ～砂塵の女王と暗黒の使徒～ 開催直前特別ログインボーナス*
*開催期間中、1日1回 最大7回 ログインボーナスをプレゼント！*
`黄金の果実 X 1
`_2021-10-15 20:27:01_
--------
[9cfc24f569d65a92010a7c9549af2192]
`登陆天数: 345天 / 635天
等级: 99
石头: 12
呼符: 2
友情点: 25 / 1125470`
*連続ログイン2日目
※ログインが途切れるか、7日到達すると
1日目から再開されます*
`聖晶石 X 1
10月交換券(2021) X 1
`*ハロウィン・ライジング！ ～砂塵の女王と暗黒の使徒～ 開催直前特別ログインボーナス*
*開催期間中、1日1回 最大7回 ログインボーナスをプレゼント！*
`黄金の果実 X 1
`_2021-10-15 20:27:11_
--------
[dfc9a9f4b3655841a6372642c60bb90d]
`登陆天数: 345天 / 692天
等级: 105
石头: 27
呼符: 2
友情点: 0 / 1481760`
*連続ログイン2日目
※ログインが途切れるか、7日到達すると
1日目から再開されます*
`聖晶石 X 1
10月交換券(2021) X 1
`*ハロウィン・ライジング！ ～砂塵の女王と暗黒の使徒～ 開催直前特別ログインボーナス*
*開催期間中、1日1回 最大7回 ログインボーナスをプレゼント！*
`黄金の果実 X 1
`_2021-10-15 20:27:21_
--------
[489b9caeed7f023e28fa9d1e9b69c384]
`登陆天数: 344天 / 430天
等级: 99
石头: 20
呼符: 2
友情点: 50 / 1065820`
*連続ログイン1日目
※ログインが途切れるか、7日到達すると
1日目から再開されます*
`フレンドポイント X 2000
10月交換券(2021) X 1
`*ハロウィン・ライジング！ ～砂塵の女王と暗黒の使徒～ 開催直前特別ログインボーナス*
*開催期間中、1日1回 最大7回 ログインボーナスをプレゼント！*
`黄金の果実 X 1
`_2021-10-15 20:27:31_
--------
