【登录信息】
[5be1eb651b6f675892f00b0952b3cadb]
`登陆天数: 347天 / 1153天
等级: 150
石头: 12
呼符: 0
友情点: 31750 / 16080885`
*連続ログイン4日目
※ログインが途切れるか、7日到達すると
1日目から再開されます*
`聖晶石 X 1
10月交換券(2021) X 1
`*ハロウィン・ライジング！ ～砂塵の女王と暗黒の使徒～ 開催直前特別ログインボーナス*
*開催期間中、1日1回 最大7回 ログインボーナスをプレゼント！*
`黄金の果実 X 1
`_2021-10-17 20:26:33_
--------
[9cfc24f569d65a92010a7c9549af2192]
`登陆天数: 347天 / 637天
等级: 99
石头: 13
呼符: 2
友情点: 50 / 1129195`
*連続ログイン4日目
※ログインが途切れるか、7日到達すると
1日目から再開されます*
`聖晶石 X 1
10月交換券(2021) X 1
`*ハロウィン・ライジング！ ～砂塵の女王と暗黒の使徒～ 開催直前特別ログインボーナス*
*開催期間中、1日1回 最大7回 ログインボーナスをプレゼント！*
`黄金の果実 X 1
`_2021-10-17 20:26:44_
--------
[dfc9a9f4b3655841a6372642c60bb90d]
`登陆天数: 347天 / 694天
等级: 105
石头: 28
呼符: 2
友情点: 0 / 1485360`
*連続ログイン4日目
※ログインが途切れるか、7日到達すると
1日目から再開されます*
`聖晶石 X 1
10月交換券(2021) X 1
`*ハロウィン・ライジング！ ～砂塵の女王と暗黒の使徒～ 開催直前特別ログインボーナス*
*開催期間中、1日1回 最大7回 ログインボーナスをプレゼント！*
`黄金の果実 X 1
`_2021-10-17 20:26:54_
--------
[489b9caeed7f023e28fa9d1e9b69c384]
`登陆天数: 346天 / 432天
等级: 99
石头: 21
呼符: 2
友情点: 25 / 1071445`
*連続ログイン3日目
※ログインが途切れるか、7日到達すると
1日目から再開されます*
`叡智の猛火 X 1
10月交換券(2021) X 1
`*ハロウィン・ライジング！ ～砂塵の女王と暗黒の使徒～ 開催直前特別ログインボーナス*
*開催期間中、1日1回 最大7回 ログインボーナスをプレゼント！*
`黄金の果実 X 1
`_2021-10-17 20:27:04_
--------
