【登录信息】
[5be1eb651b6f675892f00b0952b3cadb]
`登陆天数: 349天 / 1155天
等级: 150
石头: 9
呼符: 0
友情点: 0 / 16178860`
*連続ログイン6日目
※ログインが途切れるか、7日到達すると
1日目から再開されます*
`聖晶石 X 2
10月交換券(2021) X 1
`*ハロウィン・ライジング！ ～砂塵の女王と暗黒の使徒～ 開催直前特別ログインボーナス*
*開催期間中、1日1回 最大7回 ログインボーナスをプレゼント！*
`黄金の果実 X 1
`_2021-10-19 20:27:07_
--------
[9cfc24f569d65a92010a7c9549af2192]
`登陆天数: 349天 / 639天
等级: 99
石头: 14
呼符: 2
友情点: 50 / 1132920`
*連続ログイン6日目
※ログインが途切れるか、7日到達すると
1日目から再開されます*
`聖晶石 X 2
10月交換券(2021) X 1
`*ハロウィン・ライジング！ ～砂塵の女王と暗黒の使徒～ 開催直前特別ログインボーナス*
*開催期間中、1日1回 最大7回 ログインボーナスをプレゼント！*
`黄金の果実 X 1
`_2021-10-19 20:27:18_
--------
[dfc9a9f4b3655841a6372642c60bb90d]
`登陆天数: 349天 / 696天
等级: 105
石头: 29
呼符: 2
友情点: 0 / 1488960`
*連続ログイン6日目
※ログインが途切れるか、7日到達すると
1日目から再開されます*
`聖晶石 X 2
10月交換券(2021) X 1
`*ハロウィン・ライジング！ ～砂塵の女王と暗黒の使徒～ 開催直前特別ログインボーナス*
*開催期間中、1日1回 最大7回 ログインボーナスをプレゼント！*
`黄金の果実 X 1
`_2021-10-19 20:27:28_
--------
[489b9caeed7f023e28fa9d1e9b69c384]
`登陆天数: 348天 / 434天
等级: 99
石头: 22
呼符: 2
友情点: 25 / 1075130`
*連続ログイン5日目
※ログインが途切れるか、7日到達すると
1日目から再開されます*
`叡智の猛火 X 2
10月交換券(2021) X 1
`*ハロウィン・ライジング！ ～砂塵の女王と暗黒の使徒～ 開催直前特別ログインボーナス*
*開催期間中、1日1回 最大7回 ログインボーナスをプレゼント！*
`黄金の果実 X 1
`_2021-10-19 20:27:39_
--------
