【登录信息】
[5be1eb651b6f675892f00b0952b3cadb]
`登陆天数: 350天 / 1156天
等级: 150
石头: 12
呼符: 0
友情点: 0 / 16238535`
*連続ログイン7日間到達おめでとうございます！
明日は1日目からリスタートされます。*
`獣の足跡 X 1
呼符 X 1
10月交換券(2021) X 1
`*FGO カルデア放送局 ライト版 ～ハロウィン・ライジング！～ 放送記念 初回ログインボーナス*
*開催期間中、初回ログインで「聖晶石×12」をプレゼント！*
`聖晶石 X 12
`_2021-10-20 20:27:05_
--------
[9cfc24f569d65a92010a7c9549af2192]
`登陆天数: 350天 / 640天
等级: 100
石头: 19
呼符: 2
友情点: 25 / 1136670`
*連続ログイン7日間到達おめでとうございます！
明日は1日目からリスタートされます。*
`獣の足跡 X 1
呼符 X 1
10月交換券(2021) X 1
`*FGO カルデア放送局 ライト版 ～ハロウィン・ライジング！～ 放送記念 初回ログインボーナス*
*開催期間中、初回ログインで「聖晶石×12」をプレゼント！*
`聖晶石 X 12
`_2021-10-20 20:27:16_
--------
[dfc9a9f4b3655841a6372642c60bb90d]
`登陆天数: 350天 / 697天
等级: 105
石头: 31
呼符: 2
友情点: 0 / 1491360`
*連続ログイン7日間到達おめでとうございます！
明日は1日目からリスタートされます。*
`獣の足跡 X 1
呼符 X 1
10月交換券(2021) X 1
`*FGO カルデア放送局 ライト版 ～ハロウィン・ライジング！～ 放送記念 初回ログインボーナス*
*開催期間中、初回ログインで「聖晶石×12」をプレゼント！*
`聖晶石 X 12
`_2021-10-20 20:27:27_
--------
[489b9caeed7f023e28fa9d1e9b69c384]
`登陆天数: 349天 / 435天
等级: 99
石头: 22
呼符: 2
友情点: 0 / 1077555`
*連続ログイン6日目
※ログインが途切れるか、7日到達すると
1日目から再開されます*
`聖晶石 X 2
10月交換券(2021) X 1
`*FGO カルデア放送局 ライト版 ～ハロウィン・ライジング！～ 放送記念 初回ログインボーナス*
*開催期間中、初回ログインで「聖晶石×12」をプレゼント！*
`聖晶石 X 12
`_2021-10-20 20:27:37_
--------
