【登录信息】
[5be1eb651b6f675892f00b0952b3cadb]
`登陆天数: 351天 / 1157天
等级: 150
石头: 29
呼符: 0
友情点: 0 / 16269610`
*連続ログイン1日目
※ログインが途切れるか、7日到達すると
1日目から再開されます*
`フレンドポイント X 2000
10月交換券(2021) X 1
`_2021-10-21 20:27:46_
--------
[9cfc24f569d65a92010a7c9549af2192]
`登陆天数: 351天 / 641天
等级: 100
石头: 39
呼符: 3
友情点: 50 / 1137920`
*連続ログイン1日目
※ログインが途切れるか、7日到達すると
1日目から再開されます*
`フレンドポイント X 2000
10月交換券(2021) X 1
`_2021-10-21 20:27:58_
--------
[dfc9a9f4b3655841a6372642c60bb90d]
`登陆天数: 351天 / 698天
等级: 105
石头: 48
呼符: 3
友情点: 0 / 1492560`
*連続ログイン1日目
※ログインが途切れるか、7日到達すると
1日目から再開されます*
`フレンドポイント X 2000
10月交換券(2021) X 1
`_2021-10-21 20:28:09_
--------
[489b9caeed7f023e28fa9d1e9b69c384]
`登陆天数: 350天 / 436天
等级: 99
石头: 41
呼符: 2
友情点: 25 / 1078780`
*連続ログイン7日間到達おめでとうございます！
明日は1日目からリスタートされます。*
`獣の足跡 X 1
呼符 X 1
10月交換券(2021) X 1
`_2021-10-21 20:28:20_
--------
