【登录信息】
[5be1eb651b6f675892f00b0952b3cadb]
`登陆天数: 352天 / 1158天
等级: 150
石头: 26
呼符: 0
友情点: 0 / 16333720`
*連続ログイン2日目
※ログインが途切れるか、7日到達すると
1日目から再開されます*
`聖晶石 X 1
10月交換券(2021) X 1
`_2021-10-22 20:27:15_
--------
[9cfc24f569d65a92010a7c9549af2192]
`登陆天数: 352天 / 642天
等级: 100
石头: 39
呼符: 3
友情点: 75 / 1142420`
*連続ログイン2日目
※ログインが途切れるか、7日到達すると
1日目から再開されます*
`聖晶石 X 1
10月交換券(2021) X 1
`_2021-10-22 20:27:27_
--------
[dfc9a9f4b3655841a6372642c60bb90d]
`登陆天数: 352天 / 699天
等级: 105
石头: 48
呼符: 3
友情点: 0 / 1496960`
*連続ログイン2日目
※ログインが途切れるか、7日到達すると
1日目から再開されます*
`聖晶石 X 1
10月交換券(2021) X 1
`_2021-10-22 20:27:37_
--------
[489b9caeed7f023e28fa9d1e9b69c384]
`登陆天数: 351天 / 437天
等级: 99
石头: 41
呼符: 3
友情点: 25 / 1081280`
*連続ログイン1日目
※ログインが途切れるか、7日到達すると
1日目から再開されます*
`フレンドポイント X 2000
10月交換券(2021) X 1
`_2021-10-22 20:27:47_
--------
