【登录信息】
[5be1eb651b6f675892f00b0952b3cadb]
`登陆天数: 353天 / 1159天
等级: 150
石头: 27
呼符: 0
友情点: 30400 / 16364770`
*連続ログイン3日目
※ログインが途切れるか、7日到達すると
1日目から再開されます*
`叡智の猛火 X 1
10月交換券(2021) X 1
`_2021-10-23 20:26:33_
--------
[9cfc24f569d65a92010a7c9549af2192]
`登陆天数: 353天 / 643天
等级: 100
石头: 40
呼符: 3
友情点: 0 / 1143620`
*連続ログイン3日目
※ログインが途切れるか、7日到達すると
1日目から再開されます*
`叡智の猛火 X 1
10月交換券(2021) X 1
`_2021-10-23 20:26:44_
--------
[dfc9a9f4b3655841a6372642c60bb90d]
`登陆天数: 353天 / 700天
等级: 105
石头: 49
呼符: 3
友情点: 0 / 1498160`
*連続ログイン3日目
※ログインが途切れるか、7日到達すると
1日目から再開されます*
`叡智の猛火 X 1
10月交換券(2021) X 1
`_2021-10-23 20:26:54_
--------
[489b9caeed7f023e28fa9d1e9b69c384]
`登陆天数: 352天 / 438天
等级: 99
石头: 41
呼符: 3
友情点: 50 / 1084530`
*連続ログイン2日目
※ログインが途切れるか、7日到達すると
1日目から再開されます*
`聖晶石 X 1
10月交換券(2021) X 1
`_2021-10-23 20:27:04_
--------
