【登录信息】
[5be1eb651b6f675892f00b0952b3cadb]
`登陆天数: 354天 / 1160天
等级: 150
石头: 24
呼符: 0
友情点: 30400 / 16395895`
*連続ログイン4日目
※ログインが途切れるか、7日到達すると
1日目から再開されます*
`聖晶石 X 1
10月交換券(2021) X 1
`_2021-10-24 20:26:32_
--------
[9cfc24f569d65a92010a7c9549af2192]
`登陆天数: 354天 / 644天
等级: 100
石头: 40
呼符: 3
友情点: 50 / 1144870`
*連続ログイン4日目
※ログインが途切れるか、7日到達すると
1日目から再開されます*
`聖晶石 X 1
10月交換券(2021) X 1
`_2021-10-24 20:26:43_
--------
[dfc9a9f4b3655841a6372642c60bb90d]
`登陆天数: 354天 / 701天
等级: 105
石头: 79
呼符: 3
友情点: 0 / 1499380`
*連続ログイン4日目
※ログインが途切れるか、7日到達すると
1日目から再開されます*
`聖晶石 X 1
10月交換券(2021) X 1
`_2021-10-24 20:26:53_
--------
[489b9caeed7f023e28fa9d1e9b69c384]
`登陆天数: 353天 / 439天
等级: 99
石头: 42
呼符: 3
友情点: 0 / 1085730`
*連続ログイン3日目
※ログインが途切れるか、7日到達すると
1日目から再開されます*
`叡智の猛火 X 1
10月交換券(2021) X 1
`_2021-10-24 20:27:04_
--------
