【登录信息】
[5be1eb651b6f675892f00b0952b3cadb]
`登陆天数: 355天 / 1161天
等级: 150
石头: 26
呼符: 0
友情点: 0 / 16427165`
*連続ログイン5日目
※ログインが途切れるか、7日到達すると
1日目から再開されます*
`叡智の猛火 X 2
10月交換券(2021) X 1
`_2021-10-25 20:27:13_
--------
[9cfc24f569d65a92010a7c9549af2192]
`登陆天数: 355天 / 645天
等级: 100
石头: 41
呼符: 3
友情点: 25 / 1146095`
*連続ログイン5日目
※ログインが途切れるか、7日到達すると
1日目から再開されます*
`叡智の猛火 X 2
10月交換券(2021) X 1
`_2021-10-25 20:27:23_
--------
[dfc9a9f4b3655841a6372642c60bb90d]
`登陆天数: 355天 / 702天
等级: 105
石头: 80
呼符: 3
友情点: 10 / 1500610`
*連続ログイン5日目
※ログインが途切れるか、7日到達すると
1日目から再開されます*
`叡智の猛火 X 2
10月交換券(2021) X 1
`_2021-10-25 20:27:33_
--------
[489b9caeed7f023e28fa9d1e9b69c384]
`登陆天数: 354天 / 440天
等级: 99
石头: 42
呼符: 3
友情点: 0 / 1086930`
*連続ログイン4日目
※ログインが途切れるか、7日到達すると
1日目から再開されます*
`聖晶石 X 1
10月交換券(2021) X 1
`_2021-10-25 20:27:43_
--------
