【登录信息】
[5be1eb651b6f675892f00b0952b3cadb]
`登陆天数: 356天 / 1162天
等级: 150
石头: 23
呼符: 0
友情点: 30410 / 16458325`
*連続ログイン6日目
※ログインが途切れるか、7日到達すると
1日目から再開されます*
`聖晶石 X 2
10月交換券(2021) X 1
`_2021-10-26 20:27:41_
--------
[9cfc24f569d65a92010a7c9549af2192]
`登陆天数: 356天 / 646天
等级: 100
石头: 41
呼符: 3
友情点: 25 / 1147320`
*連続ログイン6日目
※ログインが途切れるか、7日到達すると
1日目から再開されます*
`聖晶石 X 2
10月交換券(2021) X 1
`_2021-10-26 20:27:51_
--------
[dfc9a9f4b3655841a6372642c60bb90d]
`登陆天数: 356天 / 703天
等级: 105
石头: 80
呼符: 3
友情点: 0 / 1501810`
*連続ログイン6日目
※ログインが途切れるか、7日到達すると
1日目から再開されます*
`聖晶石 X 2
10月交換券(2021) X 1
`_2021-10-26 20:28:01_
--------
[489b9caeed7f023e28fa9d1e9b69c384]
`登陆天数: 355天 / 441天
等级: 99
石头: 43
呼符: 3
友情点: 25 / 1088155`
*連続ログイン5日目
※ログインが途切れるか、7日到達すると
1日目から再開されます*
`叡智の猛火 X 2
10月交換券(2021) X 1
`_2021-10-26 20:28:11_
--------
