【登录信息】
[5be1eb651b6f675892f00b0952b3cadb]
`登陆天数: 358天 / 1164天
等级: 150
石头: 35
呼符: 0
友情点: 245 / 16441135`
*連続ログイン1日目
※ログインが途切れるか、7日到達すると
1日目から再開されます*
`フレンドポイント X 2000
10月交換券(2021) X 1
`_2021-10-28 20:27:23_
--------
[9cfc24f569d65a92010a7c9549af2192]
`登陆天数: 358天 / 648天
等级: 100
石头: 48
呼符: 5
友情点: 0 / 1149870`
*連続ログイン1日目
※ログインが途切れるか、7日到達すると
1日目から再開されます*
`フレンドポイント X 2000
10月交換券(2021) X 1
`_2021-10-28 20:27:34_
--------
[dfc9a9f4b3655841a6372642c60bb90d]
`登陆天数: 358天 / 705天
等级: 105
石头: 87
呼符: 5
友情点: 0 / 1504330`
*連続ログイン1日目
※ログインが途切れるか、7日到達すると
1日目から再開されます*
`フレンドポイント X 2000
10月交換券(2021) X 1
`_2021-10-28 20:27:44_
--------
[489b9caeed7f023e28fa9d1e9b69c384]
`登陆天数: 357天 / 443天
等级: 99
石头: 50
呼符: 4
友情点: 0 / 1090705`
*連続ログイン7日間到達おめでとうございます！
明日は1日目からリスタートされます。*
`獣の足跡 X 1
呼符 X 1
10月交換券(2021) X 1
`_2021-10-28 20:27:55_
--------
