【登录信息】
[5be1eb651b6f675892f00b0952b3cadb]
`登陆天数: 360天 / 1166天
等级: 150
石头: 0
呼符: 0
友情点: 175 / 15604325`
*連続ログイン3日目
※ログインが途切れるか、7日到達すると
1日目から再開されます*
`叡智の猛火 X 1
10月交換券(2021) X 1
`_2021-10-30 20:26:42_
--------
[9cfc24f569d65a92010a7c9549af2192]
`登陆天数: 360天 / 650天
等级: 100
石头: 49
呼符: 5
友情点: 50 / 1153120`
*連続ログイン3日目
※ログインが途切れるか、7日到達すると
1日目から再開されます*
`叡智の猛火 X 1
10月交換券(2021) X 1
`_2021-10-30 20:26:54_
--------
[dfc9a9f4b3655841a6372642c60bb90d]
`登陆天数: 360天 / 707天
等级: 105
石头: 91
呼符: 5
友情点: 0 / 1507530`
*連続ログイン3日目
※ログインが途切れるか、7日到達すると
1日目から再開されます*
`叡智の猛火 X 1
10月交換券(2021) X 1
`_2021-10-30 20:27:04_
--------
[489b9caeed7f023e28fa9d1e9b69c384]
`登陆天数: 359天 / 445天
等级: 99
石头: 50
呼符: 5
友情点: 25 / 1093930`
*連続ログイン2日目
※ログインが途切れるか、7日到達すると
1日目から再開されます*
`聖晶石 X 1
10月交換券(2021) X 1
`_2021-10-30 20:27:14_
--------
