【登录信息】
*23df700802ec5473b0ba93e6647d6d6e*
`登陆天数: 114天 / 962天
等级: 127
石头: 781
呼符: 121
体力: 7129.253333333333 / 137
友情点: 0 / 209435`
*連続ログイン2日目
※ログインが途切れるか、7日到達すると
1日目から再開されます*
`聖晶石 X 1
11月交換券(2022) X 1
`*特異点修復応援キャンペーン 特別回数ログインボーナス*
*開催期間中、1日1回 最大7回 ログインボーナスをプレゼント！*
`叡智の業火 X 5
`_2022-10-31 19:17:22_
--------
*3f0a883330e065432578c3a409161e03*
`登陆天数: 114天 / 963天
等级: 122
石头: 3542
呼符: 117
体力: 7005.926666666666 / 136
友情点: 0 / 3938580`
*連続ログイン2日目
※ログインが途切れるか、7日到達すると
1日目から再開されます*
`聖晶石 X 1
11月交換券(2022) X 1
`*特異点修復応援キャンペーン 特別回数ログインボーナス*
*開催期間中、1日1回 最大7回 ログインボーナスをプレゼント！*
`叡智の業火 X 5
`_2022-10-31 19:17:30_
--------
*4ffa60d2f520051b4a05b83b5a84daa0*
`登陆天数: 113天 / 964天
等级: 123
石头: 3030
呼符: 131
体力: 7068.653333333334 / 136
友情点: 0 / 6946760`
*連続ログイン1日目
※ログインが途切れるか、7日到達すると
1日目から再開されます*
`フレンドポイント X 2000
11月交換券(2022) X 1
`*特異点修復応援キャンペーン 特別回数ログインボーナス*
*開催期間中、1日1回 最大7回 ログインボーナスをプレゼント！*
`叡智の業火 X 5
`_2022-10-31 19:17:38_
--------
