【登录信息】
*23df700802ec5473b0ba93e6647d6d6e*
`登陆天数: 115天 / 963天
等级: 127
石头: 781
呼符: 121
体力: 7417.4 / 137
友情点: 0 / 209435`
*連続ログイン3日目
※ログインが途切れるか、7日到達すると
1日目から再開されます*
`叡智の業火 X 1
11月交換券(2022) X 1
`*特異点修復応援キャンペーン 特別回数ログインボーナス*
*開催期間中、1日1回 最大7回 ログインボーナスをプレゼント！*
`フレンドポイント X 2000
`_2022-11-01 19:18:06_
--------
*3f0a883330e065432578c3a409161e03*
`登陆天数: 115天 / 964天
等级: 122
石头: 3542
呼符: 117
体力: 7294.073333333334 / 136
友情点: 0 / 3938580`
*連続ログイン3日目
※ログインが途切れるか、7日到達すると
1日目から再開されます*
`叡智の業火 X 1
11月交換券(2022) X 1
`*特異点修復応援キャンペーン 特別回数ログインボーナス*
*開催期間中、1日1回 最大7回 ログインボーナスをプレゼント！*
`フレンドポイント X 2000
`_2022-11-01 19:18:14_
--------
*4ffa60d2f520051b4a05b83b5a84daa0*
`登陆天数: 114天 / 965天
等级: 123
石头: 3030
呼符: 131
体力: 7356.8 / 136
友情点: 0 / 6946760`
*連続ログイン2日目
※ログインが途切れるか、7日到達すると
1日目から再開されます*
`聖晶石 X 1
11月交換券(2022) X 1
`*特異点修復応援キャンペーン 特別回数ログインボーナス*
*開催期間中、1日1回 最大7回 ログインボーナスをプレゼント！*
`フレンドポイント X 2000
`_2022-11-01 19:18:22_
--------
