【登录信息】
[9cfc24f569d65a92010a7c9549af2192]
`登陆天数: 1天 / 291天
等级: 91
石头: 1
友情点: 0 / 348485`
*連続ログイン1日目
※ログインが途切れるか、7日到達すると
1日目から再開されます*
`フレンドポイント X 2000
11月交換券(2020) X 1
`*「虚数大海戦イマジナリ・スクランブル ～ノーチラス浮上せよ～」開幕直前特別ログインボーナス！*
*開催期間中、1日1回 最大9回 ログインボーナスをプレゼント！*
`赤銅の果実 X 1
`_2020-11-06 19:08:04_
--------
[dfc9a9f4b3655841a6372642c60bb90d]
`登陆天数: 1天 / 348天
等级: 91
石头: 34
友情点: 0 / 527560`
*連続ログイン1日目
※ログインが途切れるか、7日到達すると
1日目から再開されます*
`フレンドポイント X 2000
11月交換券(2020) X 1
`*「虚数大海戦イマジナリ・スクランブル ～ノーチラス浮上せよ～」開幕直前特別ログインボーナス！*
*開催期間中、1日1回 最大9回 ログインボーナスをプレゼント！*
`赤銅の果実 X 1
`_2020-11-06 19:08:12_
--------
[5be1eb651b6f675892f00b0952b3cadb]
`登陆天数: 1天 / 807天
等级: 145
石头: 7
友情点: 0 / 2455670`
*連続ログイン1日目
※ログインが途切れるか、7日到達すると
1日目から再開されます*
`フレンドポイント X 2000
11月交換券(2020) X 1
`*「虚数大海戦イマジナリ・スクランブル ～ノーチラス浮上せよ～」開幕直前特別ログインボーナス！*
*開催期間中、1日1回 最大9回 ログインボーナスをプレゼント！*
`赤銅の果実 X 1
`_2020-11-06 19:08:20_
--------
