【登录信息】
[5be1eb651b6f675892f00b0952b3cadb]
`登陆天数: 4天 / 810天
等级: 145
石头: 7
友情点: 25 / 2455695`
*連続ログイン4日目
※ログインが途切れるか、7日到達すると
1日目から再開されます*
`聖晶石 X 1
11月交換券(2020) X 1
`*「虚数大海戦イマジナリ・スクランブル ～ノーチラス浮上せよ～」開幕直前特別ログインボーナス！*
*開催期間中、1日1回 最大9回 ログインボーナスをプレゼント！*
`白銀の果実 X 1
`_2020-11-08 19:35:44_
--------
[9cfc24f569d65a92010a7c9549af2192]
`登陆天数: 4天 / 294天
等级: 91
石头: 1
友情点: 0 / 348485`
*連続ログイン4日目
※ログインが途切れるか、7日到達すると
1日目から再開されます*
`聖晶石 X 1
11月交換券(2020) X 1
`*「虚数大海戦イマジナリ・スクランブル ～ノーチラス浮上せよ～」開幕直前特別ログインボーナス！*
*開催期間中、1日1回 最大9回 ログインボーナスをプレゼント！*
`白銀の果実 X 1
`_2020-11-08 19:35:53_
--------
[dfc9a9f4b3655841a6372642c60bb90d]
`登陆天数: 4天 / 351天
等级: 91
石头: 34
友情点: 0 / 527560`
*連続ログイン4日目
※ログインが途切れるか、7日到達すると
1日目から再開されます*
`聖晶石 X 1
11月交換券(2020) X 1
`*「虚数大海戦イマジナリ・スクランブル ～ノーチラス浮上せよ～」開幕直前特別ログインボーナス！*
*開催期間中、1日1回 最大9回 ログインボーナスをプレゼント！*
`白銀の果実 X 1
`_2020-11-08 19:36:01_
--------
[489b9caeed7f023e28fa9d1e9b69c384]
`登陆天数: 3天 / 89天
等级: 91
石头: 5
友情点: 0 / 300330`
*連続ログイン3日目
※ログインが途切れるか、7日到達すると
1日目から再開されます*
`叡智の猛火 X 1
11月交換券(2020) X 1
`*「虚数大海戦イマジナリ・スクランブル ～ノーチラス浮上せよ～」開幕直前特別ログインボーナス！*
*開催期間中、1日1回 最大9回 ログインボーナスをプレゼント！*
`赤銅の果実 X 3
`_2020-11-08 19:36:10_
--------
