【登录信息】
[5be1eb651b6f675892f00b0952b3cadb]
`登陆天数: 10天 / 816天
等级: 145
石头: 7
友情点: 50 / 2455805`
*連続ログイン3日目
※ログインが途切れるか、7日到達すると
1日目から再開されます*
`叡智の猛火 X 1
11月交換券(2020) X 1
`_2020-11-14 19:34:47_
--------
[9cfc24f569d65a92010a7c9549af2192]
`登陆天数: 10天 / 300天
等级: 91
石头: 1
友情点: 0 / 348535`
*連続ログイン3日目
※ログインが途切れるか、7日到達すると
1日目から再開されます*
`叡智の猛火 X 1
11月交換券(2020) X 1
`_2020-11-14 19:34:56_
--------
[dfc9a9f4b3655841a6372642c60bb90d]
`登陆天数: 10天 / 357天
等级: 91
石头: 34
友情点: 0 / 527560`
*連続ログイン3日目
※ログインが途切れるか、7日到達すると
1日目から再開されます*
`叡智の猛火 X 1
11月交換券(2020) X 1
`_2020-11-14 19:35:05_
--------
[489b9caeed7f023e28fa9d1e9b69c384]
`登陆天数: 9天 / 95天
等级: 91
石头: 5
友情点: 0 / 300330`
*連続ログイン2日目
※ログインが途切れるか、7日到達すると
1日目から再開されます*
`聖晶石 X 1
11月交換券(2020) X 1
`*「虚数大海戦イマジナリ・スクランブル ～ノーチラス浮上せよ～」開幕直前特別ログインボーナス！*
*開催期間中、1日1回 最大9回 ログインボーナスをプレゼント！*
`黄金の果実 X 3
`_2020-11-14 19:35:13_
--------
