【登录信息】
[5be1eb651b6f675892f00b0952b3cadb]
`登陆天数: 11天 / 817天
等级: 145
石头: 7
友情点: 50 / 2455855`
*連続ログイン4日目
※ログインが途切れるか、7日到達すると
1日目から再開されます*
`聖晶石 X 1
11月交換券(2020) X 1
`_2020-11-15 19:34:58_
--------
[9cfc24f569d65a92010a7c9549af2192]
`登陆天数: 11天 / 301天
等级: 91
石头: 1
友情点: 10 / 348545`
*連続ログイン4日目
※ログインが途切れるか、7日到達すると
1日目から再開されます*
`聖晶石 X 1
11月交換券(2020) X 1
`_2020-11-15 19:35:07_
--------
[dfc9a9f4b3655841a6372642c60bb90d]
`登陆天数: 11天 / 358天
等级: 91
石头: 34
友情点: 0 / 527560`
*連続ログイン4日目
※ログインが途切れるか、7日到達すると
1日目から再開されます*
`聖晶石 X 1
11月交換券(2020) X 1
`_2020-11-15 19:35:16_
--------
[489b9caeed7f023e28fa9d1e9b69c384]
`登陆天数: 10天 / 96天
等级: 91
石头: 5
友情点: 0 / 300330`
*連続ログイン3日目
※ログインが途切れるか、7日到達すると
1日目から再開されます*
`叡智の猛火 X 1
11月交換券(2020) X 1
`_2020-11-15 19:35:24_
--------
