【登录信息】
[5be1eb651b6f675892f00b0952b3cadb]
`登陆天数: 12天 / 818天
等级: 145
石头: 7
友情点: 10 / 2455865`
*連続ログイン5日目
※ログインが途切れるか、7日到達すると
1日目から再開されます*
`叡智の猛火 X 2
11月交換券(2020) X 1
`_2020-11-16 19:36:32_
--------
[9cfc24f569d65a92010a7c9549af2192]
`登陆天数: 12天 / 302天
等级: 91
石头: 1
友情点: 0 / 348545`
*連続ログイン5日目
※ログインが途切れるか、7日到達すると
1日目から再開されます*
`叡智の猛火 X 2
11月交換券(2020) X 1
`_2020-11-16 19:36:41_
--------
[dfc9a9f4b3655841a6372642c60bb90d]
`登陆天数: 12天 / 359天
等级: 91
石头: 34
友情点: 0 / 527560`
*連続ログイン5日目
※ログインが途切れるか、7日到達すると
1日目から再開されます*
`叡智の猛火 X 2
11月交換券(2020) X 1
`_2020-11-16 19:36:50_
--------
[489b9caeed7f023e28fa9d1e9b69c384]
`登陆天数: 11天 / 97天
等级: 91
石头: 5
友情点: 0 / 300330`
*連続ログイン4日目
※ログインが途切れるか、7日到達すると
1日目から再開されます*
`聖晶石 X 1
11月交換券(2020) X 1
`_2020-11-16 19:36:58_
--------
