【登录信息】
[5be1eb651b6f675892f00b0952b3cadb]
`登陆天数: 13天 / 819天
等级: 145
石头: 7
友情点: 0 / 2455865`
*連続ログイン6日目
※ログインが途切れるか、7日到達すると
1日目から再開されます*
`聖晶石 X 2
11月交換券(2020) X 1
`_2020-11-17 19:35:30_
--------
[9cfc24f569d65a92010a7c9549af2192]
`登陆天数: 13天 / 303天
等级: 91
石头: 1
友情点: 10 / 348555`
*連続ログイン6日目
※ログインが途切れるか、7日到達すると
1日目から再開されます*
`聖晶石 X 2
11月交換券(2020) X 1
`_2020-11-17 19:35:39_
--------
[dfc9a9f4b3655841a6372642c60bb90d]
`登陆天数: 13天 / 360天
等级: 91
石头: 34
友情点: 0 / 527560`
*連続ログイン6日目
※ログインが途切れるか、7日到達すると
1日目から再開されます*
`聖晶石 X 2
11月交換券(2020) X 1
`_2020-11-17 19:35:47_
--------
[489b9caeed7f023e28fa9d1e9b69c384]
`登陆天数: 12天 / 98天
等级: 91
石头: 5
友情点: 0 / 300330`
*連続ログイン5日目
※ログインが途切れるか、7日到達すると
1日目から再開されます*
`叡智の猛火 X 2
11月交換券(2020) X 1
`_2020-11-17 19:35:56_
--------
