【登录信息】
[5be1eb651b6f675892f00b0952b3cadb]
`登陆天数: 15天 / 821天
等级: 145
石头: 7
友情点: 25 / 2455940`
*連続ログイン1日目
※ログインが途切れるか、7日到達すると
1日目から再開されます*
`フレンドポイント X 2000
11月交換券(2020) X 1
`_2020-11-19 19:35:24_
--------
[9cfc24f569d65a92010a7c9549af2192]
`登陆天数: 15天 / 305天
等级: 91
石头: 1
友情点: 10 / 348565`
*連続ログイン1日目
※ログインが途切れるか、7日到達すると
1日目から再開されます*
`フレンドポイント X 2000
11月交換券(2020) X 1
`_2020-11-19 19:35:33_
--------
[dfc9a9f4b3655841a6372642c60bb90d]
`登陆天数: 15天 / 362天
等级: 91
石头: 34
友情点: 0 / 527560`
*連続ログイン1日目
※ログインが途切れるか、7日到達すると
1日目から再開されます*
`フレンドポイント X 2000
11月交換券(2020) X 1
`_2020-11-19 19:35:41_
--------
[489b9caeed7f023e28fa9d1e9b69c384]
`登陆天数: 14天 / 100天
等级: 91
石头: 5
友情点: 0 / 300330`
*連続ログイン7日間到達おめでとうございます！
明日は1日目からリスタートされます。*
`獣の足跡 X 1
呼符 X 1
11月交換券(2020) X 1
`_2020-11-19 19:35:49_
--------
