【登录信息】
[5be1eb651b6f675892f00b0952b3cadb]
`登陆天数: 16天 / 822天
等级: 145
石头: 7
友情点: 0 / 2455940`
*連続ログイン2日目
※ログインが途切れるか、7日到達すると
1日目から再開されます*
`聖晶石 X 1
11月交換券(2020) X 1
`_2020-11-20 19:35:24_
--------
[9cfc24f569d65a92010a7c9549af2192]
`登陆天数: 16天 / 306天
等级: 91
石头: 1
友情点: 0 / 348565`
*連続ログイン2日目
※ログインが途切れるか、7日到達すると
1日目から再開されます*
`聖晶石 X 1
11月交換券(2020) X 1
`_2020-11-20 19:35:33_
--------
[dfc9a9f4b3655841a6372642c60bb90d]
`登陆天数: 16天 / 363天
等级: 91
石头: 34
友情点: 0 / 527560`
*連続ログイン2日目
※ログインが途切れるか、7日到達すると
1日目から再開されます*
`聖晶石 X 1
11月交換券(2020) X 1
`_2020-11-20 19:35:42_
--------
[489b9caeed7f023e28fa9d1e9b69c384]
`登陆天数: 15天 / 101天
等级: 91
石头: 5
友情点: 0 / 300330`
*連続ログイン1日目
※ログインが途切れるか、7日到達すると
1日目から再開されます*
`フレンドポイント X 2000
11月交換券(2020) X 1
`_2020-11-20 19:35:50_
--------
