【登录信息】
[5be1eb651b6f675892f00b0952b3cadb]
`登陆天数: 18天 / 824天
等级: 145
石头: 7
友情点: 25 / 2455990`
*連続ログイン4日目
※ログインが途切れるか、7日到達すると
1日目から再開されます*
`聖晶石 X 1
11月交換券(2020) X 1
`_2020-11-22 19:35:40_
--------
[9cfc24f569d65a92010a7c9549af2192]
`登陆天数: 18天 / 308天
等级: 91
石头: 1
友情点: 0 / 348565`
*連続ログイン4日目
※ログインが途切れるか、7日到達すると
1日目から再開されます*
`聖晶石 X 1
11月交換券(2020) X 1
`_2020-11-22 19:35:50_
--------
[dfc9a9f4b3655841a6372642c60bb90d]
`登陆天数: 18天 / 365天
等级: 91
石头: 34
友情点: 10 / 527570`
*連続ログイン4日目
※ログインが途切れるか、7日到達すると
1日目から再開されます*
`聖晶石 X 1
11月交換券(2020) X 1
`_2020-11-22 19:35:58_
--------
[489b9caeed7f023e28fa9d1e9b69c384]
`登陆天数: 17天 / 103天
等级: 91
石头: 5
友情点: 0 / 300330`
*連続ログイン3日目
※ログインが途切れるか、7日到達すると
1日目から再開されます*
`叡智の猛火 X 1
11月交換券(2020) X 1
`_2020-11-22 19:36:06_
--------
