【登录信息】
[5be1eb651b6f675892f00b0952b3cadb]
`登陆天数: 19天 / 825天
等级: 145
石头: 7
友情点: 25 / 2456015`
*連続ログイン5日目
※ログインが途切れるか、7日到達すると
1日目から再開されます*
`叡智の猛火 X 2
11月交換券(2020) X 1
`_2020-11-23 19:35:50_
--------
[9cfc24f569d65a92010a7c9549af2192]
`登陆天数: 19天 / 309天
等级: 91
石头: 1
友情点: 0 / 348565`
*連続ログイン5日目
※ログインが途切れるか、7日到達すると
1日目から再開されます*
`叡智の猛火 X 2
11月交換券(2020) X 1
`_2020-11-23 19:36:00_
--------
[dfc9a9f4b3655841a6372642c60bb90d]
`登陆天数: 19天 / 366天
等级: 91
石头: 34
友情点: 0 / 527570`
*連続ログイン5日目
※ログインが途切れるか、7日到達すると
1日目から再開されます*
`叡智の猛火 X 2
11月交換券(2020) X 1
`_2020-11-23 19:36:08_
--------
[489b9caeed7f023e28fa9d1e9b69c384]
`登陆天数: 18天 / 104天
等级: 91
石头: 5
友情点: 0 / 300330`
*連続ログイン4日目
※ログインが途切れるか、7日到達すると
1日目から再開されます*
`聖晶石 X 1
11月交換券(2020) X 1
`_2020-11-23 19:36:16_
--------
