【登录信息】
[5be1eb651b6f675892f00b0952b3cadb]
`登陆天数: 23天 / 829天
等级: 145
石头: 88
友情点: 25 / 2461190`
*連続ログイン2日目
※ログインが途切れるか、7日到達すると
1日目から再開されます*
`聖晶石 X 1
11月交換券(2020) X 1
`*2200万DL突破記念 特別回数ログインボーナス*
*開催期間中、1日1回 最大4回 回数ログインボーナスをプレゼント！

*
`英霊結晶・日輪のフォウくん X 1
`_2020-11-27 19:35:49_
--------
[9cfc24f569d65a92010a7c9549af2192]
`登陆天数: 23天 / 313天
等级: 91
石头: 1
友情点: 0 / 348565`
*連続ログイン2日目
※ログインが途切れるか、7日到達すると
1日目から再開されます*
`聖晶石 X 1
11月交換券(2020) X 1
`*2200万DL突破記念 特別回数ログインボーナス*
*開催期間中、1日1回 最大4回 回数ログインボーナスをプレゼント！

*
`英霊結晶・日輪のフォウくん X 1
`_2020-11-27 19:35:58_
--------
[dfc9a9f4b3655841a6372642c60bb90d]
`登陆天数: 23天 / 370天
等级: 91
石头: 4
友情点: 0 / 541595`
*連続ログイン2日目
※ログインが途切れるか、7日到達すると
1日目から再開されます*
`聖晶石 X 1
11月交換券(2020) X 1
`*2200万DL突破記念 特別回数ログインボーナス*
*開催期間中、1日1回 最大4回 回数ログインボーナスをプレゼント！

*
`英霊結晶・日輪のフォウくん X 1
`_2020-11-27 19:36:07_
--------
[489b9caeed7f023e28fa9d1e9b69c384]
`登陆天数: 22天 / 108天
等级: 91
石头: 5
友情点: 0 / 300330`
*連続ログイン1日目
※ログインが途切れるか、7日到達すると
1日目から再開されます*
`フレンドポイント X 2000
11月交換券(2020) X 1
`*2200万DL突破記念 特別回数ログインボーナス*
*開催期間中、1日1回 最大4回 回数ログインボーナスをプレゼント！

*
`英霊結晶・日輪のフォウくん X 1
`_2020-11-27 19:36:15_
--------
