【登录信息】
[5be1eb651b6f675892f00b0952b3cadb]
`登陆天数: 24天 / 830天
等级: 145
石头: 88
友情点: 10 / 2461200`
*連続ログイン3日目
※ログインが途切れるか、7日到達すると
1日目から再開されます*
`叡智の猛火 X 1
11月交換券(2020) X 1
`*2200万DL突破記念 特別回数ログインボーナス*
*開催期間中、1日1回 最大4回 回数ログインボーナスをプレゼント！

*
`レアプリズム X 1
`_2020-11-28 19:35:34_
--------
[9cfc24f569d65a92010a7c9549af2192]
`登陆天数: 24天 / 314天
等级: 91
石头: 1
友情点: 0 / 348565`
*連続ログイン3日目
※ログインが途切れるか、7日到達すると
1日目から再開されます*
`叡智の猛火 X 1
11月交換券(2020) X 1
`*2200万DL突破記念 特別回数ログインボーナス*
*開催期間中、1日1回 最大4回 回数ログインボーナスをプレゼント！

*
`レアプリズム X 1
`_2020-11-28 19:35:43_
--------
[dfc9a9f4b3655841a6372642c60bb90d]
`登陆天数: 24天 / 371天
等级: 91
石头: 4
友情点: 0 / 541595`
*連続ログイン3日目
※ログインが途切れるか、7日到達すると
1日目から再開されます*
`叡智の猛火 X 1
11月交換券(2020) X 1
`*2200万DL突破記念 特別回数ログインボーナス*
*開催期間中、1日1回 最大4回 回数ログインボーナスをプレゼント！

*
`レアプリズム X 1
`_2020-11-28 19:35:51_
--------
[489b9caeed7f023e28fa9d1e9b69c384]
`登陆天数: 23天 / 109天
等级: 91
石头: 5
友情点: 0 / 300330`
*連続ログイン2日目
※ログインが途切れるか、7日到達すると
1日目から再開されます*
`聖晶石 X 1
11月交換券(2020) X 1
`*2200万DL突破記念 特別回数ログインボーナス*
*開催期間中、1日1回 最大4回 回数ログインボーナスをプレゼント！

*
`レアプリズム X 1
`_2020-11-28 19:35:59_
--------
