【登录信息】
[5be1eb651b6f675892f00b0952b3cadb]
`登陆天数: 25天 / 831天
等级: 145
石头: 88
友情点: 95 / 2461295`
*連続ログイン4日目
※ログインが途切れるか、7日到達すると
1日目から再開されます*
`聖晶石 X 1
11月交換券(2020) X 1
`*2200万DL突破記念 特別連続ログインボーナス*
*開催期間中、1日1回 最大7回 連続ログインボーナスをプレゼント！
*
`英霊結晶・星のフォウくん X 10
`_2020-11-29 19:35:33_
--------
[9cfc24f569d65a92010a7c9549af2192]
`登陆天数: 25天 / 315天
等级: 91
石头: 1
友情点: 0 / 348565`
*連続ログイン4日目
※ログインが途切れるか、7日到達すると
1日目から再開されます*
`聖晶石 X 1
11月交換券(2020) X 1
`*2200万DL突破記念 特別連続ログインボーナス*
*開催期間中、1日1回 最大7回 連続ログインボーナスをプレゼント！
*
`英霊結晶・星のフォウくん X 10
`_2020-11-29 19:35:43_
--------
[dfc9a9f4b3655841a6372642c60bb90d]
`登陆天数: 25天 / 372天
等级: 91
石头: 4
友情点: 0 / 541595`
*連続ログイン4日目
※ログインが途切れるか、7日到達すると
1日目から再開されます*
`聖晶石 X 1
11月交換券(2020) X 1
`*2200万DL突破記念 特別連続ログインボーナス*
*開催期間中、1日1回 最大7回 連続ログインボーナスをプレゼント！
*
`英霊結晶・星のフォウくん X 10
`_2020-11-29 19:35:51_
--------
[489b9caeed7f023e28fa9d1e9b69c384]
`登陆天数: 24天 / 110天
等级: 91
石头: 5
友情点: 0 / 300330`
*連続ログイン3日目
※ログインが途切れるか、7日到達すると
1日目から再開されます*
`叡智の猛火 X 1
11月交換券(2020) X 1
`*2200万DL突破記念 特別連続ログインボーナス*
*開催期間中、1日1回 最大7回 連続ログインボーナスをプレゼント！
*
`英霊結晶・星のフォウくん X 10
`_2020-11-29 19:36:00_
--------
