【登录信息】
*23df700802ec5473b0ba93e6647d6d6e*
`登陆天数: 84天 / 932天
等级: 127
石头: 783
呼符: 121
体力: 2500.133333333333 / 137
友情点: 0 / 105735`
*連続ログイン7日間到達おめでとうございます！
明日は1日目からリスタートされます。*
`獣の足跡 X 1
呼符 X 1
10月交換券(2022) X 1
`_2022-10-01 19:19:36_
--------
*3f0a883330e065432578c3a409161e03*
`登陆天数: 84天 / 933天
等级: 122
石头: 3553
呼符: 117
体力: 3641.2166666666667 / 136
友情点: 0 / 3650820`
*連続ログイン7日間到達おめでとうございます！
明日は1日目からリスタートされます。*
`獣の足跡 X 1
呼符 X 1
10月交換券(2022) X 1
`_2022-10-01 19:19:43_
--------
*4ffa60d2f520051b4a05b83b5a84daa0*
`登陆天数: 83天 / 934天
等级: 123
石头: 3043
呼符: 131
体力: 3640.5133333333333 / 136
友情点: 0 / 6638760`
*連続ログイン6日目
※ログインが途切れるか、7日到達すると
1日目から再開されます*
`聖晶石 X 2
10月交換券(2022) X 1
`_2022-10-01 19:19:51_
--------
