【登录信息】
*23df700802ec5473b0ba93e6647d6d6e*
`登陆天数: 86天 / 934天
等级: 127
石头: 783
呼符: 121
体力: 3076.9566666666665 / 137
友情点: 0 / 105735`
*連続ログイン2日目
※ログインが途切れるか、7日到達すると
1日目から再開されます*
`聖晶石 X 1
10月交換券(2022) X 1
`_2022-10-03 19:23:42_
--------
*3f0a883330e065432578c3a409161e03*
`登陆天数: 86天 / 935天
等级: 122
石头: 3553
呼符: 117
体力: 4218.04 / 136
友情点: 0 / 3650820`
*連続ログイン2日目
※ログインが途切れるか、7日到達すると
1日目から再開されます*
`聖晶石 X 1
10月交換券(2022) X 1
`_2022-10-03 19:23:50_
--------
*4ffa60d2f520051b4a05b83b5a84daa0*
`登陆天数: 85天 / 936天
等级: 123
石头: 3043
呼符: 131
体力: 4217.333333333334 / 136
友情点: 0 / 6638760`
*連続ログイン1日目
※ログインが途切れるか、7日到達すると
1日目から再開されます*
`フレンドポイント X 2000
10月交換券(2022) X 1
`_2022-10-03 19:23:58_
--------
