【登录信息】
*23df700802ec5473b0ba93e6647d6d6e*
`登陆天数: 87天 / 935天
等级: 127
石头: 783
呼符: 121
体力: 220.17666666666668 / 137
友情点: 0 / 105905`
*連続ログイン3日目
※ログインが途切れるか、7日到達すると
1日目から再開されます*
`叡智の業火 X 1
10月交換券(2022) X 1
`_2022-10-04 19:24:36_
--------
*3f0a883330e065432578c3a409161e03*
`登陆天数: 87天 / 936天
等级: 122
石头: 3553
呼符: 117
体力: 4506.22 / 136
友情点: 0 / 3650820`
*連続ログイン3日目
※ログインが途切れるか、7日到達すると
1日目から再開されます*
`叡智の業火 X 1
10月交換券(2022) X 1
`_2022-10-04 19:24:44_
--------
*4ffa60d2f520051b4a05b83b5a84daa0*
`登陆天数: 86天 / 937天
等级: 123
石头: 3043
呼符: 131
体力: 4505.516666666666 / 136
友情点: 0 / 6638760`
*連続ログイン2日目
※ログインが途切れるか、7日到達すると
1日目から再開されます*
`聖晶石 X 1
10月交換券(2022) X 1
`_2022-10-04 19:24:52_
--------
