【登录信息】
*23df700802ec5473b0ba93e6647d6d6e*
`登陆天数: 90天 / 938天
等级: 127
石头: 781
呼符: 121
体力: 218.38666666666666 / 137
友情点: 0 / 209435`
*連続ログイン6日目
※ログインが途切れるか、7日到達すると
1日目から再開されます*
`聖晶石 X 2
10月交換券(2022) X 1
`*FGO カルデア・ラジオ局 300回放送記念 初回ログインボーナス*
*開催期間中、初回ログインボーナスをプレゼント！*
`聖晶石 X 10
`_2022-10-07 19:23:02_
--------
*3f0a883330e065432578c3a409161e03*
`登陆天数: 90天 / 939天
等级: 122
石头: 3542
呼符: 117
体力: 95.06 / 136
友情点: 0 / 3938580`
*連続ログイン6日目
※ログインが途切れるか、7日到達すると
1日目から再開されます*
`聖晶石 X 2
10月交換券(2022) X 1
`*FGO カルデア・ラジオ局 300回放送記念 初回ログインボーナス*
*開催期間中、初回ログインボーナスをプレゼント！*
`聖晶石 X 10
`_2022-10-07 19:23:10_
--------
*4ffa60d2f520051b4a05b83b5a84daa0*
`登陆天数: 89天 / 940天
等级: 123
石头: 3030
呼符: 131
体力: 157.78666666666666 / 136
友情点: 0 / 6946760`
*連続ログイン5日目
※ログインが途切れるか、7日到達すると
1日目から再開されます*
`叡智の業火 X 2
10月交換券(2022) X 1
`*FGO カルデア・ラジオ局 300回放送記念 初回ログインボーナス*
*開催期間中、初回ログインボーナスをプレゼント！*
`聖晶石 X 10
`_2022-10-07 19:23:18_
--------
