【登录信息】
*23df700802ec5473b0ba93e6647d6d6e*
`登陆天数: 93天 / 941天
等级: 127
石头: 781
呼符: 121
体力: 1083.5666666666666 / 137
友情点: 0 / 209435`
*連続ログイン2日目
※ログインが途切れるか、7日到達すると
1日目から再開されます*
`聖晶石 X 1
10月交換券(2022) X 1
`_2022-10-10 19:28:56_
--------
*3f0a883330e065432578c3a409161e03*
`登陆天数: 93天 / 942天
等级: 122
石头: 3542
呼符: 117
体力: 960.24 / 136
友情点: 0 / 3938580`
*連続ログイン2日目
※ログインが途切れるか、7日到達すると
1日目から再開されます*
`聖晶石 X 1
10月交換券(2022) X 1
`_2022-10-10 19:29:04_
--------
*4ffa60d2f520051b4a05b83b5a84daa0*
`登陆天数: 92天 / 943天
等级: 123
石头: 3030
呼符: 131
体力: 1022.9633333333334 / 136
友情点: 0 / 6946760`
*連続ログイン1日目
※ログインが途切れるか、7日到達すると
1日目から再開されます*
`フレンドポイント X 2000
10月交換券(2022) X 1
`_2022-10-10 19:29:12_
--------
