【登录信息】
*23df700802ec5473b0ba93e6647d6d6e*
`登陆天数: 95天 / 943天
等级: 127
石头: 781
呼符: 121
体力: 1658.98 / 137
友情点: 0 / 209435`
*連続ログイン4日目
※ログインが途切れるか、7日到達すると
1日目から再開されます*
`聖晶石 X 1
10月交換券(2022) X 1
`*FGO カルデア放送局 ライト版 ～108人のハロウィン・リベリオン！～ 放送記念 初回ログインボーナス*
*開催期間中、初回ログインで「聖晶石×14」をプレゼント！*
`聖晶石 X 14
`_2022-10-12 19:26:00_
--------
*3f0a883330e065432578c3a409161e03*
`登陆天数: 95天 / 944天
等级: 122
石头: 3542
呼符: 117
体力: 1535.6533333333334 / 136
友情点: 0 / 3938580`
*連続ログイン4日目
※ログインが途切れるか、7日到達すると
1日目から再開されます*
`聖晶石 X 1
10月交換券(2022) X 1
`*FGO カルデア放送局 ライト版 ～108人のハロウィン・リベリオン！～ 放送記念 初回ログインボーナス*
*開催期間中、初回ログインで「聖晶石×14」をプレゼント！*
`聖晶石 X 14
`_2022-10-12 19:26:08_
--------
*4ffa60d2f520051b4a05b83b5a84daa0*
`登陆天数: 94天 / 945天
等级: 123
石头: 3030
呼符: 131
体力: 1598.38 / 136
友情点: 0 / 6946760`
*連続ログイン3日目
※ログインが途切れるか、7日到達すると
1日目から再開されます*
`叡智の業火 X 1
10月交換券(2022) X 1
`*FGO カルデア放送局 ライト版 ～108人のハロウィン・リベリオン！～ 放送記念 初回ログインボーナス*
*開催期間中、初回ログインで「聖晶石×14」をプレゼント！*
`聖晶石 X 14
`_2022-10-12 19:26:16_
--------
