【登录信息】
*23df700802ec5473b0ba93e6647d6d6e*
`登陆天数: 97天 / 945天
等级: 127
石头: 781
呼符: 121
体力: 2234.22 / 137
友情点: 0 / 209435`
*連続ログイン6日目
※ログインが途切れるか、7日到達すると
1日目から再開されます*
`聖晶石 X 2
10月交換券(2022) X 1
`_2022-10-14 19:22:13_
--------
*3f0a883330e065432578c3a409161e03*
`登陆天数: 97天 / 946天
等级: 122
石头: 3542
呼符: 117
体力: 2110.8933333333334 / 136
友情点: 0 / 3938580`
*連続ログイン6日目
※ログインが途切れるか、7日到達すると
1日目から再開されます*
`聖晶石 X 2
10月交換券(2022) X 1
`_2022-10-14 19:22:21_
--------
*4ffa60d2f520051b4a05b83b5a84daa0*
`登陆天数: 96天 / 947天
等级: 123
石头: 3030
呼符: 131
体力: 2173.62 / 136
友情点: 0 / 6946760`
*連続ログイン5日目
※ログインが途切れるか、7日到達すると
1日目から再開されます*
`叡智の業火 X 2
10月交換券(2022) X 1
`_2022-10-14 19:22:29_
--------
