【登录信息】
*23df700802ec5473b0ba93e6647d6d6e*
`登陆天数: 98天 / 946天
等级: 127
石头: 781
呼符: 121
体力: 2521.78 / 137
友情点: 0 / 209435`
*連続ログイン7日間到達おめでとうございます！
明日は1日目からリスタートされます。*
`獣の足跡 X 1
呼符 X 1
10月交換券(2022) X 1
`_2022-10-15 19:20:01_
--------
*3f0a883330e065432578c3a409161e03*
`登陆天数: 98天 / 947天
等级: 122
石头: 3542
呼符: 117
体力: 2398.4533333333334 / 136
友情点: 0 / 3938580`
*連続ログイン7日間到達おめでとうございます！
明日は1日目からリスタートされます。*
`獣の足跡 X 1
呼符 X 1
10月交換券(2022) X 1
`_2022-10-15 19:20:09_
--------
*4ffa60d2f520051b4a05b83b5a84daa0*
`登陆天数: 97天 / 948天
等级: 123
石头: 3030
呼符: 131
体力: 2461.18 / 136
友情点: 0 / 6946760`
*連続ログイン6日目
※ログインが途切れるか、7日到達すると
1日目から再開されます*
`聖晶石 X 2
10月交換券(2022) X 1
`_2022-10-15 19:20:17_
--------
