【登录信息】
*23df700802ec5473b0ba93e6647d6d6e*
`登陆天数: 99天 / 947天
等级: 127
石头: 781
呼符: 121
体力: 2809.8333333333335 / 137
友情点: 0 / 209435`
*連続ログイン1日目
※ログインが途切れるか、7日到達すると
1日目から再開されます*
`フレンドポイント X 2000
10月交換券(2022) X 1
`*「FGO キャスト＆スタッフトーク in マチ★アソビvol.25」
開催記念 初回ログインボーナス*
*開催期間中、初回ログインで「聖晶石×10」をプレゼント！*
`聖晶石 X 10
`_2022-10-16 19:20:17_
--------
*3f0a883330e065432578c3a409161e03*
`登陆天数: 99天 / 948天
等级: 122
石头: 3542
呼符: 117
体力: 2686.5066666666667 / 136
友情点: 0 / 3938580`
*連続ログイン1日目
※ログインが途切れるか、7日到達すると
1日目から再開されます*
`フレンドポイント X 2000
10月交換券(2022) X 1
`*「FGO キャスト＆スタッフトーク in マチ★アソビvol.25」
開催記念 初回ログインボーナス*
*開催期間中、初回ログインで「聖晶石×10」をプレゼント！*
`聖晶石 X 10
`_2022-10-16 19:20:25_
--------
*4ffa60d2f520051b4a05b83b5a84daa0*
`登陆天数: 98天 / 949天
等级: 123
石头: 3030
呼符: 131
体力: 2749.233333333333 / 136
友情点: 0 / 6946760`
*連続ログイン7日間到達おめでとうございます！
明日は1日目からリスタートされます。*
`獣の足跡 X 1
呼符 X 1
10月交換券(2022) X 1
`*「FGO キャスト＆スタッフトーク in マチ★アソビvol.25」
開催記念 初回ログインボーナス*
*開催期間中、初回ログインで「聖晶石×10」をプレゼント！*
`聖晶石 X 10
`_2022-10-16 19:20:33_
--------
