【登录信息】
*23df700802ec5473b0ba93e6647d6d6e*
`登陆天数: 100天 / 948天
等级: 127
石头: 781
呼符: 121
体力: 3100.2933333333335 / 137
友情点: 0 / 209435`
*連続ログイン2日目
※ログインが途切れるか、7日到達すると
1日目から再開されます*
`聖晶石 X 1
10月交換券(2022) X 1
`_2022-10-17 19:32:35_
--------
*3f0a883330e065432578c3a409161e03*
`登陆天数: 100天 / 949天
等级: 122
石头: 3542
呼符: 117
体力: 2976.9666666666667 / 136
友情点: 0 / 3938580`
*連続ログイン2日目
※ログインが途切れるか、7日到達すると
1日目から再開されます*
`聖晶石 X 1
10月交換券(2022) X 1
`_2022-10-17 19:32:43_
--------
*4ffa60d2f520051b4a05b83b5a84daa0*
`登陆天数: 99天 / 950天
等级: 123
石头: 3030
呼符: 131
体力: 3039.693333333333 / 136
友情点: 0 / 6946760`
*連続ログイン1日目
※ログインが途切れるか、7日到達すると
1日目から再開されます*
`フレンドポイント X 2000
10月交換券(2022) X 1
`_2022-10-17 19:32:51_
--------
