【登录信息】
*23df700802ec5473b0ba93e6647d6d6e*
`登陆天数: 111天 / 959天
等级: 127
石头: 781
呼符: 121
体力: 6265.213333333333 / 137
友情点: 0 / 209435`
*連続ログイン6日目
※ログインが途切れるか、7日到達すると
1日目から再開されます*
`聖晶石 X 2
10月交換券(2022) X 1
`*特異点修復応援キャンペーン 特別回数ログインボーナス*
*開催期間中、1日1回 最大7回 ログインボーナスをプレゼント！*
`叡智の業火 X 5
`_2022-10-28 19:17:11_
--------
*3f0a883330e065432578c3a409161e03*
`登陆天数: 111天 / 960天
等级: 122
石头: 3542
呼符: 117
体力: 6141.89 / 136
友情点: 0 / 3938580`
*連続ログイン6日目
※ログインが途切れるか、7日到達すると
1日目から再開されます*
`聖晶石 X 2
10月交換券(2022) X 1
`*特異点修復応援キャンペーン 特別回数ログインボーナス*
*開催期間中、1日1回 最大7回 ログインボーナスをプレゼント！*
`叡智の業火 X 5
`_2022-10-28 19:17:19_
--------
*4ffa60d2f520051b4a05b83b5a84daa0*
`登陆天数: 110天 / 961天
等级: 123
石头: 3030
呼符: 131
体力: 6204.616666666667 / 136
友情点: 0 / 6946760`
*連続ログイン5日目
※ログインが途切れるか、7日到達すると
1日目から再開されます*
`叡智の業火 X 2
10月交換券(2022) X 1
`*特異点修復応援キャンペーン 特別回数ログインボーナス*
*開催期間中、1日1回 最大7回 ログインボーナスをプレゼント！*
`叡智の業火 X 5
`_2022-10-28 19:17:27_
--------
