【登录信息】
*23df700802ec5473b0ba93e6647d6d6e*
`登陆天数: 113天 / 961天
等级: 127
石头: 781
呼符: 121
体力: 6841.216666666666 / 137
友情点: 0 / 209435`
*連続ログイン1日目
※ログインが途切れるか、7日到達すると
1日目から再開されます*
`フレンドポイント X 2000
10月交換券(2022) X 1
`*特異点修復応援キャンペーン 特別回数ログインボーナス*
*開催期間中、1日1回 最大7回 ログインボーナスをプレゼント！*
`聖晶石 X 2
`_2022-10-30 19:17:11_
--------
*3f0a883330e065432578c3a409161e03*
`登陆天数: 113天 / 962天
等级: 122
石头: 3542
呼符: 117
体力: 6717.89 / 136
友情点: 0 / 3938580`
*連続ログイン1日目
※ログインが途切れるか、7日到達すると
1日目から再開されます*
`フレンドポイント X 2000
10月交換券(2022) X 1
`*特異点修復応援キャンペーン 特別回数ログインボーナス*
*開催期間中、1日1回 最大7回 ログインボーナスをプレゼント！*
`聖晶石 X 2
`_2022-10-30 19:17:19_
--------
*4ffa60d2f520051b4a05b83b5a84daa0*
`登陆天数: 112天 / 963天
等级: 123
石头: 3030
呼符: 131
体力: 6780.613333333334 / 136
友情点: 0 / 6946760`
*連続ログイン7日間到達おめでとうございます！
明日は1日目からリスタートされます。*
`獣の足跡 X 1
呼符 X 1
10月交換券(2022) X 1
`*特異点修復応援キャンペーン 特別回数ログインボーナス*
*開催期間中、1日1回 最大7回 ログインボーナスをプレゼント！*
`聖晶石 X 2
`_2022-10-30 19:17:27_
--------
