【登录信息】
[5be1eb651b6f675892f00b0952b3cadb]
`登陆天数: 179天 / 985天
等级: 147
石头: 2
呼符: 0
友情点: 63725 / 7054855`
*連続ログイン4日目
※ログインが途切れるか、7日到達すると
1日目から再開されます*
`聖晶石 X 1
5月交換券(2021) X 1
`_2021-05-02 19:39:21_
--------
[9cfc24f569d65a92010a7c9549af2192]
`登陆天数: 179天 / 469天
等级: 95
石头: 8
呼符: 27
友情点: 0 / 614200`
*連続ログイン4日目
※ログインが途切れるか、7日到達すると
1日目から再開されます*
`聖晶石 X 1
5月交換券(2021) X 1
`_2021-05-02 19:39:30_
--------
[dfc9a9f4b3655841a6372642c60bb90d]
`登陆天数: 179天 / 526天
等级: 104
石头: 1
呼符: 0
友情点: 0 / 984590`
*連続ログイン4日目
※ログインが途切れるか、7日到達すると
1日目から再開されます*
`聖晶石 X 1
5月交換券(2021) X 1
`_2021-05-02 19:39:39_
--------
[489b9caeed7f023e28fa9d1e9b69c384]
`登陆天数: 178天 / 264天
等级: 95
石头: 10
呼符: 7
友情点: 0 / 559555`
*連続ログイン3日目
※ログインが途切れるか、7日到達すると
1日目から再開されます*
`叡智の猛火 X 1
5月交換券(2021) X 1
`_2021-05-02 19:39:47_
--------
