【登录信息】
[5be1eb651b6f675892f00b0952b3cadb]
`登陆天数: 180天 / 986天
等级: 147
石头: 2
呼符: 0
友情点: 63725 / 7192030`
*連続ログイン5日目
※ログインが途切れるか、7日到達すると
1日目から再開されます*
`叡智の猛火 X 2
5月交換券(2021) X 1
`_2021-05-03 19:39:39_
--------
[9cfc24f569d65a92010a7c9549af2192]
`登陆天数: 180天 / 470天
等级: 95
石头: 8
呼符: 27
友情点: 0 / 619000`
*連続ログイン5日目
※ログインが途切れるか、7日到達すると
1日目から再開されます*
`叡智の猛火 X 2
5月交換券(2021) X 1
`_2021-05-03 19:39:49_
--------
[dfc9a9f4b3655841a6372642c60bb90d]
`登陆天数: 180天 / 527天
等级: 104
石头: 1
呼符: 0
友情点: 0 / 989790`
*連続ログイン5日目
※ログインが途切れるか、7日到達すると
1日目から再開されます*
`叡智の猛火 X 2
5月交換券(2021) X 1
`_2021-05-03 19:39:57_
--------
[489b9caeed7f023e28fa9d1e9b69c384]
`登陆天数: 179天 / 265天
等级: 95
石头: 10
呼符: 7
友情点: 0 / 564355`
*連続ログイン4日目
※ログインが途切れるか、7日到達すると
1日目から再開されます*
`聖晶石 X 1
5月交換券(2021) X 1
`_2021-05-03 19:40:05_
--------
