【登录信息】
[5be1eb651b6f675892f00b0952b3cadb]
`登陆天数: 181天 / 987天
等级: 147
石头: 0
呼符: 0
友情点: 59675 / 7256715`
*連続ログイン6日目
※ログインが途切れるか、7日到達すると
1日目から再開されます*
`聖晶石 X 2
5月交換券(2021) X 1
`_2021-05-04 19:38:15_
--------
[9cfc24f569d65a92010a7c9549af2192]
`登陆天数: 181天 / 471天
等级: 96
石头: 8
呼符: 27
友情点: 0 / 623900`
*連続ログイン6日目
※ログインが途切れるか、7日到達すると
1日目から再開されます*
`聖晶石 X 2
5月交換券(2021) X 1
`_2021-05-04 19:38:24_
--------
[dfc9a9f4b3655841a6372642c60bb90d]
`登陆天数: 181天 / 528天
等级: 104
石头: 1
呼符: 0
友情点: 0 / 992390`
*連続ログイン6日目
※ログインが途切れるか、7日到達すると
1日目から再開されます*
`聖晶石 X 2
5月交換券(2021) X 1
`_2021-05-04 19:38:32_
--------
[489b9caeed7f023e28fa9d1e9b69c384]
`登陆天数: 180天 / 266天
等级: 95
石头: 13
呼符: 7
友情点: 0 / 566755`
*連続ログイン5日目
※ログインが途切れるか、7日到達すると
1日目から再開されます*
`叡智の猛火 X 2
5月交換券(2021) X 1
`_2021-05-04 19:38:41_
--------
