【登录信息】
[5be1eb651b6f675892f00b0952b3cadb]
`登陆天数: 183天 / 989天
等级: 147
石头: 0
呼符: 0
友情点: 295 / 7380475`
*連続ログイン1日目
※ログインが途切れるか、7日到達すると
1日目から再開されます*
`フレンドポイント X 2000
5月交換券(2021) X 1
`_2021-05-06 19:40:07_
--------
[9cfc24f569d65a92010a7c9549af2192]
`登陆天数: 183天 / 473天
等级: 96
石头: 8
呼符: 27
友情点: 0 / 628700`
*連続ログイン1日目
※ログインが途切れるか、7日到達すると
1日目から再開されます*
`フレンドポイント X 2000
5月交換券(2021) X 1
`_2021-05-06 19:40:16_
--------
[dfc9a9f4b3655841a6372642c60bb90d]
`登陆天数: 183天 / 530天
等级: 104
石头: 1
呼符: 0
友情点: 0 / 997390`
*連続ログイン1日目
※ログインが途切れるか、7日到達すると
1日目から再開されます*
`フレンドポイント X 2000
5月交換券(2021) X 1
`_2021-05-06 19:40:24_
--------
[489b9caeed7f023e28fa9d1e9b69c384]
`登陆天数: 182天 / 268天
等级: 95
石头: 13
呼符: 7
友情点: 0 / 570855`
*連続ログイン7日間到達おめでとうございます！
明日は1日目からリスタートされます。*
`獣の足跡 X 1
呼符 X 1
5月交換券(2021) X 1
`_2021-05-06 19:40:32_
--------
