【登录信息】
[5be1eb651b6f675892f00b0952b3cadb]
`登陆天数: 185天 / 991天
等级: 147
石头: 1
呼符: 0
友情点: 355 / 7459850`
*連続ログイン3日目
※ログインが途切れるか、7日到達すると
1日目から再開されます*
`叡智の猛火 X 1
5月交換券(2021) X 1
`_2021-05-08 19:38:07_
--------
[9cfc24f569d65a92010a7c9549af2192]
`登陆天数: 185天 / 475天
等级: 96
石头: 8
呼符: 27
友情点: 0 / 631100`
*連続ログイン3日目
※ログインが途切れるか、7日到達すると
1日目から再開されます*
`叡智の猛火 X 1
5月交換券(2021) X 1
`_2021-05-08 19:38:15_
--------
[dfc9a9f4b3655841a6372642c60bb90d]
`登陆天数: 185天 / 532天
等级: 104
石头: 1
呼符: 0
友情点: 0 / 999790`
*連続ログイン3日目
※ログインが途切れるか、7日到達すると
1日目から再開されます*
`叡智の猛火 X 1
5月交換券(2021) X 1
`_2021-05-08 19:38:24_
--------
[489b9caeed7f023e28fa9d1e9b69c384]
`登陆天数: 184天 / 270天
等级: 95
石头: 13
呼符: 7
友情点: 0 / 573255`
*連続ログイン2日目
※ログインが途切れるか、7日到達すると
1日目から再開されます*
`聖晶石 X 1
5月交換券(2021) X 1
`_2021-05-08 19:38:32_
--------
