【登录信息】
[5be1eb651b6f675892f00b0952b3cadb]
`登陆天数: 187天 / 993天
等级: 147
石头: 1
呼符: 0
友情点: 32100 / 7525555`
*連続ログイン5日目
※ログインが途切れるか、7日到達すると
1日目から再開されます*
`叡智の猛火 X 2
5月交換券(2021) X 1
`_2021-05-10 19:41:03_
--------
[9cfc24f569d65a92010a7c9549af2192]
`登陆天数: 187天 / 477天
等级: 96
石头: 8
呼符: 27
友情点: 0 / 633500`
*連続ログイン5日目
※ログインが途切れるか、7日到達すると
1日目から再開されます*
`叡智の猛火 X 2
5月交換券(2021) X 1
`_2021-05-10 19:41:13_
--------
[dfc9a9f4b3655841a6372642c60bb90d]
`登陆天数: 187天 / 534天
等级: 104
石头: 1
呼符: 0
友情点: 0 / 1002190`
*連続ログイン5日目
※ログインが途切れるか、7日到達すると
1日目から再開されます*
`叡智の猛火 X 2
5月交換券(2021) X 1
`_2021-05-10 19:41:21_
--------
[489b9caeed7f023e28fa9d1e9b69c384]
`登陆天数: 186天 / 272天
等级: 95
石头: 13
呼符: 7
友情点: 0 / 575655`
*連続ログイン4日目
※ログインが途切れるか、7日到達すると
1日目から再開されます*
`聖晶石 X 1
5月交換券(2021) X 1
`_2021-05-10 19:41:30_
--------
