【登录信息】
[5be1eb651b6f675892f00b0952b3cadb]
`登陆天数: 188天 / 994天
等级: 147
石头: 2
呼符: 0
友情点: 26850 / 7587755`
*連続ログイン6日目
※ログインが途切れるか、7日到達すると
1日目から再開されます*
`聖晶石 X 2
5月交換券(2021) X 1
`_2021-05-11 19:41:41_
--------
[9cfc24f569d65a92010a7c9549af2192]
`登陆天数: 188天 / 478天
等级: 96
石头: 8
呼符: 27
友情点: 0 / 635900`
*連続ログイン6日目
※ログインが途切れるか、7日到達すると
1日目から再開されます*
`聖晶石 X 2
5月交換券(2021) X 1
`_2021-05-11 19:41:50_
--------
[dfc9a9f4b3655841a6372642c60bb90d]
`登陆天数: 188天 / 535天
等级: 104
石头: 1
呼符: 0
友情点: 0 / 1004590`
*連続ログイン6日目
※ログインが途切れるか、7日到達すると
1日目から再開されます*
`聖晶石 X 2
5月交換券(2021) X 1
`_2021-05-11 19:41:58_
--------
[489b9caeed7f023e28fa9d1e9b69c384]
`登陆天数: 187天 / 273天
等级: 95
石头: 13
呼符: 7
友情点: 0 / 578005`
*連続ログイン5日目
※ログインが途切れるか、7日到達すると
1日目から再開されます*
`叡智の猛火 X 2
5月交換券(2021) X 1
`_2021-05-11 19:42:06_
--------
