【登录信息】
[5be1eb651b6f675892f00b0952b3cadb]
`登陆天数: 189天 / 995天
等级: 147
石头: 2
呼符: 0
友情点: 10700 / 7665205`
*連続ログイン7日間到達おめでとうございます！
明日は1日目からリスタートされます。*
`獣の足跡 X 1
呼符 X 1
5月交換券(2021) X 1
`_2021-05-12 19:43:24_
--------
[9cfc24f569d65a92010a7c9549af2192]
`登陆天数: 189天 / 479天
等级: 96
石头: 8
呼符: 27
友情点: 0 / 638850`
*連続ログイン7日間到達おめでとうございます！
明日は1日目からリスタートされます。*
`獣の足跡 X 1
呼符 X 1
5月交換券(2021) X 1
`_2021-05-12 19:43:33_
--------
[dfc9a9f4b3655841a6372642c60bb90d]
`登陆天数: 189天 / 536天
等级: 104
石头: 1
呼符: 0
友情点: 0 / 1007490`
*連続ログイン7日間到達おめでとうございます！
明日は1日目からリスタートされます。*
`獣の足跡 X 1
呼符 X 1
5月交換券(2021) X 1
`_2021-05-12 19:43:41_
--------
[489b9caeed7f023e28fa9d1e9b69c384]
`登陆天数: 188天 / 274天
等级: 96
石头: 13
呼符: 7
友情点: 0 / 581755`
*連続ログイン6日目
※ログインが途切れるか、7日到達すると
1日目から再開されます*
`聖晶石 X 2
5月交換券(2021) X 1
`_2021-05-12 19:43:49_
--------
