【登录信息】
[5be1eb651b6f675892f00b0952b3cadb]
`登陆天数: 191天 / 997天
等级: 148
石头: 26
呼符: 4
友情点: 14800 / 7733680`
*連続ログイン2日目
※ログインが途切れるか、7日到達すると
1日目から再開されます*
`聖晶石 X 1
5月交換券(2021) X 1
`_2021-05-14 19:44:10_
--------
[9cfc24f569d65a92010a7c9549af2192]
`登陆天数: 191天 / 481天
等级: 96
石头: 8
呼符: 27
友情点: 25 / 641675`
*連続ログイン2日目
※ログインが途切れるか、7日到達すると
1日目から再開されます*
`聖晶石 X 1
5月交換券(2021) X 1
`_2021-05-14 19:44:19_
--------
[dfc9a9f4b3655841a6372642c60bb90d]
`登陆天数: 191天 / 538天
等级: 104
石头: 1
呼符: 0
友情点: 0 / 1010290`
*連続ログイン2日目
※ログインが途切れるか、7日到達すると
1日目から再開されます*
`聖晶石 X 1
5月交換券(2021) X 1
`_2021-05-14 19:44:27_
--------
[489b9caeed7f023e28fa9d1e9b69c384]
`登陆天数: 190天 / 276天
等级: 96
石头: 13
呼符: 7
友情点: 25 / 584630`
*連続ログイン1日目
※ログインが途切れるか、7日到達すると
1日目から再開されます*
`フレンドポイント X 2000
5月交換券(2021) X 1
`_2021-05-14 19:44:35_
--------
