【登录信息】
[5be1eb651b6f675892f00b0952b3cadb]
`登陆天数: 192天 / 998天
等级: 148
石头: 29
呼符: 4
友情点: 21025 / 7787215`
*連続ログイン3日目
※ログインが途切れるか、7日到達すると
1日目から再開されます*
`叡智の猛火 X 1
5月交換券(2021) X 1
`_2021-05-15 19:43:02_
--------
[9cfc24f569d65a92010a7c9549af2192]
`登陆天数: 192天 / 482天
等级: 96
石头: 8
呼符: 27
友情点: 0 / 644225`
*連続ログイン3日目
※ログインが途切れるか、7日到達すると
1日目から再開されます*
`叡智の猛火 X 1
5月交換券(2021) X 1
`_2021-05-15 19:43:11_
--------
[dfc9a9f4b3655841a6372642c60bb90d]
`登陆天数: 192天 / 539天
等级: 104
石头: 1
呼符: 0
友情点: 0 / 1012690`
*連続ログイン3日目
※ログインが途切れるか、7日到達すると
1日目から再開されます*
`叡智の猛火 X 1
5月交換券(2021) X 1
`_2021-05-15 19:43:19_
--------
[489b9caeed7f023e28fa9d1e9b69c384]
`登陆天数: 191天 / 277天
等级: 96
石头: 13
呼符: 7
友情点: 0 / 586655`
*連続ログイン2日目
※ログインが途切れるか、7日到達すると
1日目から再開されます*
`聖晶石 X 1
5月交換券(2021) X 1
`_2021-05-15 19:43:27_
--------
