【登录信息】
[5be1eb651b6f675892f00b0952b3cadb]
`登陆天数: 193天 / 999天
等级: 148
石头: 29
呼符: 4
友情点: 24410 / 7829460`
*連続ログイン4日目
※ログインが途切れるか、7日到達すると
1日目から再開されます*
`聖晶石 X 1
5月交換券(2021) X 1
`_2021-05-16 19:45:03_
--------
[9cfc24f569d65a92010a7c9549af2192]
`登陆天数: 193天 / 483天
等级: 96
石头: 8
呼符: 27
友情点: 0 / 645500`
*連続ログイン4日目
※ログインが途切れるか、7日到達すると
1日目から再開されます*
`聖晶石 X 1
5月交換券(2021) X 1
`_2021-05-16 19:45:12_
--------
[dfc9a9f4b3655841a6372642c60bb90d]
`登陆天数: 193天 / 540天
等级: 104
石头: 1
呼符: 0
友情点: 0 / 1012890`
*連続ログイン4日目
※ログインが途切れるか、7日到達すると
1日目から再開されます*
`聖晶石 X 1
5月交換券(2021) X 1
`_2021-05-16 19:45:20_
--------
[489b9caeed7f023e28fa9d1e9b69c384]
`登陆天数: 192天 / 278天
等级: 96
石头: 13
呼符: 7
友情点: 0 / 588430`
*連続ログイン3日目
※ログインが途切れるか、7日到達すると
1日目から再開されます*
`叡智の猛火 X 1
5月交換券(2021) X 1
`_2021-05-16 19:45:28_
--------
