【登录信息】
[5be1eb651b6f675892f00b0952b3cadb]
`登陆天数: 194天 / 1000天
等级: 148
石头: 30
呼符: 4
友情点: 22900 / 7892305`
*連続ログイン5日目
※ログインが途切れるか、7日到達すると
1日目から再開されます*
`叡智の猛火 X 2
5月交換券(2021) X 1
`_2021-05-17 19:43:55_
--------
[9cfc24f569d65a92010a7c9549af2192]
`登陆天数: 194天 / 484天
等级: 96
石头: 8
呼符: 27
友情点: 0 / 648125`
*連続ログイン5日目
※ログインが途切れるか、7日到達すると
1日目から再開されます*
`叡智の猛火 X 2
5月交換券(2021) X 1
`_2021-05-17 19:44:04_
--------
[dfc9a9f4b3655841a6372642c60bb90d]
`登陆天数: 194天 / 541天
等级: 104
石头: 3
呼符: 0
友情点: 0 / 1015290`
*連続ログイン5日目
※ログインが途切れるか、7日到達すると
1日目から再開されます*
`叡智の猛火 X 2
5月交換券(2021) X 1
`_2021-05-17 19:44:12_
--------
[489b9caeed7f023e28fa9d1e9b69c384]
`登陆天数: 193天 / 279天
等级: 96
石头: 13
呼符: 7
友情点: 0 / 590980`
*連続ログイン4日目
※ログインが途切れるか、7日到達すると
1日目から再開されます*
`聖晶石 X 1
5月交換券(2021) X 1
`_2021-05-17 19:44:21_
--------
