【登录信息】
[5be1eb651b6f675892f00b0952b3cadb]
`登陆天数: 195天 / 1001天
等级: 148
石头: 63
呼符: 8
友情点: 29600 / 7931680`
*連続ログイン6日目
※ログインが途切れるか、7日到達すると
1日目から再開されます*
`聖晶石 X 2
5月交換券(2021) X 1
`_2021-05-18 19:44:56_
--------
[9cfc24f569d65a92010a7c9549af2192]
`登陆天数: 195天 / 485天
等级: 96
石头: 8
呼符: 27
友情点: 25 / 649500`
*連続ログイン6日目
※ログインが途切れるか、7日到達すると
1日目から再開されます*
`聖晶石 X 2
5月交換券(2021) X 1
`_2021-05-18 19:45:05_
--------
[dfc9a9f4b3655841a6372642c60bb90d]
`登陆天数: 195天 / 542天
等级: 104
石头: 3
呼符: 0
友情点: 0 / 1016890`
*連続ログイン6日目
※ログインが途切れるか、7日到達すると
1日目から再開されます*
`聖晶石 X 2
5月交換券(2021) X 1
`_2021-05-18 19:45:13_
--------
[489b9caeed7f023e28fa9d1e9b69c384]
`登陆天数: 194天 / 280天
等级: 96
石头: 13
呼符: 7
友情点: 0 / 592205`
*連続ログイン5日目
※ログインが途切れるか、7日到達すると
1日目から再開されます*
`叡智の猛火 X 2
5月交換券(2021) X 1
`_2021-05-18 19:45:21_
--------
