【登录信息】
[5be1eb651b6f675892f00b0952b3cadb]
`登陆天数: 196天 / 1002天
等级: 148
石头: 63
呼符: 8
友情点: 0 / 7963005`
*連続ログイン7日間到達おめでとうございます！
明日は1日目からリスタートされます。*
`獣の足跡 X 1
呼符 X 1
5月交換券(2021) X 1
`_2021-05-19 19:44:13_
--------
[9cfc24f569d65a92010a7c9549af2192]
`登陆天数: 196天 / 486天
等级: 96
石头: 8
呼符: 27
友情点: 0 / 650700`
*連続ログイン7日間到達おめでとうございます！
明日は1日目からリスタートされます。*
`獣の足跡 X 1
呼符 X 1
5月交換券(2021) X 1
`_2021-05-19 19:44:22_
--------
[dfc9a9f4b3655841a6372642c60bb90d]
`登陆天数: 196天 / 543天
等级: 104
石头: 3
呼符: 0
友情点: 0 / 1018090`
*連続ログイン7日間到達おめでとうございます！
明日は1日目からリスタートされます。*
`獣の足跡 X 1
呼符 X 1
5月交換券(2021) X 1
`_2021-05-19 19:44:30_
--------
[489b9caeed7f023e28fa9d1e9b69c384]
`登陆天数: 195天 / 281天
等级: 96
石头: 13
呼符: 7
友情点: 0 / 593430`
*連続ログイン6日目
※ログインが途切れるか、7日到達すると
1日目から再開されます*
`聖晶石 X 2
5月交換券(2021) X 1
`_2021-05-19 19:44:38_
--------
