【登录信息】
[5be1eb651b6f675892f00b0952b3cadb]
`登陆天数: 197天 / 1003天
等级: 148
石头: 74
呼符: 9
友情点: 31325 / 7996240`
*連続ログイン1日目
※ログインが途切れるか、7日到達すると
1日目から再開されます*
`フレンドポイント X 2000
5月交換券(2021) X 1
`_2021-05-20 19:45:47_
--------
[9cfc24f569d65a92010a7c9549af2192]
`登陆天数: 197天 / 487天
等级: 96
石头: 13
呼符: 27
友情点: 0 / 652075`
*連続ログイン1日目
※ログインが途切れるか、7日到達すると
1日目から再開されます*
`フレンドポイント X 2000
5月交換券(2021) X 1
`_2021-05-20 19:45:56_
--------
[dfc9a9f4b3655841a6372642c60bb90d]
`登陆天数: 197天 / 544天
等级: 104
石头: 3
呼符: 0
友情点: 0 / 1019315`
*連続ログイン1日目
※ログインが途切れるか、7日到達すると
1日目から再開されます*
`フレンドポイント X 2000
5月交換券(2021) X 1
`_2021-05-20 19:46:04_
--------
[489b9caeed7f023e28fa9d1e9b69c384]
`登陆天数: 196天 / 282天
等级: 96
石头: 13
呼符: 7
友情点: 25 / 594780`
*連続ログイン7日間到達おめでとうございます！
明日は1日目からリスタートされます。*
`獣の足跡 X 1
呼符 X 1
5月交換券(2021) X 1
`_2021-05-20 19:46:13_
--------
