【登录信息】
[5be1eb651b6f675892f00b0952b3cadb]
`登陆天数: 199天 / 1005天
等级: 148
石头: 74
呼符: 9
友情点: 16700 / 8104290`
*連続ログイン3日目
※ログインが途切れるか、7日到達すると
1日目から再開されます*
`叡智の猛火 X 1
5月交換券(2021) X 1
`_2021-05-22 19:47:40_
--------
[9cfc24f569d65a92010a7c9549af2192]
`登陆天数: 199天 / 489天
等级: 96
石头: 13
呼符: 27
友情点: 0 / 656475`
*連続ログイン3日目
※ログインが途切れるか、7日到達すると
1日目から再開されます*
`叡智の猛火 X 1
5月交換券(2021) X 1
`_2021-05-22 19:47:49_
--------
[dfc9a9f4b3655841a6372642c60bb90d]
`登陆天数: 199天 / 546天
等级: 104
石头: 3
呼符: 0
友情点: 0 / 1023615`
*連続ログイン3日目
※ログインが途切れるか、7日到達すると
1日目から再開されます*
`叡智の猛火 X 1
5月交換券(2021) X 1
`_2021-05-22 19:47:57_
--------
[489b9caeed7f023e28fa9d1e9b69c384]
`登陆天数: 198天 / 284天
等级: 96
石头: 13
呼符: 7
友情点: 50 / 599130`
*連続ログイン2日目
※ログインが途切れるか、7日到達すると
1日目から再開されます*
`聖晶石 X 1
5月交換券(2021) X 1
`_2021-05-22 19:48:05_
--------
