【登录信息】
[5be1eb651b6f675892f00b0952b3cadb]
`登陆天数: 201天 / 1007天
等级: 148
石头: 82
呼符: 0
友情点: 20 / 8193635`
*連続ログイン5日目
※ログインが途切れるか、7日到達すると
1日目から再開されます*
`叡智の猛火 X 2
5月交換券(2021) X 1
`_2021-05-24 19:54:38_
--------
[9cfc24f569d65a92010a7c9549af2192]
`登陆天数: 201天 / 491天
等级: 96
石头: 13
呼符: 27
友情点: 0 / 660150`
*連続ログイン5日目
※ログインが途切れるか、7日到達すると
1日目から再開されます*
`叡智の猛火 X 2
5月交換券(2021) X 1
`_2021-05-24 19:54:47_
--------
[dfc9a9f4b3655841a6372642c60bb90d]
`登陆天数: 201天 / 548天
等级: 104
石头: 6
呼符: 0
友情点: 0 / 1027215`
*連続ログイン5日目
※ログインが途切れるか、7日到達すると
1日目から再開されます*
`叡智の猛火 X 2
5月交換券(2021) X 1
`_2021-05-24 19:54:55_
--------
[489b9caeed7f023e28fa9d1e9b69c384]
`登陆天数: 200天 / 286天
等级: 96
石头: 15
呼符: 7
友情点: 25 / 602755`
*連続ログイン4日目
※ログインが途切れるか、7日到達すると
1日目から再開されます*
`聖晶石 X 1
5月交換券(2021) X 1
`_2021-05-24 19:55:04_
--------
