【登录信息】
[5be1eb651b6f675892f00b0952b3cadb]
`登陆天数: 203天 / 1009天
等级: 148
石头: 0
呼符: 0
友情点: 41150 / 8302720`
*連続ログイン7日間到達おめでとうございます！
明日は1日目からリスタートされます。*
`獣の足跡 X 1
呼符 X 1
5月交換券(2021) X 1
`_2021-05-26 20:07:37_
--------
[9cfc24f569d65a92010a7c9549af2192]
`登陆天数: 203天 / 493天
等级: 96
石头: 15
呼符: 7
友情点: 0 / 674360`
*連続ログイン7日間到達おめでとうございます！
明日は1日目からリスタートされます。*
`獣の足跡 X 1
呼符 X 1
5月交換券(2021) X 1
`_2021-05-26 20:07:46_
--------
[dfc9a9f4b3655841a6372642c60bb90d]
`登陆天数: 203天 / 550天
等级: 104
石头: 10
呼符: 0
友情点: 0 / 1041325`
*連続ログイン7日間到達おめでとうございます！
明日は1日目からリスタートされます。*
`獣の足跡 X 1
呼符 X 1
5月交換券(2021) X 1
`_2021-05-26 20:07:54_
--------
[489b9caeed7f023e28fa9d1e9b69c384]
`登陆天数: 202天 / 288天
等级: 96
石头: 18
呼符: 2
友情点: 0 / 616955`
*連続ログイン6日目
※ログインが途切れるか、7日到達すると
1日目から再開されます*
`聖晶石 X 2
5月交換券(2021) X 1
`_2021-05-26 20:08:02_
--------
