【登录信息】
[5be1eb651b6f675892f00b0952b3cadb]
`登陆天数: 204天 / 1010天
等级: 148
石头: 0
呼符: 0
友情点: 30660 / 8369075`
*連続ログイン1日目
※ログインが途切れるか、7日到達すると
1日目から再開されます*
`フレンドポイント X 2000
5月交換券(2021) X 1
`_2021-05-27 20:05:34_
--------
[9cfc24f569d65a92010a7c9549af2192]
`登陆天数: 204天 / 494天
等级: 96
石头: 15
呼符: 8
友情点: 0 / 676860`
*連続ログイン1日目
※ログインが途切れるか、7日到達すると
1日目から再開されます*
`フレンドポイント X 2000
5月交換券(2021) X 1
`_2021-05-27 20:05:43_
--------
[dfc9a9f4b3655841a6372642c60bb90d]
`登陆天数: 204天 / 551天
等级: 104
石头: 40
呼符: 1
友情点: 0 / 1043925`
*連続ログイン1日目
※ログインが途切れるか、7日到達すると
1日目から再開されます*
`フレンドポイント X 2000
5月交換券(2021) X 1
`_2021-05-27 20:05:51_
--------
[489b9caeed7f023e28fa9d1e9b69c384]
`登陆天数: 203天 / 289天
等级: 96
石头: 20
呼符: 2
友情点: 0 / 619455`
*連続ログイン7日間到達おめでとうございます！
明日は1日目からリスタートされます。*
`獣の足跡 X 1
呼符 X 1
5月交換券(2021) X 1
`_2021-05-27 20:05:59_
--------
