【登录信息】
[5be1eb651b6f675892f00b0952b3cadb]
`登陆天数: 205天 / 1011天
等级: 148
石头: 0
呼符: 0
友情点: 30550 / 8413390`
*連続ログイン2日目
※ログインが途切れるか、7日到達すると
1日目から再開されます*
`聖晶石 X 1
5月交換券(2021) X 1
`_2021-05-28 20:24:09_
--------
[9cfc24f569d65a92010a7c9549af2192]
`登陆天数: 205天 / 495天
等级: 96
石头: 15
呼符: 8
友情点: 0 / 680560`
*連続ログイン2日目
※ログインが途切れるか、7日到達すると
1日目から再開されます*
`聖晶石 X 1
5月交換券(2021) X 1
`_2021-05-28 20:24:17_
--------
[dfc9a9f4b3655841a6372642c60bb90d]
`登陆天数: 205天 / 552天
等级: 104
石头: 40
呼符: 1
友情点: 0 / 1047625`
*連続ログイン2日目
※ログインが途切れるか、7日到達すると
1日目から再開されます*
`聖晶石 X 1
5月交換券(2021) X 1
`_2021-05-28 20:24:26_
--------
[489b9caeed7f023e28fa9d1e9b69c384]
`登陆天数: 204天 / 290天
等级: 96
石头: 20
呼符: 3
友情点: 25 / 621080`
*連続ログイン1日目
※ログインが途切れるか、7日到達すると
1日目から再開されます*
`フレンドポイント X 2000
5月交換券(2021) X 1
`_2021-05-28 20:24:34_
--------
