【登录信息】
[5be1eb651b6f675892f00b0952b3cadb]
`登陆天数: 207天 / 1013天
等级: 148
石头: 1
呼符: 0
友情点: 35 / 8523505`
*連続ログイン4日目
※ログインが途切れるか、7日到達すると
1日目から再開されます*
`聖晶石 X 1
5月交換券(2021) X 1
`_2021-05-30 20:26:02_
--------
[9cfc24f569d65a92010a7c9549af2192]
`登陆天数: 207天 / 497天
等级: 96
石头: 16
呼符: 8
友情点: 0 / 684660`
*連続ログイン4日目
※ログインが途切れるか、7日到達すると
1日目から再開されます*
`聖晶石 X 1
5月交換券(2021) X 1
`_2021-05-30 20:26:11_
--------
[dfc9a9f4b3655841a6372642c60bb90d]
`登陆天数: 207天 / 554天
等级: 104
石头: 41
呼符: 1
友情点: 0 / 1051825`
*連続ログイン4日目
※ログインが途切れるか、7日到達すると
1日目から再開されます*
`聖晶石 X 1
5月交換券(2021) X 1
`_2021-05-30 20:26:20_
--------
[489b9caeed7f023e28fa9d1e9b69c384]
`登陆天数: 206天 / 292天
等级: 96
石头: 20
呼符: 3
友情点: 25 / 627305`
*連続ログイン3日目
※ログインが途切れるか、7日到達すると
1日目から再開されます*
`叡智の猛火 X 1
5月交換券(2021) X 1
`_2021-05-30 20:26:28_
--------
