【登录信息】
*23df700802ec5473b0ba93e6647d6d6e*
`登陆天数: 22天 / 870天
等级: 122
石头: 3483
呼符: 89
体力: 5693.35 / 136
友情点: 0 / 845885`
*連続ログイン1日目
※ログインが途切れるか、7日到達すると
1日目から再開されます*
`フレンドポイント X 2000
8月交換券(2022) X 1
`*「Fate/Grand Order Fes. 2021 ～7th Anniversary～」配信番組連動キャンペーン報酬プレゼント*
*開催期間中、初回ログインで「聖晶石×100」をプレゼント！*
`聖晶石 X 100
`_2022-07-31 19:36:08_
--------
*3f0a883330e065432578c3a409161e03*
`登陆天数: 22天 / 871天
等级: 122
石头: 3400
呼符: 85
体力: 146174.58333333334 / 136
友情点: 0 / 709860`
*連続ログイン1日目
※ログインが途切れるか、7日到達すると
1日目から再開されます*
`フレンドポイント X 2000
8月交換券(2022) X 1
`*「Fate/Grand Order Fes. 2021 ～7th Anniversary～」配信番組連動キャンペーン報酬プレゼント*
*開催期間中、初回ログインで「聖晶石×100」をプレゼント！*
`聖晶石 X 100
`_2022-07-31 19:36:16_
--------
