【登录信息】
*23df700802ec5473b0ba93e6647d6d6e*
`登陆天数: 25天 / 873天
等级: 123
石头: 3603
呼符: 95
体力: 157.17000000000002 / 136
友情点: 0 / 1261895`
*連続ログイン4日目
※ログインが途切れるか、7日到達すると
1日目から再開されます*
`聖晶石 X 1
8月交換券(2022) X 1
`*7周年記念特別連続ログインボーナス*
*開催期間中、1日1回 最大7回 連続ログインボーナスをプレゼント！*
`QP X 3000000
マナプリズム X 100
`_2022-08-03 19:35:29_
--------
*3f0a883330e065432578c3a409161e03*
`登陆天数: 25天 / 874天
等级: 122
石头: 3625
呼符: 91
体力: 132.38 / 136
友情点: 0 / 1050295`
*連続ログイン4日目
※ログインが途切れるか、7日到達すると
1日目から再開されます*
`聖晶石 X 1
8月交換券(2022) X 1
`*7周年記念特別連続ログインボーナス*
*開催期間中、1日1回 最大7回 連続ログインボーナスをプレゼント！*
`QP X 3000000
マナプリズム X 100
`_2022-08-03 19:35:37_
--------
