【登录信息】
*23df700802ec5473b0ba93e6647d6d6e*
`登陆天数: 26天 / 874天
等级: 123
石头: 3596
呼符: 95
体力: 226.94666666666666 / 136
友情点: 0 / 1327580`
*連続ログイン5日目
※ログインが途切れるか、7日到達すると
1日目から再開されます*
`叡智の猛火 X 2
8月交換券(2022) X 1
`*7周年記念特別連続ログインボーナス*
*開催期間中、1日1回 最大7回 連続ログインボーナスをプレゼント！*
`英霊結晶・太陽のフォウくん X 10
QP X 3000000
`_2022-08-04 19:36:38_
--------
*3f0a883330e065432578c3a409161e03*
`登陆天数: 26天 / 875天
等级: 122
石头: 3615
呼符: 91
体力: 215.32999999999998 / 136
友情点: 0 / 1122940`
*連続ログイン5日目
※ログインが途切れるか、7日到達すると
1日目から再開されます*
`叡智の猛火 X 2
8月交換券(2022) X 1
`*7周年記念特別連続ログインボーナス*
*開催期間中、1日1回 最大7回 連続ログインボーナスをプレゼント！*
`英霊結晶・太陽のフォウくん X 10
QP X 3000000
`_2022-08-04 19:36:46_
--------
