【登录信息】
*23df700802ec5473b0ba93e6647d6d6e*
`登陆天数: 27天 / 875天
等级: 123
石头: 3596
呼符: 95
体力: 166.00666666666666 / 136
友情点: 0 / 1328305`
*連続ログイン6日目
※ログインが途切れるか、7日到達すると
1日目から再開されます*
`聖晶石 X 2
8月交換券(2022) X 1
`*7周年記念特別連続ログインボーナス*
*開催期間中、1日1回 最大7回 連続ログインボーナスをプレゼント！*
`英霊結晶・星のフォウくん X 10
QP X 3000000
`_2022-08-05 19:36:52_
--------
*3f0a883330e065432578c3a409161e03*
`登陆天数: 27天 / 876天
等级: 122
石头: 3615
呼符: 91
体力: 503.37666666666667 / 136
友情点: 0 / 1122940`
*連続ログイン6日目
※ログインが途切れるか、7日到達すると
1日目から再開されます*
`聖晶石 X 2
8月交換券(2022) X 1
`*7周年記念特別連続ログインボーナス*
*開催期間中、1日1回 最大7回 連続ログインボーナスをプレゼント！*
`英霊結晶・星のフォウくん X 10
QP X 3000000
`_2022-08-05 19:37:00_
--------
