【登录信息】
*23df700802ec5473b0ba93e6647d6d6e*
`登陆天数: 32天 / 880天
等级: 123
石头: 3609
呼符: 106
体力: 133.61 / 136
友情点: 0 / 1967580`
*連続ログイン4日目
※ログインが途切れるか、7日到達すると
1日目から再開されます*
`聖晶石 X 1
8月交換券(2022) X 1
`*FGO カルデア放送局 ライト版 ～水着イベント2022～ 放送記念 初回ログインボーナス*
*開催期間中、初回ログインで「聖晶石×14」をプレゼント！*
`聖晶石 X 14
`_2022-08-10 19:35:32_
--------
*3f0a883330e065432578c3a409161e03*
`登陆天数: 32天 / 881天
等级: 122
石头: 3622
呼符: 91
体力: 29.89333333333333 / 136
友情点: 0 / 1519515`
*連続ログイン4日目
※ログインが途切れるか、7日到達すると
1日目から再開されます*
`聖晶石 X 1
8月交換券(2022) X 1
`*FGO カルデア放送局 ライト版 ～水着イベント2022～ 放送記念 初回ログインボーナス*
*開催期間中、初回ログインで「聖晶石×14」をプレゼント！*
`聖晶石 X 14
`_2022-08-10 19:35:39_
--------
