【登录信息】
*23df700802ec5473b0ba93e6647d6d6e*
`登陆天数: 41天 / 889天
等级: 123
石头: 672
呼符: 87
体力: 12.129999999999995 / 136
友情点: 0 / 2874960`
*連続ログイン6日目
※ログインが途切れるか、7日到達すると
1日目から再開されます*
`聖晶石 X 2
8月交換券(2022) X 1
`_2022-08-19 19:35:51_
--------
*3f0a883330e065432578c3a409161e03*
`登陆天数: 41天 / 890天
等级: 122
石头: 3657
呼符: 103
体力: 98.30333333333334 / 136
友情点: 0 / 2160935`
*連続ログイン6日目
※ログインが途切れるか、7日到達すると
1日目から再開されます*
`聖晶石 X 2
8月交換券(2022) X 1
`_2022-08-19 19:35:59_
--------
*4ffa60d2f520051b4a05b83b5a84daa0*
`登陆天数: 40天 / 891天
等级: 123
石头: 3200
呼符: 117
体力: 142.35666666666665 / 136
友情点: 0 / 5496295`
_2022-08-19 19:36:07_
--------
