【登录信息】
*23df700802ec5473b0ba93e6647d6d6e*
`登陆天数: 42天 / 890天
等级: 123
石头: 677
呼符: 87
体力: 80.07666666666667 / 136
友情点: 0 / 3026775`
*連続ログイン7日間到達おめでとうございます！
明日は1日目からリスタートされます。*
`獣の足跡 X 1
呼符 X 1
8月交換券(2022) X 1
`_2022-08-20 19:35:35_
--------
*3f0a883330e065432578c3a409161e03*
`登陆天数: 42天 / 891天
等级: 122
石头: 3660
呼符: 103
体力: 109.04666666666667 / 136
友情点: 0 / 2323335`
_2022-08-20 19:35:43_
--------
*4ffa60d2f520051b4a05b83b5a84daa0*
`登陆天数: 41天 / 892天
等级: 123
石头: 3200
呼符: 117
体力: 430.30333333333334 / 136
友情点: 0 / 5496295`
*連続ログイン6日目
※ログインが途切れるか、7日到達すると
1日目から再開されます*
`聖晶石 X 2
8月交換券(2022) X 1
`_2022-08-20 19:35:50_
--------
