【登录信息】
*23df700802ec5473b0ba93e6647d6d6e*
`登陆天数: 43天 / 891天
等级: 123
石头: 677
呼符: 88
体力: 155.73333333333335 / 136
友情点: 0 / 3079410`
*連続ログイン1日目
※ログインが途切れるか、7日到達すると
1日目から再開されます*
`フレンドポイント X 2000
8月交換券(2022) X 1
`_2022-08-21 19:35:29_
--------
*3f0a883330e065432578c3a409161e03*
`登陆天数: 43天 / 892天
等级: 122
石头: 3664
呼符: 104
体力: 26.709999999999994 / 136
友情点: 0 / 2497625`
_2022-08-21 19:35:37_
--------
*4ffa60d2f520051b4a05b83b5a84daa0*
`登陆天数: 42天 / 893天
等级: 123
石头: 3204
呼符: 117
体力: 144.5 / 136
友情点: 0 / 5505255`
*連続ログイン7日間到達おめでとうございます！
明日は1日目からリスタートされます。*
`獣の足跡 X 1
呼符 X 1
8月交換券(2022) X 1
`_2022-08-21 19:35:45_
--------
