【登录信息】
*23df700802ec5473b0ba93e6647d6d6e*
`登陆天数: 44天 / 892天
等级: 123
石头: 677
呼符: 88
体力: 135.77333333333334 / 136
友情点: 0 / 3084890`
*連続ログイン2日目
※ログインが途切れるか、7日到達すると
1日目から再開されます*
`聖晶石 X 1
8月交換券(2022) X 1
`_2022-08-22 19:37:54_
--------
*3f0a883330e065432578c3a409161e03*
`登陆天数: 44天 / 893天
等级: 122
石头: 3666
呼符: 104
体力: 47.71666666666667 / 136
友情点: 0 / 2702190`
*連続ログイン2日目
※ログインが途切れるか、7日到達すると
1日目から再開されます*
`聖晶石 X 1
8月交換券(2022) X 1
`_2022-08-22 19:38:02_
--------
*4ffa60d2f520051b4a05b83b5a84daa0*
`登陆天数: 43天 / 894天
等级: 123
石头: 3204
呼符: 117
体力: 62.86333333333333 / 136
友情点: 0 / 5512215`
*連続ログイン1日目
※ログインが途切れるか、7日到達すると
1日目から再開されます*
`フレンドポイント X 2000
8月交換券(2022) X 1
`_2022-08-22 19:38:10_
--------
