【登录信息】
*23df700802ec5473b0ba93e6647d6d6e*
`登陆天数: 48天 / 896天
等级: 124
石头: 701
呼符: 90
体力: 45.85666666666667 / 136
友情点: 0 / 2785810`
*連続ログイン6日目
※ログインが途切れるか、7日到達すると
1日目から再開されます*
`聖晶石 X 2
8月交換券(2022) X 1
`_2022-08-26 19:35:35_
--------
*3f0a883330e065432578c3a409161e03*
`登陆天数: 48天 / 897天
等级: 122
石头: 3669
呼符: 104
体力: 756.96 / 136
友情点: 0 / 2866620`
*連続ログイン6日目
※ログインが途切れるか、7日到達すると
1日目から再開されます*
`聖晶石 X 2
8月交換券(2022) X 1
`_2022-08-26 19:35:43_
--------
*4ffa60d2f520051b4a05b83b5a84daa0*
`登陆天数: 47天 / 898天
等级: 123
石头: 3205
呼符: 118
体力: 756.8866666666667 / 136
友情点: 0 / 5515810`
*連続ログイン5日目
※ログインが途切れるか、7日到達すると
1日目から再開されます*
`叡智の猛火 X 2
8月交換券(2022) X 1
`_2022-08-26 19:35:51_
--------
