【登录信息】
*23df700802ec5473b0ba93e6647d6d6e*
`登陆天数: 50天 / 898天
等级: 124
石头: 703
呼符: 91
体力: 60.25666666666666 / 136
友情点: 0 / 2786085`
*連続ログイン1日目
※ログインが途切れるか、7日到達すると
1日目から再開されます*
`フレンドポイント X 2000
8月交換券(2022) X 1
`_2022-08-28 19:35:38_
--------
*3f0a883330e065432578c3a409161e03*
`登陆天数: 50天 / 899天
等级: 122
石头: 3669
呼符: 104
体力: 1332.97 / 136
友情点: 0 / 2866620`
*連続ログイン1日目
※ログインが途切れるか、7日到達すると
1日目から再開されます*
`フレンドポイント X 2000
8月交換券(2022) X 1
`_2022-08-28 19:35:45_
--------
*4ffa60d2f520051b4a05b83b5a84daa0*
`登陆天数: 49天 / 900天
等级: 123
石头: 3205
呼符: 118
体力: 1332.8966666666668 / 136
友情点: 0 / 5515810`
*連続ログイン7日間到達おめでとうございます！
明日は1日目からリスタートされます。*
`獣の足跡 X 1
呼符 X 1
8月交換券(2022) X 1
`_2022-08-28 19:35:53_
--------
