【登录信息】
*23df700802ec5473b0ba93e6647d6d6e*
`登陆天数: 51天 / 899天
等级: 124
石头: 710
呼符: 107
体力: 73.64666666666668 / 136
友情点: 0 / 2803845`
*連続ログイン2日目
※ログインが途切れるか、7日到達すると
1日目から再開されます*
`聖晶石 X 1
8月交換券(2022) X 1
`_2022-08-29 19:35:39_
--------
*3f0a883330e065432578c3a409161e03*
`登陆天数: 51天 / 900天
等级: 122
石头: 3669
呼符: 104
体力: 74.66333333333333 / 136
友情点: 0 / 2873870`
*連続ログイン2日目
※ログインが途切れるか、7日到達すると
1日目から再開されます*
`聖晶石 X 1
8月交換券(2022) X 1
`_2022-08-29 19:35:47_
--------
*4ffa60d2f520051b4a05b83b5a84daa0*
`登陆天数: 50天 / 901天
等级: 123
石头: 3205
呼符: 118
体力: 72.20333333333333 / 136
友情点: 0 / 5523205`
*連続ログイン1日目
※ログインが途切れるか、7日到達すると
1日目から再開されます*
`フレンドポイント X 2000
8月交換券(2022) X 1
`_2022-08-29 19:35:55_
--------
