【登录信息】
*23df700802ec5473b0ba93e6647d6d6e*
`登陆天数: 52天 / 900天
等级: 124
石头: 711
呼符: 107
体力: 72.59333333333333 / 136
友情点: 0 / 2804280`
*連続ログイン3日目
※ログインが途切れるか、7日到達すると
1日目から再開されます*
`叡智の猛火 X 1
8月交換券(2022) X 1
`_2022-08-30 19:35:22_
--------
*3f0a883330e065432578c3a409161e03*
`登陆天数: 52天 / 901天
等级: 122
石头: 3669
呼符: 104
体力: 362.61 / 136
友情点: 0 / 2873870`
*連続ログイン3日目
※ログインが途切れるか、7日到達すると
1日目から再開されます*
`叡智の猛火 X 1
8月交換券(2022) X 1
`_2022-08-30 19:35:30_
--------
*4ffa60d2f520051b4a05b83b5a84daa0*
`登陆天数: 51天 / 902天
等级: 123
石头: 3205
呼符: 118
体力: 360.15 / 136
友情点: 0 / 5523205`
*連続ログイン2日目
※ログインが途切れるか、7日到達すると
1日目から再開されます*
`聖晶石 X 1
8月交換券(2022) X 1
`_2022-08-30 19:35:38_
--------
