【登录信息】
[5be1eb651b6f675892f00b0952b3cadb]
`登陆天数: 26天 / 832天
等级: 145
石头: 88
友情点: 135 / 2461430`
*連続ログイン5日目
※ログインが途切れるか、7日到達すると
1日目から再開されます*
`叡智の猛火 X 2
12月交換券(2020) X 1
`*2200万DL突破記念 特別連続ログインボーナス*
*開催期間中、1日1回 最大7回 連続ログインボーナスをプレゼント！
*
`英霊結晶・太陽のフォウくん X 10
`_2020-11-30 19:35:34_
--------
[9cfc24f569d65a92010a7c9549af2192]
`登陆天数: 26天 / 316天
等级: 91
石头: 1
友情点: 0 / 348565`
*連続ログイン5日目
※ログインが途切れるか、7日到達すると
1日目から再開されます*
`叡智の猛火 X 2
12月交換券(2020) X 1
`*2200万DL突破記念 特別連続ログインボーナス*
*開催期間中、1日1回 最大7回 連続ログインボーナスをプレゼント！
*
`英霊結晶・太陽のフォウくん X 10
`_2020-11-30 19:35:43_
--------
[dfc9a9f4b3655841a6372642c60bb90d]
`登陆天数: 26天 / 373天
等级: 91
石头: 6
友情点: 0 / 541620`
*連続ログイン5日目
※ログインが途切れるか、7日到達すると
1日目から再開されます*
`叡智の猛火 X 2
12月交換券(2020) X 1
`*2200万DL突破記念 特別連続ログインボーナス*
*開催期間中、1日1回 最大7回 連続ログインボーナスをプレゼント！
*
`英霊結晶・太陽のフォウくん X 10
`_2020-11-30 19:35:51_
--------
[489b9caeed7f023e28fa9d1e9b69c384]
`登陆天数: 25天 / 111天
等级: 91
石头: 5
友情点: 0 / 300330`
*連続ログイン4日目
※ログインが途切れるか、7日到達すると
1日目から再開されます*
`聖晶石 X 1
12月交換券(2020) X 1
`*2200万DL突破記念 特別連続ログインボーナス*
*開催期間中、1日1回 最大7回 連続ログインボーナスをプレゼント！
*
`英霊結晶・太陽のフォウくん X 10
`_2020-11-30 19:36:00_
--------
