【登录信息】
[5be1eb651b6f675892f00b0952b3cadb]
`登陆天数: 27天 / 833天
等级: 145
石头: 88
友情点: 125 / 2461555`
*連続ログイン6日目
※ログインが途切れるか、7日到達すると
1日目から再開されます*
`聖晶石 X 2
12月交換券(2020) X 1
`*2200万DL突破記念 特別連続ログインボーナス*
*開催期間中、1日1回 最大7回 連続ログインボーナスをプレゼント！
*
`呼符 X 10
`_2020-12-01 19:45:22_
--------
[9cfc24f569d65a92010a7c9549af2192]
`登陆天数: 27天 / 317天
等级: 91
石头: 28
友情点: 0 / 362565`
*連続ログイン6日目
※ログインが途切れるか、7日到達すると
1日目から再開されます*
`聖晶石 X 2
12月交換券(2020) X 1
`*2200万DL突破記念 特別連続ログインボーナス*
*開催期間中、1日1回 最大7回 連続ログインボーナスをプレゼント！
*
`呼符 X 10
`_2020-12-01 19:45:31_
--------
[dfc9a9f4b3655841a6372642c60bb90d]
`登陆天数: 27天 / 374天
等级: 91
石头: 6
友情点: 0 / 541745`
*連続ログイン6日目
※ログインが途切れるか、7日到達すると
1日目から再開されます*
`聖晶石 X 2
12月交換券(2020) X 1
`*2200万DL突破記念 特別連続ログインボーナス*
*開催期間中、1日1回 最大7回 連続ログインボーナスをプレゼント！
*
`呼符 X 10
`_2020-12-01 19:45:40_
--------
[489b9caeed7f023e28fa9d1e9b69c384]
`登陆天数: 26天 / 112天
等级: 91
石头: 12
友情点: 0 / 316330`
*連続ログイン5日目
※ログインが途切れるか、7日到達すると
1日目から再開されます*
`叡智の猛火 X 2
12月交換券(2020) X 1
`*2200万DL突破記念 特別連続ログインボーナス*
*開催期間中、1日1回 最大7回 連続ログインボーナスをプレゼント！
*
`呼符 X 10
`_2020-12-01 19:45:48_
--------
