【登录信息】
[5be1eb651b6f675892f00b0952b3cadb]
`登陆天数: 28天 / 834天
等级: 145
石头: 88
友情点: 45 / 2461600`
*連続ログイン7日間到達おめでとうございます！
明日は1日目からリスタートされます。*
`獣の足跡 X 1
呼符 X 1
12月交換券(2020) X 1
`*FGO カルデア放送局 Vol.15 第2部 第5.5章 轟雷一閃 配信＆劇場版キャメロット前編公開 直前SP 放送記念 初回ログインボーナス*
*開催期間中、初回ログインで「聖晶石×12」をプレゼント！*
`聖晶石 X 12
`_2020-12-02 19:35:23_
--------
[9cfc24f569d65a92010a7c9549af2192]
`登陆天数: 28天 / 318天
等级: 91
石头: 28
友情点: 0 / 362565`
*連続ログイン7日間到達おめでとうございます！
明日は1日目からリスタートされます。*
`獣の足跡 X 1
呼符 X 1
12月交換券(2020) X 1
`*FGO カルデア放送局 Vol.15 第2部 第5.5章 轟雷一閃 配信＆劇場版キャメロット前編公開 直前SP 放送記念 初回ログインボーナス*
*開催期間中、初回ログインで「聖晶石×12」をプレゼント！*
`聖晶石 X 12
`_2020-12-02 19:35:32_
--------
[dfc9a9f4b3655841a6372642c60bb90d]
`登陆天数: 28天 / 375天
等级: 91
石头: 6
友情点: 0 / 541745`
*連続ログイン7日間到達おめでとうございます！
明日は1日目からリスタートされます。*
`獣の足跡 X 1
呼符 X 1
12月交換券(2020) X 1
`*FGO カルデア放送局 Vol.15 第2部 第5.5章 轟雷一閃 配信＆劇場版キャメロット前編公開 直前SP 放送記念 初回ログインボーナス*
*開催期間中、初回ログインで「聖晶石×12」をプレゼント！*
`聖晶石 X 12
`_2020-12-02 19:35:40_
--------
[489b9caeed7f023e28fa9d1e9b69c384]
`登陆天数: 27天 / 113天
等级: 91
石头: 12
友情点: 0 / 316330`
*連続ログイン6日目
※ログインが途切れるか、7日到達すると
1日目から再開されます*
`聖晶石 X 2
12月交換券(2020) X 1
`*FGO カルデア放送局 Vol.15 第2部 第5.5章 轟雷一閃 配信＆劇場版キャメロット前編公開 直前SP 放送記念 初回ログインボーナス*
*開催期間中、初回ログインで「聖晶石×12」をプレゼント！*
`聖晶石 X 12
`_2020-12-02 19:35:48_
--------
