【登录信息】
[5be1eb651b6f675892f00b0952b3cadb]
`登陆天数: 29天 / 835天
等级: 145
石头: 88
友情点: 0 / 2461600`
*連続ログイン1日目
※ログインが途切れるか、7日到達すると
1日目から再開されます*
`フレンドポイント X 2000
12月交換券(2020) X 1
`_2020-12-03 19:45:28_
--------
[9cfc24f569d65a92010a7c9549af2192]
`登陆天数: 29天 / 319天
等级: 91
石头: 28
友情点: 0 / 362565`
*連続ログイン1日目
※ログインが途切れるか、7日到達すると
1日目から再開されます*
`フレンドポイント X 2000
12月交換券(2020) X 1
`_2020-12-03 19:45:37_
--------
[dfc9a9f4b3655841a6372642c60bb90d]
`登陆天数: 29天 / 376天
等级: 91
石头: 6
友情点: 0 / 541745`
*連続ログイン1日目
※ログインが途切れるか、7日到達すると
1日目から再開されます*
`フレンドポイント X 2000
12月交換券(2020) X 1
`_2020-12-03 19:45:46_
--------
[489b9caeed7f023e28fa9d1e9b69c384]
`登陆天数: 28天 / 114天
等级: 91
石头: 12
友情点: 0 / 316330`
*連続ログイン7日間到達おめでとうございます！
明日は1日目からリスタートされます。*
`獣の足跡 X 1
呼符 X 1
12月交換券(2020) X 1
`_2020-12-03 19:45:54_
--------
