【登录信息】
[5be1eb651b6f675892f00b0952b3cadb]
`登陆天数: 30天 / 836天
等级: 145
石头: 88
友情点: 100 / 2461700`
*連続ログイン2日目
※ログインが途切れるか、7日到達すると
1日目から再開されます*
`聖晶石 X 1
12月交換券(2020) X 1
`*劇場版「FGO -神聖円卓領域キャメロット- Wandering; Agateram」公開記念週替りログインボーナス*
*開催期間中、週1回 4週週替りで 「限定概念礼装」をプレゼント！*
`穏やかな歩み X 1
`_2020-12-04 19:45:27_
--------
[9cfc24f569d65a92010a7c9549af2192]
`登陆天数: 30天 / 320天
等级: 91
石头: 28
友情点: 0 / 362565`
*連続ログイン2日目
※ログインが途切れるか、7日到達すると
1日目から再開されます*
`聖晶石 X 1
12月交換券(2020) X 1
`*劇場版「FGO -神聖円卓領域キャメロット- Wandering; Agateram」公開記念週替りログインボーナス*
*開催期間中、週1回 4週週替りで 「限定概念礼装」をプレゼント！*
`穏やかな歩み X 1
`_2020-12-04 19:45:37_
--------
[dfc9a9f4b3655841a6372642c60bb90d]
`登陆天数: 30天 / 377天
等级: 91
石头: 0
友情点: 0 / 543745`
*連続ログイン2日目
※ログインが途切れるか、7日到達すると
1日目から再開されます*
`聖晶石 X 1
12月交換券(2020) X 1
`*劇場版「FGO -神聖円卓領域キャメロット- Wandering; Agateram」公開記念週替りログインボーナス*
*開催期間中、週1回 4週週替りで 「限定概念礼装」をプレゼント！*
`穏やかな歩み X 1
`_2020-12-04 19:45:45_
--------
[489b9caeed7f023e28fa9d1e9b69c384]
`登陆天数: 29天 / 115天
等级: 91
石头: 12
友情点: 0 / 316330`
*連続ログイン1日目
※ログインが途切れるか、7日到達すると
1日目から再開されます*
`フレンドポイント X 2000
12月交換券(2020) X 1
`*劇場版「FGO -神聖円卓領域キャメロット- Wandering; Agateram」公開記念週替りログインボーナス*
*開催期間中、週1回 4週週替りで 「限定概念礼装」をプレゼント！*
`穏やかな歩み X 1
`_2020-12-04 19:45:53_
--------
