【登录信息】
[5be1eb651b6f675892f00b0952b3cadb]
`登陆天数: 31天 / 837天
等级: 145
石头: 88
友情点: 75 / 2461775`
*連続ログイン3日目
※ログインが途切れるか、7日到達すると
1日目から再開されます*
`叡智の猛火 X 1
12月交換券(2020) X 1
`_2020-12-05 19:45:21_
--------
[9cfc24f569d65a92010a7c9549af2192]
`登陆天数: 31天 / 321天
等级: 91
石头: 28
友情点: 0 / 362565`
*連続ログイン3日目
※ログインが途切れるか、7日到達すると
1日目から再開されます*
`叡智の猛火 X 1
12月交換券(2020) X 1
`_2020-12-05 19:45:30_
--------
[dfc9a9f4b3655841a6372642c60bb90d]
`登陆天数: 31天 / 378天
等级: 91
石头: 0
友情点: 0 / 543745`
*連続ログイン3日目
※ログインが途切れるか、7日到達すると
1日目から再開されます*
`叡智の猛火 X 1
12月交換券(2020) X 1
`_2020-12-05 19:45:39_
--------
[489b9caeed7f023e28fa9d1e9b69c384]
`登陆天数: 30天 / 116天
等级: 91
石头: 12
友情点: 0 / 316330`
*連続ログイン2日目
※ログインが途切れるか、7日到達すると
1日目から再開されます*
`聖晶石 X 1
12月交換券(2020) X 1
`_2020-12-05 19:45:47_
--------
