【登录信息】
[5be1eb651b6f675892f00b0952b3cadb]
`登陆天数: 32天 / 838天
等级: 145
石头: 88
友情点: 50 / 2461825`
*連続ログイン4日目
※ログインが途切れるか、7日到達すると
1日目から再開されます*
`聖晶石 X 1
12月交換券(2020) X 1
`_2020-12-06 19:45:23_
--------
[9cfc24f569d65a92010a7c9549af2192]
`登陆天数: 32天 / 322天
等级: 91
石头: 28
友情点: 0 / 362565`
*連続ログイン4日目
※ログインが途切れるか、7日到達すると
1日目から再開されます*
`聖晶石 X 1
12月交換券(2020) X 1
`_2020-12-06 19:45:32_
--------
[dfc9a9f4b3655841a6372642c60bb90d]
`登陆天数: 32天 / 379天
等级: 91
石头: 0
友情点: 0 / 543745`
*連続ログイン4日目
※ログインが途切れるか、7日到達すると
1日目から再開されます*
`聖晶石 X 1
12月交換券(2020) X 1
`_2020-12-06 19:45:41_
--------
[489b9caeed7f023e28fa9d1e9b69c384]
`登陆天数: 31天 / 117天
等级: 91
石头: 12
友情点: 0 / 316330`
*連続ログイン3日目
※ログインが途切れるか、7日到達すると
1日目から再開されます*
`叡智の猛火 X 1
12月交換券(2020) X 1
`_2020-12-06 19:45:49_
--------
