【登录信息】
[5be1eb651b6f675892f00b0952b3cadb]
`登陆天数: 33天 / 839天
等级: 145
石头: 88
友情点: 110 / 2461935`
*連続ログイン5日目
※ログインが途切れるか、7日到達すると
1日目から再開されます*
`叡智の猛火 X 2
12月交換券(2020) X 1
`_2020-12-07 19:46:23_
--------
[9cfc24f569d65a92010a7c9549af2192]
`登陆天数: 33天 / 323天
等级: 91
石头: 28
友情点: 0 / 362565`
*連続ログイン5日目
※ログインが途切れるか、7日到達すると
1日目から再開されます*
`叡智の猛火 X 2
12月交換券(2020) X 1
`_2020-12-07 19:46:32_
--------
[dfc9a9f4b3655841a6372642c60bb90d]
`登陆天数: 33天 / 380天
等级: 91
石头: 0
友情点: 0 / 543745`
*連続ログイン5日目
※ログインが途切れるか、7日到達すると
1日目から再開されます*
`叡智の猛火 X 2
12月交換券(2020) X 1
`_2020-12-07 19:46:41_
--------
[489b9caeed7f023e28fa9d1e9b69c384]
`登陆天数: 32天 / 118天
等级: 91
石头: 12
友情点: 0 / 316330`
*連続ログイン4日目
※ログインが途切れるか、7日到達すると
1日目から再開されます*
`聖晶石 X 1
12月交換券(2020) X 1
`_2020-12-07 19:46:49_
--------
