【登录信息】
[5be1eb651b6f675892f00b0952b3cadb]
`登陆天数: 37天 / 843天
等级: 145
石头: 88
友情点: 225 / 2462560`
*連続ログイン2日目
※ログインが途切れるか、7日到達すると
1日目から再開されます*
`聖晶石 X 1
12月交換券(2020) X 1
`*「FGO Waltz in the MOONLIGHT/LOSTROOM song material」発売記念特別連続ログインボーナス！*
*開催期間中、1日1回 最大7回 連続ログインボーナスをプレゼント！*
`黄金の果実 X 1
`_2020-12-11 19:48:24_
--------
[9cfc24f569d65a92010a7c9549af2192]
`登陆天数: 37天 / 327天
等级: 91
石头: 28
友情点: 0 / 362565`
*連続ログイン2日目
※ログインが途切れるか、7日到達すると
1日目から再開されます*
`聖晶石 X 1
12月交換券(2020) X 1
`*「FGO Waltz in the MOONLIGHT/LOSTROOM song material」発売記念特別連続ログインボーナス！*
*開催期間中、1日1回 最大7回 連続ログインボーナスをプレゼント！*
`黄金の果実 X 1
`_2020-12-11 19:48:33_
--------
[dfc9a9f4b3655841a6372642c60bb90d]
`登陆天数: 37天 / 384天
等级: 91
石头: 0
友情点: 0 / 543745`
*連続ログイン2日目
※ログインが途切れるか、7日到達すると
1日目から再開されます*
`聖晶石 X 1
12月交換券(2020) X 1
`*「FGO Waltz in the MOONLIGHT/LOSTROOM song material」発売記念特別連続ログインボーナス！*
*開催期間中、1日1回 最大7回 連続ログインボーナスをプレゼント！*
`黄金の果実 X 1
`_2020-12-11 19:48:41_
--------
[489b9caeed7f023e28fa9d1e9b69c384]
`登陆天数: 36天 / 122天
等级: 91
石头: 12
友情点: 0 / 316330`
*連続ログイン1日目
※ログインが途切れるか、7日到達すると
1日目から再開されます*
`フレンドポイント X 2000
12月交換券(2020) X 1
`*「FGO Waltz in the MOONLIGHT/LOSTROOM song material」発売記念特別連続ログインボーナス！*
*開催期間中、1日1回 最大7回 連続ログインボーナスをプレゼント！*
`黄金の果実 X 1
`_2020-12-11 19:48:49_
--------
