【登录信息】
[5be1eb651b6f675892f00b0952b3cadb]
`登陆天数: 39天 / 845天
等级: 145
石头: 126
友情点: 50 / 2466710`
*連続ログイン4日目
※ログインが途切れるか、7日到達すると
1日目から再開されます*
`聖晶石 X 1
12月交換券(2020) X 1
`*「FGO Waltz in the MOONLIGHT/LOSTROOM song material」発売記念特別連続ログインボーナス！*
*開催期間中、1日1回 最大7回 連続ログインボーナスをプレゼント！*
`聖晶石 X 1
`_2020-12-13 19:47:50_
--------
[9cfc24f569d65a92010a7c9549af2192]
`登陆天数: 39天 / 329天
等级: 91
石头: 28
友情点: 0 / 362565`
*連続ログイン4日目
※ログインが途切れるか、7日到達すると
1日目から再開されます*
`聖晶石 X 1
12月交換券(2020) X 1
`*「FGO Waltz in the MOONLIGHT/LOSTROOM song material」発売記念特別連続ログインボーナス！*
*開催期間中、1日1回 最大7回 連続ログインボーナスをプレゼント！*
`聖晶石 X 1
`_2020-12-13 19:47:59_
--------
[dfc9a9f4b3655841a6372642c60bb90d]
`登陆天数: 39天 / 386天
等级: 91
石头: 0
友情点: 0 / 543745`
*連続ログイン4日目
※ログインが途切れるか、7日到達すると
1日目から再開されます*
`聖晶石 X 1
12月交換券(2020) X 1
`*「FGO Waltz in the MOONLIGHT/LOSTROOM song material」発売記念特別連続ログインボーナス！*
*開催期間中、1日1回 最大7回 連続ログインボーナスをプレゼント！*
`聖晶石 X 1
`_2020-12-13 19:48:08_
--------
[489b9caeed7f023e28fa9d1e9b69c384]
`登陆天数: 38天 / 124天
等级: 91
石头: 12
友情点: 0 / 316330`
*連続ログイン3日目
※ログインが途切れるか、7日到達すると
1日目から再開されます*
`叡智の猛火 X 1
12月交換券(2020) X 1
`*「FGO Waltz in the MOONLIGHT/LOSTROOM song material」発売記念特別連続ログインボーナス！*
*開催期間中、1日1回 最大7回 連続ログインボーナスをプレゼント！*
`聖晶石 X 1
`_2020-12-13 19:48:16_
--------
