【登录信息】
[5be1eb651b6f675892f00b0952b3cadb]
`登陆天数: 40天 / 846天
等级: 145
石头: 126
友情点: 8300 / 2475160`
*連続ログイン5日目
※ログインが途切れるか、7日到達すると
1日目から再開されます*
`叡智の猛火 X 2
12月交換券(2020) X 1
`*「FGO Waltz in the MOONLIGHT/LOSTROOM song material」発売記念特別連続ログインボーナス！*
*開催期間中、1日1回 最大7回 連続ログインボーナスをプレゼント！*
`聖晶石 X 1
`_2020-12-14 19:49:29_
--------
[9cfc24f569d65a92010a7c9549af2192]
`登陆天数: 40天 / 330天
等级: 91
石头: 6
友情点: 0 / 366915`
*連続ログイン5日目
※ログインが途切れるか、7日到達すると
1日目から再開されます*
`叡智の猛火 X 2
12月交換券(2020) X 1
`*「FGO Waltz in the MOONLIGHT/LOSTROOM song material」発売記念特別連続ログインボーナス！*
*開催期間中、1日1回 最大7回 連続ログインボーナスをプレゼント！*
`聖晶石 X 1
`_2020-12-14 19:49:38_
--------
[dfc9a9f4b3655841a6372642c60bb90d]
`登陆天数: 40天 / 387天
等级: 92
石头: 14
友情点: 0 / 546380`
*連続ログイン5日目
※ログインが途切れるか、7日到達すると
1日目から再開されます*
`叡智の猛火 X 2
12月交換券(2020) X 1
`*「FGO Waltz in the MOONLIGHT/LOSTROOM song material」発売記念特別連続ログインボーナス！*
*開催期間中、1日1回 最大7回 連続ログインボーナスをプレゼント！*
`聖晶石 X 1
`_2020-12-14 19:49:46_
--------
[489b9caeed7f023e28fa9d1e9b69c384]
`登陆天数: 39天 / 125天
等级: 91
石头: 12
友情点: 0 / 316605`
*連続ログイン4日目
※ログインが途切れるか、7日到達すると
1日目から再開されます*
`聖晶石 X 1
12月交換券(2020) X 1
`*「FGO Waltz in the MOONLIGHT/LOSTROOM song material」発売記念特別連続ログインボーナス！*
*開催期間中、1日1回 最大7回 連続ログインボーナスをプレゼント！*
`聖晶石 X 1
`_2020-12-14 19:49:54_
--------
