【登录信息】
[5be1eb651b6f675892f00b0952b3cadb]
`登陆天数: 41天 / 847天
等级: 145
石头: 126
友情点: 7525 / 2482685`
*連続ログイン6日目
※ログインが途切れるか、7日到達すると
1日目から再開されます*
`聖晶石 X 2
12月交換券(2020) X 1
`_2020-12-15 19:49:22_
--------
[9cfc24f569d65a92010a7c9549af2192]
`登陆天数: 41天 / 331天
等级: 91
石头: 6
友情点: 0 / 367190`
*連続ログイン6日目
※ログインが途切れるか、7日到達すると
1日目から再開されます*
`聖晶石 X 2
12月交換券(2020) X 1
`_2020-12-15 19:49:31_
--------
[dfc9a9f4b3655841a6372642c60bb90d]
`登陆天数: 41天 / 388天
等级: 92
石头: 14
友情点: 0 / 546655`
*連続ログイン6日目
※ログインが途切れるか、7日到達すると
1日目から再開されます*
`聖晶石 X 2
12月交換券(2020) X 1
`_2020-12-15 19:49:39_
--------
[489b9caeed7f023e28fa9d1e9b69c384]
`登陆天数: 40天 / 126天
等级: 91
石头: 12
友情点: 0 / 316880`
*連続ログイン5日目
※ログインが途切れるか、7日到達すると
1日目から再開されます*
`叡智の猛火 X 2
12月交換券(2020) X 1
`_2020-12-15 19:49:47_
--------
