【登录信息】
[5be1eb651b6f675892f00b0952b3cadb]
`登陆天数: 42天 / 848天
等级: 145
石头: 126
友情点: 15000 / 2497685`
*連続ログイン7日間到達おめでとうございます！
明日は1日目からリスタートされます。*
`獣の足跡 X 1
呼符 X 1
12月交換券(2020) X 1
`_2020-12-16 19:49:28_
--------
[9cfc24f569d65a92010a7c9549af2192]
`登陆天数: 42天 / 332天
等级: 91
石头: 6
友情点: 0 / 367715`
*連続ログイン7日間到達おめでとうございます！
明日は1日目からリスタートされます。*
`獣の足跡 X 1
呼符 X 1
12月交換券(2020) X 1
`_2020-12-16 19:49:38_
--------
[dfc9a9f4b3655841a6372642c60bb90d]
`登陆天数: 42天 / 389天
等级: 92
石头: 17
友情点: 0 / 547205`
*連続ログイン7日間到達おめでとうございます！
明日は1日目からリスタートされます。*
`獣の足跡 X 1
呼符 X 1
12月交換券(2020) X 1
`_2020-12-16 19:49:46_
--------
[489b9caeed7f023e28fa9d1e9b69c384]
`登陆天数: 41天 / 127天
等级: 91
石头: 12
友情点: 0 / 317430`
*連続ログイン6日目
※ログインが途切れるか、7日到達すると
1日目から再開されます*
`聖晶石 X 2
12月交換券(2020) X 1
`_2020-12-16 19:49:54_
--------
