【登录信息】
[5be1eb651b6f675892f00b0952b3cadb]
`登陆天数: 43天 / 849天
等级: 145
石头: 126
友情点: 7425 / 2505110`
*連続ログイン1日目
※ログインが途切れるか、7日到達すると
1日目から再開されます*
`フレンドポイント X 2000
12月交換券(2020) X 1
`_2020-12-17 19:41:01_
--------
[9cfc24f569d65a92010a7c9549af2192]
`登陆天数: 43天 / 333天
等级: 91
石头: 14
友情点: 0 / 367990`
*連続ログイン1日目
※ログインが途切れるか、7日到達すると
1日目から再開されます*
`フレンドポイント X 2000
12月交換券(2020) X 1
`_2020-12-17 19:41:10_
--------
[dfc9a9f4b3655841a6372642c60bb90d]
`登陆天数: 43天 / 390天
等级: 92
石头: 22
友情点: 0 / 547505`
*連続ログイン1日目
※ログインが途切れるか、7日到達すると
1日目から再開されます*
`フレンドポイント X 2000
12月交換券(2020) X 1
`_2020-12-17 19:41:19_
--------
[489b9caeed7f023e28fa9d1e9b69c384]
`登陆天数: 42天 / 128天
等级: 91
石头: 12
友情点: 0 / 317705`
*連続ログイン7日間到達おめでとうございます！
明日は1日目からリスタートされます。*
`獣の足跡 X 1
呼符 X 1
12月交換券(2020) X 1
`_2020-12-17 19:41:27_
--------
