【登录信息】
[5be1eb651b6f675892f00b0952b3cadb]
`登陆天数: 46天 / 852天
等级: 145
石头: 126
友情点: 7150 / 2533060`
*連続ログイン4日目
※ログインが途切れるか、7日到達すると
1日目から再開されます*
`聖晶石 X 1
12月交換券(2020) X 1
`_2020-12-20 19:42:06_
--------
[9cfc24f569d65a92010a7c9549af2192]
`登陆天数: 46天 / 336天
等级: 91
石头: 14
友情点: 0 / 368865`
*連続ログイン4日目
※ログインが途切れるか、7日到達すると
1日目から再開されます*
`聖晶石 X 1
12月交換券(2020) X 1
`_2020-12-20 19:42:15_
--------
[dfc9a9f4b3655841a6372642c60bb90d]
`登陆天数: 46天 / 393天
等级: 93
石头: 26
友情点: 0 / 582265`
*連続ログイン4日目
※ログインが途切れるか、7日到達すると
1日目から再開されます*
`聖晶石 X 1
12月交換券(2020) X 1
`_2020-12-20 19:42:24_
--------
[489b9caeed7f023e28fa9d1e9b69c384]
`登陆天数: 45天 / 131天
等级: 91
石头: 12
友情点: 0 / 318555`
*連続ログイン3日目
※ログインが途切れるか、7日到達すると
1日目から再開されます*
`叡智の猛火 X 1
12月交換券(2020) X 1
`_2020-12-20 19:42:32_
--------
