【登录信息】
[5be1eb651b6f675892f00b0952b3cadb]
`登陆天数: 47天 / 853天
等级: 145
石头: 126
友情点: 15675 / 2548735`
*連続ログイン5日目
※ログインが途切れるか、7日到達すると
1日目から再開されます*
`叡智の猛火 X 2
12月交換券(2020) X 1
`_2020-12-21 19:44:07_
--------
[9cfc24f569d65a92010a7c9549af2192]
`登陆天数: 47天 / 337天
等级: 91
石头: 14
友情点: 0 / 369415`
*連続ログイン5日目
※ログインが途切れるか、7日到達すると
1日目から再開されます*
`叡智の猛火 X 2
12月交換券(2020) X 1
`_2020-12-21 19:44:17_
--------
[dfc9a9f4b3655841a6372642c60bb90d]
`登陆天数: 47天 / 394天
等级: 94
石头: 28
友情点: 0 / 593185`
*連続ログイン5日目
※ログインが途切れるか、7日到達すると
1日目から再開されます*
`叡智の猛火 X 2
12月交換券(2020) X 1
`_2020-12-21 19:44:25_
--------
[489b9caeed7f023e28fa9d1e9b69c384]
`登陆天数: 46天 / 132天
等级: 91
石头: 12
友情点: 0 / 319105`
*連続ログイン4日目
※ログインが途切れるか、7日到達すると
1日目から再開されます*
`聖晶石 X 1
12月交換券(2020) X 1
`_2020-12-21 19:44:33_
--------
