【登录信息】
[5be1eb651b6f675892f00b0952b3cadb]
`登陆天数: 48天 / 854天
等级: 145
石头: 126
友情点: 11025 / 2559760`
*連続ログイン6日目
※ログインが途切れるか、7日到達すると
1日目から再開されます*
`聖晶石 X 2
12月交換券(2020) X 1
`_2020-12-22 19:46:15_
--------
[9cfc24f569d65a92010a7c9549af2192]
`登陆天数: 48天 / 338天
等级: 92
石头: 14
友情点: 0 / 370265`
*連続ログイン6日目
※ログインが途切れるか、7日到達すると
1日目から再開されます*
`聖晶石 X 2
12月交換券(2020) X 1
`_2020-12-22 19:46:24_
--------
[dfc9a9f4b3655841a6372642c60bb90d]
`登陆天数: 48天 / 395天
等级: 95
石头: 28
友情点: 0 / 613385`
*連続ログイン6日目
※ログインが途切れるか、7日到達すると
1日目から再開されます*
`聖晶石 X 2
12月交換券(2020) X 1
`_2020-12-22 19:46:32_
--------
[489b9caeed7f023e28fa9d1e9b69c384]
`登陆天数: 47天 / 133天
等级: 91
石头: 12
友情点: 0 / 319655`
*連続ログイン5日目
※ログインが途切れるか、7日到達すると
1日目から再開されます*
`叡智の猛火 X 2
12月交換券(2020) X 1
`_2020-12-22 19:46:41_
--------
