【登录信息】
[5be1eb651b6f675892f00b0952b3cadb]
`登陆天数: 49天 / 855天
等级: 145
石头: 110
友情点: 7650 / 2576835`
*連続ログイン7日間到達おめでとうございます！
明日は1日目からリスタートされます。*
`獣の足跡 X 1
呼符 X 1
12月交換券(2020) X 1
`_2020-12-23 19:50:05_
--------
[9cfc24f569d65a92010a7c9549af2192]
`登陆天数: 49天 / 339天
等级: 92
石头: 14
友情点: 0 / 370815`
*連続ログイン7日間到達おめでとうございます！
明日は1日目からリスタートされます。*
`獣の足跡 X 1
呼符 X 1
12月交換券(2020) X 1
`_2020-12-23 19:50:14_
--------
[dfc9a9f4b3655841a6372642c60bb90d]
`登陆天数: 49天 / 396天
等级: 95
石头: 31
友情点: 0 / 617350`
*連続ログイン7日間到達おめでとうございます！
明日は1日目からリスタートされます。*
`獣の足跡 X 1
呼符 X 1
12月交換券(2020) X 1
`_2020-12-23 19:50:22_
--------
[489b9caeed7f023e28fa9d1e9b69c384]
`登陆天数: 48天 / 134天
等级: 91
石头: 12
友情点: 0 / 320205`
*連続ログイン6日目
※ログインが途切れるか、7日到達すると
1日目から再開されます*
`聖晶石 X 2
12月交換券(2020) X 1
`_2020-12-23 19:50:30_
--------
