【登录信息】
[5be1eb651b6f675892f00b0952b3cadb]
`登陆天数: 50天 / 856天
等级: 145
石头: 110
友情点: 125 / 2576960`
*連続ログイン1日目
※ログインが途切れるか、7日到達すると
1日目から再開されます*
`フレンドポイント X 2000
12月交換券(2020) X 1
`*カルナ〔サンタ〕からのクリスマスプレゼント*
*開催期間中、初回ログインで「聖晶石×10」をプレゼント！*
`聖晶石 X 10
`_2020-12-24 19:51:36_
--------
[9cfc24f569d65a92010a7c9549af2192]
`登陆天数: 50天 / 340天
等级: 92
石头: 14
友情点: 0 / 370815`
*連続ログイン1日目
※ログインが途切れるか、7日到達すると
1日目から再開されます*
`フレンドポイント X 2000
12月交換券(2020) X 1
`*カルナ〔サンタ〕からのクリスマスプレゼント*
*開催期間中、初回ログインで「聖晶石×10」をプレゼント！*
`聖晶石 X 10
`_2020-12-24 19:51:45_
--------
[dfc9a9f4b3655841a6372642c60bb90d]
`登陆天数: 50天 / 397天
等级: 100
石头: 33
友情点: 0 / 690350`
*連続ログイン1日目
※ログインが途切れるか、7日到達すると
1日目から再開されます*
`フレンドポイント X 2000
12月交換券(2020) X 1
`*カルナ〔サンタ〕からのクリスマスプレゼント*
*開催期間中、初回ログインで「聖晶石×10」をプレゼント！*
`聖晶石 X 10
`_2020-12-24 19:51:54_
--------
[489b9caeed7f023e28fa9d1e9b69c384]
`登陆天数: 49天 / 135天
等级: 91
石头: 12
友情点: 0 / 320205`
*連続ログイン7日間到達おめでとうございます！
明日は1日目からリスタートされます。*
`獣の足跡 X 1
呼符 X 1
12月交換券(2020) X 1
`*カルナ〔サンタ〕からのクリスマスプレゼント*
*開催期間中、初回ログインで「聖晶石×10」をプレゼント！*
`聖晶石 X 10
`_2020-12-24 19:52:02_
--------
