【登录信息】
[5be1eb651b6f675892f00b0952b3cadb]
`登陆天数: 51天 / 857天
等级: 145
石头: 110
友情点: 7450 / 2584410`
*連続ログイン2日目
※ログインが途切れるか、7日到達すると
1日目から再開されます*
`聖晶石 X 1
12月交換券(2020) X 1
`*劇場版「FGO -神聖円卓領域キャメロット- Wandering; Agateram」公開記念週替りログインボーナス*
*開催期間中、週1回 4週週替りで 「限定概念礼装」をプレゼント！*
`ランチは軽快に X 1
`_2020-12-25 19:48:07_
--------
[9cfc24f569d65a92010a7c9549af2192]
`登陆天数: 51天 / 341天
等级: 92
石头: 14
友情点: 0 / 371090`
*連続ログイン2日目
※ログインが途切れるか、7日到達すると
1日目から再開されます*
`聖晶石 X 1
12月交換券(2020) X 1
`*劇場版「FGO -神聖円卓領域キャメロット- Wandering; Agateram」公開記念週替りログインボーナス*
*開催期間中、週1回 4週週替りで 「限定概念礼装」をプレゼント！*
`ランチは軽快に X 1
`_2020-12-25 19:48:16_
--------
[dfc9a9f4b3655841a6372642c60bb90d]
`登陆天数: 51天 / 398天
等级: 100
石头: 33
友情点: 0 / 690650`
*連続ログイン2日目
※ログインが途切れるか、7日到達すると
1日目から再開されます*
`聖晶石 X 1
12月交換券(2020) X 1
`*劇場版「FGO -神聖円卓領域キャメロット- Wandering; Agateram」公開記念週替りログインボーナス*
*開催期間中、週1回 4週週替りで 「限定概念礼装」をプレゼント！*
`ランチは軽快に X 1
`_2020-12-25 19:48:24_
--------
[489b9caeed7f023e28fa9d1e9b69c384]
`登陆天数: 50天 / 136天
等级: 91
石头: 12
友情点: 0 / 320480`
*連続ログイン1日目
※ログインが途切れるか、7日到達すると
1日目から再開されます*
`フレンドポイント X 2000
12月交換券(2020) X 1
`*劇場版「FGO -神聖円卓領域キャメロット- Wandering; Agateram」公開記念週替りログインボーナス*
*開催期間中、週1回 4週週替りで 「限定概念礼装」をプレゼント！*
`ランチは軽快に X 1
`_2020-12-25 19:48:33_
--------
