【登录信息】
[5be1eb651b6f675892f00b0952b3cadb]
`登陆天数: 52天 / 858天
等级: 145
石头: 110
友情点: 7600 / 2592010`
*連続ログイン3日目
※ログインが途切れるか、7日到達すると
1日目から再開されます*
`叡智の猛火 X 1
12月交換券(2020) X 1
`_2020-12-26 19:47:58_
--------
[9cfc24f569d65a92010a7c9549af2192]
`登陆天数: 52天 / 342天
等级: 92
石头: 14
友情点: 0 / 371365`
*連続ログイン3日目
※ログインが途切れるか、7日到達すると
1日目から再開されます*
`叡智の猛火 X 1
12月交換券(2020) X 1
`_2020-12-26 19:48:07_
--------
[dfc9a9f4b3655841a6372642c60bb90d]
`登陆天数: 52天 / 399天
等级: 101
石头: 44
友情点: 0 / 709755`
*連続ログイン3日目
※ログインが途切れるか、7日到達すると
1日目から再開されます*
`叡智の猛火 X 1
12月交換券(2020) X 1
`_2020-12-26 19:48:15_
--------
[489b9caeed7f023e28fa9d1e9b69c384]
`登陆天数: 51天 / 137天
等级: 91
石头: 12
友情点: 0 / 320755`
*連続ログイン2日目
※ログインが途切れるか、7日到達すると
1日目から再開されます*
`聖晶石 X 1
12月交換券(2020) X 1
`_2020-12-26 19:48:24_
--------
