【登录信息】
[5be1eb651b6f675892f00b0952b3cadb]
`登陆天数: 53天 / 859天
等级: 145
石头: 110
友情点: 7800 / 2599810`
*連続ログイン4日目
※ログインが途切れるか、7日到達すると
1日目から再開されます*
`聖晶石 X 1
12月交換券(2020) X 1
`_2020-12-28 01:14:25_
--------
[9cfc24f569d65a92010a7c9549af2192]
`登陆天数: 53天 / 343天
等级: 92
石头: 14
友情点: 0 / 371615`
*連続ログイン4日目
※ログインが途切れるか、7日到達すると
1日目から再開されます*
`聖晶石 X 1
12月交換券(2020) X 1
`_2020-12-28 01:14:34_
--------
[dfc9a9f4b3655841a6372642c60bb90d]
`登陆天数: 53天 / 400天
等级: 102
石头: 44
友情点: 0 / 737645`
*連続ログイン4日目
※ログインが途切れるか、7日到達すると
1日目から再開されます*
`聖晶石 X 1
12月交換券(2020) X 1
`_2020-12-28 01:14:42_
--------
[489b9caeed7f023e28fa9d1e9b69c384]
`登陆天数: 52天 / 138天
等级: 91
石头: 12
友情点: 0 / 321005`
*連続ログイン3日目
※ログインが途切れるか、7日到達すると
1日目から再開されます*
`叡智の猛火 X 1
12月交換券(2020) X 1
`_2020-12-28 01:14:51_
--------
