【登录信息】
[5be1eb651b6f675892f00b0952b3cadb]
`登陆天数: 54天 / 860天
等级: 145
石头: 110
友情点: 15060 / 2614870`
*連続ログイン5日目
※ログインが途切れるか、7日到達すると
1日目から再開されます*
`叡智の猛火 X 2
12月交換券(2020) X 1
`*Fate Project 大晦日TVスペシャル2020 放送カウントダウンログインボーナス*
*開催期間中、1日1回 3日間日替りでログインボーナスをプレゼント！*
`黄金の果実 X 1
`_2020-12-28 19:52:42_
--------
[9cfc24f569d65a92010a7c9549af2192]
`登陆天数: 54天 / 344天
等级: 92
石头: 17
友情点: 0 / 372165`
*連続ログイン5日目
※ログインが途切れるか、7日到達すると
1日目から再開されます*
`叡智の猛火 X 2
12月交換券(2020) X 1
`*Fate Project 大晦日TVスペシャル2020 放送カウントダウンログインボーナス*
*開催期間中、1日1回 3日間日替りでログインボーナスをプレゼント！*
`黄金の果実 X 1
`_2020-12-28 19:52:52_
--------
[dfc9a9f4b3655841a6372642c60bb90d]
`登陆天数: 54天 / 401天
等级: 102
石头: 44
友情点: 0 / 738245`
*連続ログイン5日目
※ログインが途切れるか、7日到達すると
1日目から再開されます*
`叡智の猛火 X 2
12月交換券(2020) X 1
`*Fate Project 大晦日TVスペシャル2020 放送カウントダウンログインボーナス*
*開催期間中、1日1回 3日間日替りでログインボーナスをプレゼント！*
`黄金の果実 X 1
`_2020-12-28 19:53:00_
--------
[489b9caeed7f023e28fa9d1e9b69c384]
`登陆天数: 53天 / 139天
等级: 92
石头: 12
友情点: 0 / 321730`
*連続ログイン4日目
※ログインが途切れるか、7日到達すると
1日目から再開されます*
`聖晶石 X 1
12月交換券(2020) X 1
`*Fate Project 大晦日TVスペシャル2020 放送カウントダウンログインボーナス*
*開催期間中、1日1回 3日間日替りでログインボーナスをプレゼント！*
`黄金の果実 X 1
`_2020-12-28 19:53:08_
--------
