【登录信息】
[5be1eb651b6f675892f00b0952b3cadb]
`登陆天数: 55天 / 861天
等级: 145
石头: 110
友情点: 7500 / 2622370`
*連続ログイン6日目
※ログインが途切れるか、7日到達すると
1日目から再開されます*
`聖晶石 X 2
12月交換券(2020) X 1
`*Fate Project 大晦日TVスペシャル2020 放送カウントダウンログインボーナス*
*開催期間中、1日1回 3日間日替りでログインボーナスをプレゼント！*
`黄金の果実 X 1
`_2020-12-29 19:57:56_
--------
[9cfc24f569d65a92010a7c9549af2192]
`登陆天数: 55天 / 345天
等级: 92
石头: 17
友情点: 0 / 372440`
*連続ログイン6日目
※ログインが途切れるか、7日到達すると
1日目から再開されます*
`聖晶石 X 2
12月交換券(2020) X 1
`*Fate Project 大晦日TVスペシャル2020 放送カウントダウンログインボーナス*
*開催期間中、1日1回 3日間日替りでログインボーナスをプレゼント！*
`黄金の果実 X 1
`_2020-12-29 19:58:05_
--------
[dfc9a9f4b3655841a6372642c60bb90d]
`登陆天数: 55天 / 402天
等级: 102
石头: 93
友情点: 0 / 750195`
*連続ログイン6日目
※ログインが途切れるか、7日到達すると
1日目から再開されます*
`聖晶石 X 2
12月交換券(2020) X 1
`*Fate Project 大晦日TVスペシャル2020 放送カウントダウンログインボーナス*
*開催期間中、1日1回 3日間日替りでログインボーナスをプレゼント！*
`黄金の果実 X 1
`_2020-12-29 19:58:14_
--------
[489b9caeed7f023e28fa9d1e9b69c384]
`登陆天数: 54天 / 140天
等级: 92
石头: 12
友情点: 0 / 322005`
*連続ログイン5日目
※ログインが途切れるか、7日到達すると
1日目から再開されます*
`叡智の猛火 X 2
12月交換券(2020) X 1
`*Fate Project 大晦日TVスペシャル2020 放送カウントダウンログインボーナス*
*開催期間中、1日1回 3日間日替りでログインボーナスをプレゼント！*
`黄金の果実 X 1
`_2020-12-29 19:58:22_
--------
