【登录信息】
*5be1eb651b6f675892f00b0952b3cadb*
`登陆天数: 512天 / 1318天
等级: 153
石头: 193
呼符: 21
友情点: 25 / 15464790`
*連続ログイン1日目
※ログインが途切れるか、7日到達すると
1日目から再開されます*
`フレンドポイント X 2000
4月交換券(2022) X 1
`*「Fate/Pixel Wars」リリース記念 初回ログインボーナス*
*開催期間中、初回ログインで「聖晶石×10」をプレゼント！*
`聖晶石 X 10n`_2022-03-31 20:28:16_
--------
*9cfc24f569d65a92010a7c9549af2192*
`登陆天数: 512天 / 802天
等级: 102
石头: 135
呼符: 9
友情点: 10 / 1348915`
*連続ログイン1日目
※ログインが途切れるか、7日到達すると
1日目から再開されます*
`フレンドポイント X 2000
4月交換券(2022) X 1
`*「Fate/Pixel Wars」リリース記念 初回ログインボーナス*
*開催期間中、初回ログインで「聖晶石×10」をプレゼント！*
`聖晶石 X 10n`_2022-03-31 20:28:25_
--------
*dfc9a9f4b3655841a6372642c60bb90d*
`登陆天数: 512天 / 859天
等级: 106
石头: 135
呼符: 47
友情点: 0 / 1749105`
*連続ログイン1日目
※ログインが途切れるか、7日到達すると
1日目から再開されます*
`フレンドポイント X 2000
4月交換券(2022) X 1
`*「Fate/Pixel Wars」リリース記念 初回ログインボーナス*
*開催期間中、初回ログインで「聖晶石×10」をプレゼント！*
`聖晶石 X 10n`_2022-03-31 20:28:33_
--------
*489b9caeed7f023e28fa9d1e9b69c384*
`登陆天数: 511天 / 597天
等级: 102
石头: 108
呼符: 61
友情点: 75 / 1340850`
*連続ログイン7日間到達おめでとうございます！
明日は1日目からリスタートされます。*
`獣の足跡 X 1
呼符 X 1
4月交換券(2022) X 1
`*「Fate/Pixel Wars」リリース記念 初回ログインボーナス*
*開催期間中、初回ログインで「聖晶石×10」をプレゼント！*
`聖晶石 X 10n`_2022-03-31 20:28:41_
--------
