【登录信息】
*5be1eb651b6f675892f00b0952b3cadb*
`登陆天数: 513天 / 1319天
等级: 153
石头: 208
呼符: 21
友情点: 850 / 15530915`
*連続ログイン2日目
※ログインが途切れるか、7日到達すると
1日目から再開されます*
`聖晶石 X 1
4月交換券(2022) X 1
`_2022-04-01 20:28:21_
--------
*9cfc24f569d65a92010a7c9549af2192*
`登陆天数: 513天 / 803天
等级: 102
石头: 150
呼符: 9
友情点: 20 / 1353360`
*連続ログイン2日目
※ログインが途切れるか、7日到達すると
1日目から再開されます*
`聖晶石 X 1
4月交換券(2022) X 1
`_2022-04-01 20:28:30_
--------
*dfc9a9f4b3655841a6372642c60bb90d*
`登陆天数: 513天 / 860天
等级: 106
石头: 150
呼符: 47
友情点: 10 / 1753525`
*連続ログイン2日目
※ログインが途切れるか、7日到達すると
1日目から再開されます*
`聖晶石 X 1
4月交換券(2022) X 1
`_2022-04-01 20:28:38_
--------
*489b9caeed7f023e28fa9d1e9b69c384*
`登陆天数: 512天 / 598天
等级: 102
石头: 123
呼符: 62
友情点: 20 / 1343340`
*連続ログイン1日目
※ログインが途切れるか、7日到達すると
1日目から再開されます*
`フレンドポイント X 2000
4月交換券(2022) X 1
`_2022-04-01 20:28:46_
--------
