【登录信息】
*5be1eb651b6f675892f00b0952b3cadb*
`登陆天数: 514天 / 1320天
等级: 153
石头: 209
呼符: 21
友情点: 61735 / 15656320`
*連続ログイン3日目
※ログインが途切れるか、7日到達すると
1日目から再開されます*
`叡智の猛火 X 1
4月交換券(2022) X 1
`_2022-04-02 20:27:12_
--------
*9cfc24f569d65a92010a7c9549af2192*
`登陆天数: 514天 / 804天
等级: 102
石头: 151
呼符: 9
友情点: 25 / 1358195`
*連続ログイン3日目
※ログインが途切れるか、7日到達すると
1日目から再開されます*
`叡智の猛火 X 1
4月交換券(2022) X 1
`_2022-04-02 20:27:21_
--------
*dfc9a9f4b3655841a6372642c60bb90d*
`登陆天数: 514天 / 861天
等级: 106
石头: 151
呼符: 47
友情点: 10 / 1758335`
*連続ログイン3日目
※ログインが途切れるか、7日到達すると
1日目から再開されます*
`叡智の猛火 X 1
4月交換券(2022) X 1
`_2022-04-02 20:27:29_
--------
*489b9caeed7f023e28fa9d1e9b69c384*
`登陆天数: 513天 / 599天
等级: 102
石头: 123
呼符: 62
友情点: 35 / 1350185`
*連続ログイン2日目
※ログインが途切れるか、7日到達すると
1日目から再開されます*
`聖晶石 X 1
4月交換券(2022) X 1
`_2022-04-02 20:27:37_
--------
