【登录信息】
*5be1eb651b6f675892f00b0952b3cadb*
`登陆天数: 515天 / 1321天
等级: 153
石头: 209
呼符: 21
友情点: 320 / 15783990`
*連続ログイン4日目
※ログインが途切れるか、7日到達すると
1日目から再開されます*
`聖晶石 X 1
4月交換券(2022) X 1
`_2022-04-03 20:28:12_
--------
*9cfc24f569d65a92010a7c9549af2192*
`登陆天数: 515天 / 805天
等级: 102
石头: 151
呼符: 9
友情点: 25 / 1363095`
*連続ログイン4日目
※ログインが途切れるか、7日到達すると
1日目から再開されます*
`聖晶石 X 1
4月交換券(2022) X 1
`_2022-04-03 20:28:20_
--------
*dfc9a9f4b3655841a6372642c60bb90d*
`登陆天数: 515天 / 862天
等级: 106
石头: 151
呼符: 47
友情点: 10 / 1763145`
*連続ログイン4日目
※ログインが途切れるか、7日到達すると
1日目から再開されます*
`聖晶石 X 1
4月交換券(2022) X 1
`_2022-04-03 20:28:29_
--------
*489b9caeed7f023e28fa9d1e9b69c384*
`登陆天数: 514天 / 600天
等级: 102
石头: 124
呼符: 62
友情点: 25 / 1355060`
*連続ログイン3日目
※ログインが途切れるか、7日到達すると
1日目から再開されます*
`叡智の猛火 X 1
4月交換券(2022) X 1
`_2022-04-03 20:28:37_
--------
