【登录信息】
*5be1eb651b6f675892f00b0952b3cadb*
`登陆天数: 516天 / 1322天
等级: 153
石头: 210
呼符: 21
友情点: 170 / 15851735`
*連続ログイン5日目
※ログインが途切れるか、7日到達すると
1日目から再開されます*
`叡智の猛火 X 2
4月交換券(2022) X 1
`_2022-04-04 20:28:15_
--------
*9cfc24f569d65a92010a7c9549af2192*
`登陆天数: 516天 / 806天
等级: 102
石头: 152
呼符: 9
友情点: 0 / 1365520`
*連続ログイン5日目
※ログインが途切れるか、7日到達すると
1日目から再開されます*
`叡智の猛火 X 2
4月交換券(2022) X 1
`_2022-04-04 20:28:24_
--------
*dfc9a9f4b3655841a6372642c60bb90d*
`登陆天数: 516天 / 863天
等级: 106
石头: 152
呼符: 47
友情点: 0 / 1765575`
*連続ログイン5日目
※ログインが途切れるか、7日到達すると
1日目から再開されます*
`叡智の猛火 X 2
4月交換券(2022) X 1
`_2022-04-04 20:28:32_
--------
*489b9caeed7f023e28fa9d1e9b69c384*
`登陆天数: 515天 / 601天
等级: 102
石头: 154
呼符: 62
友情点: 0 / 1357505`
*連続ログイン4日目
※ログインが途切れるか、7日到達すると
1日目から再開されます*
`聖晶石 X 1
4月交換券(2022) X 1
`_2022-04-04 20:28:39_
--------
