【登录信息】
*5be1eb651b6f675892f00b0952b3cadb*
`登陆天数: 517天 / 1323天
等级: 153
石头: 210
呼符: 21
友情点: 123985 / 15977310`
*連続ログイン6日目
※ログインが途切れるか、7日到達すると
1日目から再開されます*
`聖晶石 X 2
4月交換券(2022) X 1
`_2022-04-05 20:28:43_
--------
*9cfc24f569d65a92010a7c9549af2192*
`登陆天数: 517天 / 807天
等级: 102
石头: 152
呼符: 9
友情点: 0 / 1370415`
*連続ログイン6日目
※ログインが途切れるか、7日到達すると
1日目から再開されます*
`聖晶石 X 2
4月交換券(2022) X 1
`_2022-04-05 20:28:53_
--------
*dfc9a9f4b3655841a6372642c60bb90d*
`登陆天数: 517天 / 864天
等级: 106
石头: 152
呼符: 47
友情点: 0 / 1770425`
*連続ログイン6日目
※ログインが途切れるか、7日到達すると
1日目から再開されます*
`聖晶石 X 2
4月交換券(2022) X 1
`_2022-04-05 20:29:01_
--------
*489b9caeed7f023e28fa9d1e9b69c384*
`登陆天数: 516天 / 602天
等级: 102
石头: 155
呼符: 62
友情点: 10 / 1362365`
*連続ログイン5日目
※ログインが途切れるか、7日到達すると
1日目から再開されます*
`叡智の猛火 X 2
4月交換券(2022) X 1
`_2022-04-05 20:29:09_
--------
