【登录信息】
*5be1eb651b6f675892f00b0952b3cadb*
`登陆天数: 518天 / 1324天
等级: 153
石头: 214
呼符: 18
友情点: 30600 / 16010910`
*連続ログイン7日間到達おめでとうございます！
明日は1日目からリスタートされます。*
`獣の足跡 X 1
呼符 X 1
4月交換券(2022) X 1
`_2022-04-06 20:27:46_
--------
*9cfc24f569d65a92010a7c9549af2192*
`登陆天数: 518天 / 808天
等级: 102
石头: 154
呼符: 9
友情点: 25 / 1371665`
*連続ログイン7日間到達おめでとうございます！
明日は1日目からリスタートされます。*
`獣の足跡 X 1
呼符 X 1
4月交換券(2022) X 1
`_2022-04-06 20:27:56_
--------
*dfc9a9f4b3655841a6372642c60bb90d*
`登陆天数: 518天 / 865天
等级: 106
石头: 154
呼符: 47
友情点: 0 / 1771625`
*連続ログイン7日間到達おめでとうございます！
明日は1日目からリスタートされます。*
`獣の足跡 X 1
呼符 X 1
4月交換券(2022) X 1
`_2022-04-06 20:28:04_
--------
*489b9caeed7f023e28fa9d1e9b69c384*
`登陆天数: 517天 / 603天
等级: 102
石头: 155
呼符: 62
友情点: 0 / 1363590`
*連続ログイン6日目
※ログインが途切れるか、7日到達すると
1日目から再開されます*
`聖晶石 X 2
4月交換券(2022) X 1
`_2022-04-06 20:28:12_
--------
