【登录信息】
*5be1eb651b6f675892f00b0952b3cadb*
`登陆天数: 519天 / 1325天
等级: 153
石头: 222
呼符: 19
友情点: 30700 / 16042235`
*連続ログイン1日目
※ログインが途切れるか、7日到達すると
1日目から再開されます*
`フレンドポイント X 2000
4月交換券(2022) X 1
`_2022-04-07 20:28:59_
--------
*9cfc24f569d65a92010a7c9549af2192*
`登陆天数: 519天 / 809天
等级: 102
石头: 159
呼符: 10
友情点: 45 / 1372910`
*連続ログイン1日目
※ログインが途切れるか、7日到達すると
1日目から再開されます*
`フレンドポイント X 2000
4月交換券(2022) X 1
`_2022-04-07 20:29:08_
--------
*dfc9a9f4b3655841a6372642c60bb90d*
`登陆天数: 519天 / 866天
等级: 106
石头: 159
呼符: 48
友情点: 210 / 1773055`
*連続ログイン1日目
※ログインが途切れるか、7日到達すると
1日目から再開されます*
`フレンドポイント X 2000
4月交換券(2022) X 1
`_2022-04-07 20:29:16_
--------
*489b9caeed7f023e28fa9d1e9b69c384*
`登陆天数: 518天 / 604天
等级: 102
石头: 162
呼符: 62
友情点: 110 / 1364900`
*連続ログイン7日間到達おめでとうございます！
明日は1日目からリスタートされます。*
`獣の足跡 X 1
呼符 X 1
4月交換券(2022) X 1
`_2022-04-07 20:29:25_
--------
