【登录信息】
*5be1eb651b6f675892f00b0952b3cadb*
`登陆天数: 520天 / 1326天
等级: 153
石头: 222
呼符: 19
友情点: 0 / 16075670`
*連続ログイン2日目
※ログインが途切れるか、7日到達すると
1日目から再開されます*
`聖晶石 X 1
4月交換券(2022) X 1
`_2022-04-08 20:28:23_
--------
*9cfc24f569d65a92010a7c9549af2192*
`登陆天数: 520天 / 810天
等级: 102
石头: 159
呼符: 10
友情点: 50 / 1376160`
*連続ログイン2日目
※ログインが途切れるか、7日到達すると
1日目から再開されます*
`聖晶石 X 1
4月交換券(2022) X 1
`_2022-04-08 20:28:32_
--------
*dfc9a9f4b3655841a6372642c60bb90d*
`登陆天数: 520天 / 867天
等级: 106
石头: 159
呼符: 48
友情点: 0 / 1776255`
*連続ログイン2日目
※ログインが途切れるか、7日到達すると
1日目から再開されます*
`聖晶石 X 1
4月交換券(2022) X 1
`_2022-04-08 20:28:40_
--------
*489b9caeed7f023e28fa9d1e9b69c384*
`登陆天数: 519天 / 605天
等级: 102
石头: 162
呼符: 63
友情点: 0 / 1366100`
*連続ログイン1日目
※ログインが途切れるか、7日到達すると
1日目から再開されます*
`フレンドポイント X 2000
4月交換券(2022) X 1
`_2022-04-08 20:28:48_
--------
