【登录信息】
*5be1eb651b6f675892f00b0952b3cadb*
`登陆天数: 521天 / 1327天
等级: 153
石头: 229
呼符: 19
友情点: 25640 / 16133435`
*連続ログイン3日目
※ログインが途切れるか、7日到達すると
1日目から再開されます*
`叡智の猛火 X 1
4月交換券(2022) X 1
`_2022-04-09 20:28:08_
--------
*9cfc24f569d65a92010a7c9549af2192*
`登陆天数: 521天 / 811天
等级: 102
石头: 160
呼符: 10
友情点: 40 / 1378475`
*連続ログイン3日目
※ログインが途切れるか、7日到達すると
1日目から再開されます*
`叡智の猛火 X 1
4月交換券(2022) X 1
`_2022-04-09 20:28:17_
--------
*dfc9a9f4b3655841a6372642c60bb90d*
`登陆天数: 521天 / 868天
等级: 106
石头: 160
呼符: 48
友情点: 20 / 1778475`
*連続ログイン3日目
※ログインが途切れるか、7日到達すると
1日目から再開されます*
`叡智の猛火 X 1
4月交換券(2022) X 1
`_2022-04-09 20:28:24_
--------
*489b9caeed7f023e28fa9d1e9b69c384*
`登陆天数: 520天 / 606天
等级: 102
石头: 162
呼符: 63
友情点: 45 / 1370370`
*連続ログイン2日目
※ログインが途切れるか、7日到達すると
1日目から再開されます*
`聖晶石 X 1
4月交換券(2022) X 1
`_2022-04-09 20:28:32_
--------
