【登录信息】
*5be1eb651b6f675892f00b0952b3cadb*
`登陆天数: 522天 / 1328天
等级: 153
石头: 229
呼符: 19
友情点: 0 / 16165235`
*連続ログイン4日目
※ログインが途切れるか、7日到達すると
1日目から再開されます*
`聖晶石 X 1
4月交換券(2022) X 1
`_2022-04-10 20:27:39_
--------
*9cfc24f569d65a92010a7c9549af2192*
`登陆天数: 522天 / 812天
等级: 102
石头: 160
呼符: 10
友情点: 75 / 1379790`
*連続ログイン4日目
※ログインが途切れるか、7日到達すると
1日目から再開されます*
`聖晶石 X 1
4月交換券(2022) X 1
`_2022-04-10 20:27:48_
--------
*dfc9a9f4b3655841a6372642c60bb90d*
`登陆天数: 522天 / 869天
等级: 106
石头: 160
呼符: 48
友情点: 0 / 1779685`
*連続ログイン4日目
※ログインが途切れるか、7日到達すると
1日目から再開されます*
`聖晶石 X 1
4月交換券(2022) X 1
`_2022-04-10 20:27:56_
--------
*489b9caeed7f023e28fa9d1e9b69c384*
`登陆天数: 521天 / 607天
等级: 102
石头: 163
呼符: 63
友情点: 0 / 1371620`
*連続ログイン3日目
※ログインが途切れるか、7日到達すると
1日目から再開されます*
`叡智の猛火 X 1
4月交換券(2022) X 1
`_2022-04-10 20:28:05_
--------
