【登录信息】
*5be1eb651b6f675892f00b0952b3cadb*
`登陆天数: 524天 / 1330天
等级: 153
石头: 232
呼符: 19
友情点: 0 / 16228165`
*連続ログイン6日目
※ログインが途切れるか、7日到達すると
1日目から再開されます*
`聖晶石 X 2
4月交換券(2022) X 1
`_2022-04-12 20:28:37_
--------
*9cfc24f569d65a92010a7c9549af2192*
`登陆天数: 524天 / 814天
等级: 102
石头: 161
呼符: 10
友情点: 25 / 1382240`
*連続ログイン6日目
※ログインが途切れるか、7日到達すると
1日目から再開されます*
`聖晶石 X 2
4月交換券(2022) X 1
`_2022-04-12 20:28:46_
--------
*dfc9a9f4b3655841a6372642c60bb90d*
`登陆天数: 524天 / 871天
等级: 106
石头: 161
呼符: 48
友情点: 10 / 1782105`
*連続ログイン6日目
※ログインが途切れるか、7日到達すると
1日目から再開されます*
`聖晶石 X 2
4月交換券(2022) X 1
`_2022-04-12 20:28:54_
--------
*489b9caeed7f023e28fa9d1e9b69c384*
`登陆天数: 523天 / 609天
等级: 102
石头: 164
呼符: 63
友情点: 0 / 1374045`
*連続ログイン5日目
※ログインが途切れるか、7日到達すると
1日目から再開されます*
`叡智の猛火 X 2
4月交換券(2022) X 1
`_2022-04-12 20:29:02_
--------
