【登录信息】
*5be1eb651b6f675892f00b0952b3cadb*
`登陆天数: 525天 / 1331天
等级: 153
石头: 23
呼符: 0
友情点: 25 / 16259915`
*連続ログイン7日間到達おめでとうございます！
明日は1日目からリスタートされます。*
`獣の足跡 X 1
呼符 X 1
4月交換券(2022) X 1
`_2022-04-13 20:29:20_
--------
*9cfc24f569d65a92010a7c9549af2192*
`登陆天数: 525天 / 815天
等级: 102
石头: 163
呼符: 10
友情点: 0 / 1383470`
*連続ログイン7日間到達おめでとうございます！
明日は1日目からリスタートされます。*
`獣の足跡 X 1
呼符 X 1
4月交換券(2022) X 1
`_2022-04-13 20:29:29_
--------
*dfc9a9f4b3655841a6372642c60bb90d*
`登陆天数: 525天 / 872天
等级: 106
石头: 163
呼符: 48
友情点: 0 / 1783325`
*連続ログイン7日間到達おめでとうございます！
明日は1日目からリスタートされます。*
`獣の足跡 X 1
呼符 X 1
4月交換券(2022) X 1
`_2022-04-13 20:29:37_
--------
*489b9caeed7f023e28fa9d1e9b69c384*
`登陆天数: 524天 / 610天
等级: 102
石头: 164
呼符: 63
友情点: 25 / 1375300`
*連続ログイン6日目
※ログインが途切れるか、7日到達すると
1日目から再開されます*
`聖晶石 X 2
4月交換券(2022) X 1
`_2022-04-13 20:29:45_
--------
