【登录信息】
*5be1eb651b6f675892f00b0952b3cadb*
`登陆天数: 526天 / 1332天
等级: 153
石头: 23
呼符: 1
友情点: 0 / 16291455`
_2022-04-14 20:28:48_
--------
*9cfc24f569d65a92010a7c9549af2192*
`登陆天数: 526天 / 816天
等级: 102
石头: 163
呼符: 11
友情点: 10 / 1384680`
*連続ログイン1日目
※ログインが途切れるか、7日到達すると
1日目から再開されます*
`フレンドポイント X 2000
4月交換券(2022) X 1
`_2022-04-14 20:28:57_
--------
*dfc9a9f4b3655841a6372642c60bb90d*
`登陆天数: 526天 / 873天
等级: 106
石头: 163
呼符: 49
友情点: 10 / 1784535`
*連続ログイン1日目
※ログインが途切れるか、7日到達すると
1日目から再開されます*
`フレンドポイント X 2000
4月交換券(2022) X 1
`_2022-04-14 20:29:04_
--------
*489b9caeed7f023e28fa9d1e9b69c384*
`登陆天数: 525天 / 611天
等级: 102
石头: 166
呼符: 63
友情点: 35 / 1376535`
*連続ログイン7日間到達おめでとうございます！
明日は1日目からリスタートされます。*
`獣の足跡 X 1
呼符 X 1
4月交換券(2022) X 1
`_2022-04-14 20:29:12_
--------
