【登录信息】
*5be1eb651b6f675892f00b0952b3cadb*
`登陆天数: 527天 / 1333天
等级: 153
石头: 24
呼符: 1
友情点: 185 / 16292095`
*連続ログイン2日目
※ログインが途切れるか、7日到達すると
1日目から再開されます*
`聖晶石 X 1
4月交換券(2022) X 1
`_2022-04-15 20:28:37_
--------
*9cfc24f569d65a92010a7c9549af2192*
`登陆天数: 527天 / 817天
等级: 102
石头: 163
呼符: 11
友情点: 0 / 1384680`
*連続ログイン2日目
※ログインが途切れるか、7日到達すると
1日目から再開されます*
`聖晶石 X 1
4月交換券(2022) X 1
`_2022-04-15 20:28:46_
--------
*dfc9a9f4b3655841a6372642c60bb90d*
`登陆天数: 527天 / 874天
等级: 106
石头: 163
呼符: 49
友情点: 10 / 1784545`
*連続ログイン2日目
※ログインが途切れるか、7日到達すると
1日目から再開されます*
`聖晶石 X 1
4月交換券(2022) X 1
`_2022-04-15 20:28:55_
--------
*489b9caeed7f023e28fa9d1e9b69c384*
`登陆天数: 526天 / 612天
等级: 102
石头: 166
呼符: 63
友情点: 20 / 1376555`
*連続ログイン1日目
※ログインが途切れるか、7日到達すると
1日目から再開されます*
`フレンドポイント X 2000
4月交換券(2022) X 1
`_2022-04-15 20:29:03_
--------
