【登录信息】
*5be1eb651b6f675892f00b0952b3cadb*
`登陆天数: 528天 / 1334天
等级: 153
石头: 26
呼符: 1
友情点: 30700 / 16325565`
*連続ログイン3日目
※ログインが途切れるか、7日到達すると
1日目から再開されます*
`叡智の猛火 X 1
4月交換券(2022) X 1
`_2022-04-16 20:27:45_
--------
*9cfc24f569d65a92010a7c9549af2192*
`登陆天数: 528天 / 818天
等级: 102
石头: 164
呼符: 11
友情点: 20 / 1387900`
*連続ログイン3日目
※ログインが途切れるか、7日到達すると
1日目から再開されます*
`叡智の猛火 X 1
4月交換券(2022) X 1
`_2022-04-16 20:27:54_
--------
*dfc9a9f4b3655841a6372642c60bb90d*
`登陆天数: 528天 / 875天
等级: 106
石头: 164
呼符: 49
友情点: 20 / 1787765`
*連続ログイン3日目
※ログインが途切れるか、7日到達すると
1日目から再開されます*
`叡智の猛火 X 1
4月交換券(2022) X 1
`_2022-04-16 20:28:02_
--------
*489b9caeed7f023e28fa9d1e9b69c384*
`登陆天数: 527天 / 613天
等级: 102
石头: 166
呼符: 64
友情点: 75 / 1379830`
*連続ログイン2日目
※ログインが途切れるか、7日到達すると
1日目から再開されます*
`聖晶石 X 1
4月交換券(2022) X 1
`_2022-04-16 20:28:10_
--------
