【登录信息】
*5be1eb651b6f675892f00b0952b3cadb*
`登陆天数: 529天 / 1335天
等级: 153
石头: 26
呼符: 1
友情点: 31195 / 16357580`
*連続ログイン4日目
※ログインが途切れるか、7日到達すると
1日目から再開されます*
`聖晶石 X 1
4月交換券(2022) X 1
`_2022-04-17 20:27:51_
--------
*9cfc24f569d65a92010a7c9549af2192*
`登陆天数: 529天 / 819天
等级: 102
石头: 164
呼符: 11
友情点: 25 / 1389175`
*連続ログイン4日目
※ログインが途切れるか、7日到達すると
1日目から再開されます*
`聖晶石 X 1
4月交換券(2022) X 1
`_2022-04-17 20:28:01_
--------
*dfc9a9f4b3655841a6372642c60bb90d*
`登陆天数: 529天 / 876天
等级: 106
石头: 164
呼符: 49
友情点: 0 / 1788975`
*連続ログイン4日目
※ログインが途切れるか、7日到達すると
1日目から再開されます*
`聖晶石 X 1
4月交換券(2022) X 1
`_2022-04-17 20:28:09_
--------
*489b9caeed7f023e28fa9d1e9b69c384*
`登陆天数: 528天 / 614天
等级: 102
石头: 167
呼符: 64
友情点: 0 / 1381060`
*連続ログイン3日目
※ログインが途切れるか、7日到達すると
1日目から再開されます*
`叡智の猛火 X 1
4月交換券(2022) X 1
`_2022-04-17 20:28:17_
--------
