【登录信息】
*5be1eb651b6f675892f00b0952b3cadb*
`登陆天数: 530天 / 1336天
等级: 154
石头: 1
呼符: 0
友情点: 0 / 16389105`
*連続ログイン5日目
※ログインが途切れるか、7日到達すると
1日目から再開されます*
`叡智の猛火 X 2
4月交換券(2022) X 1
`_2022-04-18 20:28:59_
--------
*9cfc24f569d65a92010a7c9549af2192*
`登陆天数: 530天 / 820天
等级: 102
石头: 165
呼符: 11
友情点: 0 / 1390375`
*連続ログイン5日目
※ログインが途切れるか、7日到達すると
1日目から再開されます*
`叡智の猛火 X 2
4月交換券(2022) X 1
`_2022-04-18 20:29:08_
--------
*dfc9a9f4b3655841a6372642c60bb90d*
`登陆天数: 530天 / 877天
等级: 106
石头: 165
呼符: 49
友情点: 0 / 1790175`
*連続ログイン5日目
※ログインが途切れるか、7日到達すると
1日目から再開されます*
`叡智の猛火 X 2
4月交換券(2022) X 1
`_2022-04-18 20:29:16_
--------
*489b9caeed7f023e28fa9d1e9b69c384*
`登陆天数: 529天 / 615天
等级: 102
石头: 167
呼符: 64
友情点: 0 / 1382260`
*連続ログイン4日目
※ログインが途切れるか、7日到達すると
1日目から再開されます*
`聖晶石 X 1
4月交換券(2022) X 1
`_2022-04-18 20:29:24_
--------
