【登录信息】
*5be1eb651b6f675892f00b0952b3cadb*
`登陆天数: 531天 / 1337天
等级: 154
石头: 1
呼符: 0
友情点: 30900 / 16420355`
*連続ログイン6日目
※ログインが途切れるか、7日到達すると
1日目から再開されます*
`聖晶石 X 2
4月交換券(2022) X 1
`_2022-04-19 20:30:00_
--------
*9cfc24f569d65a92010a7c9549af2192*
`登陆天数: 531天 / 821天
等级: 102
石头: 165
呼符: 11
友情点: 50 / 1391625`
*連続ログイン6日目
※ログインが途切れるか、7日到達すると
1日目から再開されます*
`聖晶石 X 2
4月交換券(2022) X 1
`_2022-04-19 20:30:09_
--------
*dfc9a9f4b3655841a6372642c60bb90d*
`登陆天数: 531天 / 878天
等级: 106
石头: 165
呼符: 49
友情点: 0 / 1791375`
*連続ログイン6日目
※ログインが途切れるか、7日到達すると
1日目から再開されます*
`聖晶石 X 2
4月交換券(2022) X 1
`_2022-04-19 20:30:17_
--------
*489b9caeed7f023e28fa9d1e9b69c384*
`登陆天数: 530天 / 616天
等级: 102
石头: 168
呼符: 64
友情点: 0 / 1383460`
*連続ログイン5日目
※ログインが途切れるか、7日到達すると
1日目から再開されます*
`叡智の猛火 X 2
4月交換券(2022) X 1
`_2022-04-19 20:30:25_
--------
