【登录信息】
*5be1eb651b6f675892f00b0952b3cadb*
`登陆天数: 532天 / 1338天
等级: 154
石头: 7
呼符: 0
友情点: 340 / 16487925`
*連続ログイン7日間到達おめでとうございます！
明日は1日目からリスタートされます。*
`獣の足跡 X 1
呼符 X 1
4月交換券(2022) X 1
`*マンガで分かる！Fate/Grand Order×FGOコラボレーションイベント
開幕直前特別ログインボーナス*
*開催期間中、1日1回 最大7回 ログインボーナスをプレゼント！*
`白銀の果実 X 1n`_2022-04-20 20:30:02_
--------
*9cfc24f569d65a92010a7c9549af2192*
`登陆天数: 532天 / 822天
等级: 102
石头: 170
呼符: 11
友情点: 0 / 1394185`
*連続ログイン7日間到達おめでとうございます！
明日は1日目からリスタートされます。*
`獣の足跡 X 1
呼符 X 1
4月交換券(2022) X 1
`*マンガで分かる！Fate/Grand Order×FGOコラボレーションイベント
開幕直前特別ログインボーナス*
*開催期間中、1日1回 最大7回 ログインボーナスをプレゼント！*
`白銀の果実 X 1n`_2022-04-20 20:30:11_
--------
*dfc9a9f4b3655841a6372642c60bb90d*
`登陆天数: 532天 / 879天
等级: 106
石头: 167
呼符: 49
友情点: 0 / 1794015`
*連続ログイン7日間到達おめでとうございます！
明日は1日目からリスタートされます。*
`獣の足跡 X 1
呼符 X 1
4月交換券(2022) X 1
`*マンガで分かる！Fate/Grand Order×FGOコラボレーションイベント
開幕直前特別ログインボーナス*
*開催期間中、1日1回 最大7回 ログインボーナスをプレゼント！*
`白銀の果実 X 1n`_2022-04-20 20:30:20_
--------
*489b9caeed7f023e28fa9d1e9b69c384*
`登陆天数: 531天 / 617天
等级: 102
石头: 168
呼符: 64
友情点: 0 / 1385980`
*連続ログイン6日目
※ログインが途切れるか、7日到達すると
1日目から再開されます*
`聖晶石 X 2
4月交換券(2022) X 1
`*マンガで分かる！Fate/Grand Order×FGOコラボレーションイベント
開幕直前特別ログインボーナス*
*開催期間中、1日1回 最大7回 ログインボーナスをプレゼント！*
`白銀の果実 X 1n`_2022-04-20 20:30:28_
--------
