【登录信息】
*5be1eb651b6f675892f00b0952b3cadb*
`登陆天数: 533天 / 1339天
等级: 154
石头: 29
呼符: 0
友情点: 25 / 16555485`
*連続ログイン1日目
※ログインが途切れるか、7日到達すると
1日目から再開されます*
`フレンドポイント X 2000
4月交換券(2022) X 1
`*マンガで分かる！Fate/Grand Order×FGOコラボレーションイベント
開幕直前特別ログインボーナス*
*開催期間中、1日1回 最大7回 ログインボーナスをプレゼント！*
`黄金の果実 X 1n`_2022-04-21 20:32:49_
--------
*9cfc24f569d65a92010a7c9549af2192*
`登陆天数: 533天 / 823天
等级: 102
石头: 185
呼符: 12
友情点: 0 / 1396705`
*連続ログイン1日目
※ログインが途切れるか、7日到達すると
1日目から再開されます*
`フレンドポイント X 2000
4月交換券(2022) X 1
`*マンガで分かる！Fate/Grand Order×FGOコラボレーションイベント
開幕直前特別ログインボーナス*
*開催期間中、1日1回 最大7回 ログインボーナスをプレゼント！*
`黄金の果実 X 1n`_2022-04-21 20:32:57_
--------
*dfc9a9f4b3655841a6372642c60bb90d*
`登陆天数: 533天 / 880天
等级: 106
石头: 182
呼符: 50
友情点: 0 / 1796625`
*連続ログイン1日目
※ログインが途切れるか、7日到達すると
1日目から再開されます*
`フレンドポイント X 2000
4月交換券(2022) X 1
`*マンガで分かる！Fate/Grand Order×FGOコラボレーションイベント
開幕直前特別ログインボーナス*
*開催期間中、1日1回 最大7回 ログインボーナスをプレゼント！*
`黄金の果実 X 1n`_2022-04-21 20:33:05_
--------
*489b9caeed7f023e28fa9d1e9b69c384*
`登陆天数: 532天 / 618天
等级: 102
石头: 185
呼符: 64
友情点: 0 / 1388500`
*連続ログイン7日間到達おめでとうございます！
明日は1日目からリスタートされます。*
`獣の足跡 X 1
呼符 X 1
4月交換券(2022) X 1
`*マンガで分かる！Fate/Grand Order×FGOコラボレーションイベント
開幕直前特別ログインボーナス*
*開催期間中、1日1回 最大7回 ログインボーナスをプレゼント！*
`黄金の果実 X 1n`_2022-04-21 20:33:14_
--------
