【登录信息】
*5be1eb651b6f675892f00b0952b3cadb*
`登陆天数: 534天 / 1340天
等级: 154
石头: 31
呼符: 0
友情点: 70 / 16691235`
_2022-04-23 09:56:46_
--------
*9cfc24f569d65a92010a7c9549af2192*
`登陆天数: 534天 / 824天
等级: 102
石头: 187
呼符: 12
友情点: 25 / 1403755`
_2022-04-23 09:56:55_
--------
*dfc9a9f4b3655841a6372642c60bb90d*
`登陆天数: 534天 / 881天
等级: 106
石头: 184
呼符: 50
友情点: 0 / 1803825`
_2022-04-23 09:57:03_
--------
*489b9caeed7f023e28fa9d1e9b69c384*
`登陆天数: 533天 / 619天
等级: 102
石头: 186
呼符: 65
友情点: 0 / 1395500`
_2022-04-23 09:57:11_
--------
