【登录信息】
*5be1eb651b6f675892f00b0952b3cadb*
`登陆天数: 535天 / 1341天
等级: 154
石头: 33
呼符: 0
友情点: 50 / 16691370`
*連続ログイン3日目
※ログインが途切れるか、7日到達すると
1日目から再開されます*
`叡智の猛火 X 1
4月交換券(2022) X 1
`*マンガで分かる！Fate/Grand Order×FGOコラボレーションイベント
開幕直前特別ログインボーナス*
*開催期間中、1日1回 最大7回 ログインボーナスをプレゼント！*
`白銀の果実 X 1
`_2022-04-23 20:28:32_
--------
*9cfc24f569d65a92010a7c9549af2192*
`登陆天数: 535天 / 825天
等级: 102
石头: 187
呼符: 12
友情点: 0 / 1403755`
*連続ログイン3日目
※ログインが途切れるか、7日到達すると
1日目から再開されます*
`叡智の猛火 X 1
4月交換券(2022) X 1
`*マンガで分かる！Fate/Grand Order×FGOコラボレーションイベント
開幕直前特別ログインボーナス*
*開催期間中、1日1回 最大7回 ログインボーナスをプレゼント！*
`白銀の果実 X 1
`_2022-04-23 20:28:41_
--------
*dfc9a9f4b3655841a6372642c60bb90d*
`登陆天数: 535天 / 882天
等级: 106
石头: 184
呼符: 50
友情点: 0 / 1803825`
*連続ログイン3日目
※ログインが途切れるか、7日到達すると
1日目から再開されます*
`叡智の猛火 X 1
4月交換券(2022) X 1
`*マンガで分かる！Fate/Grand Order×FGOコラボレーションイベント
開幕直前特別ログインボーナス*
*開催期間中、1日1回 最大7回 ログインボーナスをプレゼント！*
`白銀の果実 X 1
`_2022-04-23 20:28:49_
--------
*489b9caeed7f023e28fa9d1e9b69c384*
`登陆天数: 534天 / 620天
等级: 102
石头: 186
呼符: 65
友情点: 0 / 1395500`
*連続ログイン2日目
※ログインが途切れるか、7日到達すると
1日目から再開されます*
`聖晶石 X 1
4月交換券(2022) X 1
`*マンガで分かる！Fate/Grand Order×FGOコラボレーションイベント
開幕直前特別ログインボーナス*
*開催期間中、1日1回 最大7回 ログインボーナスをプレゼント！*
`白銀の果実 X 1
`_2022-04-23 20:28:57_
--------
