【登录信息】
*5be1eb651b6f675892f00b0952b3cadb*
`登陆天数: 536天 / 1342天
等级: 154
石头: 34
呼符: 0
友情点: 66425 / 16825410`
*連続ログイン4日目
※ログインが途切れるか、7日到達すると
1日目から再開されます*
`聖晶石 X 1
4月交換券(2022) X 1
`*マンガで分かる！Fate/Grand Order×FGOコラボレーションイベント
開幕直前特別ログインボーナス*
*開催期間中、1日1回 最大7回 ログインボーナスをプレゼント！*
`黄金の果実 X 1
`_2022-04-24 20:29:00_
--------
*9cfc24f569d65a92010a7c9549af2192*
`登陆天数: 536天 / 826天
等级: 102
石头: 187
呼符: 12
友情点: 20 / 1408775`
*連続ログイン4日目
※ログインが途切れるか、7日到達すると
1日目から再開されます*
`聖晶石 X 1
4月交換券(2022) X 1
`*マンガで分かる！Fate/Grand Order×FGOコラボレーションイベント
開幕直前特別ログインボーナス*
*開催期間中、1日1回 最大7回 ログインボーナスをプレゼント！*
`黄金の果実 X 1
`_2022-04-24 20:29:08_
--------
*dfc9a9f4b3655841a6372642c60bb90d*
`登陆天数: 536天 / 883天
等级: 106
石头: 184
呼符: 50
友情点: 20 / 1809045`
*連続ログイン4日目
※ログインが途切れるか、7日到達すると
1日目から再開されます*
`聖晶石 X 1
4月交換券(2022) X 1
`*マンガで分かる！Fate/Grand Order×FGOコラボレーションイベント
開幕直前特別ログインボーナス*
*開催期間中、1日1回 最大7回 ログインボーナスをプレゼント！*
`黄金の果実 X 1
`_2022-04-24 20:29:16_
--------
*489b9caeed7f023e28fa9d1e9b69c384*
`登陆天数: 535天 / 621天
等级: 102
石头: 187
呼符: 65
友情点: 20 / 1400530`
*連続ログイン3日目
※ログインが途切れるか、7日到達すると
1日目から再開されます*
`叡智の猛火 X 1
4月交換券(2022) X 1
`*マンガで分かる！Fate/Grand Order×FGOコラボレーションイベント
開幕直前特別ログインボーナス*
*開催期間中、1日1回 最大7回 ログインボーナスをプレゼント！*
`黄金の果実 X 1
`_2022-04-24 20:29:24_
--------
