【登录信息】
*5be1eb651b6f675892f00b0952b3cadb*
`登陆天数: 537天 / 1343天
等级: 154
石头: 37
呼符: 0
友情点: 66840 / 16892720`
*連続ログイン5日目
※ログインが途切れるか、7日到達すると
1日目から再開されます*
`叡智の猛火 X 2
4月交換券(2022) X 1
`*マンガで分かる！Fate/Grand Order×FGOコラボレーションイベント
開幕直前特別ログインボーナス*
*開催期間中、1日1回 最大7回 ログインボーナスをプレゼント！*
`聖晶石 X 1
`_2022-04-25 20:29:19_
--------
*9cfc24f569d65a92010a7c9549af2192*
`登陆天数: 537天 / 827天
等级: 102
石头: 188
呼符: 12
友情点: 10 / 1411285`
*連続ログイン5日目
※ログインが途切れるか、7日到達すると
1日目から再開されます*
`叡智の猛火 X 2
4月交換券(2022) X 1
`*マンガで分かる！Fate/Grand Order×FGOコラボレーションイベント
開幕直前特別ログインボーナス*
*開催期間中、1日1回 最大7回 ログインボーナスをプレゼント！*
`聖晶石 X 1
`_2022-04-25 20:29:27_
--------
*dfc9a9f4b3655841a6372642c60bb90d*
`登陆天数: 537天 / 884天
等级: 106
石头: 185
呼符: 50
友情点: 20 / 1811665`
*連続ログイン5日目
※ログインが途切れるか、7日到達すると
1日目から再開されます*
`叡智の猛火 X 2
4月交換券(2022) X 1
`*マンガで分かる！Fate/Grand Order×FGOコラボレーションイベント
開幕直前特別ログインボーナス*
*開催期間中、1日1回 最大7回 ログインボーナスをプレゼント！*
`聖晶石 X 1
`_2022-04-25 20:29:34_
--------
*489b9caeed7f023e28fa9d1e9b69c384*
`登陆天数: 536天 / 622天
等级: 102
石头: 187
呼符: 65
友情点: 25 / 1403055`
*連続ログイン4日目
※ログインが途切れるか、7日到達すると
1日目から再開されます*
`聖晶石 X 1
4月交換券(2022) X 1
`*マンガで分かる！Fate/Grand Order×FGOコラボレーションイベント
開幕直前特別ログインボーナス*
*開催期間中、1日1回 最大7回 ログインボーナスをプレゼント！*
`聖晶石 X 1
`_2022-04-25 20:29:42_
--------
