【登录信息】
*5be1eb651b6f675892f00b0952b3cadb*
`登陆天数: 538天 / 1344天
等级: 154
石头: 38
呼符: 0
友情点: 68500 / 16962050`
*連続ログイン6日目
※ログインが途切れるか、7日到達すると
1日目から再開されます*
`聖晶石 X 2
4月交換券(2022) X 1
`*マンガで分かる！Fate/Grand Order×FGOコラボレーションイベント
開幕直前特別ログインボーナス*
*開催期間中、1日1回 最大7回 ログインボーナスをプレゼント！*
`聖晶石 X 1
`_2022-04-26 20:30:09_
--------
*9cfc24f569d65a92010a7c9549af2192*
`登陆天数: 538天 / 828天
等级: 102
石头: 189
呼符: 12
友情点: 25 / 1413810`
*連続ログイン6日目
※ログインが途切れるか、7日到達すると
1日目から再開されます*
`聖晶石 X 2
4月交換券(2022) X 1
`*マンガで分かる！Fate/Grand Order×FGOコラボレーションイベント
開幕直前特別ログインボーナス*
*開催期間中、1日1回 最大7回 ログインボーナスをプレゼント！*
`聖晶石 X 1
`_2022-04-26 20:30:17_
--------
*dfc9a9f4b3655841a6372642c60bb90d*
`登陆天数: 538天 / 885天
等级: 106
石头: 186
呼符: 50
友情点: 0 / 1814265`
*連続ログイン6日目
※ログインが途切れるか、7日到達すると
1日目から再開されます*
`聖晶石 X 2
4月交換券(2022) X 1
`*マンガで分かる！Fate/Grand Order×FGOコラボレーションイベント
開幕直前特別ログインボーナス*
*開催期間中、1日1回 最大7回 ログインボーナスをプレゼント！*
`聖晶石 X 1
`_2022-04-26 20:30:25_
--------
*489b9caeed7f023e28fa9d1e9b69c384*
`登陆天数: 537天 / 623天
等级: 102
石头: 189
呼符: 65
友情点: 25 / 1405580`
*連続ログイン5日目
※ログインが途切れるか、7日到達すると
1日目から再開されます*
`叡智の猛火 X 2
4月交換券(2022) X 1
`*マンガで分かる！Fate/Grand Order×FGOコラボレーションイベント
開幕直前特別ログインボーナス*
*開催期間中、1日1回 最大7回 ログインボーナスをプレゼント！*
`聖晶石 X 1
`_2022-04-26 20:30:33_
--------
