【登录信息】
*5be1eb651b6f675892f00b0952b3cadb*
`登陆天数: 539天 / 1345天
等级: 154
石头: 43
呼符: 0
友情点: 66495 / 17029290`
*連続ログイン7日間到達おめでとうございます！
明日は1日目からリスタートされます。*
`獣の足跡 X 1
呼符 X 1
4月交換券(2022) X 1
`*「マンガで分かる！Fate/Grand Order」コラボレーションイベント開幕記念放送
FGO カルデア放送局SP 放送記念 初回ログインボーナス*
*開催期間中、初回ログインで「聖晶石×12」をプレゼント！*
`聖晶石 X 12
`_2022-04-27 20:31:10_
--------
*9cfc24f569d65a92010a7c9549af2192*
`登陆天数: 539天 / 829天
等级: 102
石头: 192
呼符: 12
友情点: 0 / 1416310`
*連続ログイン7日間到達おめでとうございます！
明日は1日目からリスタートされます。*
`獣の足跡 X 1
呼符 X 1
4月交換券(2022) X 1
`*「マンガで分かる！Fate/Grand Order」コラボレーションイベント開幕記念放送
FGO カルデア放送局SP 放送記念 初回ログインボーナス*
*開催期間中、初回ログインで「聖晶石×12」をプレゼント！*
`聖晶石 X 12
`_2022-04-27 20:31:18_
--------
*dfc9a9f4b3655841a6372642c60bb90d*
`登陆天数: 539天 / 886天
等级: 106
石头: 189
呼符: 50
友情点: 0 / 1816865`
*連続ログイン7日間到達おめでとうございます！
明日は1日目からリスタートされます。*
`獣の足跡 X 1
呼符 X 1
4月交換券(2022) X 1
`*「マンガで分かる！Fate/Grand Order」コラボレーションイベント開幕記念放送
FGO カルデア放送局SP 放送記念 初回ログインボーナス*
*開催期間中、初回ログインで「聖晶石×12」をプレゼント！*
`聖晶石 X 12
`_2022-04-27 20:31:26_
--------
*489b9caeed7f023e28fa9d1e9b69c384*
`登陆天数: 538天 / 624天
等级: 102
石头: 190
呼符: 65
友情点: 45 / 1408125`
*連続ログイン6日目
※ログインが途切れるか、7日到達すると
1日目から再開されます*
`聖晶石 X 2
4月交換券(2022) X 1
`*「マンガで分かる！Fate/Grand Order」コラボレーションイベント開幕記念放送
FGO カルデア放送局SP 放送記念 初回ログインボーナス*
*開催期間中、初回ログインで「聖晶石×12」をプレゼント！*
`聖晶石 X 12
`_2022-04-27 20:31:34_
--------
