【登录信息】
*5be1eb651b6f675892f00b0952b3cadb*
`登陆天数: 540天 / 1346天
等级: 154
石头: 60
呼符: 1
友情点: 52925 / 17082790`
*連続ログイン1日目
※ログインが途切れるか、7日到達すると
1日目から再開されます*
`フレンドポイント X 2000
4月交換券(2022) X 1
`_2022-04-28 20:29:33_
--------
*9cfc24f569d65a92010a7c9549af2192*
`登陆天数: 540天 / 830天
等级: 102
石头: 209
呼符: 13
友情点: 25 / 1418435`
*連続ログイン1日目
※ログインが途切れるか、7日到達すると
1日目から再開されます*
`フレンドポイント X 2000
4月交換券(2022) X 1
`_2022-04-28 20:29:42_
--------
*dfc9a9f4b3655841a6372642c60bb90d*
`登陆天数: 540天 / 887天
等级: 106
石头: 206
呼符: 51
友情点: 0 / 1818965`
*連続ログイン1日目
※ログインが途切れるか、7日到達すると
1日目から再開されます*
`フレンドポイント X 2000
4月交換券(2022) X 1
`_2022-04-28 20:29:50_
--------
*489b9caeed7f023e28fa9d1e9b69c384*
`登陆天数: 539天 / 625天
等级: 102
石头: 209
呼符: 65
友情点: 0 / 1410225`
*連続ログイン7日間到達おめでとうございます！
明日は1日目からリスタートされます。*
`獣の足跡 X 1
呼符 X 1
4月交換券(2022) X 1
`_2022-04-28 20:29:58_
--------
