【登录信息】
*5be1eb651b6f675892f00b0952b3cadb*
`登陆天数: 541天 / 1347天
等级: 154
石头: 60
呼符: 1
友情点: 66225 / 17151690`
*連続ログイン2日目
※ログインが途切れるか、7日到達すると
1日目から再開されます*
`聖晶石 X 1
4月交換券(2022) X 1
`_2022-04-29 20:30:07_
--------
*9cfc24f569d65a92010a7c9549af2192*
`登陆天数: 541天 / 831天
等级: 102
石头: 209
呼符: 13
友情点: 25 / 1422960`
*連続ログイン2日目
※ログインが途切れるか、7日到達すると
1日目から再開されます*
`聖晶石 X 1
4月交換券(2022) X 1
`_2022-04-29 20:30:15_
--------
*dfc9a9f4b3655841a6372642c60bb90d*
`登陆天数: 541天 / 888天
等级: 106
石头: 206
呼符: 51
友情点: 0 / 1823565`
*連続ログイン2日目
※ログインが途切れるか、7日到達すると
1日目から再開されます*
`聖晶石 X 1
4月交換券(2022) X 1
`_2022-04-29 20:30:23_
--------
*489b9caeed7f023e28fa9d1e9b69c384*
`登陆天数: 540天 / 626天
等级: 102
石头: 209
呼符: 66
友情点: 50 / 1412785`
*連続ログイン1日目
※ログインが途切れるか、7日到達すると
1日目から再開されます*
`フレンドポイント X 2000
4月交換券(2022) X 1
`_2022-04-29 20:30:31_
--------
