【登录信息】
[5be1eb651b6f675892f00b0952b3cadb]
`登陆天数: 208天 / 1014天
等级: 148
石头: 4
呼符: 0
友情点: 3620 / 8579955`
*連続ログイン5日目
※ログインが途切れるか、7日到達すると
1日目から再開されます*
`叡智の猛火 X 2
6月交換券(2021) X 1
`_2021-05-31 20:48:19_
--------
[9cfc24f569d65a92010a7c9549af2192]
`登陆天数: 208天 / 498天
等级: 96
石头: 20
呼符: 8
友情点: 0 / 686860`
*連続ログイン5日目
※ログインが途切れるか、7日到達すると
1日目から再開されます*
`叡智の猛火 X 2
6月交換券(2021) X 1
`_2021-05-31 20:48:28_
--------
[dfc9a9f4b3655841a6372642c60bb90d]
`登陆天数: 208天 / 555天
等级: 104
石头: 43
呼符: 1
友情点: 0 / 1054125`
*連続ログイン5日目
※ログインが途切れるか、7日到達すると
1日目から再開されます*
`叡智の猛火 X 2
6月交換券(2021) X 1
`_2021-05-31 20:48:37_
--------
[489b9caeed7f023e28fa9d1e9b69c384]
`登陆天数: 207天 / 293天
等级: 96
石头: 21
呼符: 3
友情点: 0 / 629505`
*連続ログイン4日目
※ログインが途切れるか、7日到達すると
1日目から再開されます*
`聖晶石 X 1
6月交換券(2021) X 1
`_2021-05-31 20:48:45_
--------
