【登录信息】
[5be1eb651b6f675892f00b0952b3cadb]
`登陆天数: 209天 / 1015天
等级: 148
石头: 2
呼符: 0
友情点: 27325 / 8638560`
*連続ログイン6日目
※ログインが途切れるか、7日到達すると
1日目から再開されます*
`聖晶石 X 2
6月交換券(2021) X 1
`_2021-06-01 21:11:36_
--------
[9cfc24f569d65a92010a7c9549af2192]
`登陆天数: 209天 / 499天
等级: 96
石头: 20
呼符: 8
友情点: 0 / 689160`
*連続ログイン6日目
※ログインが途切れるか、7日到達すると
1日目から再開されます*
`聖晶石 X 2
6月交換券(2021) X 1
`_2021-06-01 21:11:45_
--------
[dfc9a9f4b3655841a6372642c60bb90d]
`登陆天数: 209天 / 556天
等级: 104
石头: 43
呼符: 1
友情点: 0 / 1056525`
*連続ログイン6日目
※ログインが途切れるか、7日到達すると
1日目から再開されます*
`聖晶石 X 2
6月交換券(2021) X 1
`_2021-06-01 21:11:53_
--------
[489b9caeed7f023e28fa9d1e9b69c384]
`登陆天数: 208天 / 294天
等级: 96
石头: 22
呼符: 3
友情点: 0 / 630805`
*連続ログイン5日目
※ログインが途切れるか、7日到達すると
1日目から再開されます*
`叡智の猛火 X 2
6月交換券(2021) X 1
`_2021-06-01 21:12:01_
--------
