【登录信息】
[5be1eb651b6f675892f00b0952b3cadb]
`登陆天数: 210天 / 1016天
等级: 148
石头: 1
呼符: 0
友情点: 25 / 8669785`
*連続ログイン7日間到達おめでとうございます！
明日は1日目からリスタートされます。*
`獣の足跡 X 1
呼符 X 1
6月交換券(2021) X 1
`*Lostbelt No.6 妖精円卓領域 アヴァロン・ル・フェ 星の生まれる刻 開幕直前ログインボーナス*
*開催期間中、1日1回 最大7回 ログインボーナスをプレゼント！*
`黄金の果実 X 1
`_2021-06-02 21:06:06_
--------
[9cfc24f569d65a92010a7c9549af2192]
`登陆天数: 210天 / 500天
等级: 96
石头: 22
呼符: 8
友情点: 0 / 690360`
*連続ログイン7日間到達おめでとうございます！
明日は1日目からリスタートされます。*
`獣の足跡 X 1
呼符 X 1
6月交換券(2021) X 1
`*Lostbelt No.6 妖精円卓領域 アヴァロン・ル・フェ 星の生まれる刻 開幕直前ログインボーナス*
*開催期間中、1日1回 最大7回 ログインボーナスをプレゼント！*
`黄金の果実 X 1
`_2021-06-02 21:06:15_
--------
[dfc9a9f4b3655841a6372642c60bb90d]
`登陆天数: 210天 / 557天
等级: 104
石头: 45
呼符: 1
友情点: 0 / 1057725`
*連続ログイン7日間到達おめでとうございます！
明日は1日目からリスタートされます。*
`獣の足跡 X 1
呼符 X 1
6月交換券(2021) X 1
`*Lostbelt No.6 妖精円卓領域 アヴァロン・ル・フェ 星の生まれる刻 開幕直前ログインボーナス*
*開催期間中、1日1回 最大7回 ログインボーナスをプレゼント！*
`黄金の果実 X 1
`_2021-06-02 21:06:23_
--------
[489b9caeed7f023e28fa9d1e9b69c384]
`登陆天数: 209天 / 295天
等级: 96
石头: 22
呼符: 3
友情点: 0 / 632015`
*連続ログイン6日目
※ログインが途切れるか、7日到達すると
1日目から再開されます*
`聖晶石 X 2
6月交換券(2021) X 1
`*Lostbelt No.6 妖精円卓領域 アヴァロン・ル・フェ 星の生まれる刻 開幕直前ログインボーナス*
*開催期間中、1日1回 最大7回 ログインボーナスをプレゼント！*
`黄金の果実 X 1
`_2021-06-02 21:06:31_
--------
