【登录信息】
[5be1eb651b6f675892f00b0952b3cadb]
`登陆天数: 211天 / 1017天
等级: 148
石头: 5
呼符: 0
友情点: 32000 / 8732955`
*連続ログイン1日目
※ログインが途切れるか、7日到達すると
1日目から再開されます*
`フレンドポイント X 2000
6月交換券(2021) X 1
`*Lostbelt No.6 妖精円卓領域 アヴァロン・ル・フェ 星の生まれる刻 開幕直前ログインボーナス*
*開催期間中、1日1回 最大7回 ログインボーナスをプレゼント！*
`黄金の果実 X 1
`_2021-06-03 20:52:53_
--------
[9cfc24f569d65a92010a7c9549af2192]
`登陆天数: 211天 / 501天
等级: 96
石头: 52
呼符: 9
友情点: 0 / 692760`
*連続ログイン1日目
※ログインが途切れるか、7日到達すると
1日目から再開されます*
`フレンドポイント X 2000
6月交換券(2021) X 1
`*Lostbelt No.6 妖精円卓領域 アヴァロン・ル・フェ 星の生まれる刻 開幕直前ログインボーナス*
*開催期間中、1日1回 最大7回 ログインボーナスをプレゼント！*
`黄金の果実 X 1
`_2021-06-03 20:53:02_
--------
[dfc9a9f4b3655841a6372642c60bb90d]
`登陆天数: 211天 / 558天
等级: 104
石头: 45
呼符: 2
友情点: 0 / 1060125`
*連続ログイン1日目
※ログインが途切れるか、7日到達すると
1日目から再開されます*
`フレンドポイント X 2000
6月交換券(2021) X 1
`*Lostbelt No.6 妖精円卓領域 アヴァロン・ル・フェ 星の生まれる刻 開幕直前ログインボーナス*
*開催期間中、1日1回 最大7回 ログインボーナスをプレゼント！*
`黄金の果実 X 1
`_2021-06-03 20:53:09_
--------
[489b9caeed7f023e28fa9d1e9b69c384]
`登陆天数: 210天 / 296天
等级: 96
石头: 24
呼符: 3
友情点: 0 / 634415`
*連続ログイン7日間到達おめでとうございます！
明日は1日目からリスタートされます。*
`獣の足跡 X 1
呼符 X 1
6月交換券(2021) X 1
`*Lostbelt No.6 妖精円卓領域 アヴァロン・ル・フェ 星の生まれる刻 開幕直前ログインボーナス*
*開催期間中、1日1回 最大7回 ログインボーナスをプレゼント！*
`黄金の果実 X 1
`_2021-06-03 20:53:17_
--------
