【登录信息】
[5be1eb651b6f675892f00b0952b3cadb]
`登陆天数: 212天 / 1018天
等级: 148
石头: 11
呼符: 0
友情点: 35 / 8767280`
*連続ログイン2日目
※ログインが途切れるか、7日到達すると
1日目から再開されます*
`聖晶石 X 1
6月交換券(2021) X 1
`*Lostbelt No.6 妖精円卓領域 アヴァロン・ル・フェ 星の生まれる刻 開幕直前ログインボーナス*
*開催期間中、1日1回 最大7回 ログインボーナスをプレゼント！*
`黄金の果実 X 1
`_2021-06-04 20:45:13_
--------
[9cfc24f569d65a92010a7c9549af2192]
`登陆天数: 212天 / 502天
等级: 96
石头: 52
呼符: 9
友情点: 0 / 696010`
*連続ログイン2日目
※ログインが途切れるか、7日到達すると
1日目から再開されます*
`聖晶石 X 1
6月交換券(2021) X 1
`*Lostbelt No.6 妖精円卓領域 アヴァロン・ル・フェ 星の生まれる刻 開幕直前ログインボーナス*
*開催期間中、1日1回 最大7回 ログインボーナスをプレゼント！*
`黄金の果実 X 1
`_2021-06-04 20:45:22_
--------
[dfc9a9f4b3655841a6372642c60bb90d]
`登陆天数: 212天 / 559天
等级: 104
石头: 45
呼符: 2
友情点: 0 / 1063350`
*連続ログイン2日目
※ログインが途切れるか、7日到達すると
1日目から再開されます*
`聖晶石 X 1
6月交換券(2021) X 1
`*Lostbelt No.6 妖精円卓領域 アヴァロン・ル・フェ 星の生まれる刻 開幕直前ログインボーナス*
*開催期間中、1日1回 最大7回 ログインボーナスをプレゼント！*
`黄金の果実 X 1
`_2021-06-04 20:45:31_
--------
[489b9caeed7f023e28fa9d1e9b69c384]
`登陆天数: 211天 / 297天
等级: 96
石头: 24
呼符: 4
友情点: 0 / 635615`
*連続ログイン1日目
※ログインが途切れるか、7日到達すると
1日目から再開されます*
`フレンドポイント X 2000
6月交換券(2021) X 1
`*Lostbelt No.6 妖精円卓領域 アヴァロン・ル・フェ 星の生まれる刻 開幕直前ログインボーナス*
*開催期間中、1日1回 最大7回 ログインボーナスをプレゼント！*
`黄金の果実 X 1
`_2021-06-04 20:45:40_
--------
