【登录信息】
[5be1eb651b6f675892f00b0952b3cadb]
`登陆天数: 213天 / 1019天
等级: 148
石头: 0
呼符: 0
友情点: 0 / 8798495`
*連続ログイン3日目
※ログインが途切れるか、7日到達すると
1日目から再開されます*
`叡智の猛火 X 1
6月交換券(2021) X 1
`*Lostbelt No.6 妖精円卓領域 アヴァロン・ル・フェ 星の生まれる刻 開幕直前ログインボーナス*
*開催期間中、1日1回 最大7回 ログインボーナスをプレゼント！*
`黄金の果実 X 1
`_2021-06-05 20:07:13_
--------
[9cfc24f569d65a92010a7c9549af2192]
`登陆天数: 213天 / 503天
等级: 96
石头: 53
呼符: 9
友情点: 0 / 697210`
*連続ログイン3日目
※ログインが途切れるか、7日到達すると
1日目から再開されます*
`叡智の猛火 X 1
6月交換券(2021) X 1
`*Lostbelt No.6 妖精円卓領域 アヴァロン・ル・フェ 星の生まれる刻 開幕直前ログインボーナス*
*開催期間中、1日1回 最大7回 ログインボーナスをプレゼント！*
`黄金の果実 X 1
`_2021-06-05 20:07:22_
--------
[dfc9a9f4b3655841a6372642c60bb90d]
`登陆天数: 213天 / 560天
等级: 104
石头: 46
呼符: 2
友情点: 0 / 1064550`
*連続ログイン3日目
※ログインが途切れるか、7日到達すると
1日目から再開されます*
`叡智の猛火 X 1
6月交換券(2021) X 1
`*Lostbelt No.6 妖精円卓領域 アヴァロン・ル・フェ 星の生まれる刻 開幕直前ログインボーナス*
*開催期間中、1日1回 最大7回 ログインボーナスをプレゼント！*
`黄金の果実 X 1
`_2021-06-05 20:07:30_
--------
[489b9caeed7f023e28fa9d1e9b69c384]
`登陆天数: 212天 / 298天
等级: 96
石头: 24
呼符: 4
友情点: 0 / 638815`
*連続ログイン2日目
※ログインが途切れるか、7日到達すると
1日目から再開されます*
`聖晶石 X 1
6月交換券(2021) X 1
`*Lostbelt No.6 妖精円卓領域 アヴァロン・ル・フェ 星の生まれる刻 開幕直前ログインボーナス*
*開催期間中、1日1回 最大7回 ログインボーナスをプレゼント！*
`黄金の果実 X 1
`_2021-06-05 20:07:38_
--------
