【登录信息】
[5be1eb651b6f675892f00b0952b3cadb]
`登陆天数: 215天 / 1021天
等级: 148
石头: 1
呼符: 0
友情点: 30935 / 8893800`
*連続ログイン5日目
※ログインが途切れるか、7日到達すると
1日目から再開されます*
`叡智の猛火 X 2
6月交換券(2021) X 1
`*Lostbelt No.6 妖精円卓領域 アヴァロン・ル・フェ 星の生まれる刻 開幕直前ログインボーナス*
*開催期間中、1日1回 最大7回 ログインボーナスをプレゼント！*
`黄金の果実 X 1
`_2021-06-07 20:50:32_
--------
[9cfc24f569d65a92010a7c9549af2192]
`登陆天数: 215天 / 505天
等级: 96
石头: 54
呼符: 9
友情点: 0 / 700820`
*連続ログイン5日目
※ログインが途切れるか、7日到達すると
1日目から再開されます*
`叡智の猛火 X 2
6月交換券(2021) X 1
`*Lostbelt No.6 妖精円卓領域 アヴァロン・ル・フェ 星の生まれる刻 開幕直前ログインボーナス*
*開催期間中、1日1回 最大7回 ログインボーナスをプレゼント！*
`黄金の果実 X 1
`_2021-06-07 20:50:41_
--------
[dfc9a9f4b3655841a6372642c60bb90d]
`登陆天数: 215天 / 562天
等级: 104
石头: 47
呼符: 2
友情点: 0 / 1068260`
*連続ログイン5日目
※ログインが途切れるか、7日到達すると
1日目から再開されます*
`叡智の猛火 X 2
6月交換券(2021) X 1
`*Lostbelt No.6 妖精円卓領域 アヴァロン・ル・フェ 星の生まれる刻 開幕直前ログインボーナス*
*開催期間中、1日1回 最大7回 ログインボーナスをプレゼント！*
`黄金の果実 X 1
`_2021-06-07 20:50:49_
--------
[489b9caeed7f023e28fa9d1e9b69c384]
`登陆天数: 214天 / 300天
等级: 96
石头: 25
呼符: 4
友情点: 0 / 642415`
*連続ログイン4日目
※ログインが途切れるか、7日到達すると
1日目から再開されます*
`聖晶石 X 1
6月交換券(2021) X 1
`*Lostbelt No.6 妖精円卓領域 アヴァロン・ル・フェ 星の生まれる刻 開幕直前ログインボーナス*
*開催期間中、1日1回 最大7回 ログインボーナスをプレゼント！*
`黄金の果実 X 1
`_2021-06-07 20:50:58_
--------
