【登录信息】
[5be1eb651b6f675892f00b0952b3cadb]
`登陆天数: 216天 / 1022天
等级: 148
石头: 1
呼符: 0
友情点: 225 / 8956470`
*連続ログイン6日目
※ログインが途切れるか、7日到達すると
1日目から再開されます*
`聖晶石 X 2
6月交換券(2021) X 1
`_2021-06-08 19:58:54_
--------
[9cfc24f569d65a92010a7c9549af2192]
`登陆天数: 216天 / 506天
等级: 96
石头: 54
呼符: 9
友情点: 25 / 703295`
*連続ログイン6日目
※ログインが途切れるか、7日到達すると
1日目から再開されます*
`聖晶石 X 2
6月交換券(2021) X 1
`_2021-06-08 19:59:03_
--------
[dfc9a9f4b3655841a6372642c60bb90d]
`登陆天数: 216天 / 563天
等级: 104
石头: 47
呼符: 2
友情点: 0 / 1070660`
*連続ログイン6日目
※ログインが途切れるか、7日到達すると
1日目から再開されます*
`聖晶石 X 2
6月交換券(2021) X 1
`_2021-06-08 19:59:12_
--------
[489b9caeed7f023e28fa9d1e9b69c384]
`登陆天数: 215天 / 301天
等级: 96
石头: 56
呼符: 4
友情点: 25 / 644865`
*連続ログイン5日目
※ログインが途切れるか、7日到達すると
1日目から再開されます*
`叡智の猛火 X 2
6月交換券(2021) X 1
`_2021-06-08 19:59:20_
--------
