【登录信息】
[5be1eb651b6f675892f00b0952b3cadb]
`登陆天数: 217天 / 1023天
等级: 148
石头: 0
呼符: 0
友情点: 30575 / 9021140`
*連続ログイン7日間到達おめでとうございます！
明日は1日目からリスタートされます。*
`獣の足跡 X 1
呼符 X 1
6月交換券(2021) X 1
`_2021-06-09 19:49:44_
--------
[9cfc24f569d65a92010a7c9549af2192]
`登陆天数: 217天 / 507天
等级: 96
石头: 56
呼符: 9
友情点: 0 / 705695`
*連続ログイン7日間到達おめでとうございます！
明日は1日目からリスタートされます。*
`獣の足跡 X 1
呼符 X 1
6月交換券(2021) X 1
`_2021-06-09 19:49:53_
--------
[dfc9a9f4b3655841a6372642c60bb90d]
`登陆天数: 217天 / 564天
等级: 104
石头: 49
呼符: 2
友情点: 0 / 1073060`
*連続ログイン7日間到達おめでとうございます！
明日は1日目からリスタートされます。*
`獣の足跡 X 1
呼符 X 1
6月交換券(2021) X 1
`_2021-06-09 19:50:01_
--------
[489b9caeed7f023e28fa9d1e9b69c384]
`登陆天数: 216天 / 302天
等级: 96
石头: 56
呼符: 4
友情点: 25 / 647315`
*連続ログイン6日目
※ログインが途切れるか、7日到達すると
1日目から再開されます*
`聖晶石 X 2
6月交換券(2021) X 1
`_2021-06-09 19:50:09_
--------
