【登录信息】
[5be1eb651b6f675892f00b0952b3cadb]
`登陆天数: 218天 / 1024天
等级: 148
石头: 5
呼符: 1
友情点: 31735 / 9053475`
*連続ログイン1日目
※ログインが途切れるか、7日到達すると
1日目から再開されます*
`フレンドポイント X 2000
6月交換券(2021) X 1
`_2021-06-10 19:45:14_
--------
[9cfc24f569d65a92010a7c9549af2192]
`登陆天数: 218天 / 508天
等级: 96
石头: 61
呼符: 10
友情点: 25 / 706920`
*連続ログイン1日目
※ログインが途切れるか、7日到達すると
1日目から再開されます*
`フレンドポイント X 2000
6月交換券(2021) X 1
`_2021-06-10 19:45:24_
--------
[dfc9a9f4b3655841a6372642c60bb90d]
`登陆天数: 218天 / 565天
等级: 104
石头: 54
呼符: 3
友情点: 0 / 1074260`
*連続ログイン1日目
※ログインが途切れるか、7日到達すると
1日目から再開されます*
`フレンドポイント X 2000
6月交換券(2021) X 1
`_2021-06-10 19:45:32_
--------
[489b9caeed7f023e28fa9d1e9b69c384]
`登陆天数: 217天 / 303天
等级: 96
石头: 63
呼符: 4
友情点: 25 / 648540`
*連続ログイン7日間到達おめでとうございます！
明日は1日目からリスタートされます。*
`獣の足跡 X 1
呼符 X 1
6月交換券(2021) X 1
`_2021-06-10 19:45:40_
--------
