【登录信息】
[5be1eb651b6f675892f00b0952b3cadb]
`登陆天数: 219天 / 1025天
等级: 148
石头: 2
呼符: 0
友情点: 3450 / 9090100`
*連続ログイン2日目
※ログインが途切れるか、7日到達すると
1日目から再開されます*
`聖晶石 X 1
6月交換券(2021) X 1
`*FGOカルデア放送局 Vol.16 第2部 第6章 アヴァロン・ル・フェ 配信直前SP 放送記念 初回ログインボーナス*
*開催期間中、初回ログインで「聖晶石×12」をプレゼント！*
`聖晶石 X 12
`_2021-06-11 19:37:37_
--------
[9cfc24f569d65a92010a7c9549af2192]
`登陆天数: 219天 / 509天
等级: 96
石头: 61
呼符: 10
友情点: 25 / 710145`
*連続ログイン2日目
※ログインが途切れるか、7日到達すると
1日目から再開されます*
`聖晶石 X 1
6月交換券(2021) X 1
`*FGOカルデア放送局 Vol.16 第2部 第6章 アヴァロン・ル・フェ 配信直前SP 放送記念 初回ログインボーナス*
*開催期間中、初回ログインで「聖晶石×12」をプレゼント！*
`聖晶石 X 12
`_2021-06-11 19:37:45_
--------
[dfc9a9f4b3655841a6372642c60bb90d]
`登陆天数: 219天 / 566天
等级: 104
石头: 54
呼符: 3
友情点: 0 / 1077460`
*連続ログイン2日目
※ログインが途切れるか、7日到達すると
1日目から再開されます*
`聖晶石 X 1
6月交換券(2021) X 1
`*FGOカルデア放送局 Vol.16 第2部 第6章 アヴァロン・ル・フェ 配信直前SP 放送記念 初回ログインボーナス*
*開催期間中、初回ログインで「聖晶石×12」をプレゼント！*
`聖晶石 X 12
`_2021-06-11 19:37:53_
--------
[489b9caeed7f023e28fa9d1e9b69c384]
`登陆天数: 218天 / 304天
等级: 96
石头: 63
呼符: 5
友情点: 25 / 649765`
*連続ログイン1日目
※ログインが途切れるか、7日到達すると
1日目から再開されます*
`フレンドポイント X 2000
6月交換券(2021) X 1
`*FGOカルデア放送局 Vol.16 第2部 第6章 アヴァロン・ル・フェ 配信直前SP 放送記念 初回ログインボーナス*
*開催期間中、初回ログインで「聖晶石×12」をプレゼント！*
`聖晶石 X 12
`_2021-06-11 19:38:01_
--------
