【登录信息】
[5be1eb651b6f675892f00b0952b3cadb]
`登陆天数: 220天 / 1026天
等级: 148
石头: 15
呼符: 0
友情点: 8300 / 9130285`
*連続ログイン3日目
※ログインが途切れるか、7日到達すると
1日目から再開されます*
`叡智の猛火 X 1
6月交換券(2021) X 1
`_2021-06-12 19:39:09_
--------
[9cfc24f569d65a92010a7c9549af2192]
`登陆天数: 220天 / 510天
等级: 96
石头: 74
呼符: 10
友情点: 0 / 711770`
*連続ログイン3日目
※ログインが途切れるか、7日到達すると
1日目から再開されます*
`叡智の猛火 X 1
6月交換券(2021) X 1
`_2021-06-12 19:39:18_
--------
[dfc9a9f4b3655841a6372642c60bb90d]
`登陆天数: 220天 / 567天
等级: 104
石头: 67
呼符: 3
友情点: 0 / 1079060`
*連続ログイン3日目
※ログインが途切れるか、7日到達すると
1日目から再開されます*
`叡智の猛火 X 1
6月交換券(2021) X 1
`_2021-06-12 19:39:26_
--------
[489b9caeed7f023e28fa9d1e9b69c384]
`登陆天数: 219天 / 305天
等级: 96
石头: 75
呼符: 5
友情点: 25 / 653390`
*連続ログイン2日目
※ログインが途切れるか、7日到達すると
1日目から再開されます*
`聖晶石 X 1
6月交換券(2021) X 1
`_2021-06-12 19:39:34_
--------
