【登录信息】
[5be1eb651b6f675892f00b0952b3cadb]
`登陆天数: 221天 / 1027天
等级: 148
石头: 15
呼符: 0
友情点: 31775 / 9194210`
*連続ログイン4日目
※ログインが途切れるか、7日到達すると
1日目から再開されます*
`聖晶石 X 1
6月交換券(2021) X 1
`_2021-06-13 19:37:56_
--------
[9cfc24f569d65a92010a7c9549af2192]
`登陆天数: 221天 / 511天
等级: 97
石头: 74
呼符: 10
友情点: 75 / 715495`
*連続ログイン4日目
※ログインが途切れるか、7日到達すると
1日目から再開されます*
`聖晶石 X 1
6月交換券(2021) X 1
`_2021-06-13 19:38:05_
--------
[dfc9a9f4b3655841a6372642c60bb90d]
`登陆天数: 221天 / 568天
等级: 104
石头: 67
呼符: 3
友情点: 0 / 1081460`
*連続ログイン4日目
※ログインが途切れるか、7日到達すると
1日目から再開されます*
`聖晶石 X 1
6月交換券(2021) X 1
`_2021-06-13 19:38:13_
--------
[489b9caeed7f023e28fa9d1e9b69c384]
`登陆天数: 220天 / 306天
等级: 96
石头: 76
呼符: 5
友情点: 0 / 655815`
*連続ログイン3日目
※ログインが途切れるか、7日到達すると
1日目から再開されます*
`叡智の猛火 X 1
6月交換券(2021) X 1
`_2021-06-13 19:38:22_
--------
