【登录信息】
[5be1eb651b6f675892f00b0952b3cadb]
`登陆天数: 222天 / 1028天
等级: 148
石头: 16
呼符: 0
友情点: 30960 / 9256570`
*連続ログイン5日目
※ログインが途切れるか、7日到達すると
1日目から再開されます*
`叡智の猛火 X 2
6月交換券(2021) X 1
`_2021-06-14 19:37:34_
--------
[9cfc24f569d65a92010a7c9549af2192]
`登陆天数: 222天 / 512天
等级: 97
石头: 75
呼符: 10
友情点: 0 / 717920`
*連続ログイン5日目
※ログインが途切れるか、7日到達すると
1日目から再開されます*
`叡智の猛火 X 2
6月交換券(2021) X 1
`_2021-06-14 19:37:44_
--------
[dfc9a9f4b3655841a6372642c60bb90d]
`登陆天数: 222天 / 569天
等级: 104
石头: 68
呼符: 3
友情点: 0 / 1083860`
*連続ログイン5日目
※ログインが途切れるか、7日到達すると
1日目から再開されます*
`叡智の猛火 X 2
6月交換券(2021) X 1
`_2021-06-14 19:37:52_
--------
[489b9caeed7f023e28fa9d1e9b69c384]
`登陆天数: 221天 / 307天
等级: 96
石头: 76
呼符: 5
友情点: 25 / 658265`
*連続ログイン4日目
※ログインが途切れるか、7日到達すると
1日目から再開されます*
`聖晶石 X 1
6月交換券(2021) X 1
`_2021-06-14 19:38:01_
--------
