【登录信息】
[5be1eb651b6f675892f00b0952b3cadb]
`登陆天数: 223天 / 1029天
等级: 148
石头: 18
呼符: 0
友情点: 21050 / 9282705`
*連続ログイン6日目
※ログインが途切れるか、7日到達すると
1日目から再開されます*
`聖晶石 X 2
6月交換券(2021) X 1
`_2021-06-15 19:38:27_
--------
[9cfc24f569d65a92010a7c9549af2192]
`登陆天数: 223天 / 513天
等级: 97
石头: 75
呼符: 10
友情点: 75 / 719120`
*連続ログイン6日目
※ログインが途切れるか、7日到達すると
1日目から再開されます*
`聖晶石 X 2
6月交換券(2021) X 1
`_2021-06-15 19:38:36_
--------
[dfc9a9f4b3655841a6372642c60bb90d]
`登陆天数: 223天 / 570天
等级: 104
石头: 68
呼符: 3
友情点: 0 / 1084960`
*連続ログイン6日目
※ログインが途切れるか、7日到達すると
1日目から再開されます*
`聖晶石 X 2
6月交換券(2021) X 1
`_2021-06-15 19:38:44_
--------
[489b9caeed7f023e28fa9d1e9b69c384]
`登陆天数: 222天 / 308天
等级: 96
石头: 77
呼符: 5
友情点: 25 / 659390`
*連続ログイン5日目
※ログインが途切れるか、7日到達すると
1日目から再開されます*
`叡智の猛火 X 2
6月交換券(2021) X 1
`_2021-06-15 19:38:52_
--------
