【登录信息】
[5be1eb651b6f675892f00b0952b3cadb]
`登陆天数: 224天 / 1030天
等级: 148
石头: 20
呼符: 0
友情点: 30525 / 9345030`
*連続ログイン7日間到達おめでとうございます！
明日は1日目からリスタートされます。*
`獣の足跡 X 1
呼符 X 1
6月交換券(2021) X 1
`_2021-06-16 19:38:30_
--------
[9cfc24f569d65a92010a7c9549af2192]
`登陆天数: 224天 / 514天
等级: 97
石头: 77
呼符: 10
友情点: 50 / 721595`
*連続ログイン7日間到達おめでとうございます！
明日は1日目からリスタートされます。*
`獣の足跡 X 1
呼符 X 1
6月交換券(2021) X 1
`_2021-06-16 19:38:38_
--------
[dfc9a9f4b3655841a6372642c60bb90d]
`登陆天数: 224天 / 571天
等级: 104
石头: 70
呼符: 3
友情点: 0 / 1087360`
*連続ログイン7日間到達おめでとうございます！
明日は1日目からリスタートされます。*
`獣の足跡 X 1
呼符 X 1
6月交換券(2021) X 1
`_2021-06-16 19:38:46_
--------
[489b9caeed7f023e28fa9d1e9b69c384]
`登陆天数: 223天 / 309天
等级: 96
石头: 77
呼符: 5
友情点: 50 / 661865`
*連続ログイン6日目
※ログインが途切れるか、7日到達すると
1日目から再開されます*
`聖晶石 X 2
6月交換券(2021) X 1
`_2021-06-16 19:38:54_
--------
