【登录信息】
[5be1eb651b6f675892f00b0952b3cadb]
`登陆天数: 225天 / 1031天
等级: 148
石头: 20
呼符: 0
友情点: 30585 / 9376315`
*連続ログイン1日目
※ログインが途切れるか、7日到達すると
1日目から再開されます*
`フレンドポイント X 2000
6月交換券(2021) X 1
`_2021-06-17 19:38:13_
--------
[9cfc24f569d65a92010a7c9549af2192]
`登陆天数: 225天 / 515天
等级: 97
石头: 77
呼符: 10
友情点: 0 / 722795`
*連続ログイン1日目
※ログインが途切れるか、7日到達すると
1日目から再開されます*
`フレンドポイント X 2000
6月交換券(2021) X 1
`_2021-06-17 19:38:24_
--------
[dfc9a9f4b3655841a6372642c60bb90d]
`登陆天数: 225天 / 572天
等级: 104
石头: 70
呼符: 3
友情点: 0 / 1088560`
*連続ログイン1日目
※ログインが途切れるか、7日到達すると
1日目から再開されます*
`フレンドポイント X 2000
6月交換券(2021) X 1
`_2021-06-17 19:38:33_
--------
[489b9caeed7f023e28fa9d1e9b69c384]
`登陆天数: 224天 / 310天
等级: 96
石头: 77
呼符: 5
友情点: 0 / 663065`
*連続ログイン7日間到達おめでとうございます！
明日は1日目からリスタートされます。*
`獣の足跡 X 1
呼符 X 1
6月交換券(2021) X 1
`_2021-06-17 19:38:41_
--------
