【登录信息】
[5be1eb651b6f675892f00b0952b3cadb]
`登陆天数: 226天 / 1032天
等级: 148
石头: 20
呼符: 0
友情点: 30535 / 9407425`
*連続ログイン2日目
※ログインが途切れるか、7日到達すると
1日目から再開されます*
`聖晶石 X 1
6月交換券(2021) X 1
`_2021-06-18 19:37:12_
--------
[9cfc24f569d65a92010a7c9549af2192]
`登陆天数: 226天 / 516天
等级: 97
石头: 77
呼符: 10
友情点: 50 / 724045`
*連続ログイン2日目
※ログインが途切れるか、7日到達すると
1日目から再開されます*
`聖晶石 X 1
6月交換券(2021) X 1
`_2021-06-18 19:37:21_
--------
[dfc9a9f4b3655841a6372642c60bb90d]
`登陆天数: 226天 / 573天
等级: 104
石头: 70
呼符: 3
友情点: 0 / 1089760`
*連続ログイン2日目
※ログインが途切れるか、7日到達すると
1日目から再開されます*
`聖晶石 X 1
6月交換券(2021) X 1
`_2021-06-18 19:37:28_
--------
[489b9caeed7f023e28fa9d1e9b69c384]
`登陆天数: 225天 / 311天
等级: 96
石头: 77
呼符: 5
友情点: 25 / 664290`
*連続ログイン1日目
※ログインが途切れるか、7日到達すると
1日目から再開されます*
`フレンドポイント X 2000
6月交換券(2021) X 1
`_2021-06-18 19:37:36_
--------
