【登录信息】
[5be1eb651b6f675892f00b0952b3cadb]
`登陆天数: 227天 / 1033天
等级: 148
石头: 20
呼符: 0
友情点: 30500 / 9438725`
*連続ログイン3日目
※ログインが途切れるか、7日到達すると
1日目から再開されます*
`叡智の猛火 X 1
6月交換券(2021) X 1
`_2021-06-19 19:36:27_
--------
[9cfc24f569d65a92010a7c9549af2192]
`登陆天数: 227天 / 517天
等级: 97
石头: 77
呼符: 10
友情点: 25 / 725270`
*連続ログイン3日目
※ログインが途切れるか、7日到達すると
1日目から再開されます*
`叡智の猛火 X 1
6月交換券(2021) X 1
`_2021-06-19 19:36:36_
--------
[dfc9a9f4b3655841a6372642c60bb90d]
`登陆天数: 227天 / 574天
等级: 104
石头: 70
呼符: 3
友情点: 0 / 1090960`
*連続ログイン3日目
※ログインが途切れるか、7日到達すると
1日目から再開されます*
`叡智の猛火 X 1
6月交換券(2021) X 1
`_2021-06-19 19:36:45_
--------
[489b9caeed7f023e28fa9d1e9b69c384]
`登陆天数: 226天 / 312天
等级: 96
石头: 77
呼符: 5
友情点: 25 / 665515`
*連続ログイン2日目
※ログインが途切れるか、7日到達すると
1日目から再開されます*
`聖晶石 X 1
6月交換券(2021) X 1
`_2021-06-19 19:36:53_
--------
