【登录信息】
[5be1eb651b6f675892f00b0952b3cadb]
`登陆天数: 228天 / 1034天
等级: 148
石头: 21
呼符: 1
友情点: 325 / 9472310`
*連続ログイン4日目
※ログインが途切れるか、7日到達すると
1日目から再開されます*
`聖晶石 X 1
6月交換券(2021) X 1
`_2021-06-20 19:36:20_
--------
[9cfc24f569d65a92010a7c9549af2192]
`登陆天数: 228天 / 518天
等级: 97
石头: 78
呼符: 11
友情点: 50 / 728520`
*連続ログイン4日目
※ログインが途切れるか、7日到達すると
1日目から再開されます*
`聖晶石 X 1
6月交換券(2021) X 1
`_2021-06-20 19:36:29_
--------
[dfc9a9f4b3655841a6372642c60bb90d]
`登陆天数: 228天 / 575天
等级: 104
石头: 71
呼符: 4
友情点: 0 / 1094160`
*連続ログイン4日目
※ログインが途切れるか、7日到達すると
1日目から再開されます*
`聖晶石 X 1
6月交換券(2021) X 1
`_2021-06-20 19:36:37_
--------
[489b9caeed7f023e28fa9d1e9b69c384]
`登陆天数: 227天 / 313天
等级: 96
石头: 80
呼符: 6
友情点: 0 / 668715`
*連続ログイン3日目
※ログインが途切れるか、7日到達すると
1日目から再開されます*
`叡智の猛火 X 1
6月交換券(2021) X 1
`_2021-06-20 19:36:45_
--------
