【登录信息】
[5be1eb651b6f675892f00b0952b3cadb]
`登陆天数: 229天 / 1035天
等级: 148
石头: 21
呼符: 1
友情点: 26200 / 9498760`
*連続ログイン5日目
※ログインが途切れるか、7日到達すると
1日目から再開されます*
`叡智の猛火 X 2
6月交換券(2021) X 1
`_2021-06-21 19:36:25_
--------
[9cfc24f569d65a92010a7c9549af2192]
`登陆天数: 229天 / 519天
等级: 97
石头: 78
呼符: 11
友情点: 0 / 728520`
*連続ログイン5日目
※ログインが途切れるか、7日到達すると
1日目から再開されます*
`叡智の猛火 X 2
6月交換券(2021) X 1
`_2021-06-21 19:36:34_
--------
[dfc9a9f4b3655841a6372642c60bb90d]
`登陆天数: 229天 / 576天
等级: 104
石头: 71
呼符: 4
友情点: 0 / 1094160`
*連続ログイン5日目
※ログインが途切れるか、7日到達すると
1日目から再開されます*
`叡智の猛火 X 2
6月交換券(2021) X 1
`_2021-06-21 19:36:42_
--------
[489b9caeed7f023e28fa9d1e9b69c384]
`登陆天数: 228天 / 314天
等级: 96
石头: 80
呼符: 6
友情点: 0 / 669915`
*連続ログイン4日目
※ログインが途切れるか、7日到達すると
1日目から再開されます*
`聖晶石 X 1
6月交換券(2021) X 1
`_2021-06-21 19:36:51_
--------
