【登录信息】
[5be1eb651b6f675892f00b0952b3cadb]
`登陆天数: 230天 / 1036天
等级: 148
石头: 22
呼符: 1
友情点: 2800 / 9532910`
*連続ログイン6日目
※ログインが途切れるか、7日到達すると
1日目から再開されます*
`聖晶石 X 2
6月交換券(2021) X 1
`_2021-06-22 19:36:18_
--------
[9cfc24f569d65a92010a7c9549af2192]
`登陆天数: 230天 / 520天
等级: 97
石头: 79
呼符: 11
友情点: 0 / 729845`
*連続ログイン6日目
※ログインが途切れるか、7日到達すると
1日目から再開されます*
`聖晶石 X 2
6月交換券(2021) X 1
`_2021-06-22 19:36:26_
--------
[dfc9a9f4b3655841a6372642c60bb90d]
`登陆天数: 230天 / 577天
等级: 104
石头: 72
呼符: 4
友情点: 0 / 1095560`
*連続ログイン6日目
※ログインが途切れるか、7日到達すると
1日目から再開されます*
`聖晶石 X 2
6月交換券(2021) X 1
`_2021-06-22 19:36:34_
--------
[489b9caeed7f023e28fa9d1e9b69c384]
`登陆天数: 229天 / 315天
等级: 96
石头: 81
呼符: 6
友情点: 0 / 671240`
*連続ログイン5日目
※ログインが途切れるか、7日到達すると
1日目から再開されます*
`叡智の猛火 X 2
6月交換券(2021) X 1
`_2021-06-22 19:36:42_
--------
