【登录信息】
[5be1eb651b6f675892f00b0952b3cadb]
`登陆天数: 231天 / 1037天
等级: 148
石头: 24
呼符: 1
友情点: 31925 / 9592285`
*連続ログイン7日間到達おめでとうございます！
明日は1日目からリスタートされます。*
`獣の足跡 X 1
呼符 X 1
6月交換券(2021) X 1
`_2021-06-23 19:36:27_
--------
[9cfc24f569d65a92010a7c9549af2192]
`登陆天数: 231天 / 521天
等级: 97
石头: 81
呼符: 11
友情点: 0 / 732245`
*連続ログイン7日間到達おめでとうございます！
明日は1日目からリスタートされます。*
`獣の足跡 X 1
呼符 X 1
6月交換券(2021) X 1
`_2021-06-23 19:36:37_
--------
[dfc9a9f4b3655841a6372642c60bb90d]
`登陆天数: 231天 / 578天
等级: 104
石头: 74
呼符: 4
友情点: 0 / 1096760`
*連続ログイン7日間到達おめでとうございます！
明日は1日目からリスタートされます。*
`獣の足跡 X 1
呼符 X 1
6月交換券(2021) X 1
`_2021-06-23 19:36:45_
--------
[489b9caeed7f023e28fa9d1e9b69c384]
`登陆天数: 230天 / 316天
等级: 96
石头: 81
呼符: 6
友情点: 0 / 673640`
*連続ログイン6日目
※ログインが途切れるか、7日到達すると
1日目から再開されます*
`聖晶石 X 2
6月交換券(2021) X 1
`_2021-06-23 19:36:53_
--------
