【登录信息】
[5be1eb651b6f675892f00b0952b3cadb]
`登陆天数: 232天 / 1038天
等级: 148
石头: 24
呼符: 0
友情点: 33000 / 9652495`
*連続ログイン1日目
※ログインが途切れるか、7日到達すると
1日目から再開されます*
`フレンドポイント X 2000
6月交換券(2021) X 1
`_2021-06-24 19:34:14_
--------
[9cfc24f569d65a92010a7c9549af2192]
`登陆天数: 232天 / 522天
等级: 97
石头: 81
呼符: 12
友情点: 50 / 734520`
*連続ログイン1日目
※ログインが途切れるか、7日到達すると
1日目から再開されます*
`フレンドポイント X 2000
6月交換券(2021) X 1
`_2021-06-24 19:34:23_
--------
[dfc9a9f4b3655841a6372642c60bb90d]
`登陆天数: 232天 / 579天
等级: 104
石头: 74
呼符: 5
友情点: 0 / 1099160`
*連続ログイン1日目
※ログインが途切れるか、7日到達すると
1日目から再開されます*
`フレンドポイント X 2000
6月交換券(2021) X 1
`_2021-06-24 19:34:31_
--------
[489b9caeed7f023e28fa9d1e9b69c384]
`登陆天数: 231天 / 317天
等级: 97
石头: 83
呼符: 6
友情点: 0 / 676940`
*連続ログイン7日間到達おめでとうございます！
明日は1日目からリスタートされます。*
`獣の足跡 X 1
呼符 X 1
6月交換券(2021) X 1
`_2021-06-24 19:34:39_
--------
