【登录信息】
[5be1eb651b6f675892f00b0952b3cadb]
`登陆天数: 233天 / 1039天
等级: 148
石头: 24
呼符: 0
友情点: 31825 / 9686995`
*連続ログイン2日目
※ログインが途切れるか、7日到達すると
1日目から再開されます*
`聖晶石 X 1
6月交換券(2021) X 1
`_2021-06-25 19:37:54_
--------
[9cfc24f569d65a92010a7c9549af2192]
`登陆天数: 233天 / 523天
等级: 97
石头: 81
呼符: 12
友情点: 25 / 737745`
*連続ログイン2日目
※ログインが途切れるか、7日到達すると
1日目から再開されます*
`聖晶石 X 1
6月交換券(2021) X 1
`_2021-06-25 19:38:03_
--------
[dfc9a9f4b3655841a6372642c60bb90d]
`登陆天数: 233天 / 580天
等级: 104
石头: 74
呼符: 5
友情点: 0 / 1102360`
*連続ログイン2日目
※ログインが途切れるか、7日到達すると
1日目から再開されます*
`聖晶石 X 1
6月交換券(2021) X 1
`_2021-06-25 19:38:12_
--------
[489b9caeed7f023e28fa9d1e9b69c384]
`登陆天数: 232天 / 318天
等级: 97
石头: 83
呼符: 7
友情点: 25 / 678165`
*連続ログイン1日目
※ログインが途切れるか、7日到達すると
1日目から再開されます*
`フレンドポイント X 2000
6月交換券(2021) X 1
`_2021-06-25 19:38:20_
--------
