【登录信息】
[5be1eb651b6f675892f00b0952b3cadb]
`登陆天数: 234天 / 1040天
等级: 148
石头: 25
呼符: 0
友情点: 50 / 9718120`
*連続ログイン3日目
※ログインが途切れるか、7日到達すると
1日目から再開されます*
`叡智の猛火 X 1
6月交換券(2021) X 1
`_2021-06-26 19:37:46_
--------
[9cfc24f569d65a92010a7c9549af2192]
`登陆天数: 234天 / 524天
等级: 97
石头: 82
呼符: 12
友情点: 0 / 738945`
*連続ログイン3日目
※ログインが途切れるか、7日到達すると
1日目から再開されます*
`叡智の猛火 X 1
6月交換券(2021) X 1
`_2021-06-26 19:37:55_
--------
[dfc9a9f4b3655841a6372642c60bb90d]
`登陆天数: 234天 / 581天
等级: 104
石头: 75
呼符: 5
友情点: 0 / 1103560`
*連続ログイン3日目
※ログインが途切れるか、7日到達すると
1日目から再開されます*
`叡智の猛火 X 1
6月交換券(2021) X 1
`_2021-06-26 19:38:04_
--------
[489b9caeed7f023e28fa9d1e9b69c384]
`登陆天数: 233天 / 319天
等级: 97
石头: 83
呼符: 7
友情点: 50 / 681415`
*連続ログイン2日目
※ログインが途切れるか、7日到達すると
1日目から再開されます*
`聖晶石 X 1
6月交換券(2021) X 1
`_2021-06-26 19:38:12_
--------
