【登录信息】
[5be1eb651b6f675892f00b0952b3cadb]
`登陆天数: 235天 / 1041天
等级: 148
石头: 27
呼符: 0
友情点: 28810 / 9781430`
*連続ログイン4日目
※ログインが途切れるか、7日到達すると
1日目から再開されます*
`聖晶石 X 1
6月交換券(2021) X 1
`_2021-06-27 19:37:37_
--------
[9cfc24f569d65a92010a7c9549af2192]
`登陆天数: 235天 / 525天
等级: 97
石头: 2
呼符: 0
友情点: 0 / 741345`
*連続ログイン4日目
※ログインが途切れるか、7日到達すると
1日目から再開されます*
`聖晶石 X 1
6月交換券(2021) X 1
`_2021-06-27 19:37:46_
--------
[dfc9a9f4b3655841a6372642c60bb90d]
`登陆天数: 235天 / 582天
等级: 104
石头: 75
呼符: 5
友情点: 0 / 1105960`
*連続ログイン4日目
※ログインが途切れるか、7日到達すると
1日目から再開されます*
`聖晶石 X 1
6月交換券(2021) X 1
`_2021-06-27 19:37:55_
--------
[489b9caeed7f023e28fa9d1e9b69c384]
`登陆天数: 234天 / 320天
等级: 97
石头: 84
呼符: 7
友情点: 0 / 683865`
*連続ログイン3日目
※ログインが途切れるか、7日到達すると
1日目から再開されます*
`叡智の猛火 X 1
6月交換券(2021) X 1
`_2021-06-27 19:38:03_
--------
