【登录信息】
[5be1eb651b6f675892f00b0952b3cadb]
`登陆天数: 236天 / 1042天
等级: 148
石头: 28
呼符: 0
友情点: 30575 / 9846330`
*連続ログイン5日目
※ログインが途切れるか、7日到達すると
1日目から再開されます*
`叡智の猛火 X 2
6月交換券(2021) X 1
`_2021-06-28 19:37:45_
--------
[9cfc24f569d65a92010a7c9549af2192]
`登陆天数: 236天 / 526天
等级: 97
石头: 3
呼符: 0
友情点: 75 / 743820`
*連続ログイン5日目
※ログインが途切れるか、7日到達すると
1日目から再開されます*
`叡智の猛火 X 2
6月交換券(2021) X 1
`_2021-06-28 19:37:54_
--------
[dfc9a9f4b3655841a6372642c60bb90d]
`登陆天数: 236天 / 583天
等级: 104
石头: 7
呼符: 0
友情点: 0 / 1108360`
*連続ログイン5日目
※ログインが途切れるか、7日到達すると
1日目から再開されます*
`叡智の猛火 X 2
6月交換券(2021) X 1
`_2021-06-28 19:38:02_
--------
[489b9caeed7f023e28fa9d1e9b69c384]
`登陆天数: 235天 / 321天
等级: 97
石头: 0
呼符: 0
友情点: 0 / 686290`
*連続ログイン4日目
※ログインが途切れるか、7日到達すると
1日目から再開されます*
`聖晶石 X 1
6月交換券(2021) X 1
`_2021-06-28 19:38:11_
--------
