【登录信息】
[5be1eb651b6f675892f00b0952b3cadb]
`登陆天数: 422天 / 1228天
等级: 152
石头: 28
呼符: 16
友情点: 25 / 17042420`
*連続ログイン2日目
※ログインが途切れるか、7日到達すると
1日目から再開されます*
`聖晶石 X 1
1月交換券(2022) X 1
`*2022年お正月キャンペーン　三が日限定ログインボーナス*
*開催期間中、三が日限定のログインボーナスをプレゼント！*
`レアプリズム X 1
`_2021-12-31 20:29:07_
--------
[9cfc24f569d65a92010a7c9549af2192]
`登陆天数: 422天 / 712天
等级: 100
石头: 72
呼符: 7
友情点: 25 / 1200575`
*連続ログイン2日目
※ログインが途切れるか、7日到達すると
1日目から再開されます*
`聖晶石 X 1
1月交換券(2022) X 1
`*2022年お正月キャンペーン　三が日限定ログインボーナス*
*開催期間中、三が日限定のログインボーナスをプレゼント！*
`レアプリズム X 1
`_2021-12-31 20:29:18_
--------
[dfc9a9f4b3655841a6372642c60bb90d]
`登陆天数: 422天 / 769天
等级: 106
石头: 41
呼符: 22
友情点: 0 / 1604570`
*連続ログイン2日目
※ログインが途切れるか、7日到達すると
1日目から再開されます*
`聖晶石 X 1
1月交換券(2022) X 1
`*2022年お正月キャンペーン　三が日限定ログインボーナス*
*開催期間中、三が日限定のログインボーナスをプレゼント！*
`レアプリズム X 1
`_2021-12-31 20:29:28_
--------
[489b9caeed7f023e28fa9d1e9b69c384]
`登陆天数: 421天 / 507天
等级: 101
石头: 74
呼符: 32
友情点: 0 / 1189575`
*連続ログイン1日目
※ログインが途切れるか、7日到達すると
1日目から再開されます*
`フレンドポイント X 2000
1月交換券(2022) X 1
`*2022年お正月キャンペーン　三が日限定ログインボーナス*
*開催期間中、三が日限定のログインボーナスをプレゼント！*
`レアプリズム X 1
`_2021-12-31 20:29:39_
--------
