【登录信息】
[5be1eb651b6f675892f00b0952b3cadb]
`登陆天数: 423天 / 1229天
等级: 152
石头: 64
呼符: 16
友情点: 150 / 17025695`
*連続ログイン3日目
※ログインが途切れるか、7日到達すると
1日目から再開されます*
`叡智の猛火 X 1
1月交換券(2022) X 1
`*2022年お正月キャンペーン　三が日限定ログインボーナス*
*開催期間中、三が日限定のログインボーナスをプレゼント！*
`伝承結晶 X 1
`_2022-01-01 20:28:57_
--------
[9cfc24f569d65a92010a7c9549af2192]
`登陆天数: 423天 / 713天
等级: 100
石头: 104
呼符: 7
友情点: 50 / 1200650`
*連続ログイン3日目
※ログインが途切れるか、7日到達すると
1日目から再開されます*
`叡智の猛火 X 1
1月交換券(2022) X 1
`*2022年お正月キャンペーン　三が日限定ログインボーナス*
*開催期間中、三が日限定のログインボーナスをプレゼント！*
`伝承結晶 X 1
`_2022-01-01 20:29:07_
--------
[dfc9a9f4b3655841a6372642c60bb90d]
`登陆天数: 423天 / 770天
等级: 106
石头: 73
呼符: 22
友情点: 0 / 1604570`
*連続ログイン3日目
※ログインが途切れるか、7日到達すると
1日目から再開されます*
`叡智の猛火 X 1
1月交換券(2022) X 1
`*2022年お正月キャンペーン　三が日限定ログインボーナス*
*開催期間中、三が日限定のログインボーナスをプレゼント！*
`伝承結晶 X 1
`_2022-01-01 20:29:17_
--------
[489b9caeed7f023e28fa9d1e9b69c384]
`登陆天数: 422天 / 508天
等级: 101
石头: 105
呼符: 32
友情点: 25 / 1191625`
*連続ログイン2日目
※ログインが途切れるか、7日到達すると
1日目から再開されます*
`聖晶石 X 1
1月交換券(2022) X 1
`*2022年お正月キャンペーン　三が日限定ログインボーナス*
*開催期間中、三が日限定のログインボーナスをプレゼント！*
`伝承結晶 X 1
`_2022-01-01 20:29:27_
--------
