【登录信息】
[5be1eb651b6f675892f00b0952b3cadb]
`登陆天数: 424天 / 1230天
等级: 152
石头: 66
呼符: 16
友情点: 285 / 17026530`
*連続ログイン4日目
※ログインが途切れるか、7日到達すると
1日目から再開されます*
`聖晶石 X 1
1月交換券(2022) X 1
`*2022年お正月キャンペーン　三が日限定ログインボーナス*
*開催期間中、三が日限定のログインボーナスをプレゼント！*
`聖杯 X 1
`_2022-01-02 20:28:52_
--------
[9cfc24f569d65a92010a7c9549af2192]
`登陆天数: 424天 / 714天
等级: 100
石头: 104
呼符: 7
友情点: 50 / 1200725`
*連続ログイン4日目
※ログインが途切れるか、7日到達すると
1日目から再開されます*
`聖晶石 X 1
1月交換券(2022) X 1
`*2022年お正月キャンペーン　三が日限定ログインボーナス*
*開催期間中、三が日限定のログインボーナスをプレゼント！*
`聖杯 X 1
`_2022-01-02 20:29:03_
--------
[dfc9a9f4b3655841a6372642c60bb90d]
`登陆天数: 424天 / 771天
等级: 106
石头: 73
呼符: 22
友情点: 0 / 1604570`
*連続ログイン4日目
※ログインが途切れるか、7日到達すると
1日目から再開されます*
`聖晶石 X 1
1月交換券(2022) X 1
`*2022年お正月キャンペーン　三が日限定ログインボーナス*
*開催期間中、三が日限定のログインボーナスをプレゼント！*
`聖杯 X 1
`_2022-01-02 20:29:13_
--------
[489b9caeed7f023e28fa9d1e9b69c384]
`登陆天数: 423天 / 509天
等级: 101
石头: 108
呼符: 32
友情点: 0 / 1191650`
*連続ログイン3日目
※ログインが途切れるか、7日到達すると
1日目から再開されます*
`叡智の猛火 X 1
1月交換券(2022) X 1
`*2022年お正月キャンペーン　三が日限定ログインボーナス*
*開催期間中、三が日限定のログインボーナスをプレゼント！*
`聖杯 X 1
`_2022-01-02 20:29:24_
--------
