【登录信息】
[5be1eb651b6f675892f00b0952b3cadb]
`登陆天数: 426天 / 1232天
等级: 152
石头: 68
呼符: 16
友情点: 25 / 17020500`
*連続ログイン6日目
※ログインが途切れるか、7日到達すると
1日目から再開されます*
`聖晶石 X 2
1月交換券(2022) X 1
`_2022-01-04 20:29:37_
--------
[9cfc24f569d65a92010a7c9549af2192]
`登陆天数: 426天 / 716天
等级: 101
石头: 105
呼符: 7
友情点: 25 / 1200775`
*連続ログイン6日目
※ログインが途切れるか、7日到達すると
1日目から再開されます*
`聖晶石 X 2
1月交換券(2022) X 1
`_2022-01-04 20:29:48_
--------
[dfc9a9f4b3655841a6372642c60bb90d]
`登陆天数: 426天 / 773天
等级: 106
石头: 74
呼符: 22
友情点: 0 / 1604570`
*連続ログイン6日目
※ログインが途切れるか、7日到達すると
1日目から再開されます*
`聖晶石 X 2
1月交換券(2022) X 1
`_2022-01-04 20:29:58_
--------
[489b9caeed7f023e28fa9d1e9b69c384]
`登陆天数: 425天 / 511天
等级: 101
石头: 109
呼符: 32
友情点: 75 / 1191750`
*連続ログイン5日目
※ログインが途切れるか、7日到達すると
1日目から再開されます*
`叡智の猛火 X 2
1月交換券(2022) X 1
`_2022-01-04 20:30:08_
--------
