【登录信息】
[5be1eb651b6f675892f00b0952b3cadb]
`登陆天数: 427天 / 1233天
等级: 152
石头: 80
呼符: 16
友情点: 10 / 17021060`
*連続ログイン7日間到達おめでとうございます！
明日は1日目からリスタートされます。*
`獣の足跡 X 1
呼符 X 1
1月交換券(2022) X 1
`_2022-01-05 20:29:46_
--------
[9cfc24f569d65a92010a7c9549af2192]
`登陆天数: 427天 / 717天
等级: 101
石头: 117
呼符: 7
友情点: 25 / 1200850`
*連続ログイン7日間到達おめでとうございます！
明日は1日目からリスタートされます。*
`獣の足跡 X 1
呼符 X 1
1月交換券(2022) X 1
`_2022-01-05 20:29:57_
--------
[dfc9a9f4b3655841a6372642c60bb90d]
`登陆天数: 427天 / 774天
等级: 106
石头: 86
呼符: 22
友情点: 0 / 1604570`
*連続ログイン7日間到達おめでとうございます！
明日は1日目からリスタートされます。*
`獣の足跡 X 1
呼符 X 1
1月交換券(2022) X 1
`_2022-01-05 20:30:08_
--------
[489b9caeed7f023e28fa9d1e9b69c384]
`登陆天数: 426天 / 512天
等级: 101
石头: 119
呼符: 32
友情点: 0 / 1191775`
*連続ログイン6日目
※ログインが途切れるか、7日到達すると
1日目から再開されます*
`聖晶石 X 2
1月交換券(2022) X 1
`_2022-01-05 20:30:20_
--------
