【登录信息】
[5be1eb651b6f675892f00b0952b3cadb]
`登陆天数: 428天 / 1234天
等级: 152
石头: 83
呼符: 22
友情点: 50 / 16608320`
*連続ログイン1日目
※ログインが途切れるか、7日到達すると
1日目から再開されます*
`フレンドポイント X 2000
1月交換券(2022) X 1
`*「FGO カルデア・サテライトステーション 2021-2022」静岡会場開催直前ログインボーナス*
*開催期間中、1日1回 最大3回 ログインボーナスをプレゼント！*
`黄金の果実 X 1
`_2022-01-06 20:28:09_
--------
[9cfc24f569d65a92010a7c9549af2192]
`登陆天数: 428天 / 718天
等级: 101
石头: 117
呼符: 8
友情点: 0 / 1200900`
*連続ログイン1日目
※ログインが途切れるか、7日到達すると
1日目から再開されます*
`フレンドポイント X 2000
1月交換券(2022) X 1
`*「FGO カルデア・サテライトステーション 2021-2022」静岡会場開催直前ログインボーナス*
*開催期間中、1日1回 最大3回 ログインボーナスをプレゼント！*
`黄金の果実 X 1
`_2022-01-06 20:28:19_
--------
[dfc9a9f4b3655841a6372642c60bb90d]
`登陆天数: 428天 / 775天
等级: 106
石头: 86
呼符: 23
友情点: 0 / 1604570`
*連続ログイン1日目
※ログインが途切れるか、7日到達すると
1日目から再開されます*
`フレンドポイント X 2000
1月交換券(2022) X 1
`*「FGO カルデア・サテライトステーション 2021-2022」静岡会場開催直前ログインボーナス*
*開催期間中、1日1回 最大3回 ログインボーナスをプレゼント！*
`黄金の果実 X 1
`_2022-01-06 20:28:29_
--------
[489b9caeed7f023e28fa9d1e9b69c384]
`登陆天数: 427天 / 513天
等级: 101
石头: 121
呼符: 32
友情点: 0 / 1191800`
*連続ログイン7日間到達おめでとうございます！
明日は1日目からリスタートされます。*
`獣の足跡 X 1
呼符 X 1
1月交換券(2022) X 1
`*「FGO カルデア・サテライトステーション 2021-2022」静岡会場開催直前ログインボーナス*
*開催期間中、1日1回 最大3回 ログインボーナスをプレゼント！*
`黄金の果実 X 1
`_2022-01-06 20:28:39_
--------
