【登录信息】
[5be1eb651b6f675892f00b0952b3cadb]
`登陆天数: 429天 / 1235天
等级: 152
石头: 83
呼符: 22
友情点: 0 / 16610685`
*連続ログイン2日目
※ログインが途切れるか、7日到達すると
1日目から再開されます*
`聖晶石 X 1
1月交換券(2022) X 1
`*「FGO カルデア・サテライトステーション 2021-2022」静岡会場開催直前ログインボーナス*
*開催期間中、1日1回 最大3回 ログインボーナスをプレゼント！*
`黄金の果実 X 1
`_2022-01-07 20:29:57_
--------
[9cfc24f569d65a92010a7c9549af2192]
`登陆天数: 429天 / 719天
等级: 101
石头: 117
呼符: 8
友情点: 0 / 1202900`
*連続ログイン2日目
※ログインが途切れるか、7日到達すると
1日目から再開されます*
`聖晶石 X 1
1月交換券(2022) X 1
`*「FGO カルデア・サテライトステーション 2021-2022」静岡会場開催直前ログインボーナス*
*開催期間中、1日1回 最大3回 ログインボーナスをプレゼント！*
`黄金の果実 X 1
`_2022-01-07 20:30:08_
--------
[dfc9a9f4b3655841a6372642c60bb90d]
`登陆天数: 429天 / 776天
等级: 106
石头: 86
呼符: 23
友情点: 0 / 1606570`
*連続ログイン2日目
※ログインが途切れるか、7日到達すると
1日目から再開されます*
`聖晶石 X 1
1月交換券(2022) X 1
`*「FGO カルデア・サテライトステーション 2021-2022」静岡会場開催直前ログインボーナス*
*開催期間中、1日1回 最大3回 ログインボーナスをプレゼント！*
`黄金の果実 X 1
`_2022-01-07 20:30:17_
--------
[489b9caeed7f023e28fa9d1e9b69c384]
`登陆天数: 428天 / 514天
等级: 101
石头: 123
呼符: 33
友情点: 25 / 1191825`
*連続ログイン1日目
※ログインが途切れるか、7日到達すると
1日目から再開されます*
`フレンドポイント X 2000
1月交換券(2022) X 1
`*「FGO カルデア・サテライトステーション 2021-2022」静岡会場開催直前ログインボーナス*
*開催期間中、1日1回 最大3回 ログインボーナスをプレゼント！*
`黄金の果実 X 1
`_2022-01-07 20:30:27_
--------
