【登录信息】
[5be1eb651b6f675892f00b0952b3cadb]
`登陆天数: 430天 / 1236天
等级: 152
石头: 86
呼符: 22
友情点: 320 / 16611265`
*連続ログイン3日目
※ログインが途切れるか、7日到達すると
1日目から再開されます*
`叡智の猛火 X 1
1月交換券(2022) X 1
`_2022-01-08 20:29:07_
--------
[9cfc24f569d65a92010a7c9549af2192]
`登陆天数: 430天 / 720天
等级: 101
石头: 118
呼符: 8
友情点: 75 / 1202975`
*連続ログイン3日目
※ログインが途切れるか、7日到達すると
1日目から再開されます*
`叡智の猛火 X 1
1月交換券(2022) X 1
`*「FGO カルデア・サテライトステーション 2021-2022」静岡会場開催直前ログインボーナス*
*開催期間中、1日1回 最大3回 ログインボーナスをプレゼント！*
`黄金の果実 X 1
`_2022-01-08 20:29:17_
--------
[dfc9a9f4b3655841a6372642c60bb90d]
`登陆天数: 430天 / 777天
等级: 106
石头: 87
呼符: 23
友情点: 0 / 1606570`
*連続ログイン3日目
※ログインが途切れるか、7日到達すると
1日目から再開されます*
`叡智の猛火 X 1
1月交換券(2022) X 1
`*「FGO カルデア・サテライトステーション 2021-2022」静岡会場開催直前ログインボーナス*
*開催期間中、1日1回 最大3回 ログインボーナスをプレゼント！*
`黄金の果実 X 1
`_2022-01-08 20:29:27_
--------
[489b9caeed7f023e28fa9d1e9b69c384]
`登陆天数: 429天 / 515天
等级: 101
石头: 123
呼符: 33
友情点: 25 / 1193850`
*連続ログイン2日目
※ログインが途切れるか、7日到達すると
1日目から再開されます*
`聖晶石 X 1
1月交換券(2022) X 1
`*「FGO カルデア・サテライトステーション 2021-2022」静岡会場開催直前ログインボーナス*
*開催期間中、1日1回 最大3回 ログインボーナスをプレゼント！*
`黄金の果実 X 1
`_2022-01-08 20:29:37_
--------
