【登录信息】
[5be1eb651b6f675892f00b0952b3cadb]
`登陆天数: 431天 / 1237天
等级: 152
石头: 86
呼符: 25
友情点: 600 / 16612515`
*連続ログイン4日目
※ログインが途切れるか、7日到達すると
1日目から再開されます*
`聖晶石 X 1
1月交換券(2022) X 1
`*「FGO カルデア・サテライトステーション 2021-2022」静岡会場開催記念 初回ログインボーナス*
*開催期間中、初回ログインで「聖晶石×10」をプレゼント！*
`聖晶石 X 10
`_2022-01-09 20:29:18_
--------
[9cfc24f569d65a92010a7c9549af2192]
`登陆天数: 431天 / 721天
等级: 101
石头: 118
呼符: 8
友情点: 50 / 1203035`
*連続ログイン4日目
※ログインが途切れるか、7日到達すると
1日目から再開されます*
`聖晶石 X 1
1月交換券(2022) X 1
`*「FGO カルデア・サテライトステーション 2021-2022」静岡会場開催記念 初回ログインボーナス*
*開催期間中、初回ログインで「聖晶石×10」をプレゼント！*
`聖晶石 X 10
`_2022-01-09 20:29:28_
--------
[dfc9a9f4b3655841a6372642c60bb90d]
`登陆天数: 431天 / 778天
等级: 106
石头: 87
呼符: 23
友情点: 0 / 1606570`
*連続ログイン4日目
※ログインが途切れるか、7日到達すると
1日目から再開されます*
`聖晶石 X 1
1月交換券(2022) X 1
`*「FGO カルデア・サテライトステーション 2021-2022」静岡会場開催記念 初回ログインボーナス*
*開催期間中、初回ログインで「聖晶石×10」をプレゼント！*
`聖晶石 X 10
`_2022-01-09 20:29:38_
--------
[489b9caeed7f023e28fa9d1e9b69c384]
`登陆天数: 430天 / 516天
等级: 101
石头: 124
呼符: 33
友情点: 25 / 1193875`
*連続ログイン3日目
※ログインが途切れるか、7日到達すると
1日目から再開されます*
`叡智の猛火 X 1
1月交換券(2022) X 1
`*「FGO カルデア・サテライトステーション 2021-2022」静岡会場開催記念 初回ログインボーナス*
*開催期間中、初回ログインで「聖晶石×10」をプレゼント！*
`聖晶石 X 10
`_2022-01-09 20:29:48_
--------
