【登录信息】
[5be1eb651b6f675892f00b0952b3cadb]
`登陆天数: 432天 / 1238天
等级: 152
石头: 105
呼符: 20
友情点: 160 / 16607200`
*連続ログイン5日目
※ログインが途切れるか、7日到達すると
1日目から再開されます*
`叡智の猛火 X 2
1月交換券(2022) X 1
`_2022-01-10 20:27:29_
--------
[9cfc24f569d65a92010a7c9549af2192]
`登陆天数: 432天 / 722天
等级: 101
石头: 135
呼符: 8
友情点: 0 / 1203085`
*連続ログイン5日目
※ログインが途切れるか、7日到達すると
1日目から再開されます*
`叡智の猛火 X 2
1月交換券(2022) X 1
`_2022-01-10 20:27:39_
--------
[dfc9a9f4b3655841a6372642c60bb90d]
`登陆天数: 432天 / 779天
等级: 106
石头: 104
呼符: 23
友情点: 0 / 1606570`
*連続ログイン5日目
※ログインが途切れるか、7日到達すると
1日目から再開されます*
`叡智の猛火 X 2
1月交換券(2022) X 1
`_2022-01-10 20:27:49_
--------
[489b9caeed7f023e28fa9d1e9b69c384]
`登陆天数: 431天 / 517天
等级: 101
石头: 140
呼符: 33
友情点: 25 / 1193950`
*連続ログイン4日目
※ログインが途切れるか、7日到達すると
1日目から再開されます*
`聖晶石 X 1
1月交換券(2022) X 1
`_2022-01-10 20:27:59_
--------
