【登录信息】
[5be1eb651b6f675892f00b0952b3cadb]
`登陆天数: 433天 / 1239天
等级: 152
石头: 109
呼符: 20
友情点: 0 / 16607575`
*連続ログイン6日目
※ログインが途切れるか、7日到達すると
1日目から再開されます*
`聖晶石 X 2
1月交換券(2022) X 1
`_2022-01-11 20:29:09_
--------
[9cfc24f569d65a92010a7c9549af2192]
`登陆天数: 433天 / 723天
等级: 101
石头: 135
呼符: 8
友情点: 25 / 1203160`
*連続ログイン6日目
※ログインが途切れるか、7日到達すると
1日目から再開されます*
`聖晶石 X 2
1月交換券(2022) X 1
`_2022-01-11 20:29:20_
--------
[dfc9a9f4b3655841a6372642c60bb90d]
`登陆天数: 433天 / 780天
等级: 106
石头: 104
呼符: 23
友情点: 0 / 1606625`
*連続ログイン6日目
※ログインが途切れるか、7日到達すると
1日目から再開されます*
`聖晶石 X 2
1月交換券(2022) X 1
`_2022-01-11 20:29:30_
--------
[489b9caeed7f023e28fa9d1e9b69c384]
`登陆天数: 432天 / 518天
等级: 101
石头: 141
呼符: 33
友情点: 50 / 1194000`
*連続ログイン5日目
※ログインが途切れるか、7日到達すると
1日目から再開されます*
`叡智の猛火 X 2
1月交換券(2022) X 1
`_2022-01-11 20:29:41_
--------
