【登录信息】
[5be1eb651b6f675892f00b0952b3cadb]
`登陆天数: 434天 / 1240天
等级: 152
石头: 111
呼符: 20
友情点: 25 / 16608490`
*連続ログイン7日間到達おめでとうございます！
明日は1日目からリスタートされます。*
`獣の足跡 X 1
呼符 X 1
1月交換券(2022) X 1
`_2022-01-12 20:30:09_
--------
[9cfc24f569d65a92010a7c9549af2192]
`登陆天数: 434天 / 724天
等级: 101
石头: 137
呼符: 8
友情点: 0 / 1203185`
*連続ログイン7日間到達おめでとうございます！
明日は1日目からリスタートされます。*
`獣の足跡 X 1
呼符 X 1
1月交換券(2022) X 1
`_2022-01-12 20:30:20_
--------
[dfc9a9f4b3655841a6372642c60bb90d]
`登陆天数: 434天 / 781天
等级: 106
石头: 106
呼符: 23
友情点: 0 / 1606625`
*連続ログイン7日間到達おめでとうございます！
明日は1日目からリスタートされます。*
`獣の足跡 X 1
呼符 X 1
1月交換券(2022) X 1
`_2022-01-12 20:30:32_
--------
[489b9caeed7f023e28fa9d1e9b69c384]
`登陆天数: 433天 / 519天
等级: 101
石头: 141
呼符: 33
友情点: 25 / 1194100`
*連続ログイン6日目
※ログインが途切れるか、7日到達すると
1日目から再開されます*
`聖晶石 X 2
1月交換券(2022) X 1
`_2022-01-12 20:30:42_
--------
