【登录信息】
[5be1eb651b6f675892f00b0952b3cadb]
`登陆天数: 435天 / 1241天
等级: 152
石头: 118
呼符: 11
友情点: 25 / 16609760`
*連続ログイン1日目
※ログインが途切れるか、7日到達すると
1日目から再開されます*
`フレンドポイント X 2000
1月交換券(2022) X 1
`_2022-01-13 20:30:02_
--------
[9cfc24f569d65a92010a7c9549af2192]
`登陆天数: 435天 / 725天
等级: 101
石头: 144
呼符: 9
友情点: 0 / 1203245`
*連続ログイン1日目
※ログインが途切れるか、7日到達すると
1日目から再開されます*
`フレンドポイント X 2000
1月交換券(2022) X 1
`_2022-01-13 20:30:13_
--------
[dfc9a9f4b3655841a6372642c60bb90d]
`登陆天数: 435天 / 782天
等级: 106
石头: 111
呼符: 24
友情点: 0 / 1606625`
*連続ログイン1日目
※ログインが途切れるか、7日到達すると
1日目から再開されます*
`フレンドポイント X 2000
1月交換券(2022) X 1
`_2022-01-13 20:30:24_
--------
[489b9caeed7f023e28fa9d1e9b69c384]
`登陆天数: 434天 / 520天
等级: 101
石头: 148
呼符: 33
友情点: 25 / 1194125`
*連続ログイン7日間到達おめでとうございます！
明日は1日目からリスタートされます。*
`獣の足跡 X 1
呼符 X 1
1月交換券(2022) X 1
`_2022-01-13 20:30:34_
--------
