【登录信息】
[5be1eb651b6f675892f00b0952b3cadb]
`登陆天数: 436天 / 1242天
等级: 152
石头: 121
呼符: 0
友情点: 60 / 16578825`
*連続ログイン2日目
※ログインが途切れるか、7日到達すると
1日目から再開されます*
`聖晶石 X 1
1月交換券(2022) X 1
`_2022-01-14 20:30:01_
--------
[9cfc24f569d65a92010a7c9549af2192]
`登陆天数: 436天 / 726天
等级: 101
石头: 144
呼符: 9
友情点: 50 / 1205320`
*連続ログイン2日目
※ログインが途切れるか、7日到達すると
1日目から再開されます*
`聖晶石 X 1
1月交換券(2022) X 1
`_2022-01-14 20:30:12_
--------
[dfc9a9f4b3655841a6372642c60bb90d]
`登陆天数: 436天 / 783天
等级: 106
石头: 111
呼符: 24
友情点: 0 / 1608625`
*連続ログイン2日目
※ログインが途切れるか、7日到達すると
1日目から再開されます*
`聖晶石 X 1
1月交換券(2022) X 1
`_2022-01-14 20:30:22_
--------
[489b9caeed7f023e28fa9d1e9b69c384]
`登陆天数: 435天 / 521天
等级: 101
石头: 148
呼符: 34
友情点: 0 / 1194150`
*連続ログイン1日目
※ログインが途切れるか、7日到達すると
1日目から再開されます*
`フレンドポイント X 2000
1月交換券(2022) X 1
`_2022-01-14 20:30:33_
--------
