【登录信息】
[5be1eb651b6f675892f00b0952b3cadb]
`登陆天数: 438天 / 1244天
等级: 152
石头: 124
呼符: 0
友情点: 150 / 16581470`
*連続ログイン4日目
※ログインが途切れるか、7日到達すると
1日目から再開されます*
`聖晶石 X 1
1月交換券(2022) X 1
`_2022-01-16 20:29:16_
--------
[9cfc24f569d65a92010a7c9549af2192]
`登陆天数: 438天 / 728天
等级: 101
石头: 145
呼符: 9
友情点: 50 / 1205420`
*連続ログイン4日目
※ログインが途切れるか、7日到達すると
1日目から再開されます*
`聖晶石 X 1
1月交換券(2022) X 1
`_2022-01-16 20:29:28_
--------
[dfc9a9f4b3655841a6372642c60bb90d]
`登陆天数: 438天 / 785天
等级: 106
石头: 112
呼符: 24
友情点: 0 / 1608625`
*連続ログイン4日目
※ログインが途切れるか、7日到達すると
1日目から再開されます*
`聖晶石 X 1
1月交換券(2022) X 1
`_2022-01-16 20:29:38_
--------
[489b9caeed7f023e28fa9d1e9b69c384]
`登陆天数: 437天 / 523天
等级: 101
石头: 149
呼符: 34
友情点: 50 / 1196300`
*連続ログイン3日目
※ログインが途切れるか、7日到達すると
1日目から再開されます*
`叡智の猛火 X 1
1月交換券(2022) X 1
`_2022-01-16 20:29:48_
--------
