【登录信息】
[5be1eb651b6f675892f00b0952b3cadb]
`登陆天数: 439天 / 1245天
等级: 152
石头: 132
呼符: 0
友情点: 195 / 15686520`
*連続ログイン5日目
※ログインが途切れるか、7日到達すると
1日目から再開されます*
`叡智の猛火 X 2
1月交換券(2022) X 1
`_2022-01-17 20:29:56_
--------
[9cfc24f569d65a92010a7c9549af2192]
`登陆天数: 439天 / 729天
等级: 101
石头: 146
呼符: 9
友情点: 25 / 1205470`
*連続ログイン5日目
※ログインが途切れるか、7日到達すると
1日目から再開されます*
`叡智の猛火 X 2
1月交換券(2022) X 1
`_2022-01-17 20:30:07_
--------
[dfc9a9f4b3655841a6372642c60bb90d]
`登陆天数: 439天 / 786天
等级: 106
石头: 113
呼符: 24
友情点: 0 / 1608625`
*連続ログイン5日目
※ログインが途切れるか、7日到達すると
1日目から再開されます*
`叡智の猛火 X 2
1月交換券(2022) X 1
`_2022-01-17 20:30:17_
--------
[489b9caeed7f023e28fa9d1e9b69c384]
`登陆天数: 438天 / 524天
等级: 101
石头: 149
呼符: 34
友情点: 75 / 1196375`
*連続ログイン4日目
※ログインが途切れるか、7日到達すると
1日目から再開されます*
`聖晶石 X 1
1月交換券(2022) X 1
`_2022-01-17 20:30:27_
--------
