【登录信息】
[5be1eb651b6f675892f00b0952b3cadb]
`登陆天数: 440天 / 1246天
等级: 152
石头: 142
呼符: 1
友情点: 260 / 15455325`
*連続ログイン6日目
※ログインが途切れるか、7日到達すると
1日目から再開されます*
`聖晶石 X 2
1月交換券(2022) X 1
`_2022-01-18 20:30:14_
--------
[9cfc24f569d65a92010a7c9549af2192]
`登陆天数: 440天 / 730天
等级: 101
石头: 146
呼符: 9
友情点: 25 / 1205520`
*連続ログイン6日目
※ログインが途切れるか、7日到達すると
1日目から再開されます*
`聖晶石 X 2
1月交換券(2022) X 1
`_2022-01-18 20:30:25_
--------
[dfc9a9f4b3655841a6372642c60bb90d]
`登陆天数: 440天 / 787天
等级: 106
石头: 113
呼符: 24
友情点: 10 / 1608635`
*連続ログイン6日目
※ログインが途切れるか、7日到達すると
1日目から再開されます*
`聖晶石 X 2
1月交換券(2022) X 1
`_2022-01-18 20:30:36_
--------
[489b9caeed7f023e28fa9d1e9b69c384]
`登陆天数: 439天 / 525天
等级: 101
石头: 150
呼符: 34
友情点: 25 / 1196475`
*連続ログイン5日目
※ログインが途切れるか、7日到達すると
1日目から再開されます*
`叡智の猛火 X 2
1月交換券(2022) X 1
`_2022-01-18 20:30:46_
--------
