【登录信息】
[5be1eb651b6f675892f00b0952b3cadb]
`登陆天数: 441天 / 1247天
等级: 152
石头: 146
呼符: 0
友情点: 0 / 15456655`
*連続ログイン7日間到達おめでとうございます！
明日は1日目からリスタートされます。*
`獣の足跡 X 1
呼符 X 1
1月交換券(2022) X 1
`_2022-01-19 20:26:41_
--------
[9cfc24f569d65a92010a7c9549af2192]
`登陆天数: 441天 / 731天
等级: 101
石头: 148
呼符: 9
友情点: 25 / 1205620`
*連続ログイン7日間到達おめでとうございます！
明日は1日目からリスタートされます。*
`獣の足跡 X 1
呼符 X 1
1月交換券(2022) X 1
`_2022-01-19 20:26:53_
--------
[dfc9a9f4b3655841a6372642c60bb90d]
`登陆天数: 441天 / 788天
等级: 106
石头: 115
呼符: 24
友情点: 10 / 1608645`
*連続ログイン7日間到達おめでとうございます！
明日は1日目からリスタートされます。*
`獣の足跡 X 1
呼符 X 1
1月交換券(2022) X 1
`_2022-01-19 20:27:03_
--------
[489b9caeed7f023e28fa9d1e9b69c384]
`登陆天数: 440天 / 526天
等级: 101
石头: 150
呼符: 34
友情点: 0 / 1196575`
*連続ログイン6日目
※ログインが途切れるか、7日到達すると
1日目から再開されます*
`聖晶石 X 2
1月交換券(2022) X 1
`_2022-01-19 20:27:14_
--------
