【登录信息】
[5be1eb651b6f675892f00b0952b3cadb]
`登陆天数: 442天 / 1248天
等级: 152
石头: 148
呼符: 0
友情点: 0 / 13787520`
*連続ログイン1日目
※ログインが途切れるか、7日到達すると
1日目から再開されます*
`フレンドポイント X 2000
1月交換券(2022) X 1
`_2022-01-20 20:27:17_
--------
[9cfc24f569d65a92010a7c9549af2192]
`登陆天数: 442天 / 732天
等级: 101
石头: 148
呼符: 10
友情点: 0 / 1205645`
*連続ログイン1日目
※ログインが途切れるか、7日到達すると
1日目から再開されます*
`フレンドポイント X 2000
1月交換券(2022) X 1
`_2022-01-20 20:27:28_
--------
[dfc9a9f4b3655841a6372642c60bb90d]
`登陆天数: 442天 / 789天
等级: 106
石头: 115
呼符: 25
友情点: 0 / 1608645`
*連続ログイン1日目
※ログインが途切れるか、7日到達すると
1日目から再開されます*
`フレンドポイント X 2000
1月交換券(2022) X 1
`_2022-01-20 20:27:38_
--------
[489b9caeed7f023e28fa9d1e9b69c384]
`登陆天数: 441天 / 527天
等级: 101
石头: 152
呼符: 34
友情点: 0 / 1196625`
*連続ログイン7日間到達おめでとうございます！
明日は1日目からリスタートされます。*
`獣の足跡 X 1
呼符 X 1
1月交換券(2022) X 1
`_2022-01-20 20:27:48_
--------
