【登录信息】
[5be1eb651b6f675892f00b0952b3cadb]
`登陆天数: 443天 / 1249天
等级: 152
石头: 152
呼符: 0
友情点: 10 / 13790100`
*連続ログイン2日目
※ログインが途切れるか、7日到達すると
1日目から再開されます*
`聖晶石 X 1
1月交換券(2022) X 1
`_2022-01-21 20:25:07_
--------
[9cfc24f569d65a92010a7c9549af2192]
`登陆天数: 443天 / 733天
等级: 101
石头: 148
呼符: 10
友情点: 0 / 1207645`
*連続ログイン2日目
※ログインが途切れるか、7日到達すると
1日目から再開されます*
`聖晶石 X 1
1月交換券(2022) X 1
`_2022-01-21 20:25:18_
--------
[dfc9a9f4b3655841a6372642c60bb90d]
`登陆天数: 443天 / 790天
等级: 106
石头: 115
呼符: 25
友情点: 0 / 1610645`
*連続ログイン2日目
※ログインが途切れるか、7日到達すると
1日目から再開されます*
`聖晶石 X 1
1月交換券(2022) X 1
`_2022-01-21 20:25:28_
--------
[489b9caeed7f023e28fa9d1e9b69c384]
`登陆天数: 442天 / 528天
等级: 101
石头: 152
呼符: 35
友情点: 25 / 1196725`
*連続ログイン1日目
※ログインが途切れるか、7日到達すると
1日目から再開されます*
`フレンドポイント X 2000
1月交換券(2022) X 1
`_2022-01-21 20:25:39_
--------
