【登录信息】
[5be1eb651b6f675892f00b0952b3cadb]
`登陆天数: 444天 / 1250天
等级: 152
石头: 157
呼符: 0
友情点: 60 / 13790415`
*連続ログイン3日目
※ログインが途切れるか、7日到達すると
1日目から再開されます*
`叡智の猛火 X 1
1月交換券(2022) X 1
`_2022-01-22 20:25:29_
--------
[9cfc24f569d65a92010a7c9549af2192]
`登陆天数: 444天 / 734天
等级: 101
石头: 149
呼符: 10
友情点: 0 / 1207670`
*連続ログイン3日目
※ログインが途切れるか、7日到達すると
1日目から再開されます*
`叡智の猛火 X 1
1月交換券(2022) X 1
`_2022-01-22 20:25:41_
--------
[dfc9a9f4b3655841a6372642c60bb90d]
`登陆天数: 444天 / 791天
等级: 106
石头: 116
呼符: 25
友情点: 0 / 1610645`
*連続ログイン3日目
※ログインが途切れるか、7日到達すると
1日目から再開されます*
`叡智の猛火 X 1
1月交換券(2022) X 1
`_2022-01-22 20:25:52_
--------
[489b9caeed7f023e28fa9d1e9b69c384]
`登陆天数: 443天 / 529天
等级: 101
石头: 152
呼符: 35
友情点: 0 / 1198725`
*連続ログイン2日目
※ログインが途切れるか、7日到達すると
1日目から再開されます*
`聖晶石 X 1
1月交換券(2022) X 1
`_2022-01-22 20:26:02_
--------
