【登录信息】
[5be1eb651b6f675892f00b0952b3cadb]
`登陆天数: 445天 / 1251天
等级: 152
石头: 187
呼符: 0
友情点: 0 / 13790775`
*連続ログイン4日目
※ログインが途切れるか、7日到達すると
1日目から再開されます*
`聖晶石 X 1
1月交換券(2022) X 1
`_2022-01-23 20:26:22_
--------
[9cfc24f569d65a92010a7c9549af2192]
`登陆天数: 445天 / 735天
等级: 101
石头: 149
呼符: 10
友情点: 0 / 1207695`
*連続ログイン4日目
※ログインが途切れるか、7日到達すると
1日目から再開されます*
`聖晶石 X 1
1月交換券(2022) X 1
`_2022-01-23 20:26:32_
--------
[dfc9a9f4b3655841a6372642c60bb90d]
`登陆天数: 445天 / 792天
等级: 106
石头: 116
呼符: 25
友情点: 0 / 1610645`
*連続ログイン4日目
※ログインが途切れるか、7日到達すると
1日目から再開されます*
`聖晶石 X 1
1月交換券(2022) X 1
`_2022-01-23 20:26:43_
--------
[489b9caeed7f023e28fa9d1e9b69c384]
`登陆天数: 444天 / 530天
等级: 101
石头: 153
呼符: 35
友情点: 0 / 1198750`
*連続ログイン3日目
※ログインが途切れるか、7日到達すると
1日目から再開されます*
`叡智の猛火 X 1
1月交換券(2022) X 1
`_2022-01-23 20:26:53_
--------
