【登录信息】
[5be1eb651b6f675892f00b0952b3cadb]
`登陆天数: 446天 / 1252天
等级: 152
石头: 188
呼符: 0
友情点: 0 / 13790925`
*連続ログイン5日目
※ログインが途切れるか、7日到達すると
1日目から再開されます*
`叡智の猛火 X 2
1月交換券(2022) X 1
`_2022-01-24 20:26:50_
--------
[9cfc24f569d65a92010a7c9549af2192]
`登陆天数: 446天 / 736天
等级: 101
石头: 150
呼符: 10
友情点: 0 / 1207695`
*連続ログイン5日目
※ログインが途切れるか、7日到達すると
1日目から再開されます*
`叡智の猛火 X 2
1月交換券(2022) X 1
`_2022-01-24 20:27:01_
--------
[dfc9a9f4b3655841a6372642c60bb90d]
`登陆天数: 446天 / 793天
等级: 106
石头: 117
呼符: 25
友情点: 0 / 1610645`
*連続ログイン5日目
※ログインが途切れるか、7日到達すると
1日目から再開されます*
`叡智の猛火 X 2
1月交換券(2022) X 1
`_2022-01-24 20:27:11_
--------
[489b9caeed7f023e28fa9d1e9b69c384]
`登陆天数: 445天 / 531天
等级: 101
石头: 153
呼符: 35
友情点: 0 / 1198750`
*連続ログイン4日目
※ログインが途切れるか、7日到達すると
1日目から再開されます*
`聖晶石 X 1
1月交換券(2022) X 1
`_2022-01-24 20:27:21_
--------
