【登录信息】
[5be1eb651b6f675892f00b0952b3cadb]
`登陆天数: 447天 / 1253天
等级: 152
石头: 190
呼符: 0
友情点: 0 / 13791295`
_2022-01-25 20:26:41_
--------
[9cfc24f569d65a92010a7c9549af2192]
`登陆天数: 447天 / 737天
等级: 101
石头: 152
呼符: 10
友情点: 75 / 1207795`
_2022-01-25 20:26:52_
--------
[dfc9a9f4b3655841a6372642c60bb90d]
`登陆天数: 447天 / 794天
等级: 106
石头: 119
呼符: 25
友情点: 0 / 1610645`
_2022-01-25 20:27:03_
--------
[489b9caeed7f023e28fa9d1e9b69c384]
`登陆天数: 446天 / 532天
等级: 101
石头: 154
呼符: 35
友情点: 50 / 1198900`
_2022-01-25 20:27:14_
--------
