【登录信息】
[5be1eb651b6f675892f00b0952b3cadb]
`登陆天数: 448天 / 1254天
等级: 152
石头: 11
呼符: 0
友情点: 10 / 13823235`
*連続ログイン7日間到達おめでとうございます！
明日は1日目からリスタートされます。*
`獣の足跡 X 1
呼符 X 1
1月交換券(2022) X 1
`_2022-01-26 20:26:12_
--------
[9cfc24f569d65a92010a7c9549af2192]
`登陆天数: 448天 / 738天
等级: 101
石头: 152
呼符: 10
友情点: 0 / 1209250`
*連続ログイン7日間到達おめでとうございます！
明日は1日目からリスタートされます。*
`獣の足跡 X 1
呼符 X 1
1月交換券(2022) X 1
`_2022-01-26 20:26:23_
--------
[dfc9a9f4b3655841a6372642c60bb90d]
`登陆天数: 448天 / 795天
等级: 106
石头: 119
呼符: 25
友情点: 0 / 1611845`
*連続ログイン7日間到達おめでとうございます！
明日は1日目からリスタートされます。*
`獣の足跡 X 1
呼符 X 1
1月交換券(2022) X 1
`_2022-01-26 20:26:33_
--------
[489b9caeed7f023e28fa9d1e9b69c384]
`登陆天数: 447天 / 533天
等级: 101
石头: 154
呼符: 35
友情点: 0 / 1200135`
*連続ログイン6日目
※ログインが途切れるか、7日到達すると
1日目から再開されます*
`聖晶石 X 2
1月交換券(2022) X 1
`_2022-01-26 20:26:44_
--------
