【登录信息】
[5be1eb651b6f675892f00b0952b3cadb]
`登陆天数: 449天 / 1255天
等级: 152
石头: 11
呼符: 1
友情点: 10700 / 13865980`
*連続ログイン1日目
※ログインが途切れるか、7日到達すると
1日目から再開されます*
`フレンドポイント X 2000
1月交換券(2022) X 1
`_2022-01-27 20:26:01_
--------
[9cfc24f569d65a92010a7c9549af2192]
`登陆天数: 449天 / 739天
等级: 101
石头: 2
呼符: 16
友情点: 0 / 1211000`
_2022-01-27 20:26:12_
--------
[dfc9a9f4b3655841a6372642c60bb90d]
`登陆天数: 449天 / 796天
等级: 106
石头: 119
呼符: 26
友情点: 0 / 1613545`
*連続ログイン1日目
※ログインが途切れるか、7日到達すると
1日目から再開されます*
`フレンドポイント X 2000
1月交換券(2022) X 1
`_2022-01-27 20:26:22_
--------
[489b9caeed7f023e28fa9d1e9b69c384]
`登陆天数: 448天 / 534天
等级: 101
石头: 156
呼符: 35
友情点: 25 / 1201860`
*連続ログイン7日間到達おめでとうございます！
明日は1日目からリスタートされます。*
`獣の足跡 X 1
呼符 X 1
1月交換券(2022) X 1
`_2022-01-27 20:26:33_
--------
