【登录信息】
[5be1eb651b6f675892f00b0952b3cadb]
`登陆天数: 450天 / 1256天
等级: 152
石头: 14
呼符: 1
友情点: 0 / 13931525`
*連続ログイン2日目
※ログインが途切れるか、7日到達すると
1日目から再開されます*
`聖晶石 X 1
1月交換券(2022) X 1
`_2022-01-28 20:26:28_
--------
[9cfc24f569d65a92010a7c9549af2192]
`登陆天数: 450天 / 740天
等级: 101
石头: 2
呼符: 16
友情点: 0 / 1215400`
*連続ログイン2日目
※ログインが途切れるか、7日到達すると
1日目から再開されます*
`聖晶石 X 1
1月交換券(2022) X 1
`_2022-01-28 20:26:38_
--------
[dfc9a9f4b3655841a6372642c60bb90d]
`登陆天数: 450天 / 797天
等级: 106
石头: 119
呼符: 26
友情点: 0 / 1617945`
*連続ログイン2日目
※ログインが途切れるか、7日到達すると
1日目から再開されます*
`聖晶石 X 1
1月交換券(2022) X 1
`_2022-01-28 20:26:48_
--------
[489b9caeed7f023e28fa9d1e9b69c384]
`登陆天数: 449天 / 535天
等级: 101
石头: 156
呼符: 36
友情点: 0 / 1204260`
*連続ログイン1日目
※ログインが途切れるか、7日到達すると
1日目から再開されます*
`フレンドポイント X 2000
1月交換券(2022) X 1
`_2022-01-28 20:26:58_
--------
