【登录信息】
[5be1eb651b6f675892f00b0952b3cadb]
`登陆天数: 451天 / 1257天
等级: 152
石头: 15
呼符: 1
友情点: 17250 / 13981800`
*連続ログイン3日目
※ログインが途切れるか、7日到達すると
1日目から再開されます*
`叡智の猛火 X 1
1月交換券(2022) X 1
`_2022-01-29 20:28:57_
--------
[9cfc24f569d65a92010a7c9549af2192]
`登陆天数: 451天 / 741天
等级: 101
石头: 3
呼符: 16
友情点: 0 / 1217425`
*連続ログイン3日目
※ログインが途切れるか、7日到達すると
1日目から再開されます*
`叡智の猛火 X 1
1月交換券(2022) X 1
`_2022-01-29 20:29:08_
--------
[dfc9a9f4b3655841a6372642c60bb90d]
`登陆天数: 451天 / 798天
等级: 106
石头: 120
呼符: 26
友情点: 0 / 1619945`
*連続ログイン3日目
※ログインが途切れるか、7日到達すると
1日目から再開されます*
`叡智の猛火 X 1
1月交換券(2022) X 1
`_2022-01-29 20:29:18_
--------
[489b9caeed7f023e28fa9d1e9b69c384]
`登陆天数: 450天 / 536天
等级: 101
石头: 156
呼符: 36
友情点: 0 / 1208285`
*連続ログイン2日目
※ログインが途切れるか、7日到達すると
1日目から再開されます*
`聖晶石 X 1
1月交換券(2022) X 1
`_2022-01-29 20:29:28_
--------
