【登录信息】
*5be1eb651b6f675892f00b0952b3cadb*
`登陆天数: 574天 / 1380天
等级: 154
石头: 74
呼符: 19
体力: 96 / 143
友情点: 0 / 18661165`
_2022-06-02 09:08:46_
--------
*9cfc24f569d65a92010a7c9549af2192*
`登陆天数: 574天 / 864天
等级: 102
石头: 345
呼符: 33
体力: 91 / 126
友情点: 0 / 1487590`
_2022-06-02 09:08:54_
--------
*dfc9a9f4b3655841a6372642c60bb90d*
`登陆天数: 574天 / 921天
等级: 106
石头: 342
呼符: 71
体力: 93 / 128
友情点: 0 / 1888070`
_2022-06-02 09:09:02_
--------
*489b9caeed7f023e28fa9d1e9b69c384*
`登陆天数: 573天 / 659天
等级: 102
石头: 345
呼符: 85
体力: 91 / 126
友情点: 0 / 1479480`
_2022-06-02 09:09:10_
--------
