【登录信息】
*5be1eb651b6f675892f00b0952b3cadb*
`登陆天数: 575天 / 1381天
等级: 154
石头: 74
呼符: 19
体力: 232 / 143
友情点: 0 / 18661165`
*連続ログイン1日目
※ログインが途切れるか、7日到達すると
1日目から再開されます*
`フレンドポイント X 2000
6月交換券(2022) X 1
`_2022-06-02 20:28:37_
--------
*9cfc24f569d65a92010a7c9549af2192*
`登陆天数: 575天 / 865天
等级: 102
石头: 345
呼符: 33
体力: 227 / 126
友情点: 0 / 1487590`
*連続ログイン1日目
※ログインが途切れるか、7日到達すると
1日目から再開されます*
`フレンドポイント X 2000
6月交換券(2022) X 1
`_2022-06-02 20:28:45_
--------
*dfc9a9f4b3655841a6372642c60bb90d*
`登陆天数: 575天 / 922天
等级: 106
石头: 342
呼符: 71
体力: 229 / 128
友情点: 10 / 1888080`
*連続ログイン1日目
※ログインが途切れるか、7日到達すると
1日目から再開されます*
`フレンドポイント X 2000
6月交換券(2022) X 1
`_2022-06-02 20:28:53_
--------
*489b9caeed7f023e28fa9d1e9b69c384*
`登陆天数: 574天 / 660天
等级: 102
石头: 345
呼符: 85
体力: 227 / 126
友情点: 0 / 1479480`
*連続ログイン7日間到達おめでとうございます！
明日は1日目からリスタートされます。*
`獣の足跡 X 1
呼符 X 1
6月交換券(2022) X 1
`_2022-06-02 20:29:01_
--------
