【登录信息】
*5be1eb651b6f675892f00b0952b3cadb*
`登陆天数: 576天 / 1382天
等级: 154
石头: 76
呼符: 19
体力: 91 / 143
友情点: 50 / 18727215`
*連続ログイン2日目
※ログインが途切れるか、7日到達すると
1日目から再開されます*
`聖晶石 X 1
6月交換券(2022) X 1
`_2022-06-03 20:28:13_
--------
*9cfc24f569d65a92010a7c9549af2192*
`登陆天数: 576天 / 866天
等级: 102
石头: 345
呼符: 33
体力: 98 / 126
友情点: 25 / 1492015`
*連続ログイン2日目
※ログインが途切れるか、7日到達すると
1日目から再開されます*
`聖晶石 X 1
6月交換券(2022) X 1
`_2022-06-03 20:28:22_
--------
*dfc9a9f4b3655841a6372642c60bb90d*
`登陆天数: 576天 / 923天
等级: 106
石头: 342
呼符: 71
体力: 100 / 128
友情点: 0 / 1892490`
*連続ログイン2日目
※ログインが途切れるか、7日到達すると
1日目から再開されます*
`聖晶石 X 1
6月交換券(2022) X 1
`_2022-06-03 20:28:30_
--------
*489b9caeed7f023e28fa9d1e9b69c384*
`登陆天数: 575天 / 661天
等级: 102
石头: 345
呼符: 86
体力: 98 / 126
友情点: 0 / 1481880`
*連続ログイン1日目
※ログインが途切れるか、7日到達すると
1日目から再開されます*
`フレンドポイント X 2000
6月交換券(2022) X 1
`_2022-06-03 20:28:38_
--------
