【登录信息】
*5be1eb651b6f675892f00b0952b3cadb*
`登陆天数: 578天 / 1384天
等级: 154
石头: 77
呼符: 19
体力: 82 / 143
友情点: 30525 / 18847425`
*連続ログイン4日目
※ログインが途切れるか、7日到達すると
1日目から再開されます*
`聖晶石 X 1
6月交換券(2022) X 1
`_2022-06-05 20:26:50_
--------
*9cfc24f569d65a92010a7c9549af2192*
`登陆天数: 578天 / 868天
等级: 102
石头: 346
呼符: 33
体力: 70 / 126
友情点: 0 / 1496765`
*連続ログイン4日目
※ログインが途切れるか、7日到達すると
1日目から再開されます*
`聖晶石 X 1
6月交換券(2022) X 1
`_2022-06-05 20:26:58_
--------
*dfc9a9f4b3655841a6372642c60bb90d*
`登陆天数: 578天 / 925天
等级: 106
石头: 343
呼符: 71
体力: 72 / 128
友情点: 0 / 1897130`
*連続ログイン4日目
※ログインが途切れるか、7日到達すると
1日目から再開されます*
`聖晶石 X 1
6月交換券(2022) X 1
`_2022-06-05 20:27:06_
--------
*489b9caeed7f023e28fa9d1e9b69c384*
`登陆天数: 577天 / 663天
等级: 102
石头: 346
呼符: 86
体力: 70 / 126
友情点: 25 / 1488505`
*連続ログイン3日目
※ログインが途切れるか、7日到達すると
1日目から再開されます*
`叡智の猛火 X 1
6月交換券(2022) X 1
`_2022-06-05 20:27:14_
--------
