【登录信息】
*5be1eb651b6f675892f00b0952b3cadb*
`登陆天数: 579天 / 1385天
等级: 154
石头: 78
呼符: 19
体力: 177 / 143
友情点: 31925 / 18880150`
*連続ログイン5日目
※ログインが途切れるか、7日到達すると
1日目から再開されます*
`叡智の猛火 X 2
6月交換券(2022) X 1
`_2022-06-06 20:26:52_
--------
*9cfc24f569d65a92010a7c9549af2192*
`登陆天数: 579天 / 869天
等级: 102
石头: 347
呼符: 33
体力: 172 / 126
友情点: 0 / 1497965`
*連続ログイン5日目
※ログインが途切れるか、7日到達すると
1日目から再開されます*
`叡智の猛火 X 2
6月交換券(2022) X 1
`_2022-06-06 20:27:01_
--------
*dfc9a9f4b3655841a6372642c60bb90d*
`登陆天数: 579天 / 926天
等级: 106
石头: 344
呼符: 71
体力: 174 / 128
友情点: 10 / 1898350`
*連続ログイン5日目
※ログインが途切れるか、7日到達すると
1日目から再開されます*
`叡智の猛火 X 2
6月交換券(2022) X 1
`_2022-06-06 20:27:08_
--------
*489b9caeed7f023e28fa9d1e9b69c384*
`登陆天数: 578天 / 664天
等级: 102
石头: 346
呼符: 86
体力: 173 / 126
友情点: 25 / 1489730`
*連続ログイン4日目
※ログインが途切れるか、7日到達すると
1日目から再開されます*
`聖晶石 X 1
6月交換券(2022) X 1
`_2022-06-06 20:27:16_
--------
