【登录信息】
*5be1eb651b6f675892f00b0952b3cadb*
`登陆天数: 580天 / 1386天
等级: 154
石头: 78
呼符: 19
体力: 214 / 143
友情点: 32700 / 18913300`
*連続ログイン6日目
※ログインが途切れるか、7日到達すると
1日目から再開されます*
`聖晶石 X 2
6月交換券(2022) X 1
`_2022-06-07 20:29:42_
--------
*9cfc24f569d65a92010a7c9549af2192*
`登陆天数: 580天 / 870天
等级: 102
石头: 347
呼符: 33
体力: 209 / 126
友情点: 25 / 1499190`
*連続ログイン6日目
※ログインが途切れるか、7日到達すると
1日目から再開されます*
`聖晶石 X 2
6月交換券(2022) X 1
`_2022-06-07 20:29:51_
--------
*dfc9a9f4b3655841a6372642c60bb90d*
`登陆天数: 580天 / 927天
等级: 107
石头: 344
呼符: 71
体力: 209 / 129
友情点: 0 / 1900850`
*連続ログイン6日目
※ログインが途切れるか、7日到達すると
1日目から再開されます*
`聖晶石 X 2
6月交換券(2022) X 1
`_2022-06-07 20:29:58_
--------
*489b9caeed7f023e28fa9d1e9b69c384*
`登陆天数: 579天 / 665天
等级: 102
石头: 347
呼符: 86
体力: 209 / 126
友情点: 0 / 1490930`
*連続ログイン5日目
※ログインが途切れるか、7日到達すると
1日目から再開されます*
`叡智の猛火 X 2
6月交換券(2022) X 1
`_2022-06-07 20:30:06_
--------
