【登录信息】
*5be1eb651b6f675892f00b0952b3cadb*
`登陆天数: 581天 / 1387天
等级: 154
石头: 84
呼符: 19
体力: 106 / 143
友情点: 125 / 18945340`
*連続ログイン7日間到達おめでとうございます！
明日は1日目からリスタートされます。*
`獣の足跡 X 1
呼符 X 1
6月交換券(2022) X 1
`_2022-06-08 20:28:24_
--------
*9cfc24f569d65a92010a7c9549af2192*
`登陆天数: 581天 / 871天
等级: 102
石头: 349
呼符: 33
体力: 170 / 126
友情点: 25 / 1500415`
*連続ログイン7日間到達おめでとうございます！
明日は1日目からリスタートされます。*
`獣の足跡 X 1
呼符 X 1
6月交換券(2022) X 1
`_2022-06-08 20:28:33_
--------
*dfc9a9f4b3655841a6372642c60bb90d*
`登陆天数: 581天 / 928天
等级: 107
石头: 346
呼符: 71
体力: 163 / 129
友情点: 0 / 1902180`
*連続ログイン7日間到達おめでとうございます！
明日は1日目からリスタートされます。*
`獣の足跡 X 1
呼符 X 1
6月交換券(2022) X 1
`_2022-06-08 20:28:41_
--------
*489b9caeed7f023e28fa9d1e9b69c384*
`登陆天数: 580天 / 666天
等级: 102
石头: 347
呼符: 86
体力: 170 / 126
友情点: 50 / 1492180`
*連続ログイン6日目
※ログインが途切れるか、7日到達すると
1日目から再開されます*
`聖晶石 X 2
6月交換券(2022) X 1
`_2022-06-08 20:28:50_
--------
