【登录信息】
*5be1eb651b6f675892f00b0952b3cadb*
`登陆天数: 582天 / 1388天
等级: 154
石头: 84
呼符: 20
体力: 76 / 143
友情点: 0 / 19008760`
*連続ログイン1日目
※ログインが途切れるか、7日到達すると
1日目から再開されます*
`フレンドポイント X 2000
6月交換券(2022) X 1
`_2022-06-09 20:28:55_
--------
*9cfc24f569d65a92010a7c9549af2192*
`登陆天数: 582天 / 872天
等级: 102
石头: 349
呼符: 34
体力: 71 / 126
友情点: 50 / 1502890`
*連続ログイン1日目
※ログインが途切れるか、7日到達すると
1日目から再開されます*
`フレンドポイント X 2000
6月交換券(2022) X 1
`_2022-06-09 20:29:04_
--------
*dfc9a9f4b3655841a6372642c60bb90d*
`登陆天数: 582天 / 929天
等级: 107
石头: 346
呼符: 72
体力: 64 / 129
友情点: 0 / 1904780`
*連続ログイン1日目
※ログインが途切れるか、7日到達すると
1日目から再開されます*
`フレンドポイント X 2000
6月交換券(2022) X 1
`_2022-06-09 20:29:12_
--------
*489b9caeed7f023e28fa9d1e9b69c384*
`登陆天数: 581天 / 667天
等级: 102
石头: 349
呼符: 86
体力: 71 / 126
友情点: 0 / 1494580`
*連続ログイン7日間到達おめでとうございます！
明日は1日目からリスタートされます。*
`獣の足跡 X 1
呼符 X 1
6月交換券(2022) X 1
`_2022-06-09 20:29:20_
--------
