【登录信息】
*5be1eb651b6f675892f00b0952b3cadb*
`登陆天数: 583天 / 1389天
等级: 154
石头: 86
呼符: 20
体力: 76 / 143
友情点: 50 / 19073970`
*連続ログイン2日目
※ログインが途切れるか、7日到達すると
1日目から再開されます*
`聖晶石 X 1
6月交換券(2022) X 1
`_2022-06-10 20:27:07_
--------
*9cfc24f569d65a92010a7c9549af2192*
`登陆天数: 583天 / 873天
等级: 102
石头: 349
呼符: 34
体力: 95 / 126
友情点: 0 / 1507290`
*連続ログイン2日目
※ログインが途切れるか、7日到達すると
1日目から再開されます*
`聖晶石 X 1
6月交換券(2022) X 1
`_2022-06-10 20:27:15_
--------
*dfc9a9f4b3655841a6372642c60bb90d*
`登陆天数: 583天 / 930天
等级: 107
石头: 346
呼符: 72
体力: 88 / 129
友情点: 0 / 1909400`
*連続ログイン2日目
※ログインが途切れるか、7日到達すると
1日目から再開されます*
`聖晶石 X 1
6月交換券(2022) X 1
`_2022-06-10 20:27:23_
--------
*489b9caeed7f023e28fa9d1e9b69c384*
`登陆天数: 582天 / 668天
等级: 102
石头: 349
呼符: 87
体力: 95 / 126
友情点: 0 / 1496980`
*連続ログイン1日目
※ログインが途切れるか、7日到達すると
1日目から再開されます*
`フレンドポイント X 2000
6月交換券(2022) X 1
`_2022-06-10 20:27:31_
--------
