【登录信息】
*5be1eb651b6f675892f00b0952b3cadb*
`登陆天数: 584天 / 1390天
等级: 154
石头: 87
呼符: 20
体力: 76 / 143
友情点: 50 / 19138445`
*連続ログイン3日目
※ログインが途切れるか、7日到達すると
1日目から再開されます*
`叡智の猛火 X 1
6月交換券(2022) X 1
`_2022-06-11 20:27:16_
--------
*9cfc24f569d65a92010a7c9549af2192*
`登陆天数: 584天 / 874天
等级: 102
石头: 350
呼符: 34
体力: 119 / 126
友情点: 50 / 1509740`
*連続ログイン3日目
※ログインが途切れるか、7日到達すると
1日目から再開されます*
`叡智の猛火 X 1
6月交換券(2022) X 1
`_2022-06-11 20:27:25_
--------
*dfc9a9f4b3655841a6372642c60bb90d*
`登陆天数: 584天 / 931天
等级: 107
石头: 347
呼符: 72
体力: 112 / 129
友情点: 0 / 1912010`
*連続ログイン3日目
※ログインが途切れるか、7日到達すると
1日目から再開されます*
`叡智の猛火 X 1
6月交換券(2022) X 1
`_2022-06-11 20:27:33_
--------
*489b9caeed7f023e28fa9d1e9b69c384*
`登陆天数: 583天 / 669天
等级: 102
石头: 349
呼符: 87
体力: 119 / 126
友情点: 0 / 1501405`
*連続ログイン2日目
※ログインが途切れるか、7日到達すると
1日目から再開されます*
`聖晶石 X 1
6月交換券(2022) X 1
`_2022-06-11 20:27:41_
--------
