【登录信息】
*5be1eb651b6f675892f00b0952b3cadb*
`登陆天数: 585天 / 1391天
等级: 154
石头: 89
呼符: 20
体力: 76 / 143
友情点: 31325 / 19232695`
*連続ログイン4日目
※ログインが途切れるか、7日到達すると
1日目から再開されます*
`聖晶石 X 1
6月交換券(2022) X 1
`_2022-06-12 20:28:04_
--------
*9cfc24f569d65a92010a7c9549af2192*
`登陆天数: 585天 / 875天
等级: 102
石头: 351
呼符: 34
体力: 11 / 126
友情点: 0 / 1513390`
_2022-06-12 20:28:13_
--------
*dfc9a9f4b3655841a6372642c60bb90d*
`登陆天数: 585天 / 932天
等级: 107
石头: 348
呼符: 72
体力: 4 / 129
友情点: 0 / 1915940`
_2022-06-12 20:28:21_
--------
*489b9caeed7f023e28fa9d1e9b69c384*
`登陆天数: 584天 / 670天
等级: 102
石头: 350
呼符: 87
体力: 11 / 126
友情点: 0 / 1505090`
_2022-06-12 20:28:29_
--------
