【登录信息】
[5be1eb651b6f675892f00b0952b3cadb]
`登陆天数: 300天 / 1106天
等级: 149
石头: 0
呼符: 0
友情点: 50 / 14424510`
*連続ログイン6日目
※ログインが途切れるか、7日到達すると
1日目から再開されます*
`聖晶石 X 2
9月交換券(2021) X 1
`_2021-08-31 19:37:37_
--------
[9cfc24f569d65a92010a7c9549af2192]
`登陆天数: 300天 / 590天
等级: 99
石头: 17
呼符: 2
友情点: 100 / 1042525`
*連続ログイン6日目
※ログインが途切れるか、7日到達すると
1日目から再開されます*
`聖晶石 X 2
9月交換券(2021) X 1
`_2021-08-31 19:37:46_
--------
[dfc9a9f4b3655841a6372642c60bb90d]
`登陆天数: 300天 / 647天
等级: 105
石头: 9
呼符: 5
友情点: 0 / 1400880`
*連続ログイン6日目
※ログインが途切れるか、7日到達すると
1日目から再開されます*
`聖晶石 X 2
9月交換券(2021) X 1
`_2021-08-31 19:37:55_
--------
[489b9caeed7f023e28fa9d1e9b69c384]
`登陆天数: 299天 / 385天
等级: 98
石头: 17
呼符: 5
友情点: 0 / 982920`
*連続ログイン5日目
※ログインが途切れるか、7日到達すると
1日目から再開されます*
`叡智の猛火 X 2
9月交換券(2021) X 1
`_2021-08-31 19:38:03_
--------
