【登录信息】
[5be1eb651b6f675892f00b0952b3cadb]
`登陆天数: 302天 / 1108天
等级: 149
石头: 1
呼符: 0
友情点: 30410 / 14549605`
*連続ログイン1日目
※ログインが途切れるか、7日到達すると
1日目から再開されます*
`フレンドポイント X 2000
9月交換券(2021) X 1
`*カルデア・サマーアドベンチャー！ ～夢追う少年と夢見る少女～ 開幕直前特別ログインボーナス！*
*開催期間中、1日1回 最大7回 ログインボーナスをプレゼント！*
`黄金の果実 X 1
`_2021-09-02 19:37:53_
--------
[9cfc24f569d65a92010a7c9549af2192]
`登陆天数: 302天 / 592天
等级: 99
石头: 19
呼符: 3
友情点: 0 / 1047425`
*連続ログイン1日目
※ログインが途切れるか、7日到達すると
1日目から再開されます*
`フレンドポイント X 2000
9月交換券(2021) X 1
`*カルデア・サマーアドベンチャー！ ～夢追う少年と夢見る少女～ 開幕直前特別ログインボーナス！*
*開催期間中、1日1回 最大7回 ログインボーナスをプレゼント！*
`黄金の果実 X 1
`_2021-09-02 19:38:02_
--------
[dfc9a9f4b3655841a6372642c60bb90d]
`登陆天数: 302天 / 649天
等级: 105
石头: 11
呼符: 6
友情点: 0 / 1405680`
*連続ログイン1日目
※ログインが途切れるか、7日到達すると
1日目から再開されます*
`フレンドポイント X 2000
9月交換券(2021) X 1
`*カルデア・サマーアドベンチャー！ ～夢追う少年と夢見る少女～ 開幕直前特別ログインボーナス！*
*開催期間中、1日1回 最大7回 ログインボーナスをプレゼント！*
`黄金の果実 X 1
`_2021-09-02 19:38:10_
--------
[489b9caeed7f023e28fa9d1e9b69c384]
`登陆天数: 301天 / 387天
等级: 98
石头: 19
呼符: 5
友情点: 50 / 987845`
*連続ログイン7日間到達おめでとうございます！
明日は1日目からリスタートされます。*
`獣の足跡 X 1
呼符 X 1
9月交換券(2021) X 1
`*カルデア・サマーアドベンチャー！ ～夢追う少年と夢見る少女～ 開幕直前特別ログインボーナス！*
*開催期間中、1日1回 最大7回 ログインボーナスをプレゼント！*
`黄金の果実 X 1
`_2021-09-02 19:38:19_
--------
