【登录信息】
[5be1eb651b6f675892f00b0952b3cadb]
`登陆天数: 303天 / 1109天
等级: 149
石头: 1
呼符: 0
友情点: 61100 / 14613305`
*連続ログイン2日目
※ログインが途切れるか、7日到達すると
1日目から再開されます*
`聖晶石 X 1
9月交換券(2021) X 1
`*カルデア・サマーアドベンチャー！ ～夢追う少年と夢見る少女～ 開幕直前特別ログインボーナス！*
*開催期間中、1日1回 最大7回 ログインボーナスをプレゼント！*
`聖晶石 X 1
`_2021-09-03 19:37:44_
--------
[9cfc24f569d65a92010a7c9549af2192]
`登陆天数: 303天 / 593天
等级: 99
石头: 19
呼符: 3
友情点: 0 / 1051875`
*連続ログイン2日目
※ログインが途切れるか、7日到達すると
1日目から再開されます*
`聖晶石 X 1
9月交換券(2021) X 1
`*カルデア・サマーアドベンチャー！ ～夢追う少年と夢見る少女～ 開幕直前特別ログインボーナス！*
*開催期間中、1日1回 最大7回 ログインボーナスをプレゼント！*
`聖晶石 X 1
`_2021-09-03 19:37:53_
--------
[dfc9a9f4b3655841a6372642c60bb90d]
`登陆天数: 303天 / 650天
等级: 105
石头: 11
呼符: 6
友情点: 0 / 1410080`
*連続ログイン2日目
※ログインが途切れるか、7日到達すると
1日目から再開されます*
`聖晶石 X 1
9月交換券(2021) X 1
`*カルデア・サマーアドベンチャー！ ～夢追う少年と夢見る少女～ 開幕直前特別ログインボーナス！*
*開催期間中、1日1回 最大7回 ログインボーナスをプレゼント！*
`聖晶石 X 1
`_2021-09-03 19:38:01_
--------
[489b9caeed7f023e28fa9d1e9b69c384]
`登陆天数: 302天 / 388天
等级: 98
石头: 19
呼符: 6
友情点: 0 / 990245`
*連続ログイン1日目
※ログインが途切れるか、7日到達すると
1日目から再開されます*
`フレンドポイント X 2000
9月交換券(2021) X 1
`*カルデア・サマーアドベンチャー！ ～夢追う少年と夢見る少女～ 開幕直前特別ログインボーナス！*
*開催期間中、1日1回 最大7回 ログインボーナスをプレゼント！*
`聖晶石 X 1
`_2021-09-03 19:38:09_
--------
