【登录信息】
[5be1eb651b6f675892f00b0952b3cadb]
`登陆天数: 304天 / 1110天
等级: 149
石头: 0
呼符: 0
友情点: 100 / 14645705`
*連続ログイン3日目
※ログインが途切れるか、7日到達すると
1日目から再開されます*
`叡智の猛火 X 1
9月交換券(2021) X 1
`*カルデア・サマーアドベンチャー！ ～夢追う少年と夢見る少女～ 開幕直前特別ログインボーナス！*
*開催期間中、1日1回 最大7回 ログインボーナスをプレゼント！*
`白銀の果実 X 1
`_2021-09-04 19:37:46_
--------
[9cfc24f569d65a92010a7c9549af2192]
`登陆天数: 304天 / 594天
等级: 99
石头: 21
呼符: 3
友情点: 25 / 1053100`
*連続ログイン3日目
※ログインが途切れるか、7日到達すると
1日目から再開されます*
`叡智の猛火 X 1
9月交換券(2021) X 1
`*カルデア・サマーアドベンチャー！ ～夢追う少年と夢見る少女～ 開幕直前特別ログインボーナス！*
*開催期間中、1日1回 最大7回 ログインボーナスをプレゼント！*
`白銀の果実 X 1
`_2021-09-04 19:37:55_
--------
[dfc9a9f4b3655841a6372642c60bb90d]
`登陆天数: 304天 / 651天
等级: 105
石头: 43
呼符: 6
友情点: 0 / 1411280`
*連続ログイン3日目
※ログインが途切れるか、7日到達すると
1日目から再開されます*
`叡智の猛火 X 1
9月交換券(2021) X 1
`*カルデア・サマーアドベンチャー！ ～夢追う少年と夢見る少女～ 開幕直前特別ログインボーナス！*
*開催期間中、1日1回 最大7回 ログインボーナスをプレゼント！*
`白銀の果実 X 1
`_2021-09-04 19:38:03_
--------
[489b9caeed7f023e28fa9d1e9b69c384]
`登陆天数: 303天 / 389天
等级: 98
石头: 20
呼符: 6
友情点: 50 / 993495`
*連続ログイン2日目
※ログインが途切れるか、7日到達すると
1日目から再開されます*
`聖晶石 X 1
9月交換券(2021) X 1
`*カルデア・サマーアドベンチャー！ ～夢追う少年と夢見る少女～ 開幕直前特別ログインボーナス！*
*開催期間中、1日1回 最大7回 ログインボーナスをプレゼント！*
`白銀の果実 X 1
`_2021-09-04 19:38:11_
--------
