【登录信息】
[5be1eb651b6f675892f00b0952b3cadb]
`登陆天数: 306天 / 1112天
等级: 149
石头: 2
呼符: 0
友情点: 1100 / 14739485`
*連続ログイン5日目
※ログインが途切れるか、7日到達すると
1日目から再開されます*
`叡智の猛火 X 2
9月交換券(2021) X 1
`*カルデア・サマーアドベンチャー！ ～夢追う少年と夢見る少女～ 開幕直前特別ログインボーナス！*
*開催期間中、1日1回 最大7回 ログインボーナスをプレゼント！*
`聖晶石 X 1
`_2021-09-06 19:37:36_
--------
[9cfc24f569d65a92010a7c9549af2192]
`登陆天数: 306天 / 596天
等级: 99
石头: 22
呼符: 3
友情点: 50 / 1056850`
*連続ログイン5日目
※ログインが途切れるか、7日到達すると
1日目から再開されます*
`叡智の猛火 X 2
9月交換券(2021) X 1
`*カルデア・サマーアドベンチャー！ ～夢追う少年と夢見る少女～ 開幕直前特別ログインボーナス！*
*開催期間中、1日1回 最大7回 ログインボーナスをプレゼント！*
`聖晶石 X 1
`_2021-09-06 19:37:45_
--------
[dfc9a9f4b3655841a6372642c60bb90d]
`登陆天数: 306天 / 653天
等级: 105
石头: 44
呼符: 6
友情点: 0 / 1414880`
*連続ログイン5日目
※ログインが途切れるか、7日到達すると
1日目から再開されます*
`叡智の猛火 X 2
9月交換券(2021) X 1
`*カルデア・サマーアドベンチャー！ ～夢追う少年と夢見る少女～ 開幕直前特別ログインボーナス！*
*開催期間中、1日1回 最大7回 ログインボーナスをプレゼント！*
`聖晶石 X 1
`_2021-09-06 19:37:53_
--------
[489b9caeed7f023e28fa9d1e9b69c384]
`登陆天数: 305天 / 391天
等级: 98
石头: 21
呼符: 6
友情点: 0 / 997120`
*連続ログイン4日目
※ログインが途切れるか、7日到達すると
1日目から再開されます*
`聖晶石 X 1
9月交換券(2021) X 1
`*カルデア・サマーアドベンチャー！ ～夢追う少年と夢見る少女～ 開幕直前特別ログインボーナス！*
*開催期間中、1日1回 最大7回 ログインボーナスをプレゼント！*
`聖晶石 X 1
`_2021-09-06 19:38:02_
--------
