【登录信息】
[5be1eb651b6f675892f00b0952b3cadb]
`登陆天数: 307天 / 1113天
等级: 149
石头: 3
呼符: 0
友情点: 30525 / 14770580`
*連続ログイン6日目
※ログインが途切れるか、7日到達すると
1日目から再開されます*
`聖晶石 X 2
9月交換券(2021) X 1
`*カルデア・サマーアドベンチャー！ ～夢追う少年と夢見る少女～ 開幕直前特別ログインボーナス！*
*開催期間中、1日1回 最大7回 ログインボーナスをプレゼント！*
`聖晶石 X 1
`_2021-09-07 19:37:45_
--------
[9cfc24f569d65a92010a7c9549af2192]
`登陆天数: 307天 / 597天
等级: 99
石头: 23
呼符: 3
友情点: 50 / 1058100`
*連続ログイン6日目
※ログインが途切れるか、7日到達すると
1日目から再開されます*
`聖晶石 X 2
9月交換券(2021) X 1
`*カルデア・サマーアドベンチャー！ ～夢追う少年と夢見る少女～ 開幕直前特別ログインボーナス！*
*開催期間中、1日1回 最大7回 ログインボーナスをプレゼント！*
`聖晶石 X 1
`_2021-09-07 19:37:54_
--------
[dfc9a9f4b3655841a6372642c60bb90d]
`登陆天数: 307天 / 654天
等级: 105
石头: 45
呼符: 6
友情点: 0 / 1416080`
*連続ログイン6日目
※ログインが途切れるか、7日到達すると
1日目から再開されます*
`聖晶石 X 2
9月交換券(2021) X 1
`*カルデア・サマーアドベンチャー！ ～夢追う少年と夢見る少女～ 開幕直前特別ログインボーナス！*
*開催期間中、1日1回 最大7回 ログインボーナスをプレゼント！*
`聖晶石 X 1
`_2021-09-07 19:38:02_
--------
[489b9caeed7f023e28fa9d1e9b69c384]
`登陆天数: 306天 / 392天
等级: 98
石头: 23
呼符: 6
友情点: 25 / 998345`
*連続ログイン5日目
※ログインが途切れるか、7日到達すると
1日目から再開されます*
`叡智の猛火 X 2
9月交換券(2021) X 1
`*カルデア・サマーアドベンチャー！ ～夢追う少年と夢見る少女～ 開幕直前特別ログインボーナス！*
*開催期間中、1日1回 最大7回 ログインボーナスをプレゼント！*
`聖晶石 X 1
`_2021-09-07 19:38:11_
--------
