【登录信息】
[5be1eb651b6f675892f00b0952b3cadb]
`登陆天数: 308天 / 1114天
等级: 149
石头: 0
呼符: 0
友情点: 85 / 14770715`
*連続ログイン7日間到達おめでとうございます！
明日は1日目からリスタートされます。*
`獣の足跡 X 1
呼符 X 1
9月交換券(2021) X 1
`*Fate/Grand Order カルデア放送局 ライト版 ～カルデア・サマーアドベンチャー！～ 放送記念 初回ログインボーナス*
*開催期間中、初回ログインで「聖晶石×12」をプレゼント！*
`聖晶石 X 12
`_2021-09-08 19:37:44_
--------
[9cfc24f569d65a92010a7c9549af2192]
`登陆天数: 308天 / 598天
等级: 99
石头: 23
呼符: 3
友情点: 0 / 1058100`
*連続ログイン7日間到達おめでとうございます！
明日は1日目からリスタートされます。*
`獣の足跡 X 1
呼符 X 1
9月交換券(2021) X 1
`*Fate/Grand Order カルデア放送局 ライト版 ～カルデア・サマーアドベンチャー！～ 放送記念 初回ログインボーナス*
*開催期間中、初回ログインで「聖晶石×12」をプレゼント！*
`聖晶石 X 12
`_2021-09-08 19:37:53_
--------
[dfc9a9f4b3655841a6372642c60bb90d]
`登陆天数: 308天 / 655天
等级: 105
石头: 45
呼符: 6
友情点: 0 / 1416080`
*連続ログイン7日間到達おめでとうございます！
明日は1日目からリスタートされます。*
`獣の足跡 X 1
呼符 X 1
9月交換券(2021) X 1
`*Fate/Grand Order カルデア放送局 ライト版 ～カルデア・サマーアドベンチャー！～ 放送記念 初回ログインボーナス*
*開催期間中、初回ログインで「聖晶石×12」をプレゼント！*
`聖晶石 X 12
`_2021-09-08 19:38:01_
--------
[489b9caeed7f023e28fa9d1e9b69c384]
`登陆天数: 307天 / 393天
等级: 98
石头: 23
呼符: 6
友情点: 0 / 998345`
*連続ログイン6日目
※ログインが途切れるか、7日到達すると
1日目から再開されます*
`聖晶石 X 2
9月交換券(2021) X 1
`*Fate/Grand Order カルデア放送局 ライト版 ～カルデア・サマーアドベンチャー！～ 放送記念 初回ログインボーナス*
*開催期間中、初回ログインで「聖晶石×12」をプレゼント！*
`聖晶石 X 12
`_2021-09-08 19:38:09_
--------
