【登录信息】
[5be1eb651b6f675892f00b0952b3cadb]
`登陆天数: 309天 / 1115天
等级: 149
石头: 0
呼符: 0
友情点: 0 / 14760370`
*連続ログイン1日目
※ログインが途切れるか、7日到達すると
1日目から再開されます*
`フレンドポイント X 2000
9月交換券(2021) X 1
`_2021-09-09 19:37:40_
--------
[9cfc24f569d65a92010a7c9549af2192]
`登陆天数: 309天 / 599天
等级: 99
石头: 43
呼符: 4
友情点: 25 / 1060550`
*連続ログイン1日目
※ログインが途切れるか、7日到達すると
1日目から再開されます*
`フレンドポイント X 2000
9月交換券(2021) X 1
`_2021-09-09 19:37:48_
--------
[dfc9a9f4b3655841a6372642c60bb90d]
`登陆天数: 309天 / 656天
等级: 105
石头: 65
呼符: 7
友情点: 0 / 1418480`
*連続ログイン1日目
※ログインが途切れるか、7日到達すると
1日目から再開されます*
`フレンドポイント X 2000
9月交換券(2021) X 1
`_2021-09-09 19:37:56_
--------
[489b9caeed7f023e28fa9d1e9b69c384]
`登陆天数: 308天 / 394天
等级: 99
石头: 43
呼符: 6
友情点: 0 / 1001970`
*連続ログイン7日間到達おめでとうございます！
明日は1日目からリスタートされます。*
`獣の足跡 X 1
呼符 X 1
9月交換券(2021) X 1
`_2021-09-09 19:38:04_
--------
