【登录信息】
[5be1eb651b6f675892f00b0952b3cadb]
`登陆天数: 310天 / 1116天
等级: 149
石头: 2
呼符: 0
友情点: 0 / 14793975`
*連続ログイン2日目
※ログインが途切れるか、7日到達すると
1日目から再開されます*
`聖晶石 X 1
9月交換券(2021) X 1
`_2021-09-10 19:37:58_
--------
[9cfc24f569d65a92010a7c9549af2192]
`登陆天数: 310天 / 600天
等级: 99
石头: 44
呼符: 4
友情点: 0 / 1063750`
*連続ログイン2日目
※ログインが途切れるか、7日到達すると
1日目から再開されます*
`聖晶石 X 1
9月交換券(2021) X 1
`_2021-09-10 19:38:07_
--------
[dfc9a9f4b3655841a6372642c60bb90d]
`登陆天数: 310天 / 657天
等级: 105
石头: 66
呼符: 7
友情点: 0 / 1421680`
*連続ログイン2日目
※ログインが途切れるか、7日到達すると
1日目から再開されます*
`聖晶石 X 1
9月交換券(2021) X 1
`_2021-09-10 19:38:15_
--------
[489b9caeed7f023e28fa9d1e9b69c384]
`登陆天数: 309天 / 395天
等级: 99
石头: 44
呼符: 7
友情点: 25 / 1003195`
*連続ログイン1日目
※ログインが途切れるか、7日到達すると
1日目から再開されます*
`フレンドポイント X 2000
9月交換券(2021) X 1
`_2021-09-10 19:38:23_
--------
