【登录信息】
[5be1eb651b6f675892f00b0952b3cadb]
`登陆天数: 311天 / 1117天
等级: 149
石头: 0
呼符: 0
友情点: 50 / 14792175`
*連続ログイン3日目
※ログインが途切れるか、7日到達すると
1日目から再開されます*
`叡智の猛火 X 1
9月交換券(2021) X 1
`_2021-09-11 19:37:39_
--------
[9cfc24f569d65a92010a7c9549af2192]
`登陆天数: 311天 / 601天
等级: 99
石头: 75
呼符: 4
友情点: 0 / 1064950`
*連続ログイン3日目
※ログインが途切れるか、7日到達すると
1日目から再開されます*
`叡智の猛火 X 1
9月交換券(2021) X 1
`_2021-09-11 19:37:48_
--------
[dfc9a9f4b3655841a6372642c60bb90d]
`登陆天数: 311天 / 658天
等级: 105
石头: 67
呼符: 7
友情点: 0 / 1422180`
*連続ログイン3日目
※ログインが途切れるか、7日到達すると
1日目から再開されます*
`叡智の猛火 X 1
9月交換券(2021) X 1
`_2021-09-11 19:37:56_
--------
[489b9caeed7f023e28fa9d1e9b69c384]
`登陆天数: 310天 / 396天
等级: 99
石头: 47
呼符: 7
友情点: 0 / 1006395`
*連続ログイン2日目
※ログインが途切れるか、7日到達すると
1日目から再開されます*
`聖晶石 X 1
9月交換券(2021) X 1
`_2021-09-11 19:38:04_
--------
