【登录信息】
[5be1eb651b6f675892f00b0952b3cadb]
`登陆天数: 312天 / 1118天
等级: 149
石头: 2
呼符: 0
友情点: 11700 / 14843910`
_2021-09-13 03:23:55_
--------
[9cfc24f569d65a92010a7c9549af2192]
`登陆天数: 312天 / 602天
等级: 99
石头: 76
呼符: 4
友情点: 0 / 1067400`
_2021-09-13 03:24:05_
--------
[dfc9a9f4b3655841a6372642c60bb90d]
`登陆天数: 312天 / 659天
等级: 105
石头: 68
呼符: 7
友情点: 0 / 1425090`
_2021-09-13 03:24:15_
--------
[489b9caeed7f023e28fa9d1e9b69c384]
`登陆天数: 311天 / 397天
等级: 99
石头: 50
呼符: 7
友情点: 0 / 1009395`
_2021-09-13 03:24:25_
--------
