【登录信息】
[5be1eb651b6f675892f00b0952b3cadb]
`登陆天数: 313天 / 1119天
等级: 149
石头: 2
呼符: 0
友情点: 31950 / 14893580`
*連続ログイン5日目
※ログインが途切れるか、7日到達すると
1日目から再開されます*
`叡智の猛火 X 2
9月交換券(2021) X 1
`_2021-09-13 20:27:52_
--------
[9cfc24f569d65a92010a7c9549af2192]
`登陆天数: 313天 / 603天
等级: 99
石头: 76
呼符: 4
友情点: 0 / 1068600`
*連続ログイン5日目
※ログインが途切れるか、7日到達すると
1日目から再開されます*
`叡智の猛火 X 2
9月交換券(2021) X 1
`_2021-09-13 20:28:02_
--------
[dfc9a9f4b3655841a6372642c60bb90d]
`登陆天数: 313天 / 660天
等级: 105
石头: 68
呼符: 7
友情点: 0 / 1426290`
*連続ログイン5日目
※ログインが途切れるか、7日到達すると
1日目から再開されます*
`叡智の猛火 X 2
9月交換券(2021) X 1
`_2021-09-13 20:28:13_
--------
[489b9caeed7f023e28fa9d1e9b69c384]
`登陆天数: 312天 / 398天
等级: 99
石头: 50
呼符: 7
友情点: 75 / 1010670`
*連続ログイン4日目
※ログインが途切れるか、7日到達すると
1日目から再開されます*
`聖晶石 X 1
9月交換券(2021) X 1
`_2021-09-13 20:28:23_
--------
