【登录信息】
[5be1eb651b6f675892f00b0952b3cadb]
`登陆天数: 314天 / 1120天
等级: 149
石头: 14
呼符: 0
友情点: 0 / 14893790`
*連続ログイン6日目
※ログインが途切れるか、7日到達すると
1日目から再開されます*
`聖晶石 X 2
9月交換券(2021) X 1
`_2021-09-14 20:27:30_
--------
[9cfc24f569d65a92010a7c9549af2192]
`登陆天数: 314天 / 604天
等级: 99
石头: 76
呼符: 4
友情点: 0 / 1069800`
*連続ログイン6日目
※ログインが途切れるか、7日到達すると
1日目から再開されます*
`聖晶石 X 2
9月交換券(2021) X 1
`_2021-09-14 20:27:40_
--------
[dfc9a9f4b3655841a6372642c60bb90d]
`登陆天数: 314天 / 661天
等级: 105
石头: 68
呼符: 7
友情点: 0 / 1427490`
*連続ログイン6日目
※ログインが途切れるか、7日到達すると
1日目から再開されます*
`聖晶石 X 2
9月交換券(2021) X 1
`_2021-09-14 20:27:50_
--------
[489b9caeed7f023e28fa9d1e9b69c384]
`登陆天数: 313天 / 399天
等级: 99
石头: 51
呼符: 7
友情点: 0 / 1011870`
*連続ログイン5日目
※ログインが途切れるか、7日到達すると
1日目から再開されます*
`叡智の猛火 X 2
9月交換券(2021) X 1
`_2021-09-14 20:27:59_
--------
