【登录信息】
[5be1eb651b6f675892f00b0952b3cadb]
`登陆天数: 315天 / 1121天
等级: 150
石头: 5
呼符: 0
友情点: 50 / 14886900`
*連続ログイン7日間到達おめでとうございます！
明日は1日目からリスタートされます。*
`獣の足跡 X 1
呼符 X 1
9月交換券(2021) X 1
`_2021-09-15 20:27:41_
--------
[9cfc24f569d65a92010a7c9549af2192]
`登陆天数: 315天 / 605天
等级: 99
石头: 15
呼符: 0
友情点: 0 / 1071050`
*連続ログイン7日間到達おめでとうございます！
明日は1日目からリスタートされます。*
`獣の足跡 X 1
呼符 X 1
9月交換券(2021) X 1
`_2021-09-15 20:27:52_
--------
[dfc9a9f4b3655841a6372642c60bb90d]
`登陆天数: 315天 / 662天
等级: 105
石头: 0
呼符: 0
友情点: 0 / 1428700`
*連続ログイン7日間到達おめでとうございます！
明日は1日目からリスタートされます。*
`獣の足跡 X 1
呼符 X 1
9月交換券(2021) X 1
`_2021-09-15 20:28:03_
--------
[489b9caeed7f023e28fa9d1e9b69c384]
`登陆天数: 314天 / 400天
等级: 99
石头: 21
呼符: 0
友情点: 0 / 1013095`
*連続ログイン6日目
※ログインが途切れるか、7日到達すると
1日目から再開されます*
`聖晶石 X 2
9月交換券(2021) X 1
`_2021-09-15 20:28:13_
--------
