【登录信息】
[5be1eb651b6f675892f00b0952b3cadb]
`登陆天数: 316天 / 1122天
等级: 150
石头: 8
呼符: 1
友情点: 0 / 14918955`
*連続ログイン1日目
※ログインが途切れるか、7日到達すると
1日目から再開されます*
`フレンドポイント X 2000
9月交換券(2021) X 1
`_2021-09-16 20:27:31_
--------
[9cfc24f569d65a92010a7c9549af2192]
`登陆天数: 316天 / 606天
等级: 99
石头: 15
呼符: 1
友情点: 25 / 1072275`
*連続ログイン1日目
※ログインが途切れるか、7日到達すると
1日目から再開されます*
`フレンドポイント X 2000
9月交換券(2021) X 1
`_2021-09-16 20:27:43_
--------
[dfc9a9f4b3655841a6372642c60bb90d]
`登陆天数: 316天 / 663天
等级: 105
石头: 0
呼符: 1
友情点: 0 / 1429900`
*連続ログイン1日目
※ログインが途切れるか、7日到達すると
1日目から再開されます*
`フレンドポイント X 2000
9月交換券(2021) X 1
`_2021-09-16 20:27:54_
--------
[489b9caeed7f023e28fa9d1e9b69c384]
`登陆天数: 315天 / 401天
等级: 99
石头: 53
呼符: 0
友情点: 25 / 1014320`
*連続ログイン7日間到達おめでとうございます！
明日は1日目からリスタートされます。*
`獣の足跡 X 1
呼符 X 1
9月交換券(2021) X 1
`_2021-09-16 20:28:05_
--------
