【登录信息】
[5be1eb651b6f675892f00b0952b3cadb]
`登陆天数: 317天 / 1123天
等级: 150
石头: 0
呼符: 0
友情点: 31600 / 14948405`
*連続ログイン2日目
※ログインが途切れるか、7日到達すると
1日目から再開されます*
`聖晶石 X 1
9月交換券(2021) X 1
`_2021-09-17 20:27:21_
--------
[9cfc24f569d65a92010a7c9549af2192]
`登陆天数: 317天 / 607天
等级: 99
石头: 15
呼符: 1
友情点: 0 / 1075475`
*連続ログイン2日目
※ログインが途切れるか、7日到達すると
1日目から再開されます*
`聖晶石 X 1
9月交換券(2021) X 1
`_2021-09-17 20:27:33_
--------
[dfc9a9f4b3655841a6372642c60bb90d]
`登陆天数: 317天 / 664天
等级: 105
石头: 2
呼符: 1
友情点: 0 / 1433100`
*連続ログイン2日目
※ログインが途切れるか、7日到達すると
1日目から再開されます*
`聖晶石 X 1
9月交換券(2021) X 1
`_2021-09-17 20:27:44_
--------
[489b9caeed7f023e28fa9d1e9b69c384]
`登陆天数: 316天 / 402天
等级: 99
石头: 53
呼符: 1
友情点: 0 / 1015520`
*連続ログイン1日目
※ログインが途切れるか、7日到達すると
1日目から再開されます*
`フレンドポイント X 2000
9月交換券(2021) X 1
`_2021-09-17 20:27:54_
--------
