【登录信息】
[5be1eb651b6f675892f00b0952b3cadb]
`登陆天数: 318天 / 1124天
等级: 150
石头: 16
呼符: 0
友情点: 30600 / 14973330`
*連続ログイン3日目
※ログインが途切れるか、7日到達すると
1日目から再開されます*
`叡智の猛火 X 1
9月交換券(2021) X 1
`_2021-09-18 20:26:49_
--------
[9cfc24f569d65a92010a7c9549af2192]
`登陆天数: 318天 / 608天
等级: 99
石头: 20
呼符: 1
友情点: 0 / 1076675`
*連続ログイン3日目
※ログインが途切れるか、7日到達すると
1日目から再開されます*
`叡智の猛火 X 1
9月交換券(2021) X 1
`_2021-09-18 20:26:59_
--------
[dfc9a9f4b3655841a6372642c60bb90d]
`登陆天数: 318天 / 665天
等级: 105
石头: 7
呼符: 1
友情点: 0 / 1434300`
*連続ログイン3日目
※ログインが途切れるか、7日到達すると
1日目から再開されます*
`叡智の猛火 X 1
9月交換券(2021) X 1
`_2021-09-18 20:27:09_
--------
[489b9caeed7f023e28fa9d1e9b69c384]
`登陆天数: 317天 / 403天
等级: 99
石头: 57
呼符: 1
友情点: 25 / 1018745`
*連続ログイン2日目
※ログインが途切れるか、7日到達すると
1日目から再開されます*
`聖晶石 X 1
9月交換券(2021) X 1
`_2021-09-18 20:27:19_
--------
