【登录信息】
[5be1eb651b6f675892f00b0952b3cadb]
`登陆天数: 319天 / 1125天
等级: 150
石头: 18
呼符: 0
友情点: 29375 / 14975640`
*連続ログイン4日目
※ログインが途切れるか、7日到達すると
1日目から再開されます*
`聖晶石 X 1
9月交換券(2021) X 1
`_2021-09-19 20:27:06_
--------
[9cfc24f569d65a92010a7c9549af2192]
`登陆天数: 319天 / 609天
等级: 99
石头: 20
呼符: 1
友情点: 25 / 1077900`
*連続ログイン4日目
※ログインが途切れるか、7日到達すると
1日目から再開されます*
`聖晶石 X 1
9月交換券(2021) X 1
`_2021-09-19 20:27:18_
--------
[dfc9a9f4b3655841a6372642c60bb90d]
`登陆天数: 319天 / 666天
等级: 105
石头: 7
呼符: 1
友情点: 0 / 1435500`
*連続ログイン4日目
※ログインが途切れるか、7日到達すると
1日目から再開されます*
`聖晶石 X 1
9月交換券(2021) X 1
`_2021-09-19 20:27:28_
--------
[489b9caeed7f023e28fa9d1e9b69c384]
`登陆天数: 318天 / 404天
等级: 99
石头: 58
呼符: 1
友情点: 25 / 1019970`
*連続ログイン3日目
※ログインが途切れるか、7日到達すると
1日目から再開されます*
`叡智の猛火 X 1
9月交換券(2021) X 1
`_2021-09-19 20:27:39_
--------
