【登录信息】
[5be1eb651b6f675892f00b0952b3cadb]
`登陆天数: 320天 / 1126天
等级: 150
石头: 23
呼符: 0
友情点: 30460 / 15037495`
*連続ログイン5日目
※ログインが途切れるか、7日到達すると
1日目から再開されます*
`叡智の猛火 X 2
9月交換券(2021) X 1
`_2021-09-20 20:27:56_
--------
[9cfc24f569d65a92010a7c9549af2192]
`登陆天数: 320天 / 610天
等级: 99
石头: 21
呼符: 1
友情点: 0 / 1080325`
*連続ログイン5日目
※ログインが途切れるか、7日到達すると
1日目から再開されます*
`叡智の猛火 X 2
9月交換券(2021) X 1
`_2021-09-20 20:28:07_
--------
[dfc9a9f4b3655841a6372642c60bb90d]
`登陆天数: 320天 / 667天
等级: 105
石头: 8
呼符: 1
友情点: 0 / 1437900`
*連続ログイン5日目
※ログインが途切れるか、7日到達すると
1日目から再開されます*
`叡智の猛火 X 2
9月交換券(2021) X 1
`_2021-09-20 20:28:17_
--------
[489b9caeed7f023e28fa9d1e9b69c384]
`登陆天数: 319天 / 405天
等级: 99
石头: 58
呼符: 1
友情点: 0 / 1022420`
*連続ログイン4日目
※ログインが途切れるか、7日到達すると
1日目から再開されます*
`聖晶石 X 1
9月交換券(2021) X 1
`_2021-09-20 20:28:27_
--------
