【登录信息】
[5be1eb651b6f675892f00b0952b3cadb]
`登陆天数: 321天 / 1127天
等级: 150
石头: 23
呼符: 0
友情点: 0 / 15059095`
*連続ログイン6日目
※ログインが途切れるか、7日到達すると
1日目から再開されます*
`聖晶石 X 2
9月交換券(2021) X 1
`_2021-09-21 20:27:35_
--------
[9cfc24f569d65a92010a7c9549af2192]
`登陆天数: 321天 / 611天
等级: 99
石头: 21
呼符: 1
友情点: 0 / 1081525`
*連続ログイン6日目
※ログインが途切れるか、7日到達すると
1日目から再開されます*
`聖晶石 X 2
9月交換券(2021) X 1
`_2021-09-21 20:27:46_
--------
[dfc9a9f4b3655841a6372642c60bb90d]
`登陆天数: 321天 / 668天
等级: 105
石头: 8
呼符: 1
友情点: 0 / 1438200`
*連続ログイン6日目
※ログインが途切れるか、7日到達すると
1日目から再開されます*
`聖晶石 X 2
9月交換券(2021) X 1
`_2021-09-21 20:27:58_
--------
[489b9caeed7f023e28fa9d1e9b69c384]
`登陆天数: 320天 / 406天
等级: 99
石头: 59
呼符: 1
友情点: 25 / 1023645`
*連続ログイン5日目
※ログインが途切れるか、7日到達すると
1日目から再開されます*
`叡智の猛火 X 2
9月交換券(2021) X 1
`_2021-09-21 20:28:11_
--------
