【登录信息】
[5be1eb651b6f675892f00b0952b3cadb]
`登陆天数: 322天 / 1128天
等级: 150
石头: 25
呼符: 0
友情点: 30575 / 15090630`
*連続ログイン7日間到達おめでとうございます！
明日は1日目からリスタートされます。*
`獣の足跡 X 1
呼符 X 1
9月交換券(2021) X 1
`_2021-09-22 20:27:31_
--------
[9cfc24f569d65a92010a7c9549af2192]
`登陆天数: 322天 / 612天
等级: 99
石头: 23
呼符: 1
友情点: 25 / 1082750`
*連続ログイン7日間到達おめでとうございます！
明日は1日目からリスタートされます。*
`獣の足跡 X 1
呼符 X 1
9月交換券(2021) X 1
`_2021-09-22 20:27:41_
--------
[dfc9a9f4b3655841a6372642c60bb90d]
`登陆天数: 322天 / 669天
等级: 105
石头: 10
呼符: 1
友情点: 0 / 1439400`
*連続ログイン7日間到達おめでとうございます！
明日は1日目からリスタートされます。*
`獣の足跡 X 1
呼符 X 1
9月交換券(2021) X 1
`_2021-09-22 20:27:51_
--------
[489b9caeed7f023e28fa9d1e9b69c384]
`登陆天数: 321天 / 407天
等级: 99
石头: 59
呼符: 1
友情点: 0 / 1024845`
*連続ログイン6日目
※ログインが途切れるか、7日到達すると
1日目から再開されます*
`聖晶石 X 2
9月交換券(2021) X 1
`_2021-09-22 20:28:01_
--------
