【登录信息】
[5be1eb651b6f675892f00b0952b3cadb]
`登陆天数: 324天 / 1130天
等级: 150
石头: 0
呼符: 0
友情点: 0 / 15152065`
*連続ログイン2日目
※ログインが途切れるか、7日到達すると
1日目から再開されます*
`聖晶石 X 1
9月交換券(2021) X 1
`_2021-09-24 20:27:26_
--------
[9cfc24f569d65a92010a7c9549af2192]
`登陆天数: 324天 / 614天
等级: 99
石头: 25
呼符: 2
友情点: 0 / 1086650`
*連続ログイン2日目
※ログインが途切れるか、7日到達すると
1日目から再開されます*
`聖晶石 X 1
9月交換券(2021) X 1
`_2021-09-24 20:27:36_
--------
[dfc9a9f4b3655841a6372642c60bb90d]
`登陆天数: 324天 / 671天
等级: 105
石头: 10
呼符: 2
友情点: 0 / 1443800`
*連続ログイン2日目
※ログインが途切れるか、7日到達すると
1日目から再開されます*
`聖晶石 X 1
9月交換券(2021) X 1
`_2021-09-24 20:27:46_
--------
[489b9caeed7f023e28fa9d1e9b69c384]
`登陆天数: 323天 / 409天
等级: 99
石头: 61
呼符: 2
友情点: 0 / 1027295`
*連続ログイン1日目
※ログインが途切れるか、7日到達すると
1日目から再開されます*
`フレンドポイント X 2000
9月交換券(2021) X 1
`_2021-09-24 20:27:57_
--------
