【登录信息】
[5be1eb651b6f675892f00b0952b3cadb]
`登陆天数: 325天 / 1131天
等级: 150
石头: 1
呼符: 0
友情点: 250 / 15152515`
*連続ログイン3日目
※ログインが途切れるか、7日到達すると
1日目から再開されます*
`叡智の猛火 X 1
9月交換券(2021) X 1
`_2021-09-25 20:26:46_
--------
[9cfc24f569d65a92010a7c9549af2192]
`登陆天数: 325天 / 615天
等级: 99
石头: 25
呼符: 2
友情点: 0 / 1086650`
*連続ログイン3日目
※ログインが途切れるか、7日到達すると
1日目から再開されます*
`叡智の猛火 X 1
9月交換券(2021) X 1
`_2021-09-25 20:26:56_
--------
[dfc9a9f4b3655841a6372642c60bb90d]
`登陆天数: 325天 / 672天
等级: 105
石头: 10
呼符: 2
友情点: 0 / 1443800`
*連続ログイン3日目
※ログインが途切れるか、7日到達すると
1日目から再開されます*
`叡智の猛火 X 1
9月交換券(2021) X 1
`_2021-09-25 20:27:06_
--------
[489b9caeed7f023e28fa9d1e9b69c384]
`登陆天数: 324天 / 410天
等级: 99
石头: 61
呼符: 2
友情点: 0 / 1027295`
*連続ログイン2日目
※ログインが途切れるか、7日到達すると
1日目から再開されます*
`聖晶石 X 1
9月交換券(2021) X 1
`_2021-09-25 20:27:16_
--------
