【登录信息】
[5be1eb651b6f675892f00b0952b3cadb]
`登陆天数: 326天 / 1132天
等级: 150
石头: 1
呼符: 0
友情点: 135 / 15152800`
*連続ログイン4日目
※ログインが途切れるか、7日到達すると
1日目から再開されます*
`聖晶石 X 1
9月交換券(2021) X 1
`_2021-09-26 20:26:26_
--------
[9cfc24f569d65a92010a7c9549af2192]
`登陆天数: 326天 / 616天
等级: 99
石头: 25
呼符: 2
友情点: 0 / 1086650`
*連続ログイン4日目
※ログインが途切れるか、7日到達すると
1日目から再開されます*
`聖晶石 X 1
9月交換券(2021) X 1
`_2021-09-26 20:26:37_
--------
[dfc9a9f4b3655841a6372642c60bb90d]
`登陆天数: 326天 / 673天
等级: 105
石头: 10
呼符: 2
友情点: 0 / 1443800`
*連続ログイン4日目
※ログインが途切れるか、7日到達すると
1日目から再開されます*
`聖晶石 X 1
9月交換券(2021) X 1
`_2021-09-26 20:26:47_
--------
[489b9caeed7f023e28fa9d1e9b69c384]
`登陆天数: 325天 / 411天
等级: 99
石头: 61
呼符: 2
友情点: 0 / 1027295`
*連続ログイン3日目
※ログインが途切れるか、7日到達すると
1日目から再開されます*
`叡智の猛火 X 1
9月交換券(2021) X 1
`_2021-09-26 20:26:57_
--------
