【登录信息】
[5be1eb651b6f675892f00b0952b3cadb]
`登陆天数: 328天 / 1134天
等级: 150
石头: 2
呼符: 0
友情点: 30625 / 15184835`
*連続ログイン6日目
※ログインが途切れるか、7日到達すると
1日目から再開されます*
`聖晶石 X 2
9月交換券(2021) X 1
`_2021-09-28 20:24:41_
--------
[9cfc24f569d65a92010a7c9549af2192]
`登陆天数: 328天 / 618天
等级: 99
石头: 27
呼符: 2
友情点: 0 / 1087850`
*連続ログイン6日目
※ログインが途切れるか、7日到達すると
1日目から再開されます*
`聖晶石 X 2
9月交換券(2021) X 1
`_2021-09-28 20:24:52_
--------
[dfc9a9f4b3655841a6372642c60bb90d]
`登陆天数: 328天 / 675天
等级: 105
石头: 12
呼符: 2
友情点: 0 / 1445000`
*連続ログイン6日目
※ログインが途切れるか、7日到達すると
1日目から再開されます*
`聖晶石 X 2
9月交換券(2021) X 1
`_2021-09-28 20:25:02_
--------
[489b9caeed7f023e28fa9d1e9b69c384]
`登陆天数: 327天 / 413天
等级: 99
石头: 63
呼符: 2
友情点: 0 / 1030495`
*連続ログイン5日目
※ログインが途切れるか、7日到達すると
1日目から再開されます*
`叡智の猛火 X 2
9月交換券(2021) X 1
`_2021-09-28 20:25:12_
--------
