【登录信息】
[5be1eb651b6f675892f00b0952b3cadb]
`登陆天数: 329天 / 1135天
等级: 150
石头: 4
呼符: 1
友情点: 30725 / 15216085`
*連続ログイン7日間到達おめでとうございます！
明日は1日目からリスタートされます。*
`獣の足跡 X 1
呼符 X 1
9月交換券(2021) X 1
`*幕間の物語キャンペーン 第17弾 特別連続ログインボーナス*
*開催期間中、1日1回 最大5回 特別連続ログインボーナスをプレゼント！*
`叡智の業火 X 3
`_2021-09-29 20:26:54_
--------
[9cfc24f569d65a92010a7c9549af2192]
`登陆天数: 329天 / 619天
等级: 99
石头: 29
呼符: 3
友情点: 50 / 1089100`
*連続ログイン7日間到達おめでとうございます！
明日は1日目からリスタートされます。*
`獣の足跡 X 1
呼符 X 1
9月交換券(2021) X 1
`*幕間の物語キャンペーン 第17弾 特別連続ログインボーナス*
*開催期間中、1日1回 最大5回 特別連続ログインボーナスをプレゼント！*
`叡智の業火 X 3
`_2021-09-29 20:27:07_
--------
[dfc9a9f4b3655841a6372642c60bb90d]
`登陆天数: 329天 / 676天
等级: 105
石头: 14
呼符: 3
友情点: 0 / 1446200`
*連続ログイン7日間到達おめでとうございます！
明日は1日目からリスタートされます。*
`獣の足跡 X 1
呼符 X 1
9月交換券(2021) X 1
`*幕間の物語キャンペーン 第17弾 特別連続ログインボーナス*
*開催期間中、1日1回 最大5回 特別連続ログインボーナスをプレゼント！*
`叡智の業火 X 3
`_2021-09-29 20:27:17_
--------
[489b9caeed7f023e28fa9d1e9b69c384]
`登陆天数: 328天 / 414天
等级: 99
石头: 63
呼符: 3
友情点: 25 / 1031720`
*連続ログイン6日目
※ログインが途切れるか、7日到達すると
1日目から再開されます*
`聖晶石 X 2
9月交換券(2021) X 1
`*幕間の物語キャンペーン 第17弾 特別連続ログインボーナス*
*開催期間中、1日1回 最大5回 特別連続ログインボーナスをプレゼント！*
`叡智の業火 X 3
`_2021-09-29 20:27:28_
--------
