【登录信息】
*23df700802ec5473b0ba93e6647d6d6e*
`登陆天数: 14天 / 862天
等级: 122
石头: 3483
呼符: 89
体力: 3389.2266666666665 / 136
友情点: 0 / 845885`
*連続ログイン7日間到達おめでとうございます！
明日は1日目からリスタートされます。*
`獣の足跡 X 1
呼符 X 1
7月交換券(2022) X 1
`*7周年カウントダウンキャンペーン
特別ログインボーナス*
*開催期間中、1日1回 最大7回 ログインボーナスをプレゼント！*
`黄金の果実 X 1
`_2022-07-23 19:35:32_
--------
*3f0a883330e065432578c3a409161e03*
`登陆天数: 14天 / 863天
等级: 122
石头: 3400
呼符: 85
体力: 143870.46 / 136
友情点: 0 / 709860`
*連続ログイン7日間到達おめでとうございます！
明日は1日目からリスタートされます。*
`獣の足跡 X 1
呼符 X 1
7月交換券(2022) X 1
`*7周年カウントダウンキャンペーン
特別ログインボーナス*
*開催期間中、1日1回 最大7回 ログインボーナスをプレゼント！*
`黄金の果実 X 1
`_2022-07-23 19:35:40_
--------
