【登录信息】
*23df700802ec5473b0ba93e6647d6d6e*
`登陆天数: 17天 / 865天
等级: 122
石头: 3483
呼符: 89
体力: 4253.196666666667 / 136
友情点: 0 / 845885`
*連続ログイン3日目
※ログインが途切れるか、7日到達すると
1日目から再開されます*
`叡智の猛火 X 1
7月交換券(2022) X 1
`*7周年カウントダウンキャンペーン
特別ログインボーナス*
*開催期間中、1日1回 最大7回 ログインボーナスをプレゼント！*
`黄金の果実 X 1
`_2022-07-26 19:35:22_
--------
*3f0a883330e065432578c3a409161e03*
`登陆天数: 17天 / 866天
等级: 122
石头: 3400
呼符: 85
体力: 144734.43 / 136
友情点: 0 / 709860`
*連続ログイン3日目
※ログインが途切れるか、7日到達すると
1日目から再開されます*
`叡智の猛火 X 1
7月交換券(2022) X 1
`*7周年カウントダウンキャンペーン
特別ログインボーナス*
*開催期間中、1日1回 最大7回 ログインボーナスをプレゼント！*
`黄金の果実 X 1
`_2022-07-26 19:35:30_
--------
