【登录信息】
[5be1eb651b6f675892f00b0952b3cadb]
`登陆天数: 116天 / 922天
等级: 147
石头: 53
友情点: 50 / 3423955`
*連続ログイン4日目
※ログインが途切れるか、7日到達すると
1日目から再開されます*
`聖晶石 X 1
3月交換券(2021) X 1
`*「FGO ウィンターキャラバン オンライン 2021」Vol.3鹿児島会場代替開催記念 初回ログインボーナス*
*開催期間中、初回ログインで「聖晶石×10」をプレゼント！*
`聖晶石 X 10
`_2021-02-28 19:37:34_
--------
[9cfc24f569d65a92010a7c9549af2192]
`登陆天数: 116天 / 406天
等级: 93
石头: 23
友情点: 0 / 447950`
*連続ログイン4日目
※ログインが途切れるか、7日到達すると
1日目から再開されます*
`聖晶石 X 1
3月交換券(2021) X 1
`*「FGO ウィンターキャラバン オンライン 2021」Vol.3鹿児島会場代替開催記念 初回ログインボーナス*
*開催期間中、初回ログインで「聖晶石×10」をプレゼント！*
`聖晶石 X 10
`_2021-02-28 19:37:43_
--------
[dfc9a9f4b3655841a6372642c60bb90d]
`登陆天数: 116天 / 463天
等级: 103
石头: 10
友情点: 0 / 820805`
*連続ログイン4日目
※ログインが途切れるか、7日到達すると
1日目から再開されます*
`聖晶石 X 1
3月交換券(2021) X 1
`*「FGO ウィンターキャラバン オンライン 2021」Vol.3鹿児島会場代替開催記念 初回ログインボーナス*
*開催期間中、初回ログインで「聖晶石×10」をプレゼント！*
`聖晶石 X 10
`_2021-02-28 19:37:51_
--------
[489b9caeed7f023e28fa9d1e9b69c384]
`登陆天数: 115天 / 201天
等级: 93
石头: 19
友情点: 50 / 401105`
*連続ログイン3日目
※ログインが途切れるか、7日到達すると
1日目から再開されます*
`叡智の猛火 X 1
3月交換券(2021) X 1
`*「FGO ウィンターキャラバン オンライン 2021」Vol.3鹿児島会場代替開催記念 初回ログインボーナス*
*開催期間中、初回ログインで「聖晶石×10」をプレゼント！*
`聖晶石 X 10
`_2021-02-28 19:38:00_
--------
