【登录信息】
[5be1eb651b6f675892f00b0952b3cadb]
`登陆天数: 117天 / 923天
等级: 147
石头: 53
友情点: 54400 / 3549105`
*連続ログイン5日目
※ログインが途切れるか、7日到達すると
1日目から再開されます*
`叡智の猛火 X 2
3月交換券(2021) X 1
`*2300万DL突破記念 特別連続ログインボーナス*
*開催期間中、1日1回 最大7回 連続ログインボーナスをプレゼント！*
`英霊結晶・太陽のフォウくん X 10
`_2021-03-01 19:38:11_
--------
[9cfc24f569d65a92010a7c9549af2192]
`登陆天数: 117天 / 407天
等级: 94
石头: 23
友情点: 50 / 453450`
*連続ログイン5日目
※ログインが途切れるか、7日到達すると
1日目から再開されます*
`叡智の猛火 X 2
3月交換券(2021) X 1
`*2300万DL突破記念 特別連続ログインボーナス*
*開催期間中、1日1回 最大7回 連続ログインボーナスをプレゼント！*
`英霊結晶・太陽のフォウくん X 10
`_2021-03-01 19:38:20_
--------
[dfc9a9f4b3655841a6372642c60bb90d]
`登陆天数: 117天 / 464天
等级: 103
石头: 10
友情点: 0 / 825605`
*連続ログイン5日目
※ログインが途切れるか、7日到達すると
1日目から再開されます*
`叡智の猛火 X 2
3月交換券(2021) X 1
`*2300万DL突破記念 特別連続ログインボーナス*
*開催期間中、1日1回 最大7回 連続ログインボーナスをプレゼント！*
`英霊結晶・太陽のフォウくん X 10
`_2021-03-01 19:38:28_
--------
[489b9caeed7f023e28fa9d1e9b69c384]
`登陆天数: 116天 / 202天
等级: 93
石头: 19
友情点: 0 / 405505`
*連続ログイン4日目
※ログインが途切れるか、7日到達すると
1日目から再開されます*
`聖晶石 X 1
3月交換券(2021) X 1
`*2300万DL突破記念 特別連続ログインボーナス*
*開催期間中、1日1回 最大7回 連続ログインボーナスをプレゼント！*
`英霊結晶・太陽のフォウくん X 10
`_2021-03-01 19:38:37_
--------
