【登录信息】
[5be1eb651b6f675892f00b0952b3cadb]
`登陆天数: 118天 / 924天
等级: 147
石头: 70
友情点: 43320 / 3669275`
*連続ログイン6日目
※ログインが途切れるか、7日到達すると
1日目から再開されます*
`聖晶石 X 2
3月交換券(2021) X 1
`*2300万DL突破記念 特別連続ログインボーナス*
*開催期間中、1日1回 最大7回 連続ログインボーナスをプレゼント！*
`呼符 X 10
`_2021-03-02 19:37:06_
--------
[9cfc24f569d65a92010a7c9549af2192]
`登陆天数: 118天 / 408天
等级: 94
石头: 23
友情点: 100 / 458450`
*連続ログイン6日目
※ログインが途切れるか、7日到達すると
1日目から再開されます*
`聖晶石 X 2
3月交換券(2021) X 1
`*2300万DL突破記念 特別連続ログインボーナス*
*開催期間中、1日1回 最大7回 連続ログインボーナスをプレゼント！*
`呼符 X 10
`_2021-03-02 19:37:16_
--------
[dfc9a9f4b3655841a6372642c60bb90d]
`登陆天数: 118天 / 465天
等级: 103
石头: 10
友情点: 0 / 830405`
*連続ログイン6日目
※ログインが途切れるか、7日到達すると
1日目から再開されます*
`聖晶石 X 2
3月交換券(2021) X 1
`*2300万DL突破記念 特別連続ログインボーナス*
*開催期間中、1日1回 最大7回 連続ログインボーナスをプレゼント！*
`呼符 X 10
`_2021-03-02 19:37:24_
--------
[489b9caeed7f023e28fa9d1e9b69c384]
`登陆天数: 117天 / 203天
等级: 93
石头: 19
友情点: 0 / 409905`
*連続ログイン5日目
※ログインが途切れるか、7日到達すると
1日目から再開されます*
`叡智の猛火 X 2
3月交換券(2021) X 1
`*2300万DL突破記念 特別連続ログインボーナス*
*開催期間中、1日1回 最大7回 連続ログインボーナスをプレゼント！*
`呼符 X 10
`_2021-03-02 19:37:33_
--------
