【登录信息】
[5be1eb651b6f675892f00b0952b3cadb]
`登陆天数: 119天 / 925天
等级: 147
石头: 76
友情点: 27100 / 3757825`
*連続ログイン7日間到達おめでとうございます！
明日は1日目からリスタートされます。*
`獣の足跡 X 1
呼符 X 1
3月交換券(2021) X 1
`_2021-03-03 19:38:02_
--------
[9cfc24f569d65a92010a7c9549af2192]
`登陆天数: 119天 / 409天
等级: 94
石头: 23
友情点: 25 / 462125`
*連続ログイン7日間到達おめでとうございます！
明日は1日目からリスタートされます。*
`獣の足跡 X 1
呼符 X 1
3月交換券(2021) X 1
`_2021-03-03 19:38:12_
--------
[dfc9a9f4b3655841a6372642c60bb90d]
`登陆天数: 119天 / 466天
等级: 103
石头: 10
友情点: 0 / 834005`
*連続ログイン7日間到達おめでとうございます！
明日は1日目からリスタートされます。*
`獣の足跡 X 1
呼符 X 1
3月交換券(2021) X 1
`_2021-03-03 19:38:20_
--------
[489b9caeed7f023e28fa9d1e9b69c384]
`登陆天数: 118天 / 204天
等级: 93
石头: 19
友情点: 25 / 412680`
*連続ログイン6日目
※ログインが途切れるか、7日到達すると
1日目から再開されます*
`聖晶石 X 2
3月交換券(2021) X 1
`_2021-03-03 19:38:29_
--------
