【登录信息】
[5be1eb651b6f675892f00b0952b3cadb]
`登陆天数: 120天 / 926天
等级: 147
石头: 84
友情点: 25 / 3810770`
*連続ログイン1日目
※ログインが途切れるか、7日到達すると
1日目から再開されます*
`フレンドポイント X 2000
3月交換券(2021) X 1
`_2021-03-04 19:38:27_
--------
[9cfc24f569d65a92010a7c9549af2192]
`登陆天数: 120天 / 410天
等级: 94
石头: 23
友情点: 0 / 464600`
*連続ログイン1日目
※ログインが途切れるか、7日到達すると
1日目から再開されます*
`フレンドポイント X 2000
3月交換券(2021) X 1
`_2021-03-04 19:38:36_
--------
[dfc9a9f4b3655841a6372642c60bb90d]
`登陆天数: 120天 / 467天
等级: 103
石头: 10
友情点: 0 / 836205`
*連続ログイン1日目
※ログインが途切れるか、7日到達すると
1日目から再開されます*
`フレンドポイント X 2000
3月交換券(2021) X 1
`_2021-03-04 19:38:45_
--------
[489b9caeed7f023e28fa9d1e9b69c384]
`登陆天数: 119天 / 205天
等级: 93
石头: 19
友情点: 0 / 414830`
*連続ログイン7日間到達おめでとうございます！
明日は1日目からリスタートされます。*
`獣の足跡 X 1
呼符 X 1
3月交換券(2021) X 1
`_2021-03-04 19:38:53_
--------
