【登录信息】
[5be1eb651b6f675892f00b0952b3cadb]
`登陆天数: 121天 / 927天
等级: 147
石头: 85
友情点: 6525 / 3872955`
*連続ログイン2日目
※ログインが途切れるか、7日到達すると
1日目から再開されます*
`聖晶石 X 1
3月交換券(2021) X 1
`_2021-03-05 19:38:23_
--------
[9cfc24f569d65a92010a7c9549af2192]
`登陆天数: 121天 / 411天
等级: 94
石头: 23
友情点: 0 / 466950`
*連続ログイン2日目
※ログインが途切れるか、7日到達すると
1日目から再開されます*
`聖晶石 X 1
3月交換券(2021) X 1
`_2021-03-05 19:38:32_
--------
[dfc9a9f4b3655841a6372642c60bb90d]
`登陆天数: 121天 / 468天
等级: 103
石头: 10
友情点: 0 / 838705`
*連続ログイン2日目
※ログインが途切れるか、7日到達すると
1日目から再開されます*
`聖晶石 X 1
3月交換券(2021) X 1
`_2021-03-05 19:38:40_
--------
[489b9caeed7f023e28fa9d1e9b69c384]
`登陆天数: 120天 / 206天
等级: 94
石头: 19
友情点: 25 / 417205`
*連続ログイン1日目
※ログインが途切れるか、7日到達すると
1日目から再開されます*
`フレンドポイント X 2000
3月交換券(2021) X 1
`_2021-03-05 19:38:49_
--------
