【登录信息】
[5be1eb651b6f675892f00b0952b3cadb]
`登陆天数: 122天 / 928天
等级: 147
石头: 87
友情点: 0 / 3911080`
*連続ログイン3日目
※ログインが途切れるか、7日到達すると
1日目から再開されます*
`叡智の猛火 X 1
3月交換券(2021) X 1
`_2021-03-06 19:38:11_
--------
[9cfc24f569d65a92010a7c9549af2192]
`登陆天数: 122天 / 412天
等级: 94
石头: 23
友情点: 25 / 468175`
*連続ログイン3日目
※ログインが途切れるか、7日到達すると
1日目から再開されます*
`叡智の猛火 X 1
3月交換券(2021) X 1
`_2021-03-06 19:38:20_
--------
[dfc9a9f4b3655841a6372642c60bb90d]
`登陆天数: 122天 / 469天
等级: 103
石头: 10
友情点: 0 / 839905`
*連続ログイン3日目
※ログインが途切れるか、7日到達すると
1日目から再開されます*
`叡智の猛火 X 1
3月交換券(2021) X 1
`_2021-03-06 19:38:29_
--------
[489b9caeed7f023e28fa9d1e9b69c384]
`登陆天数: 121天 / 207天
等级: 94
石头: 19
友情点: 50 / 418455`
*連続ログイン2日目
※ログインが途切れるか、7日到達すると
1日目から再開されます*
`聖晶石 X 1
3月交換券(2021) X 1
`_2021-03-06 19:38:37_
--------
