【登录信息】
[5be1eb651b6f675892f00b0952b3cadb]
`登陆天数: 123天 / 929天
等级: 147
石头: 90
友情点: 21700 / 3965585`
*連続ログイン4日目
※ログインが途切れるか、7日到達すると
1日目から再開されます*
`聖晶石 X 1
3月交換券(2021) X 1
`*「カルデアボーイズコレクション2021」開催記念ログインボーナス*
*開催期間中、1日1回 最大7回ログインボーナスをプレゼント！*
`怪盗の予告状 X 1
`_2021-03-07 19:38:13_
--------
[9cfc24f569d65a92010a7c9549af2192]
`登陆天数: 123天 / 413天
等级: 94
石头: 23
友情点: 0 / 470425`
*連続ログイン4日目
※ログインが途切れるか、7日到達すると
1日目から再開されます*
`聖晶石 X 1
3月交換券(2021) X 1
`*「カルデアボーイズコレクション2021」開催記念ログインボーナス*
*開催期間中、1日1回 最大7回ログインボーナスをプレゼント！*
`怪盗の予告状 X 1
`_2021-03-07 19:38:22_
--------
[dfc9a9f4b3655841a6372642c60bb90d]
`登陆天数: 123天 / 470天
等级: 103
石头: 10
友情点: 0 / 842005`
*連続ログイン4日目
※ログインが途切れるか、7日到達すると
1日目から再開されます*
`聖晶石 X 1
3月交換券(2021) X 1
`*「カルデアボーイズコレクション2021」開催記念ログインボーナス*
*開催期間中、1日1回 最大7回ログインボーナスをプレゼント！*
`怪盗の予告状 X 1
`_2021-03-07 19:38:31_
--------
[489b9caeed7f023e28fa9d1e9b69c384]
`登陆天数: 122天 / 208天
等级: 94
石头: 19
友情点: 0 / 420580`
*連続ログイン3日目
※ログインが途切れるか、7日到達すると
1日目から再開されます*
`叡智の猛火 X 1
3月交換券(2021) X 1
`*「カルデアボーイズコレクション2021」開催記念ログインボーナス*
*開催期間中、1日1回 最大7回ログインボーナスをプレゼント！*
`怪盗の予告状 X 1
`_2021-03-07 19:38:39_
--------
