【登录信息】
[5be1eb651b6f675892f00b0952b3cadb]
`登陆天数: 124天 / 930天
等级: 147
石头: 91
友情点: 16600 / 4014685`
*連続ログイン5日目
※ログインが途切れるか、7日到達すると
1日目から再開されます*
`叡智の猛火 X 2
3月交換券(2021) X 1
`*「カルデアボーイズコレクション2021」開催記念ログインボーナス*
*開催期間中、1日1回 最大7回ログインボーナスをプレゼント！*
`怪盗の予告状 X 1
`_2021-03-08 19:38:22_
--------
[9cfc24f569d65a92010a7c9549af2192]
`登陆天数: 124天 / 414天
等级: 94
石头: 23
友情点: 75 / 472525`
*連続ログイン5日目
※ログインが途切れるか、7日到達すると
1日目から再開されます*
`叡智の猛火 X 2
3月交換券(2021) X 1
`*「カルデアボーイズコレクション2021」開催記念ログインボーナス*
*開催期間中、1日1回 最大7回ログインボーナスをプレゼント！*
`怪盗の予告状 X 1
`_2021-03-08 19:38:31_
--------
[dfc9a9f4b3655841a6372642c60bb90d]
`登陆天数: 124天 / 471天
等级: 103
石头: 10
友情点: 0 / 843705`
*連続ログイン5日目
※ログインが途切れるか、7日到達すると
1日目から再開されます*
`叡智の猛火 X 2
3月交換券(2021) X 1
`*「カルデアボーイズコレクション2021」開催記念ログインボーナス*
*開催期間中、1日1回 最大7回ログインボーナスをプレゼント！*
`怪盗の予告状 X 1
`_2021-03-08 19:38:39_
--------
[489b9caeed7f023e28fa9d1e9b69c384]
`登陆天数: 123天 / 209天
等级: 94
石头: 19
友情点: 0 / 422505`
*連続ログイン4日目
※ログインが途切れるか、7日到達すると
1日目から再開されます*
`聖晶石 X 1
3月交換券(2021) X 1
`*「カルデアボーイズコレクション2021」開催記念ログインボーナス*
*開催期間中、1日1回 最大7回ログインボーナスをプレゼント！*
`怪盗の予告状 X 1
`_2021-03-08 19:38:48_
--------
