【登录信息】
[5be1eb651b6f675892f00b0952b3cadb]
`登陆天数: 125天 / 931天
等级: 147
石头: 92
友情点: 30110 / 3938995`
*連続ログイン6日目
※ログインが途切れるか、7日到達すると
1日目から再開されます*
`聖晶石 X 2
3月交換券(2021) X 1
`*「カルデアボーイズコレクション2021」開催記念ログインボーナス*
*開催期間中、1日1回 最大7回ログインボーナスをプレゼント！*
`怪盗の予告状 X 1
`_2021-03-09 19:37:46_
--------
[9cfc24f569d65a92010a7c9549af2192]
`登陆天数: 125天 / 415天
等级: 94
石头: 23
友情点: 0 / 474950`
*連続ログイン6日目
※ログインが途切れるか、7日到達すると
1日目から再開されます*
`聖晶石 X 2
3月交換券(2021) X 1
`*「カルデアボーイズコレクション2021」開催記念ログインボーナス*
*開催期間中、1日1回 最大7回ログインボーナスをプレゼント！*
`怪盗の予告状 X 1
`_2021-03-09 19:37:55_
--------
[dfc9a9f4b3655841a6372642c60bb90d]
`登陆天数: 125天 / 472天
等级: 103
石头: 10
友情点: 0 / 846105`
*連続ログイン6日目
※ログインが途切れるか、7日到達すると
1日目から再開されます*
`聖晶石 X 2
3月交換券(2021) X 1
`*「カルデアボーイズコレクション2021」開催記念ログインボーナス*
*開催期間中、1日1回 最大7回ログインボーナスをプレゼント！*
`怪盗の予告状 X 1
`_2021-03-09 19:38:03_
--------
[489b9caeed7f023e28fa9d1e9b69c384]
`登陆天数: 124天 / 210天
等级: 94
石头: 19
友情点: 0 / 424955`
*連続ログイン5日目
※ログインが途切れるか、7日到達すると
1日目から再開されます*
`叡智の猛火 X 2
3月交換券(2021) X 1
`*「カルデアボーイズコレクション2021」開催記念ログインボーナス*
*開催期間中、1日1回 最大7回ログインボーナスをプレゼント！*
`怪盗の予告状 X 1
`_2021-03-09 19:38:12_
--------
