【登录信息】
[5be1eb651b6f675892f00b0952b3cadb]
`登陆天数: 126天 / 932天
等级: 147
石头: 94
友情点: 32825 / 3997515`
*連続ログイン7日間到達おめでとうございます！
明日は1日目からリスタートされます。*
`獣の足跡 X 1
呼符 X 1
3月交換券(2021) X 1
`*「カルデアボーイズコレクション2021」開催記念ログインボーナス*
*開催期間中、1日1回 最大7回ログインボーナスをプレゼント！*
`怪盗の予告状 X 1
`_2021-03-10 19:38:11_
--------
[9cfc24f569d65a92010a7c9549af2192]
`登陆天数: 126天 / 416天
等级: 94
石头: 23
友情点: 20 / 477405`
*連続ログイン7日間到達おめでとうございます！
明日は1日目からリスタートされます。*
`獣の足跡 X 1
呼符 X 1
3月交換券(2021) X 1
`*「カルデアボーイズコレクション2021」開催記念ログインボーナス*
*開催期間中、1日1回 最大7回ログインボーナスをプレゼント！*
`怪盗の予告状 X 1
`_2021-03-10 19:38:21_
--------
[dfc9a9f4b3655841a6372642c60bb90d]
`登陆天数: 126天 / 473天
等级: 103
石头: 10
友情点: 0 / 848505`
*連続ログイン7日間到達おめでとうございます！
明日は1日目からリスタートされます。*
`獣の足跡 X 1
呼符 X 1
3月交換券(2021) X 1
`*「カルデアボーイズコレクション2021」開催記念ログインボーナス*
*開催期間中、1日1回 最大7回ログインボーナスをプレゼント！*
`怪盗の予告状 X 1
`_2021-03-10 19:38:29_
--------
[489b9caeed7f023e28fa9d1e9b69c384]
`登陆天数: 125天 / 211天
等级: 94
石头: 19
友情点: 0 / 427380`
*連続ログイン6日目
※ログインが途切れるか、7日到達すると
1日目から再開されます*
`聖晶石 X 2
3月交換券(2021) X 1
`*「カルデアボーイズコレクション2021」開催記念ログインボーナス*
*開催期間中、1日1回 最大7回ログインボーナスをプレゼント！*
`怪盗の予告状 X 1
`_2021-03-10 19:38:37_
--------
