【登录信息】
[5be1eb651b6f675892f00b0952b3cadb]
`登陆天数: 127天 / 933天
等级: 147
石头: 95
呼符: 21
友情点: 27300 / 4030045`
*連続ログイン1日目
※ログインが途切れるか、7日到達すると
1日目から再開されます*
`フレンドポイント X 2000
3月交換券(2021) X 1
`*「カルデアボーイズコレクション2021」開催記念ログインボーナス*
*開催期間中、1日1回 最大7回ログインボーナスをプレゼント！*
`怪盗の予告状 X 1
`_2021-03-11 19:38:46_
--------
[9cfc24f569d65a92010a7c9549af2192]
`登陆天数: 127天 / 417天
等级: 94
石头: 23
呼符: 2
友情点: 25 / 479840`
*連続ログイン1日目
※ログインが途切れるか、7日到達すると
1日目から再開されます*
`フレンドポイント X 2000
3月交換券(2021) X 1
`*「カルデアボーイズコレクション2021」開催記念ログインボーナス*
*開催期間中、1日1回 最大7回ログインボーナスをプレゼント！*
`怪盗の予告状 X 1
`_2021-03-11 19:38:56_
--------
[dfc9a9f4b3655841a6372642c60bb90d]
`登陆天数: 127天 / 474天
等级: 103
石头: 10
呼符: 2
友情点: 0 / 850105`
*連続ログイン1日目
※ログインが途切れるか、7日到達すると
1日目から再開されます*
`フレンドポイント X 2000
3月交換券(2021) X 1
`*「カルデアボーイズコレクション2021」開催記念ログインボーナス*
*開催期間中、1日1回 最大7回ログインボーナスをプレゼント！*
`怪盗の予告状 X 1
`_2021-03-11 19:39:04_
--------
[489b9caeed7f023e28fa9d1e9b69c384]
`登陆天数: 126天 / 212天
等级: 94
石头: 19
呼符: 2
友情点: 0 / 429780`
*連続ログイン7日間到達おめでとうございます！
明日は1日目からリスタートされます。*
`獣の足跡 X 1
呼符 X 1
3月交換券(2021) X 1
`*「カルデアボーイズコレクション2021」開催記念ログインボーナス*
*開催期間中、1日1回 最大7回ログインボーナスをプレゼント！*
`怪盗の予告状 X 1
`_2021-03-11 19:39:12_
--------
