【登录信息】
[5be1eb651b6f675892f00b0952b3cadb]
`登陆天数: 129天 / 935天
等级: 147
石头: 96
呼符: 24
友情点: 31835 / 4126775`
*連続ログイン3日目
※ログインが途切れるか、7日到達すると
1日目から再開されます*
`叡智の猛火 X 1
3月交換券(2021) X 1
`*「カルデアボーイズコレクション2021」開催記念ログインボーナス*
*開催期間中、1日1回 最大7回ログインボーナスをプレゼント！*
`怪盗の予告状 X 1
`_2021-03-13 19:38:08_
--------
[9cfc24f569d65a92010a7c9549af2192]
`登陆天数: 129天 / 419天
等级: 94
石头: 23
呼符: 2
友情点: 0 / 483450`
*連続ログイン3日目
※ログインが途切れるか、7日到達すると
1日目から再開されます*
`叡智の猛火 X 1
3月交換券(2021) X 1
`*「カルデアボーイズコレクション2021」開催記念ログインボーナス*
*開催期間中、1日1回 最大7回ログインボーナスをプレゼント！*
`怪盗の予告状 X 1
`_2021-03-13 19:38:17_
--------
[dfc9a9f4b3655841a6372642c60bb90d]
`登陆天数: 129天 / 476天
等级: 103
石头: 10
呼符: 2
友情点: 0 / 853705`
*連続ログイン3日目
※ログインが途切れるか、7日到達すると
1日目から再開されます*
`叡智の猛火 X 1
3月交換券(2021) X 1
`*「カルデアボーイズコレクション2021」開催記念ログインボーナス*
*開催期間中、1日1回 最大7回ログインボーナスをプレゼント！*
`怪盗の予告状 X 1
`_2021-03-13 19:38:25_
--------
[489b9caeed7f023e28fa9d1e9b69c384]
`登陆天数: 128天 / 214天
等级: 94
石头: 19
呼符: 2
友情点: 0 / 433430`
*連続ログイン2日目
※ログインが途切れるか、7日到達すると
1日目から再開されます*
`聖晶石 X 1
3月交換券(2021) X 1
`*「カルデアボーイズコレクション2021」開催記念ログインボーナス*
*開催期間中、1日1回 最大7回ログインボーナスをプレゼント！*
`怪盗の予告状 X 1
`_2021-03-13 19:38:33_
--------
