【登录信息】
[5be1eb651b6f675892f00b0952b3cadb]
`登陆天数: 130天 / 936天
等级: 147
石头: 96
呼符: 24
友情点: 29675 / 4157015`
*連続ログイン4日目
※ログインが途切れるか、7日到達すると
1日目から再開されます*
`聖晶石 X 1
3月交換券(2021) X 1
`_2021-03-14 19:37:49_
--------
[9cfc24f569d65a92010a7c9549af2192]
`登陆天数: 130天 / 420天
等级: 94
石头: 23
呼符: 2
友情点: 0 / 484775`
*連続ログイン4日目
※ログインが途切れるか、7日到達すると
1日目から再開されます*
`聖晶石 X 1
3月交換券(2021) X 1
`_2021-03-14 19:37:58_
--------
[dfc9a9f4b3655841a6372642c60bb90d]
`登陆天数: 130天 / 477天
等级: 103
石头: 10
呼符: 2
友情点: 0 / 854905`
*連続ログイン4日目
※ログインが途切れるか、7日到達すると
1日目から再開されます*
`聖晶石 X 1
3月交換券(2021) X 1
`_2021-03-14 19:38:07_
--------
[489b9caeed7f023e28fa9d1e9b69c384]
`登陆天数: 129天 / 215天
等级: 94
石头: 19
呼符: 2
友情点: 0 / 434630`
*連続ログイン3日目
※ログインが途切れるか、7日到達すると
1日目から再開されます*
`叡智の猛火 X 1
3月交換券(2021) X 1
`_2021-03-14 19:38:15_
--------
