【登录信息】
[5be1eb651b6f675892f00b0952b3cadb]
`登陆天数: 131天 / 937天
等级: 147
石头: 100
呼符: 24
友情点: 32600 / 4219265`
*連続ログイン5日目
※ログインが途切れるか、7日到達すると
1日目から再開されます*
`叡智の猛火 X 2
3月交換券(2021) X 1
`*「アキハバラ・エクスプロージョン！」開催記念特別ログインボーナス*
*開催期間中、1日1回 最大9回 ログインボーナスをプレゼント！*
`呼符 X 1
`_2021-03-15 19:38:02_
--------
[9cfc24f569d65a92010a7c9549af2192]
`登陆天数: 131天 / 421天
等级: 94
石头: 23
呼符: 2
友情点: 25 / 487200`
*連続ログイン5日目
※ログインが途切れるか、7日到達すると
1日目から再開されます*
`叡智の猛火 X 2
3月交換券(2021) X 1
`*「アキハバラ・エクスプロージョン！」開催記念特別ログインボーナス*
*開催期間中、1日1回 最大9回 ログインボーナスをプレゼント！*
`呼符 X 1
`_2021-03-15 19:38:11_
--------
[dfc9a9f4b3655841a6372642c60bb90d]
`登陆天数: 131天 / 478天
等级: 103
石头: 10
呼符: 2
友情点: 0 / 857305`
*連続ログイン5日目
※ログインが途切れるか、7日到達すると
1日目から再開されます*
`叡智の猛火 X 2
3月交換券(2021) X 1
`*「アキハバラ・エクスプロージョン！」開催記念特別ログインボーナス*
*開催期間中、1日1回 最大9回 ログインボーナスをプレゼント！*
`呼符 X 1
`_2021-03-15 19:38:19_
--------
[489b9caeed7f023e28fa9d1e9b69c384]
`登陆天数: 130天 / 216天
等级: 94
石头: 19
呼符: 2
友情点: 0 / 437055`
*連続ログイン4日目
※ログインが途切れるか、7日到達すると
1日目から再開されます*
`聖晶石 X 1
3月交換券(2021) X 1
`*「アキハバラ・エクスプロージョン！」開催記念特別ログインボーナス*
*開催期間中、1日1回 最大9回 ログインボーナスをプレゼント！*
`呼符 X 1
`_2021-03-15 19:38:28_
--------
