【登录信息】
[5be1eb651b6f675892f00b0952b3cadb]
`登陆天数: 132天 / 938天
等级: 147
石头: 100
呼符: 24
友情点: 32110 / 4282080`
*連続ログイン6日目
※ログインが途切れるか、7日到達すると
1日目から再開されます*
`聖晶石 X 2
3月交換券(2021) X 1
`*「アキハバラ・エクスプロージョン！」開催記念特別ログインボーナス*
*開催期間中、1日1回 最大9回 ログインボーナスをプレゼント！*
`黄金の果実 X 1
`_2021-03-16 19:38:31_
--------
[9cfc24f569d65a92010a7c9549af2192]
`登陆天数: 132天 / 422天
等级: 94
石头: 23
呼符: 2
友情点: 0 / 489600`
*連続ログイン6日目
※ログインが途切れるか、7日到達すると
1日目から再開されます*
`聖晶石 X 2
3月交換券(2021) X 1
`*「アキハバラ・エクスプロージョン！」開催記念特別ログインボーナス*
*開催期間中、1日1回 最大9回 ログインボーナスをプレゼント！*
`黄金の果実 X 1
`_2021-03-16 19:38:40_
--------
[dfc9a9f4b3655841a6372642c60bb90d]
`登陆天数: 132天 / 479天
等级: 103
石头: 6
呼符: 0
友情点: 0 / 866530`
*連続ログイン6日目
※ログインが途切れるか、7日到達すると
1日目から再開されます*
`聖晶石 X 2
3月交換券(2021) X 1
`*「アキハバラ・エクスプロージョン！」開催記念特別ログインボーナス*
*開催期間中、1日1回 最大9回 ログインボーナスをプレゼント！*
`黄金の果実 X 1
`_2021-03-16 19:38:48_
--------
[489b9caeed7f023e28fa9d1e9b69c384]
`登陆天数: 131天 / 217天
等级: 94
石头: 19
呼符: 2
友情点: 25 / 439505`
*連続ログイン5日目
※ログインが途切れるか、7日到達すると
1日目から再開されます*
`叡智の猛火 X 2
3月交換券(2021) X 1
`*「アキハバラ・エクスプロージョン！」開催記念特別ログインボーナス*
*開催期間中、1日1回 最大9回 ログインボーナスをプレゼント！*
`黄金の果実 X 1
`_2021-03-16 19:38:56_
--------
