【登录信息】
[5be1eb651b6f675892f00b0952b3cadb]
`登陆天数: 133天 / 939天
等级: 147
石头: 113
呼符: 25
友情点: 150 / 4331580`
*連続ログイン7日間到達おめでとうございます！
明日は1日目からリスタートされます。*
`獣の足跡 X 1
呼符 X 1
3月交換券(2021) X 1
`*「アキハバラ・エクスプロージョン！」開催記念特別ログインボーナス*
*開催期間中、1日1回 最大9回 ログインボーナスをプレゼント！*
`黄金の果実 X 1
`_2021-03-17 19:38:16_
--------
[9cfc24f569d65a92010a7c9549af2192]
`登陆天数: 133天 / 423天
等级: 94
石头: 23
呼符: 2
友情点: 25 / 491325`
*連続ログイン7日間到達おめでとうございます！
明日は1日目からリスタートされます。*
`獣の足跡 X 1
呼符 X 1
3月交換券(2021) X 1
`*「アキハバラ・エクスプロージョン！」開催記念特別ログインボーナス*
*開催期間中、1日1回 最大9回 ログインボーナスをプレゼント！*
`黄金の果実 X 1
`_2021-03-17 19:38:24_
--------
[dfc9a9f4b3655841a6372642c60bb90d]
`登陆天数: 133天 / 480天
等级: 103
石头: 8
呼符: 0
友情点: 0 / 867930`
*連続ログイン7日間到達おめでとうございます！
明日は1日目からリスタートされます。*
`獣の足跡 X 1
呼符 X 1
3月交換券(2021) X 1
`*「アキハバラ・エクスプロージョン！」開催記念特別ログインボーナス*
*開催期間中、1日1回 最大9回 ログインボーナスをプレゼント！*
`黄金の果実 X 1
`_2021-03-17 19:38:32_
--------
[489b9caeed7f023e28fa9d1e9b69c384]
`登陆天数: 132天 / 218天
等级: 94
石头: 19
呼符: 2
友情点: 25 / 441730`
*連続ログイン6日目
※ログインが途切れるか、7日到達すると
1日目から再開されます*
`聖晶石 X 2
3月交換券(2021) X 1
`*「アキハバラ・エクスプロージョン！」開催記念特別ログインボーナス*
*開催期間中、1日1回 最大9回 ログインボーナスをプレゼント！*
`黄金の果実 X 1
`_2021-03-17 19:38:41_
--------
