【登录信息】
[5be1eb651b6f675892f00b0952b3cadb]
`登陆天数: 135天 / 941天
等级: 147
石头: 113
呼符: 26
友情点: 30450 / 4450415`
*連続ログイン2日目
※ログインが途切れるか、7日到達すると
1日目から再開されます*
`聖晶石 X 1
3月交換券(2021) X 1
`*「アキハバラ・エクスプロージョン！」開催記念特別ログインボーナス*
*開催期間中、1日1回 最大9回 ログインボーナスをプレゼント！*
`聖晶石 X 1
`_2021-03-19 19:38:38_
--------
[9cfc24f569d65a92010a7c9549af2192]
`登陆天数: 135天 / 425天
等级: 94
石头: 23
呼符: 2
友情点: 0 / 496150`
*連続ログイン2日目
※ログインが途切れるか、7日到達すると
1日目から再開されます*
`聖晶石 X 1
3月交換券(2021) X 1
`*「アキハバラ・エクスプロージョン！」開催記念特別ログインボーナス*
*開催期間中、1日1回 最大9回 ログインボーナスをプレゼント！*
`聖晶石 X 1
`_2021-03-19 19:38:47_
--------
[dfc9a9f4b3655841a6372642c60bb90d]
`登陆天数: 135天 / 482天
等级: 103
石头: 10
呼符: 0
友情点: 0 / 872730`
*連続ログイン2日目
※ログインが途切れるか、7日到達すると
1日目から再開されます*
`聖晶石 X 1
3月交換券(2021) X 1
`*「アキハバラ・エクスプロージョン！」開催記念特別ログインボーナス*
*開催期間中、1日1回 最大9回 ログインボーナスをプレゼント！*
`聖晶石 X 1
`_2021-03-19 19:38:55_
--------
[489b9caeed7f023e28fa9d1e9b69c384]
`登陆天数: 134天 / 220天
等级: 94
石头: 19
呼符: 2
友情点: 0 / 446555`
*連続ログイン1日目
※ログインが途切れるか、7日到達すると
1日目から再開されます*
`フレンドポイント X 2000
3月交換券(2021) X 1
`*「アキハバラ・エクスプロージョン！」開催記念特別ログインボーナス*
*開催期間中、1日1回 最大9回 ログインボーナスをプレゼント！*
`聖晶石 X 1
`_2021-03-19 19:39:03_
--------
