【登录信息】
[5be1eb651b6f675892f00b0952b3cadb]
`登陆天数: 136天 / 942天
等级: 147
石头: 115
呼符: 26
友情点: 29625 / 4512675`
*連続ログイン3日目
※ログインが途切れるか、7日到達すると
1日目から再開されます*
`叡智の猛火 X 1
3月交換券(2021) X 1
`*「アキハバラ・エクスプロージョン！」開催記念特別ログインボーナス*
*開催期間中、1日1回 最大9回 ログインボーナスをプレゼント！*
`聖晶石 X 1
`_2021-03-20 19:38:05_
--------
[9cfc24f569d65a92010a7c9549af2192]
`登陆天数: 136天 / 426天
等级: 94
石头: 23
呼符: 2
友情点: 0 / 498550`
*連続ログイン3日目
※ログインが途切れるか、7日到達すると
1日目から再開されます*
`叡智の猛火 X 1
3月交換券(2021) X 1
`*「アキハバラ・エクスプロージョン！」開催記念特別ログインボーナス*
*開催期間中、1日1回 最大9回 ログインボーナスをプレゼント！*
`聖晶石 X 1
`_2021-03-20 19:38:14_
--------
[dfc9a9f4b3655841a6372642c60bb90d]
`登陆天数: 136天 / 483天
等级: 103
石头: 10
呼符: 0
友情点: 0 / 875130`
*連続ログイン3日目
※ログインが途切れるか、7日到達すると
1日目から再開されます*
`叡智の猛火 X 1
3月交換券(2021) X 1
`*「アキハバラ・エクスプロージョン！」開催記念特別ログインボーナス*
*開催期間中、1日1回 最大9回 ログインボーナスをプレゼント！*
`聖晶石 X 1
`_2021-03-20 19:38:21_
--------
[489b9caeed7f023e28fa9d1e9b69c384]
`登陆天数: 135天 / 221天
等级: 94
石头: 19
呼符: 2
友情点: 0 / 448955`
*連続ログイン2日目
※ログインが途切れるか、7日到達すると
1日目から再開されます*
`聖晶石 X 1
3月交換券(2021) X 1
`*「アキハバラ・エクスプロージョン！」開催記念特別ログインボーナス*
*開催期間中、1日1回 最大9回 ログインボーナスをプレゼント！*
`聖晶石 X 1
`_2021-03-20 19:38:29_
--------
