【登录信息】
[5be1eb651b6f675892f00b0952b3cadb]
`登陆天数: 137天 / 943天
等级: 147
石头: 116
呼符: 26
友情点: 29925 / 4573950`
*連続ログイン4日目
※ログインが途切れるか、7日到達すると
1日目から再開されます*
`聖晶石 X 1
3月交換券(2021) X 1
`*「アキハバラ・エクスプロージョン！」開催記念特別ログインボーナス*
*開催期間中、1日1回 最大9回 ログインボーナスをプレゼント！*
`聖晶石 X 1
`_2021-03-21 19:38:25_
--------
[9cfc24f569d65a92010a7c9549af2192]
`登陆天数: 137天 / 427天
等级: 94
石头: 23
呼符: 2
友情点: 0 / 500975`
*連続ログイン4日目
※ログインが途切れるか、7日到達すると
1日目から再開されます*
`聖晶石 X 1
3月交換券(2021) X 1
`*「アキハバラ・エクスプロージョン！」開催記念特別ログインボーナス*
*開催期間中、1日1回 最大9回 ログインボーナスをプレゼント！*
`聖晶石 X 1
`_2021-03-21 19:38:34_
--------
[dfc9a9f4b3655841a6372642c60bb90d]
`登陆天数: 137天 / 484天
等级: 103
石头: 10
呼符: 0
友情点: 0 / 877530`
*連続ログイン4日目
※ログインが途切れるか、7日到達すると
1日目から再開されます*
`聖晶石 X 1
3月交換券(2021) X 1
`*「アキハバラ・エクスプロージョン！」開催記念特別ログインボーナス*
*開催期間中、1日1回 最大9回 ログインボーナスをプレゼント！*
`聖晶石 X 1
`_2021-03-21 19:38:42_
--------
[489b9caeed7f023e28fa9d1e9b69c384]
`登陆天数: 136天 / 222天
等级: 94
石头: 19
呼符: 2
友情点: 25 / 451405`
*連続ログイン3日目
※ログインが途切れるか、7日到達すると
1日目から再開されます*
`叡智の猛火 X 1
3月交換券(2021) X 1
`*「アキハバラ・エクスプロージョン！」開催記念特別ログインボーナス*
*開催期間中、1日1回 最大9回 ログインボーナスをプレゼント！*
`聖晶石 X 1
`_2021-03-21 19:38:51_
--------
