【登录信息】
[5be1eb651b6f675892f00b0952b3cadb]
`登陆天数: 138天 / 944天
等级: 147
石头: 116
呼符: 26
友情点: 9825 / 4644200`
*連続ログイン5日目
※ログインが途切れるか、7日到達すると
1日目から再開されます*
`叡智の猛火 X 2
3月交換券(2021) X 1
`*「アキハバラ・エクスプロージョン！」開催記念特別ログインボーナス*
*開催期間中、1日1回 最大9回 ログインボーナスをプレゼント！*
`呼符 X 1
`_2021-03-22 19:39:10_
--------
[9cfc24f569d65a92010a7c9549af2192]
`登陆天数: 138天 / 428天
等级: 94
石头: 23
呼符: 2
友情点: 0 / 503525`
*連続ログイン5日目
※ログインが途切れるか、7日到達すると
1日目から再開されます*
`叡智の猛火 X 2
3月交換券(2021) X 1
`*「アキハバラ・エクスプロージョン！」開催記念特別ログインボーナス*
*開催期間中、1日1回 最大9回 ログインボーナスをプレゼント！*
`呼符 X 1
`_2021-03-22 19:39:18_
--------
[dfc9a9f4b3655841a6372642c60bb90d]
`登陆天数: 138天 / 485天
等级: 103
石头: 10
呼符: 0
友情点: 0 / 880230`
*連続ログイン5日目
※ログインが途切れるか、7日到達すると
1日目から再開されます*
`叡智の猛火 X 2
3月交換券(2021) X 1
`*「アキハバラ・エクスプロージョン！」開催記念特別ログインボーナス*
*開催期間中、1日1回 最大9回 ログインボーナスをプレゼント！*
`呼符 X 1
`_2021-03-22 19:39:27_
--------
[489b9caeed7f023e28fa9d1e9b69c384]
`登陆天数: 137天 / 223天
等级: 94
石头: 19
呼符: 2
友情点: 0 / 454055`
*連続ログイン4日目
※ログインが途切れるか、7日到達すると
1日目から再開されます*
`聖晶石 X 1
3月交換券(2021) X 1
`*「アキハバラ・エクスプロージョン！」開催記念特別ログインボーナス*
*開催期間中、1日1回 最大9回 ログインボーナスをプレゼント！*
`呼符 X 1
`_2021-03-22 19:39:35_
--------
