【登录信息】
[5be1eb651b6f675892f00b0952b3cadb]
`登陆天数: 140天 / 946天
等级: 147
石头: 24
呼符: 0
友情点: 29200 / 4774350`
*連続ログイン7日間到達おめでとうございます！
明日は1日目からリスタートされます。*
`獣の足跡 X 1
呼符 X 1
3月交換券(2021) X 1
`_2021-03-24 19:48:32_
--------
[9cfc24f569d65a92010a7c9549af2192]
`登陆天数: 140天 / 430天
等级: 94
石头: 23
呼符: 2
友情点: 25 / 508825`
*連続ログイン7日間到達おめでとうございます！
明日は1日目からリスタートされます。*
`獣の足跡 X 1
呼符 X 1
3月交換券(2021) X 1
`_2021-03-24 19:48:42_
--------
[dfc9a9f4b3655841a6372642c60bb90d]
`登陆天数: 140天 / 487天
等级: 103
石头: 10
呼符: 0
友情点: 0 / 885430`
*連続ログイン7日間到達おめでとうございます！
明日は1日目からリスタートされます。*
`獣の足跡 X 1
呼符 X 1
3月交換券(2021) X 1
`_2021-03-24 19:48:50_
--------
[489b9caeed7f023e28fa9d1e9b69c384]
`登陆天数: 139天 / 225天
等级: 94
石头: 19
呼符: 2
友情点: 0 / 459380`
*連続ログイン6日目
※ログインが途切れるか、7日到達すると
1日目から再開されます*
`聖晶石 X 2
3月交換券(2021) X 1
`_2021-03-24 19:48:58_
--------
