【登录信息】
[5be1eb651b6f675892f00b0952b3cadb]
`登陆天数: 141天 / 947天
等级: 147
石头: 24
呼符: 0
友情点: 31425 / 4836800`
*連続ログイン1日目
※ログインが途切れるか、7日到達すると
1日目から再開されます*
`フレンドポイント X 2000
3月交換券(2021) X 1
`_2021-03-25 19:56:49_
--------
[9cfc24f569d65a92010a7c9549af2192]
`登陆天数: 141天 / 431天
等级: 94
石头: 23
呼符: 2
友情点: 0 / 511300`
*連続ログイン1日目
※ログインが途切れるか、7日到達すると
1日目から再開されます*
`フレンドポイント X 2000
3月交換券(2021) X 1
`_2021-03-25 19:56:58_
--------
[dfc9a9f4b3655841a6372642c60bb90d]
`登陆天数: 141天 / 488天
等级: 103
石头: 10
呼符: 0
友情点: 0 / 887830`
*連続ログイン1日目
※ログインが途切れるか、7日到達すると
1日目から再開されます*
`フレンドポイント X 2000
3月交換券(2021) X 1
`_2021-03-25 19:57:06_
--------
[489b9caeed7f023e28fa9d1e9b69c384]
`登陆天数: 140天 / 226天
等级: 94
石头: 19
呼符: 2
友情点: 0 / 461805`
*連続ログイン7日間到達おめでとうございます！
明日は1日目からリスタートされます。*
`獣の足跡 X 1
呼符 X 1
3月交換券(2021) X 1
`_2021-03-25 19:57:14_
--------
