【登录信息】
[5be1eb651b6f675892f00b0952b3cadb]
`登陆天数: 142天 / 948天
等级: 147
石头: 24
呼符: 0
友情点: 26885 / 4867035`
*連続ログイン2日目
※ログインが途切れるか、7日到達すると
1日目から再開されます*
`聖晶石 X 1
3月交換券(2021) X 1
`_2021-03-26 19:42:15_
--------
[9cfc24f569d65a92010a7c9549af2192]
`登陆天数: 142天 / 432天
等级: 94
石头: 23
呼符: 2
友情点: 0 / 512700`
*連続ログイン2日目
※ログインが途切れるか、7日到達すると
1日目から再開されます*
`聖晶石 X 1
3月交換券(2021) X 1
`_2021-03-26 19:42:24_
--------
[dfc9a9f4b3655841a6372642c60bb90d]
`登陆天数: 142天 / 489天
等级: 103
石头: 10
呼符: 0
友情点: 0 / 888430`
*連続ログイン2日目
※ログインが途切れるか、7日到達すると
1日目から再開されます*
`聖晶石 X 1
3月交換券(2021) X 1
`_2021-03-26 19:42:32_
--------
[489b9caeed7f023e28fa9d1e9b69c384]
`登陆天数: 141天 / 227天
等级: 94
石头: 19
呼符: 2
友情点: 0 / 463205`
*連続ログイン1日目
※ログインが途切れるか、7日到達すると
1日目から再開されます*
`フレンドポイント X 2000
3月交換券(2021) X 1
`_2021-03-26 19:42:40_
--------
