【登录信息】
[5be1eb651b6f675892f00b0952b3cadb]
`登陆天数: 143天 / 949天
等级: 147
石头: 2
呼符: 0
友情点: 3400 / 4899860`
*連続ログイン3日目
※ログインが途切れるか、7日到達すると
1日目から再開されます*
`叡智の猛火 X 1
3月交換券(2021) X 1
`_2021-03-27 19:41:55_
--------
[9cfc24f569d65a92010a7c9549af2192]
`登陆天数: 143天 / 433天
等级: 94
石头: 23
呼符: 2
友情点: 0 / 513900`
*連続ログイン3日目
※ログインが途切れるか、7日到達すると
1日目から再開されます*
`叡智の猛火 X 1
3月交換券(2021) X 1
`_2021-03-27 19:42:05_
--------
[dfc9a9f4b3655841a6372642c60bb90d]
`登陆天数: 143天 / 490天
等级: 103
石头: 10
呼符: 0
友情点: 0 / 889630`
*連続ログイン3日目
※ログインが途切れるか、7日到達すると
1日目から再開されます*
`叡智の猛火 X 1
3月交換券(2021) X 1
`_2021-03-27 19:42:13_
--------
[489b9caeed7f023e28fa9d1e9b69c384]
`登陆天数: 142天 / 228天
等级: 94
石头: 19
呼符: 2
友情点: 0 / 464430`
*連続ログイン2日目
※ログインが途切れるか、7日到達すると
1日目から再開されます*
`聖晶石 X 1
3月交換券(2021) X 1
`_2021-03-27 19:42:21_
--------
