【登录信息】
[5be1eb651b6f675892f00b0952b3cadb]
`登陆天数: 144天 / 950天
等级: 147
石头: 2
呼符: 0
友情点: 24800 / 4955885`
*連続ログイン4日目
※ログインが途切れるか、7日到達すると
1日目から再開されます*
`聖晶石 X 1
3月交換券(2021) X 1
`*「AnimeJapan 2021」出展記念ログインボーナス*
*開催期間中、初回ログインで「聖晶石×10」をプレゼント！*
`聖晶石 X 10
`_2021-03-28 19:42:42_
--------
[9cfc24f569d65a92010a7c9549af2192]
`登陆天数: 144天 / 434天
等级: 94
石头: 23
呼符: 2
友情点: 0 / 516100`
*連続ログイン4日目
※ログインが途切れるか、7日到達すると
1日目から再開されます*
`聖晶石 X 1
3月交換券(2021) X 1
`*「AnimeJapan 2021」出展記念ログインボーナス*
*開催期間中、初回ログインで「聖晶石×10」をプレゼント！*
`聖晶石 X 10
`_2021-03-28 19:42:50_
--------
[dfc9a9f4b3655841a6372642c60bb90d]
`登陆天数: 144天 / 491天
等级: 103
石头: 10
呼符: 0
友情点: 0 / 891930`
*連続ログイン4日目
※ログインが途切れるか、7日到達すると
1日目から再開されます*
`聖晶石 X 1
3月交換券(2021) X 1
`*「AnimeJapan 2021」出展記念ログインボーナス*
*開催期間中、初回ログインで「聖晶石×10」をプレゼント！*
`聖晶石 X 10
`_2021-03-28 19:42:58_
--------
[489b9caeed7f023e28fa9d1e9b69c384]
`登陆天数: 143天 / 229天
等级: 94
石头: 19
呼符: 2
友情点: 25 / 466730`
*連続ログイン3日目
※ログインが途切れるか、7日到達すると
1日目から再開されます*
`叡智の猛火 X 1
3月交換券(2021) X 1
`*「AnimeJapan 2021」出展記念ログインボーナス*
*開催期間中、初回ログインで「聖晶石×10」をプレゼント！*
`聖晶石 X 10
`_2021-03-28 19:43:06_
--------
