【登录信息】
[5be1eb651b6f675892f00b0952b3cadb]
`登陆天数: 146天 / 952天
等级: 147
石头: 13
呼符: 0
友情点: 34025 / 5041635`
*連続ログイン6日目
※ログインが途切れるか、7日到達すると
1日目から再開されます*
`聖晶石 X 2
3月交換券(2021) X 1
`_2021-03-30 19:42:56_
--------
[9cfc24f569d65a92010a7c9549af2192]
`登陆天数: 146天 / 436天
等级: 94
石头: 23
呼符: 2
友情点: 50 / 519425`
*連続ログイン6日目
※ログインが途切れるか、7日到達すると
1日目から再開されます*
`聖晶石 X 2
3月交換券(2021) X 1
`_2021-03-30 19:43:05_
--------
[dfc9a9f4b3655841a6372642c60bb90d]
`登陆天数: 146天 / 493天
等级: 103
石头: 10
呼符: 0
友情点: 0 / 894855`
*連続ログイン6日目
※ログインが途切れるか、7日到達すると
1日目から再開されます*
`聖晶石 X 2
3月交換券(2021) X 1
`_2021-03-30 19:43:13_
--------
[489b9caeed7f023e28fa9d1e9b69c384]
`登陆天数: 145天 / 231天
等级: 94
石头: 19
呼符: 2
友情点: 0 / 467955`
*連続ログイン5日目
※ログインが途切れるか、7日到達すると
1日目から再開されます*
`叡智の猛火 X 2
3月交換券(2021) X 1
`_2021-03-30 19:43:22_
--------
